{"level":"info","message":"Created client session 35c51a97747bcc9b0315b13f","timestamp":"2026-05-10 00:38:58"}
{"level":"info","message":"Created client session e8629b6c960d1a830cc9a3c8","timestamp":"2026-05-10 00:41:57"}
{"level":"info","message":"Created client session 5c51ee9189d55bebe4f6f4ba","timestamp":"2026-05-10 00:59:42"}
{"level":"info","message":"Created client session cb200266f1779a73a9f0bbba","timestamp":"2026-05-10 01:08:58"}
{"level":"info","message":"Created client session 6703ef55120626866ecde2b3","timestamp":"2026-05-10 01:43:36"}
{"level":"info","message":"Created client session 0dd39964711251258adad3d9","timestamp":"2026-05-10 01:44:21"}
{"level":"info","message":"Created client session fb0caff8c13740111cd9ffb8","timestamp":"2026-05-10 02:07:16"}
{"level":"info","message":"Created client session 23db042e4605913e2ed7f165","timestamp":"2026-05-10 02:07:26"}
{"ip":"71.85.223.82","level":"info","message":"User authentication successful for user Yuri","session":"23db042e4605913e2ed7f165","timestamp":"2026-05-10 02:07:31"}
{"level":"info","message":"No system update for Delta Green: The Role-Playing Game is currently available.","timestamp":"2026-05-10 02:07:33"}
{"level":"info","message":"Vended World data to User [STrPhxF1dRGcEIXm] in 561ms","timestamp":"2026-05-10 02:07:33"}
{"level":"info","message":"Created client session 74be85888c910846a9f8b6ca","timestamp":"2026-05-10 02:11:58"}
{"level":"info","message":"Created client session a67510648802f93b7be48636","timestamp":"2026-05-10 02:24:17"}
{"level":"info","message":"Created ChatMessage with id [9wvzn1dNhG1Lyxlp]","timestamp":"2026-05-10 03:09:21"}
{"level":"info","message":"Created client session 9944de450315fe69444c8f8b","timestamp":"2026-05-10 03:22:56"}
{"level":"info","message":"Created client session 15b656d1725d40903c6b7759","timestamp":"2026-05-10 03:29:52"}
{"ip":"70.160.11.31","level":"info","message":"User authentication successful for user Shreyas","session":"15b656d1725d40903c6b7759","timestamp":"2026-05-10 03:29:57"}
{"level":"info","message":"No system update for Delta Green: The Role-Playing Game is currently available.","timestamp":"2026-05-10 03:29:59"}
{"level":"info","message":"Vended World data to User [4tfCzHLcdt6y7Fit] in 621ms","timestamp":"2026-05-10 03:29:59"}
{"level":"info","message":"Created client session 2f9594d75fd18ddcaa8326dd","timestamp":"2026-05-10 03:35:22"}
{"level":"info","message":"Created client session fe5590290559d46a2f0ce1cc","timestamp":"2026-05-10 03:35:22"}
{"level":"info","message":"Created client session 6efd0302fb650cf540c09e15","timestamp":"2026-05-10 03:37:14"}
{"level":"info","message":"Created client session 19a8e01b871785a09099840a","timestamp":"2026-05-10 03:37:14"}
{"level":"info","message":"Created client session 9ec33859d7009f05df737245","timestamp":"2026-05-10 03:37:14"}
{"level":"info","message":"Created client session ba3e8c522a53d4db06939fe7","timestamp":"2026-05-10 03:37:14"}
{"level":"info","message":"Created client session 8d317bebea66fdcfc5775607","timestamp":"2026-05-10 03:37:14"}
{"level":"info","message":"Created client session ba1474002def0bb2eb1fa371","timestamp":"2026-05-10 03:37:15"}
{"level":"info","message":"Created client session 711202f54bdb23b0e438f22e","timestamp":"2026-05-10 03:37:15"}
{"level":"info","message":"Created client session 68497e1d61325a349cb069e0","timestamp":"2026-05-10 03:37:15"}
{"level":"info","message":"Created client session de6e48d190db5b7c143fd144","timestamp":"2026-05-10 03:37:15"}
{"level":"info","message":"Created client session 5e570daf38261a0412c74aa5","timestamp":"2026-05-10 03:37:15"}
{"level":"info","message":"Created client session 8f9c11ae329d6768f0b5bba3","timestamp":"2026-05-10 03:37:15"}
{"level":"info","message":"Created client session badfe2cb2f59842f4dd6f370","timestamp":"2026-05-10 03:37:15"}
{"level":"info","message":"Created client session 37219fc5179778c598fef2ae","timestamp":"2026-05-10 03:37:15"}
{"level":"info","message":"Created client session 8918ee126eab953a4b678297","timestamp":"2026-05-10 03:37:15"}
{"level":"info","message":"Created client session 95a442a5de41135136097dfd","timestamp":"2026-05-10 03:37:15"}
{"level":"info","message":"Created client session 3e46a52fb1726f7ed69f2afa","timestamp":"2026-05-10 03:37:15"}
{"level":"info","message":"Created client session 2a574107ef82f1f684809d18","timestamp":"2026-05-10 03:37:15"}
{"level":"info","message":"Created client session 305545d50eb8447249770ce5","timestamp":"2026-05-10 03:37:15"}
{"level":"info","message":"Created client session e33d1ba90de306f241bb4f10","timestamp":"2026-05-10 03:37:15"}
{"level":"info","message":"Created client session 6df375842fa5ccd85f08d201","timestamp":"2026-05-10 03:37:16"}
{"level":"info","message":"Created client session c499041d1da83eed8dd7afd7","timestamp":"2026-05-10 03:37:16"}
{"level":"info","message":"Created client session 652fbacaf8b16765892d438f","timestamp":"2026-05-10 03:37:16"}
{"level":"info","message":"Created client session b4626112166eb7a03a6305f4","timestamp":"2026-05-10 03:37:16"}
{"level":"info","message":"Created client session 664af9166cacb3dec32f3bc5","timestamp":"2026-05-10 03:37:16"}
{"level":"info","message":"Created client session 97c13b63d4201da5b43e8c70","timestamp":"2026-05-10 03:37:16"}
{"level":"info","message":"Created client session f1affb225f66c079d4551683","timestamp":"2026-05-10 03:37:16"}
{"level":"info","message":"Created client session 851e3a8c4a822f55da21c225","timestamp":"2026-05-10 03:37:16"}
{"level":"info","message":"Created client session 88232b71433226d997c94e17","timestamp":"2026-05-10 03:37:16"}
{"level":"info","message":"Created client session a98e0df7dae71ca26db1fc5e","timestamp":"2026-05-10 03:37:16"}
{"level":"info","message":"Created client session c11d27a6b4f05bf6f33f3ede","timestamp":"2026-05-10 03:37:17"}
{"level":"info","message":"Created client session e2547d29efea2d4e54db2530","timestamp":"2026-05-10 03:37:17"}
{"level":"info","message":"Created client session 8b683efdf7de42bc16e7e97d","timestamp":"2026-05-10 03:37:17"}
{"level":"info","message":"Created client session bddfcb417c6f962157c8b3ba","timestamp":"2026-05-10 03:37:17"}
{"level":"info","message":"Created client session 84205fcd3a02eb94f7161a5f","timestamp":"2026-05-10 03:37:17"}
{"level":"info","message":"Created client session 28d13c0cbb8ef2edfb7f7996","timestamp":"2026-05-10 03:37:18"}
{"level":"info","message":"Created client session e2f9bb5153ffb9228e9b615f","timestamp":"2026-05-10 03:37:18"}
{"level":"info","message":"Created client session d52908cb1ddac3c41e613356","timestamp":"2026-05-10 03:37:18"}
{"level":"info","message":"Created client session dc6adb7e566ee4a1dabf72d2","timestamp":"2026-05-10 03:37:19"}
{"level":"info","message":"Created client session 9cb32e83ab6f712ac506abde","timestamp":"2026-05-10 03:37:19"}
{"level":"info","message":"Created client session 7e5dcd3504afcd81ddce9ebf","timestamp":"2026-05-10 03:37:19"}
{"level":"info","message":"Created client session c84cfe2f52dbc8a7c5aef666","timestamp":"2026-05-10 03:37:19"}
{"level":"info","message":"Created client session dcde018a059380f6a6c8bc6d","timestamp":"2026-05-10 03:37:20"}
{"level":"info","message":"Created client session cd0b3347901e3e08a19abbdb","timestamp":"2026-05-10 03:37:22"}
{"level":"info","message":"Created client session 0dbb3c402171b22cafe2d77e","timestamp":"2026-05-10 03:37:22"}
{"level":"info","message":"Created client session 89a7fed12c5b7c432edb0d21","timestamp":"2026-05-10 03:37:22"}
{"level":"info","message":"Created client session 05ab6e85a52ca93c5f9826c6","timestamp":"2026-05-10 03:37:23"}
{"level":"info","message":"Created client session 1ab7973d99e1cd5ae8c1b1a4","timestamp":"2026-05-10 03:37:23"}
{"level":"info","message":"Created client session 2f146673c502a31d8aeb130a","timestamp":"2026-05-10 03:37:23"}
{"level":"info","message":"Created client session 7a7bbb3927cc0e25da147a8f","timestamp":"2026-05-10 03:37:23"}
{"level":"info","message":"Created client session 717c6c7f42f578e5891c77c6","timestamp":"2026-05-10 03:37:23"}
{"level":"info","message":"Created client session 4c629b1052d8028eb3fbc3a0","timestamp":"2026-05-10 03:37:23"}
{"level":"info","message":"Created client session d390fba56bfb47de7bdf4ecd","timestamp":"2026-05-10 03:37:24"}
{"level":"info","message":"Created client session 3b078fa456e17564e1d88b4d","timestamp":"2026-05-10 03:37:24"}
{"level":"info","message":"Created client session 1d20ced6993062c16177eaeb","timestamp":"2026-05-10 03:37:24"}
{"level":"info","message":"Created client session 263ba4e97b672f5721aa820f","timestamp":"2026-05-10 03:37:24"}
{"level":"info","message":"Created client session 1c747c852ced95334cd9a713","timestamp":"2026-05-10 03:37:24"}
{"level":"info","message":"Created client session b2193f9a5dc5534301ea0278","timestamp":"2026-05-10 03:37:24"}
{"level":"info","message":"Created client session 0d9bd3281de43aba0eeb9ce1","timestamp":"2026-05-10 03:37:24"}
{"level":"info","message":"Created client session 7a44d14abef2dc3839d4db04","timestamp":"2026-05-10 03:37:24"}
{"level":"info","message":"Created client session 7251eb477525efbd80fdfc4d","timestamp":"2026-05-10 03:37:24"}
{"level":"info","message":"Created client session 968e41edc5d532fabe755bc2","timestamp":"2026-05-10 03:37:24"}
{"level":"info","message":"Created client session bfddb396ae636f5d27b9f164","timestamp":"2026-05-10 03:37:24"}
{"level":"info","message":"Created client session fbf27934d04d793f97cdf192","timestamp":"2026-05-10 03:37:24"}
{"level":"info","message":"Created client session 13afdc14f57c7d9b1d1af5cf","timestamp":"2026-05-10 03:37:24"}
{"level":"info","message":"Created client session 4c2706de9d6c6e5f0a8b02b8","timestamp":"2026-05-10 03:37:24"}
{"level":"info","message":"Created client session 78c7f27bb079fb7acf081498","timestamp":"2026-05-10 03:37:25"}
{"level":"info","message":"Created client session 22f48b236b21265fe7cc6e94","timestamp":"2026-05-10 03:37:25"}
{"level":"info","message":"Created client session 1da8030e8f797b54dc05fef9","timestamp":"2026-05-10 03:37:25"}
{"level":"info","message":"Created client session 55d7e9ba0d2a53bd7cab1a3f","timestamp":"2026-05-10 03:37:25"}
{"level":"info","message":"Created client session f577d2d582d7f7e545224941","timestamp":"2026-05-10 03:37:25"}
{"level":"info","message":"Created client session cfa95f9c75e576c89eec5284","timestamp":"2026-05-10 03:37:25"}
{"level":"info","message":"Created client session 9bbf01a2d582d38317588473","timestamp":"2026-05-10 03:37:25"}
{"level":"info","message":"Created client session 5db16c3fefbb6ecd4d6ace36","timestamp":"2026-05-10 03:37:25"}
{"level":"info","message":"Created client session 8d99beb6dca86f0d0a9cf086","timestamp":"2026-05-10 03:37:25"}
{"level":"info","message":"Created client session 2eb43d5fa37fb4bab0f6b7e4","timestamp":"2026-05-10 03:37:25"}
{"level":"info","message":"Created client session 74d3b572a37f5548b726e118","timestamp":"2026-05-10 03:37:25"}
{"level":"info","message":"Created client session 340aa4fbb29eb74d1d2434c4","timestamp":"2026-05-10 03:37:25"}
{"level":"info","message":"Created client session 9fcaea8c8fd36f094752bf24","timestamp":"2026-05-10 03:37:25"}
{"level":"info","message":"Created client session 48040cfd3e5b456e562da1da","timestamp":"2026-05-10 03:37:25"}
{"level":"info","message":"Created client session dd4fa29ff7dd2a63566cc8f8","timestamp":"2026-05-10 03:37:26"}
{"level":"info","message":"Created client session 3f6a93661576acc0c1eaa4a5","timestamp":"2026-05-10 03:37:26"}
{"level":"info","message":"Created client session d7bebd0c847fa2d0f9aa5411","timestamp":"2026-05-10 03:37:26"}
{"level":"info","message":"Created client session f2444e57026801e66d8d36f5","timestamp":"2026-05-10 03:37:26"}
{"level":"info","message":"Created client session 4d61a219c467db019678bb6b","timestamp":"2026-05-10 03:37:26"}
{"level":"info","message":"Created client session f01722d210fd4cfa4cb78475","timestamp":"2026-05-10 03:37:26"}
{"level":"info","message":"Created client session 8add98a37daed605ef747d74","timestamp":"2026-05-10 03:37:26"}
{"level":"info","message":"Created client session 146c1274cf1aa22893cd3600","timestamp":"2026-05-10 03:37:26"}
{"level":"info","message":"Created client session ac5758cbb034d0fad12b7a1f","timestamp":"2026-05-10 03:37:26"}
{"level":"info","message":"Created client session 645ac3e1d0fdb428d8192089","timestamp":"2026-05-10 03:37:27"}
{"level":"info","message":"Created client session 30b2672d7cd7135147c8b370","timestamp":"2026-05-10 03:37:27"}
{"level":"info","message":"Created client session c6047dc6e4930bbbaa085bee","timestamp":"2026-05-10 03:37:27"}
{"level":"info","message":"Created client session cddb2da8f6621c820b1537e8","timestamp":"2026-05-10 03:37:27"}
{"level":"info","message":"Created client session b998859337dbfc95f2474404","timestamp":"2026-05-10 03:37:27"}
{"level":"info","message":"Created client session 5fe1bb1eb967afb560ac6d8a","timestamp":"2026-05-10 03:37:27"}
{"level":"info","message":"Created client session cfe72cc932ef1e2e739010c4","timestamp":"2026-05-10 03:37:27"}
{"level":"info","message":"Created client session 2244df6d74de7b77b08f1510","timestamp":"2026-05-10 03:37:27"}
{"level":"info","message":"Created client session 6aa68fa79e817a4d64133ec6","timestamp":"2026-05-10 03:37:27"}
{"level":"info","message":"Created client session e2a8d538d892b167ced78abc","timestamp":"2026-05-10 03:37:28"}
{"level":"info","message":"Created client session 87c4924a96e3ec3d41c7e74d","timestamp":"2026-05-10 03:37:28"}
{"level":"info","message":"Created client session 79521d840423358c8af7c07a","timestamp":"2026-05-10 03:37:28"}
{"level":"info","message":"Created client session c742ba381ecea426c81c69d5","timestamp":"2026-05-10 03:37:28"}
{"level":"info","message":"Created client session c2d27b4f793bce422937e524","timestamp":"2026-05-10 03:37:28"}
{"level":"info","message":"Created client session 24259b109d3e91155073d3f2","timestamp":"2026-05-10 03:37:28"}
{"level":"info","message":"Created client session d12e7b3259fcd1f9154e51e9","timestamp":"2026-05-10 03:37:28"}
{"level":"info","message":"Created client session 2f457b73f0ed73c4c02eebd3","timestamp":"2026-05-10 03:37:28"}
{"level":"info","message":"Created client session 098d83aa461bce4f064ea669","timestamp":"2026-05-10 03:37:28"}
{"level":"info","message":"Created client session 92cc82719a41d0ef316459bf","timestamp":"2026-05-10 03:37:29"}
{"level":"info","message":"Created client session 6b9df7c8c5327fc7f1ae3552","timestamp":"2026-05-10 03:37:29"}
{"level":"info","message":"Created client session 7a9eb0532ba41b64999b3272","timestamp":"2026-05-10 03:37:29"}
{"level":"info","message":"Created client session 145199b3502f79bdac645e0f","timestamp":"2026-05-10 03:37:29"}
{"level":"info","message":"Created client session ec4d679e7333e7f68853039a","timestamp":"2026-05-10 03:37:29"}
{"level":"info","message":"Created client session 84cf7a89a9bc457f675a5e17","timestamp":"2026-05-10 03:37:29"}
{"level":"info","message":"Created client session 11bfbf22b48e1acb73a72794","timestamp":"2026-05-10 03:37:29"}
{"level":"info","message":"Created client session c39cefa564d7193d78e93cf9","timestamp":"2026-05-10 03:37:30"}
{"level":"info","message":"Created client session b2eab18ad68c78217ea74c37","timestamp":"2026-05-10 03:37:30"}
{"level":"info","message":"Created client session ac2958e3ff9b918d9add6ee0","timestamp":"2026-05-10 03:37:30"}
{"level":"info","message":"Created client session 7b56992123a5617d53ab1517","timestamp":"2026-05-10 03:37:30"}
{"level":"info","message":"Created client session bc552ade7984f37c1e9a5109","timestamp":"2026-05-10 03:37:31"}
{"level":"info","message":"Created client session cbbac5f46dfa382db4721210","timestamp":"2026-05-10 03:37:31"}
{"level":"info","message":"Created client session ec19c404f9464bb5e97e7f96","timestamp":"2026-05-10 03:37:31"}
{"level":"info","message":"Created client session ab93df03ef63d1b10f8941c7","timestamp":"2026-05-10 03:37:31"}
{"level":"info","message":"Created client session e9ff64ee3a73f846e1a824f9","timestamp":"2026-05-10 03:37:31"}
{"level":"info","message":"Created client session 243c498d92c92e748282441f","timestamp":"2026-05-10 03:37:31"}
{"level":"info","message":"Created client session 88d01835cd8de058aab1d284","timestamp":"2026-05-10 03:37:31"}
{"level":"info","message":"Created client session 17436fd4ea23f9caac01b9c6","timestamp":"2026-05-10 03:37:31"}
{"level":"info","message":"Created client session edb55f124504681667a2bc95","timestamp":"2026-05-10 03:37:31"}
{"level":"info","message":"Created client session 3bdca5185528e7fdebdba0c1","timestamp":"2026-05-10 03:37:31"}
{"level":"info","message":"Created client session a5ab7b8b76abd6b321846b5b","timestamp":"2026-05-10 03:37:31"}
{"level":"info","message":"Created client session 92c211cc1d36936c2fb4cbb1","timestamp":"2026-05-10 03:37:31"}
{"level":"info","message":"Created client session 5167a7d5465da6d7ec03a3f0","timestamp":"2026-05-10 03:37:31"}
{"level":"info","message":"Created client session 4baa59c4fc42da3e48b467e9","timestamp":"2026-05-10 03:37:31"}
{"level":"info","message":"Created client session e390053983e4c2ee72022ed6","timestamp":"2026-05-10 03:37:32"}
{"level":"info","message":"Created client session 0373866a6899bd0c1a3582be","timestamp":"2026-05-10 03:37:32"}
{"level":"info","message":"Created client session 4991d8117f2253488318e2e7","timestamp":"2026-05-10 03:37:32"}
{"level":"info","message":"Created client session 3d44efd9717dcd81c6d68f7d","timestamp":"2026-05-10 03:37:32"}
{"level":"info","message":"Created client session 8c2cb63f821fe77899032f44","timestamp":"2026-05-10 03:37:32"}
{"level":"info","message":"Created client session f0066a8f7c7cf2d52f47a73e","timestamp":"2026-05-10 03:37:32"}
{"level":"info","message":"Created client session 771264dc11553705a60b7a62","timestamp":"2026-05-10 03:37:32"}
{"level":"info","message":"Created client session 46cff5c84fde9068cfbcaf35","timestamp":"2026-05-10 03:37:32"}
{"level":"info","message":"Created client session dfe3612049db0a48f54641ec","timestamp":"2026-05-10 03:37:32"}
{"level":"info","message":"Created client session 1121d27ea6075246108930fb","timestamp":"2026-05-10 03:37:32"}
{"level":"info","message":"Created client session 198f50f6f14d50e58673cb7c","timestamp":"2026-05-10 03:37:32"}
{"level":"info","message":"Created client session fec11078c9782d25546f53a8","timestamp":"2026-05-10 03:37:33"}
{"level":"info","message":"Created client session cc8fe2f796ea4e94ed34dab7","timestamp":"2026-05-10 03:37:33"}
{"level":"info","message":"Created client session f9c5013c4d6013f8aa09e188","timestamp":"2026-05-10 03:37:33"}
{"level":"info","message":"Created client session 29f67f39bcce688e1c80adce","timestamp":"2026-05-10 03:37:33"}
{"level":"info","message":"Created client session 7a1ded619d87b40601d733c8","timestamp":"2026-05-10 03:37:33"}
{"level":"info","message":"Created client session f1ea110d4d62ddb8c5307171","timestamp":"2026-05-10 03:37:33"}
{"level":"info","message":"Created client session 168ada1aa7b0b9735b1d957b","timestamp":"2026-05-10 03:37:33"}
{"level":"info","message":"Created client session 0a54c290c7f07f95c10eddd1","timestamp":"2026-05-10 03:37:33"}
{"level":"info","message":"Created client session 9c75f62b103288ed6691177a","timestamp":"2026-05-10 03:37:33"}
{"level":"info","message":"Created client session 99e6d978fa33d7f21f677751","timestamp":"2026-05-10 03:37:33"}
{"level":"info","message":"Created client session 0a3677b35018f64d49798d1e","timestamp":"2026-05-10 03:37:33"}
{"level":"info","message":"Created client session ceda48d8a35b6a4feaa2c184","timestamp":"2026-05-10 03:37:33"}
{"level":"info","message":"Created client session d1c9c22f9482d5b046bc2292","timestamp":"2026-05-10 03:37:33"}
{"level":"info","message":"Created client session 92c3a7c4bfbda31e81bceb77","timestamp":"2026-05-10 03:37:34"}
{"level":"info","message":"Created client session 8fb8573095608c7b332d0232","timestamp":"2026-05-10 03:37:34"}
{"level":"info","message":"Created client session 54eb28bfd83aa88f944e222e","timestamp":"2026-05-10 03:37:34"}
{"level":"info","message":"Created client session 8a5fc979f64eb972a7200994","timestamp":"2026-05-10 03:37:34"}
{"level":"info","message":"Created client session fc7275acb2c2dbbb4c4e7711","timestamp":"2026-05-10 03:37:34"}
{"level":"info","message":"Created client session c977be295a3ef3b8c54ce443","timestamp":"2026-05-10 03:37:34"}
{"level":"info","message":"Created client session bcfac52f5cefdb9de8621517","timestamp":"2026-05-10 03:37:34"}
{"level":"info","message":"Created client session 1971e6028f56d6c707500e32","timestamp":"2026-05-10 03:37:34"}
{"level":"info","message":"Created client session 88a332f43d40cc39269a05b6","timestamp":"2026-05-10 03:37:34"}
{"level":"info","message":"Created client session 2bc273b7be67ede409881b08","timestamp":"2026-05-10 03:37:34"}
{"level":"info","message":"Created client session 02dd418c159614ab152aa14f","timestamp":"2026-05-10 03:37:34"}
{"level":"info","message":"Created client session 529feec22cfd1fc24e353ac2","timestamp":"2026-05-10 03:37:34"}
{"level":"info","message":"Created client session 2254a0f571423d2194f8e708","timestamp":"2026-05-10 03:37:34"}
{"level":"info","message":"Created client session faf491070c961739f5f33363","timestamp":"2026-05-10 03:37:34"}
{"level":"info","message":"Created client session bf62744de34ee8ddd1651e7d","timestamp":"2026-05-10 03:37:34"}
{"level":"info","message":"Created client session b7494b738f738d6c64a61721","timestamp":"2026-05-10 03:37:34"}
{"level":"info","message":"Created client session 33060f201099323a93f9faf5","timestamp":"2026-05-10 03:37:35"}
{"level":"info","message":"Created client session efe5db0c1642722303f398d7","timestamp":"2026-05-10 03:37:35"}
{"level":"info","message":"Created client session b5d5d12c26b646f22f63b38d","timestamp":"2026-05-10 03:37:35"}
{"level":"info","message":"Created client session 9ee9c1fefa24b677610fa3a1","timestamp":"2026-05-10 03:37:35"}
{"level":"info","message":"Created client session a3b1d6091dac4363c79045d4","timestamp":"2026-05-10 03:37:35"}
{"level":"info","message":"Created client session 279b6c487e1cd1d39122d637","timestamp":"2026-05-10 03:37:35"}
{"level":"info","message":"Created client session bee409f26a8367d3932a28f3","timestamp":"2026-05-10 03:37:35"}
{"level":"info","message":"Created client session 3d45522acbb109be95290614","timestamp":"2026-05-10 03:37:35"}
{"level":"info","message":"Created client session ccf3385ddfff26f773411f6f","timestamp":"2026-05-10 03:37:35"}
{"level":"info","message":"Created client session 82389c32a47f79c75a5184b8","timestamp":"2026-05-10 03:37:35"}
{"level":"info","message":"Created client session d900b3d2f72c413b02745abb","timestamp":"2026-05-10 03:37:35"}
{"level":"info","message":"Created client session d7381338590a959210890a2d","timestamp":"2026-05-10 03:37:35"}
{"level":"info","message":"Created client session d40ba77a9e26fe4d0188d206","timestamp":"2026-05-10 03:37:35"}
{"level":"info","message":"Created client session 106882b332364b50dd53fba6","timestamp":"2026-05-10 03:37:35"}
{"level":"info","message":"Created client session ad00f74491185c34ffe83242","timestamp":"2026-05-10 03:37:35"}
{"level":"info","message":"Created client session 9b76efab6ac58da30df69339","timestamp":"2026-05-10 03:37:35"}
{"level":"info","message":"Created client session 943a9b26f99954c896fb0839","timestamp":"2026-05-10 03:37:35"}
{"level":"info","message":"Created client session cb9207a09918c8b39da8f009","timestamp":"2026-05-10 03:37:35"}
{"level":"info","message":"Created client session 900b0942abd0d8a9771b77bb","timestamp":"2026-05-10 03:37:35"}
{"level":"info","message":"Created client session 1dccd7f392d288ea169d0db6","timestamp":"2026-05-10 03:37:35"}
{"level":"info","message":"Created client session 5bb6068f152378c0fade6292","timestamp":"2026-05-10 03:37:35"}
{"level":"info","message":"Created client session e5d7d654d7956f1416cc5c0c","timestamp":"2026-05-10 03:37:35"}
{"level":"info","message":"Created client session 0336045985bb8efcbca95db1","timestamp":"2026-05-10 03:37:36"}
{"level":"info","message":"Created client session 21638ea6010ad7a69bef95e0","timestamp":"2026-05-10 03:37:36"}
{"level":"info","message":"Created client session bbbe2ee314e440c993346037","timestamp":"2026-05-10 03:37:36"}
{"level":"info","message":"Created client session c193138e1ffa1608c7cf371c","timestamp":"2026-05-10 03:37:36"}
{"level":"info","message":"Created client session cccd39902d8247a1df95fd2a","timestamp":"2026-05-10 03:37:36"}
{"level":"info","message":"Created client session 9397189c0b6b833acb4db3d7","timestamp":"2026-05-10 03:37:36"}
{"level":"info","message":"Created client session 5e2489afe7bd553d02e40130","timestamp":"2026-05-10 03:37:36"}
{"level":"info","message":"Created client session 4bc00b537cdaa2fb5469bc6c","timestamp":"2026-05-10 03:37:37"}
{"level":"info","message":"Created client session 0b5c40c0f40b2586f33c4dbb","timestamp":"2026-05-10 03:37:37"}
{"level":"info","message":"Created client session 9517c91ebe052bfad0c98447","timestamp":"2026-05-10 03:37:37"}
{"level":"info","message":"Created client session 87652bedc22705dcfc74603a","timestamp":"2026-05-10 03:37:37"}
{"level":"info","message":"Created client session 581cd74cd1540d66b7bdf2e9","timestamp":"2026-05-10 03:37:37"}
{"level":"info","message":"Created client session 19082ec88cc74c0d0c60b6c8","timestamp":"2026-05-10 03:37:37"}
{"level":"info","message":"Created client session f02417a9e2ea381910fb9c99","timestamp":"2026-05-10 03:37:38"}
{"level":"info","message":"Created client session ae7161f985251e532cfb48f2","timestamp":"2026-05-10 03:37:38"}
{"level":"info","message":"Created client session 396ee437d46c0dfc6c7321ad","timestamp":"2026-05-10 03:37:38"}
{"level":"info","message":"Created client session a1c4553800a9d3fe91233d42","timestamp":"2026-05-10 03:37:38"}
{"level":"info","message":"Created client session 7cffb774f2fba76bc57920f6","timestamp":"2026-05-10 03:37:38"}
{"level":"info","message":"Created client session 5319310785214860b2d41a54","timestamp":"2026-05-10 03:37:38"}
{"level":"info","message":"Created client session 528934ae87c9c6d7aa3784b2","timestamp":"2026-05-10 03:37:39"}
{"level":"info","message":"Created client session d9f20b9fa526d59d285758b3","timestamp":"2026-05-10 03:37:39"}
{"level":"info","message":"Created client session d11557ca1e20952cce000c65","timestamp":"2026-05-10 03:37:39"}
{"level":"info","message":"Created client session d215b42c328daf72c1a4596a","timestamp":"2026-05-10 03:37:40"}
{"level":"info","message":"Created client session 53a49618e39797050f555492","timestamp":"2026-05-10 03:37:40"}
{"level":"info","message":"Created client session db5484d2f9aae31faade44d5","timestamp":"2026-05-10 03:37:40"}
{"level":"info","message":"Created client session 47e165b99b607b9dc7ce66dc","timestamp":"2026-05-10 03:37:41"}
{"level":"info","message":"Created client session 00c39fce30a1523fbe07e988","timestamp":"2026-05-10 03:37:41"}
{"level":"info","message":"Created client session 1a61b69341a7a64c79611825","timestamp":"2026-05-10 03:37:41"}
{"level":"info","message":"Created client session 1af6a15da4dd085ad8ef4a59","timestamp":"2026-05-10 03:37:42"}
{"level":"info","message":"Created client session 7c4e0709676ae966dfc5e0eb","timestamp":"2026-05-10 03:37:42"}
{"level":"info","message":"Created client session dcaef6bc223aaeca922c0680","timestamp":"2026-05-10 03:37:42"}
{"level":"info","message":"Created client session 4a94aac0bd5962cc6ed5bdb5","timestamp":"2026-05-10 03:37:43"}
{"level":"info","message":"Created client session e733ab4658762bd13978f81b","timestamp":"2026-05-10 03:37:43"}
{"level":"info","message":"Created client session bc4f4fb6a4fa0fd168cfa4f1","timestamp":"2026-05-10 03:37:44"}
{"level":"info","message":"Created client session 6caea06dbc85d05223bd0175","timestamp":"2026-05-10 03:37:44"}
{"level":"info","message":"Created client session e80049fd944c5db6ed4dd4db","timestamp":"2026-05-10 04:18:51"}
{"level":"info","message":"Created client session 8457d7ca306713393f122641","timestamp":"2026-05-10 04:31:49"}
{"level":"info","message":"Created client session ab8fa7adee59908e94ddbbfa","timestamp":"2026-05-10 04:41:31"}
{"level":"info","message":"Created client session cf492993e3de83112f4227f4","timestamp":"2026-05-10 04:48:07"}
{"level":"info","message":"Created client session a8170afa5e98f99cb1b64318","timestamp":"2026-05-10 05:06:14"}
{"level":"info","message":"Created client session 96a30bddf7d346a99f83f877","timestamp":"2026-05-10 05:06:16"}
{"level":"info","message":"Created client session 093bc306ed4b6a96fb05dfec","timestamp":"2026-05-10 05:13:30"}
{"level":"info","message":"Created client session 5896adffc7c0223f86617aed","timestamp":"2026-05-10 06:07:31"}
{"level":"info","message":"Created client session 1d666b024e8e7d621cc5eb2d","timestamp":"2026-05-10 06:15:35"}
{"level":"info","message":"Created client session 2cefce01a3de1d340837caac","timestamp":"2026-05-10 06:29:37"}
{"level":"info","message":"Created client session dd015008c87040a653ab4221","timestamp":"2026-05-10 06:29:46"}
{"level":"info","message":"Created client session e9a86e99932ec4caf5ccd272","timestamp":"2026-05-10 06:30:02"}
{"level":"info","message":"Created client session 20347cb52b3c95c9626794a0","timestamp":"2026-05-10 06:50:06"}
{"level":"info","message":"Created client session 74997104e62656df313c7db9","timestamp":"2026-05-10 07:16:09"}
{"level":"info","message":"Created client session fc92f1c403106aab7aa0e616","timestamp":"2026-05-10 07:21:44"}
{"level":"info","message":"Created client session 210f57deeaf9a05a5df2e93b","timestamp":"2026-05-10 07:46:53"}
{"level":"info","message":"Created client session 43860c0146571b1353840de3","timestamp":"2026-05-10 07:52:44"}
{"level":"info","message":"Created client session 51ac1ff1c4a22e7aa7fcca0a","timestamp":"2026-05-10 07:53:00"}
{"level":"info","message":"Created client session 31bf9ead3a12106fe760f810","timestamp":"2026-05-10 08:09:11"}
{"level":"info","message":"Created client session 890da8256282ba85e169027c","timestamp":"2026-05-10 08:11:59"}
{"level":"info","message":"Created client session bb5099a6af90c7a81ad7f5eb","timestamp":"2026-05-10 08:20:08"}
{"level":"info","message":"Created client session e0369ff5d76cf0b6f69a2834","timestamp":"2026-05-10 08:20:09"}
{"level":"info","message":"Created client session fedba0129a0dbe4a1c535fdf","timestamp":"2026-05-10 08:41:49"}
{"level":"info","message":"Created client session 74ab2cd6ead4fcbd547de532","timestamp":"2026-05-10 09:01:47"}
{"level":"info","message":"Created client session 282e846cba076fea50997099","timestamp":"2026-05-10 09:02:03"}
{"level":"info","message":"Created client session fe4408e92814c4f5c27a0ebb","timestamp":"2026-05-10 09:04:10"}
{"level":"info","message":"Created client session 8a340ed68bc40399cb35926c","timestamp":"2026-05-10 09:59:11"}
{"level":"info","message":"Created client session 75849a90e5990cfe75632a83","timestamp":"2026-05-10 09:59:31"}
{"level":"info","message":"Created client session c660ca3e94f96d0a8a1832bf","timestamp":"2026-05-10 10:03:28"}
{"level":"info","message":"Created client session c147b83bd6c98f8621cc954a","timestamp":"2026-05-10 10:07:05"}
{"level":"info","message":"Created client session 1e04ca57b38a809803a3c95a","timestamp":"2026-05-10 10:17:21"}
{"level":"info","message":"Created client session 0e356617f1bd04e1f0944189","timestamp":"2026-05-10 10:17:35"}
{"level":"info","message":"Created client session 3a0ac25cc66747b34cb250af","timestamp":"2026-05-10 10:18:16"}
{"level":"info","message":"Created client session d001d63ed0a8a3c338b179e4","timestamp":"2026-05-10 10:18:46"}
{"level":"info","message":"Created client session 3ae7abd8cfa95c36c0e8ecdb","timestamp":"2026-05-10 10:21:04"}
{"level":"info","message":"Created client session 9789633d5c21e5053697e39f","timestamp":"2026-05-10 10:23:22"}
{"level":"info","message":"Created client session 2399165349bfa8443bec5dc8","timestamp":"2026-05-10 10:23:50"}
{"level":"info","message":"Created client session 5135cb1612867d1b702501da","timestamp":"2026-05-10 10:24:25"}
{"level":"info","message":"Created client session 27d7ff46748a22e58d64c5dd","timestamp":"2026-05-10 10:24:57"}
{"level":"info","message":"Created client session 69c8ad700a9747ca9ba5f888","timestamp":"2026-05-10 10:26:13"}
{"level":"info","message":"Created client session 5af3a01be4819f2c1f6d602d","timestamp":"2026-05-10 10:26:49"}
{"level":"info","message":"Created client session 18b62e06700bf9ddbdce4c9b","timestamp":"2026-05-10 10:27:35"}
{"level":"info","message":"Created client session 3041f3d2c9b8b150bef48b80","timestamp":"2026-05-10 10:27:52"}
{"level":"info","message":"Created client session cf51bad6640ad23da2a8cdc9","timestamp":"2026-05-10 10:28:27"}
{"level":"info","message":"Created client session 50478558f1971459b0528a71","timestamp":"2026-05-10 10:29:12"}
{"level":"info","message":"Created client session c2322718c104f9b77b422712","timestamp":"2026-05-10 10:29:27"}
{"level":"info","message":"Created client session 749d6b22324c7c3993f0bc4f","timestamp":"2026-05-10 10:29:44"}
{"level":"info","message":"Created client session f7166f79cac8eea2651bf216","timestamp":"2026-05-10 10:30:03"}
{"level":"info","message":"Created client session dde5daba4f00bbb0bb60ba93","timestamp":"2026-05-10 10:30:27"}
{"level":"info","message":"Created client session ae7ae0b73712373f998ba889","timestamp":"2026-05-10 11:41:19"}
{"level":"info","message":"Created client session b7f2cb99fdcc6839825400d0","timestamp":"2026-05-10 11:44:10"}
{"level":"info","message":"Created client session 4a0e3711d89b9296dd37707b","timestamp":"2026-05-10 11:46:02"}
{"level":"info","message":"Created client session 64e90da8f85ab529da673355","timestamp":"2026-05-10 12:11:31"}
{"level":"info","message":"Created client session aeedc2eb5bed6ffcbbf0380f","timestamp":"2026-05-10 12:27:41"}
{"level":"info","message":"Created client session 33f2943a8046e4e6d2002701","timestamp":"2026-05-10 12:29:11"}
{"level":"info","message":"Created client session a281415dc6c0ccfd004781d3","timestamp":"2026-05-10 12:29:11"}
{"level":"info","message":"Created client session ebff94e6921b273a53049e8c","timestamp":"2026-05-10 12:29:23"}
{"level":"info","message":"Created client session b53e9fddda6afeb1dd55eb40","timestamp":"2026-05-10 12:29:38"}
{"level":"info","message":"Created client session f7ee5745485e82c7b7726c2b","timestamp":"2026-05-10 12:30:07"}
{"level":"info","message":"Created client session 9f80993e8cfb16108c6d9210","timestamp":"2026-05-10 12:30:36"}
{"level":"info","message":"Created client session a3c2a0753c58967a847f6e6b","timestamp":"2026-05-10 12:30:44"}
{"level":"info","message":"Created client session 42fd59e7e70ab69a3daca379","timestamp":"2026-05-10 12:30:49"}
{"level":"info","message":"Created client session 9268bfbf4603e333322a5aea","timestamp":"2026-05-10 12:30:50"}
{"level":"info","message":"Created client session 13be7b2f1823e7b99fc4f2f8","timestamp":"2026-05-10 12:30:51"}
{"level":"info","message":"Created client session 7ba9c4032795cdda304ea390","timestamp":"2026-05-10 12:30:58"}
{"level":"info","message":"Created client session bd026681b1333ccbdaeaf6d1","timestamp":"2026-05-10 12:31:06"}
{"level":"info","message":"Created client session 5e9b05a2536b23a571d0cc93","timestamp":"2026-05-10 12:31:06"}
{"level":"info","message":"Created client session 4bbcc319b5421da4b021b997","timestamp":"2026-05-10 12:31:18"}
{"level":"info","message":"Created client session f810651f845f95f8c1df667f","timestamp":"2026-05-10 12:31:23"}
{"level":"info","message":"Created client session 3631f26d53dab8092a872a93","timestamp":"2026-05-10 12:31:33"}
{"level":"info","message":"Created client session f95b49143ea9bd37daacde75","timestamp":"2026-05-10 12:31:40"}
{"level":"info","message":"Created client session b9d51a56c576c553f4558442","timestamp":"2026-05-10 12:31:47"}
{"level":"info","message":"Created client session 0ba16f91130ed0f6cbc80e1e","timestamp":"2026-05-10 12:31:58"}
{"level":"info","message":"Created client session 14281b7be68ca9de55534bc2","timestamp":"2026-05-10 12:32:06"}
{"level":"info","message":"Created client session 6cdcd6e1e79e5086aadd31ad","timestamp":"2026-05-10 12:32:06"}
{"level":"info","message":"Created client session 3205f6ad88afd111ee14fab9","timestamp":"2026-05-10 12:32:13"}
{"level":"info","message":"Created client session 4b9b1862a47b6df4cfb9531f","timestamp":"2026-05-10 12:32:22"}
{"level":"info","message":"Created client session b14438935441c1035256f899","timestamp":"2026-05-10 12:32:35"}
{"level":"info","message":"Created client session 5facdc23c6a50968cb2d8320","timestamp":"2026-05-10 12:32:45"}
{"level":"info","message":"Created client session 7627c367207efcd32dd40fec","timestamp":"2026-05-10 12:32:55"}
{"level":"info","message":"Created client session 999e05f44d3ff43e399c124d","timestamp":"2026-05-10 12:33:06"}
{"level":"info","message":"Created client session fd00903dd43a94ba0a49c389","timestamp":"2026-05-10 12:33:15"}
{"level":"info","message":"Created client session cb9288ff53a3f30862d29003","timestamp":"2026-05-10 12:33:22"}
{"level":"info","message":"Created client session 20a974c7528363445104ee42","timestamp":"2026-05-10 12:33:22"}
{"level":"info","message":"Created client session 35ddff2266e9cd5e72378b41","timestamp":"2026-05-10 12:33:27"}
{"level":"info","message":"Created client session 4f94ed750847a6227f040ed1","timestamp":"2026-05-10 12:33:31"}
{"level":"info","message":"Created client session b7f2bea3b302f9f3808e2af0","timestamp":"2026-05-10 12:33:37"}
{"level":"info","message":"Created client session 1c05500abecee70bb9b0c642","timestamp":"2026-05-10 12:33:41"}
{"level":"info","message":"Created client session c2470ab7994b48654c1c07eb","timestamp":"2026-05-10 12:33:44"}
{"level":"info","message":"Created client session cbb15971ccd1fabcb8b257e0","timestamp":"2026-05-10 12:33:56"}
{"level":"info","message":"Created client session 9da1cd48ba25d4f35469fd2c","timestamp":"2026-05-10 12:34:00"}
{"level":"info","message":"Created client session 6a89ccdd9a46541059f187b7","timestamp":"2026-05-10 12:34:00"}
{"level":"info","message":"Created client session cf6e7f625d06f9c2b2b0dd9f","timestamp":"2026-05-10 12:34:01"}
{"level":"info","message":"Created client session 91076b09f009d4bde7eff0ee","timestamp":"2026-05-10 12:34:06"}
{"level":"info","message":"Created client session ba969482565c57d694260f45","timestamp":"2026-05-10 12:34:06"}
{"level":"info","message":"Created client session 48d07cc35f1ab39000107c72","timestamp":"2026-05-10 12:34:07"}
{"level":"info","message":"Created client session 25d978fc945385cb33aa34ef","timestamp":"2026-05-10 12:56:51"}
{"level":"info","message":"Created client session ce7215bf309d909397bb8c9a","timestamp":"2026-05-10 13:06:03"}
{"level":"info","message":"Created client session e93532d65b44fc5330a08d26","timestamp":"2026-05-10 13:11:18"}
{"level":"info","message":"Created client session 2a19a466c5c9e4739a76fd2e","timestamp":"2026-05-10 13:11:18"}
{"level":"info","message":"Created client session e4f631ca89fc56b43d0c947f","timestamp":"2026-05-10 13:13:39"}
{"level":"info","message":"Created client session 15cb904dd39c83559e49067c","timestamp":"2026-05-10 13:14:10"}
{"level":"info","message":"Created client session ec93d8a09832a1b2d7468a03","timestamp":"2026-05-10 13:26:44"}
{"level":"info","message":"Created client session cb9516bd9fe2bf85e0e05ec1","timestamp":"2026-05-10 14:14:45"}
{"level":"info","message":"Created client session 32151c9d68a10f58cb1d22f0","timestamp":"2026-05-10 15:05:25"}
{"level":"info","message":"Created client session 0c75c950a32048a02abf9463","timestamp":"2026-05-10 15:53:22"}
{"level":"info","message":"Created client session 6490003390fab72d33ea793b","timestamp":"2026-05-10 15:55:30"}
{"level":"info","message":"Created client session b985f8f0a241f2d6a1d2f40c","timestamp":"2026-05-10 16:04:33"}
{"level":"info","message":"Logged user 4tfCzHLcdt6y7Fit out of active World","timestamp":"2026-05-10 16:36:14"}
{"ip":"70.160.11.31","level":"info","message":"User authentication successful for user Shreyas","session":"15b656d1725d40903c6b7759","timestamp":"2026-05-10 16:36:22"}
{"level":"info","message":"Core software stable update 14.361 is available!","timestamp":"2026-05-10 16:36:23"}
{"level":"info","message":"No system update for Delta Green: The Role-Playing Game is currently available.","timestamp":"2026-05-10 16:36:24"}
{"level":"info","message":"Vended World data to User [4tfCzHLcdt6y7Fit] in 616ms","timestamp":"2026-05-10 16:36:24"}
{"level":"info","message":"Created client session e6a64cb79a41228f7fa356e5","timestamp":"2026-05-10 16:53:59"}
{"level":"info","message":"Created client session c164c436f5a68790899dd2fb","timestamp":"2026-05-10 17:17:42"}
{"level":"info","message":"Created 4 Item documents with ids: [HrW4aCJtc8l0eC0B,1LDgNLSK1TeR11yU,73oca3YdqDPKla9S,XJuCpuG9Gam0Qfck] in parent Actor [FLJvRY52tFsBHdZw]","timestamp":"2026-05-10 17:25:26"}
{"level":"info","message":"Created 3 Item documents with ids: [wxtS95c2dIxRHFTN,GFkuNWCvwcPlyqa5,9J1yuSCdV4JliKfc] in parent Actor [FLJvRY52tFsBHdZw]","timestamp":"2026-05-10 17:25:26"}
{"level":"info","message":"Created Item with id [KSmLZ9EyRlWbXkYW] in parent Actor [FLJvRY52tFsBHdZw]","timestamp":"2026-05-10 17:25:26"}
{"level":"info","message":"Created client session bfa45cec52fb22278cdf655d","timestamp":"2026-05-10 17:38:07"}
{"level":"info","message":"Created client session e64958bb475171bc50e941a4","timestamp":"2026-05-10 17:47:13"}
{"level":"info","message":"Created client session ee26c4633d96e81c2b082c2d","timestamp":"2026-05-10 17:55:20"}
{"level":"info","message":"Created client session e7b5e5e4a3a6400814f290b0","timestamp":"2026-05-10 18:01:42"}
{"level":"info","message":"Created client session 3fd414cd3fa1e81d6a1f9c05","timestamp":"2026-05-10 18:50:54"}
{"level":"info","message":"Created client session cade38ab55af05afd2924f24","timestamp":"2026-05-10 18:50:58"}
{"level":"info","message":"Created client session fb853a8d81276d964197601f","timestamp":"2026-05-10 18:52:40"}
{"level":"info","message":"Created client session 8dce44dddad9000bac5f313c","timestamp":"2026-05-10 18:57:42"}
{"level":"info","message":"Created client session 2b81376d281661c2adb5081b","timestamp":"2026-05-10 19:10:29"}
{"level":"info","message":"Created client session 587d5c605f0d8d9c90eba4cf","timestamp":"2026-05-10 19:22:44"}
{"level":"info","message":"Logged user STrPhxF1dRGcEIXm out of active World","timestamp":"2026-05-10 19:48:29"}
{"ip":"71.85.223.82","level":"info","message":"User authentication successful for user Yuri","session":"23db042e4605913e2ed7f165","timestamp":"2026-05-10 19:48:36"}
{"level":"info","message":"No system update for Delta Green: The Role-Playing Game is currently available.","timestamp":"2026-05-10 19:48:38"}
{"level":"info","message":"Vended World data to User [STrPhxF1dRGcEIXm] in 606ms","timestamp":"2026-05-10 19:48:38"}
{"level":"info","message":"Created client session 577a8450c37bf53a3e76fa8a","timestamp":"2026-05-10 19:49:14"}
{"level":"info","message":"Created client session c4241a3e2e94633ef911bad3","timestamp":"2026-05-10 20:09:00"}
{"level":"info","message":"Created client session 558a8b2ffcbe4f5209f26c27","timestamp":"2026-05-10 20:35:37"}
{"level":"info","message":"Created client session 9578638112cb832f7581f97e","timestamp":"2026-05-10 20:35:47"}
{"level":"info","message":"Created client session c0f05a1273835cc769e81bc4","timestamp":"2026-05-10 20:38:46"}
{"level":"info","message":"Created client session 28fcb7ac8ecca2bfed00ce66","timestamp":"2026-05-10 20:50:28"}
{"level":"info","message":"Created client session 40ff0eb152364f6dd5a9b036","timestamp":"2026-05-10 20:58:29"}
{"level":"info","message":"Created client session af32ea26a0af9d712a2e6f07","timestamp":"2026-05-10 21:02:58"}
{"level":"info","message":"Created client session ee896f5a5bdb6ba1aca44b99","timestamp":"2026-05-10 21:02:59"}
{"level":"info","message":"Created client session a5f2194507046018e9c75516","timestamp":"2026-05-10 21:02:59"}
{"level":"info","message":"Created client session eaefec0a67ab0a41aa5213e0","timestamp":"2026-05-10 21:03:00"}
{"level":"info","message":"Created client session 1a1863af3aacd871d84ebba9","timestamp":"2026-05-10 21:03:01"}
{"level":"info","message":"Created client session 1049dd34f615443ac4814aa1","timestamp":"2026-05-10 21:03:01"}
{"level":"info","message":"Created client session 0ab6c68ed63647bd00073dbf","timestamp":"2026-05-10 21:06:34"}
{"level":"info","message":"Created client session 11d0ec8c09a40e637104b347","timestamp":"2026-05-10 21:06:37"}
{"level":"info","message":"Created client session 7af09894484d79cefaec2295","timestamp":"2026-05-10 21:06:40"}
{"level":"info","message":"Created client session 5a011ad10016848c58469081","timestamp":"2026-05-10 21:06:44"}
{"level":"info","message":"Created client session 172c815dae1c3dc3e6c246bb","timestamp":"2026-05-10 21:06:51"}
{"level":"info","message":"Created client session 2a9cf04f8a960b8e121ce94f","timestamp":"2026-05-10 21:06:54"}
{"level":"info","message":"Created client session 20db17b2f61e37cece2da429","timestamp":"2026-05-10 21:06:58"}
{"level":"info","message":"Created client session cafc8788402fbe175129944d","timestamp":"2026-05-10 21:07:02"}
{"level":"info","message":"Created client session 3d614319ec10b0af53b61e61","timestamp":"2026-05-10 21:07:05"}
{"level":"info","message":"Created client session 9a0a27760ce2b98a5fef3474","timestamp":"2026-05-10 21:43:20"}
{"level":"info","message":"Created client session 70a8ab0c3f39fff0a000031a","timestamp":"2026-05-10 21:58:22"}
{"level":"info","message":"Created client session ca828b13b4969da312129dd3","timestamp":"2026-05-10 22:10:31"}
{"level":"info","message":"Created client session 2a935798e400d618c09bd7fa","timestamp":"2026-05-10 22:39:41"}
{"level":"info","message":"Created client session f881bbd056128c39c8b1fa2b","timestamp":"2026-05-10 23:00:42"}
{"level":"info","message":"Created client session ccb4074c0217dae5d391723f","timestamp":"2026-05-10 23:03:33"}
{"level":"info","message":"Created client session 0da44906b762d0cb061b5aa2","timestamp":"2026-05-10 23:03:34"}
{"level":"info","message":"Created client session bd5491da162853cb48365904","timestamp":"2026-05-10 23:07:50"}
{"level":"info","message":"Created client session 78e091113c1b7a5eac7bce64","timestamp":"2026-05-10 23:08:31"}
{"level":"info","message":"Created client session 34a8cf072e40e7ae898efd34","timestamp":"2026-05-10 23:56:52"}
