{"level":"info","message":"Created client session 2e123aa7f6aac2e6ccd97b1e","timestamp":"2026-05-14 00:09:04"}
{"level":"info","message":"Created client session f7214778b2b68935d420605c","timestamp":"2026-05-14 00:09:49"}
{"level":"info","message":"Created client session ba31fa70ffd9361386a8921e","timestamp":"2026-05-14 00:22:25"}
{"level":"info","message":"Created client session 9e8c17da7394b6880703ef87","timestamp":"2026-05-14 00:23:08"}
{"level":"info","message":"Created client session 0c948fa839734369232852c7","timestamp":"2026-05-14 00:23:08"}
{"level":"info","message":"Created client session 185f472f92fd6678ce97dd45","timestamp":"2026-05-14 00:23:12"}
{"level":"info","message":"Created client session eba6fe629e75357c8dbd016b","timestamp":"2026-05-14 00:25:49"}
{"level":"info","message":"Created client session b6917bb6ff4deed427e10b41","timestamp":"2026-05-14 00:28:17"}
{"level":"info","message":"Created client session b508e13b011feee5e7a2b168","timestamp":"2026-05-14 00:29:12"}
{"level":"info","message":"Created client session 5baf671f1eb808e75350957d","timestamp":"2026-05-14 00:29:45"}
{"level":"info","message":"Created client session 433f1438f337656551eec62f","timestamp":"2026-05-14 00:30:23"}
{"level":"info","message":"Created client session bca02170e2f613cf5fc9810a","timestamp":"2026-05-14 00:31:42"}
{"level":"info","message":"Created client session feaaec375ac49f11133b146d","timestamp":"2026-05-14 00:32:41"}
{"level":"info","message":"Created client session 0c1fad66242aff598c4ac2da","timestamp":"2026-05-14 00:33:03"}
{"level":"info","message":"Created client session e6806c72bad12cfc6ee78419","timestamp":"2026-05-14 00:33:43"}
{"level":"info","message":"Created client session 9efeb5f926591834588a3544","timestamp":"2026-05-14 00:34:16"}
{"level":"info","message":"Created client session 47746aaca9b276f6cab7ef27","timestamp":"2026-05-14 00:35:01"}
{"level":"info","message":"Created client session 7edb367199c6c6efca9190c4","timestamp":"2026-05-14 00:35:18"}
{"level":"info","message":"Created client session 4ebc30daeafc6a78406ea3e6","timestamp":"2026-05-14 00:35:35"}
{"level":"info","message":"Created client session a116c0c386c755402c9af39e","timestamp":"2026-05-14 00:35:50"}
{"level":"info","message":"Created client session 18c39bf2f89720cd7fc3e0e3","timestamp":"2026-05-14 00:36:09"}
{"level":"info","message":"Created client session e06681f6978e013ce9888b1f","timestamp":"2026-05-14 01:05:04"}
{"level":"info","message":"Created client session 2459136728fe4b2fcf543c81","timestamp":"2026-05-14 01:13:18"}
{"level":"info","message":"Created client session d0347012e189950f1d4b0bce","timestamp":"2026-05-14 01:16:07"}
{"level":"info","message":"Created client session 91cd2c21cb96217eb40c1d28","timestamp":"2026-05-14 01:16:08"}
{"level":"info","message":"Created client session f9cfe3ed041a1268525409a5","timestamp":"2026-05-14 01:16:08"}
{"level":"info","message":"Created client session 08339326ab0ed1f485a13c7a","timestamp":"2026-05-14 01:26:20"}
{"level":"info","message":"Created client session 06e291a3a42050965ed4a5d7","timestamp":"2026-05-14 01:26:37"}
{"level":"info","message":"Created client session 8921237398d5080dea51a5b4","timestamp":"2026-05-14 02:02:15"}
{"level":"info","message":"Created client session 73053030e84947bc6280bf7a","timestamp":"2026-05-14 02:30:40"}
{"level":"info","message":"Created client session b885a7c81506d307dce5bc70","timestamp":"2026-05-14 03:10:22"}
{"level":"info","message":"Created client session a7ecf540244eb730608b6793","timestamp":"2026-05-14 03:35:28"}
{"level":"info","message":"Created client session b2e3b19f6b9483ab91c77558","timestamp":"2026-05-14 03:35:48"}
{"level":"info","message":"Created client session 76d160c30e29c4508ef568b6","timestamp":"2026-05-14 03:42:58"}
{"level":"info","message":"Created client session 3cbbec149a26416a57716df5","timestamp":"2026-05-14 03:44:21"}
{"level":"info","message":"Created client session a755c2d402ba5058c3886b08","timestamp":"2026-05-14 03:49:45"}
{"level":"info","message":"Created client session 41d019e92623f8e64796b57b","timestamp":"2026-05-14 03:49:45"}
{"level":"info","message":"Created client session e1c45faaf7eec6084027b67f","timestamp":"2026-05-14 04:21:11"}
{"level":"info","message":"Created client session 7c06c0651ddc1d14d067596a","timestamp":"2026-05-14 04:24:18"}
{"level":"info","message":"Created client session c9776a08903e5f25d62a2e80","timestamp":"2026-05-14 04:33:03"}
{"ip":"71.81.66.111","level":"info","message":"User authentication successful for user Yuri","session":"c9776a08903e5f25d62a2e80","timestamp":"2026-05-14 04:34:18"}
{"level":"info","message":"Core software stable update 14.361 is available!","timestamp":"2026-05-14 04:34:20"}
{"level":"info","message":"No system update for Delta Green: The Role-Playing Game is currently available.","timestamp":"2026-05-14 04:34:20"}
{"level":"info","message":"Vended World data to User [STrPhxF1dRGcEIXm] in 546ms","timestamp":"2026-05-14 04:34:20"}
{"level":"info","message":"Created Item with id [75myPpbqYBALsWuX] in parent Actor [3AMolEmabkA0Rt7b]","timestamp":"2026-05-14 04:34:41"}
{"level":"info","message":"Created Item with id [XtNZq8UZbsFhfCCa] in parent Actor [3AMolEmabkA0Rt7b]","timestamp":"2026-05-14 04:38:47"}
{"level":"info","message":"Created Item with id [nmRhEB5P5rzUxRfP] in parent Actor [3AMolEmabkA0Rt7b]","timestamp":"2026-05-14 04:42:14"}
{"level":"info","message":"Created Item with id [RDWmFi0lgtjcvhxY] in parent Actor [3AMolEmabkA0Rt7b]","timestamp":"2026-05-14 04:47:05"}
{"level":"info","message":"Created Item with id [KBQoQo4h1d4UzI7Y] in parent Actor [3AMolEmabkA0Rt7b]","timestamp":"2026-05-14 04:49:35"}
{"level":"info","message":"Created client session 952fec12cb23a201ab3ce72d","timestamp":"2026-05-14 05:07:48"}
{"level":"info","message":"Created client session 13b73ffcf15900fa106316d5","timestamp":"2026-05-14 05:09:45"}
{"level":"info","message":"Created Item with id [dDomiXE8u9Tah2c5] in parent Actor [3AMolEmabkA0Rt7b]","timestamp":"2026-05-14 05:10:25"}
{"level":"info","message":"Created client session 140496be10aed00c37ee4c0e","timestamp":"2026-05-14 05:20:27"}
{"level":"info","message":"Created Item with id [KXRhlh2bJq0cnpke] in parent Actor [3AMolEmabkA0Rt7b]","timestamp":"2026-05-14 05:21:45"}
{"level":"info","message":"Created Item with id [1BqGkyq5ItkRGfk0] in parent Actor [3AMolEmabkA0Rt7b]","timestamp":"2026-05-14 05:24:57"}
{"level":"info","message":"Created client session b1c10ff85de6e8e036aa07af","timestamp":"2026-05-14 05:32:58"}
{"ip":"38.143.253.121","level":"info","message":"User authentication successful for user Gamemaster","session":"b1c10ff85de6e8e036aa07af","timestamp":"2026-05-14 05:33:03"}
{"level":"info","message":"No system update for Delta Green: The Role-Playing Game is currently available.","timestamp":"2026-05-14 05:33:05"}
{"level":"info","message":"Vended World data to User [aFXBIYID8O38Ue0X] in 572ms","timestamp":"2026-05-14 05:33:05"}
{"level":"info","message":"Created Scene with id [fxKyWyprgG9WmWuI]","timestamp":"2026-05-14 05:36:31"}
{"level":"info","message":"Extracted base64 asset: \"/home/ubuntu/foundryuserdata/Data/worlds/delta-green-music-from-a-darkened-room/assets/scenes/fxKyWyprgG9WmWuI-thumb.webp\"","timestamp":"2026-05-14 05:37:25"}
{"level":"debug","message":"Starting edit session for user 'aFXBIYID8O38Ue0X' and instance 'JournalEntry.s0FP2h9LltMPNjS7.JournalEntryPage.J7cL18eQKpcZxria#text.content'.","timestamp":"2026-05-14 05:38:44"}
{"level":"info","message":"Created client session b18ac97cf5077508df02a3a4","timestamp":"2026-05-14 05:39:14"}
{"level":"debug","message":"Broadcasting autosave update for instance 'JournalEntry.s0FP2h9LltMPNjS7.JournalEntryPage.J7cL18eQKpcZxria#text.content'.","timestamp":"2026-05-14 05:39:44"}
{"level":"debug","message":"Retiring user 'aFXBIYID8O38Ue0X' from editing session for instance 'JournalEntry.s0FP2h9LltMPNjS7.JournalEntryPage.J7cL18eQKpcZxria#text.content'.","timestamp":"2026-05-14 05:40:15"}
{"level":"debug","message":"Instance 'JournalEntry.s0FP2h9LltMPNjS7.JournalEntryPage.J7cL18eQKpcZxria#text.content' has no more active editors, cleaning up.","timestamp":"2026-05-14 05:40:15"}
{"level":"info","message":"Created JournalEntry with id [3cJTG31OfzfBtYbS]","timestamp":"2026-05-14 05:41:20"}
{"level":"info","message":"Created JournalEntry with id [h5BQwYrnsRpWsG8J]","timestamp":"2026-05-14 05:42:00"}
{"level":"info","message":"Created JournalEntry with id [RbDrhCdJb8f0F1wu]","timestamp":"2026-05-14 05:42:20"}
{"level":"debug","message":"Starting edit session for user 'aFXBIYID8O38Ue0X' and instance 'JournalEntry.s0FP2h9LltMPNjS7.JournalEntryPage.J7cL18eQKpcZxria#text.content'.","timestamp":"2026-05-14 05:43:59"}
{"level":"info","message":"Created client session a6a9f785003cd4e0c710d355","timestamp":"2026-05-14 05:44:11"}
{"level":"info","message":"Created client session a9498b74feb7fedd0c611006","timestamp":"2026-05-14 05:44:13"}
{"level":"info","message":"Created client session be0cef799b070b707b33b6d5","timestamp":"2026-05-14 05:44:21"}
{"level":"debug","message":"Retiring user 'aFXBIYID8O38Ue0X' from editing session for instance 'JournalEntry.s0FP2h9LltMPNjS7.JournalEntryPage.J7cL18eQKpcZxria#text.content'.","timestamp":"2026-05-14 05:44:43"}
{"level":"debug","message":"Instance 'JournalEntry.s0FP2h9LltMPNjS7.JournalEntryPage.J7cL18eQKpcZxria#text.content' has no more active editors, cleaning up.","timestamp":"2026-05-14 05:44:43"}
{"level":"info","message":"Created JournalEntryPage with id [cUNJm1ofg7FmRZks] in parent JournalEntry [3cJTG31OfzfBtYbS]","timestamp":"2026-05-14 05:46:25"}
{"level":"debug","message":"Starting edit session for user 'aFXBIYID8O38Ue0X' and instance 'JournalEntry.3cJTG31OfzfBtYbS.JournalEntryPage.cUNJm1ofg7FmRZks#text.content'.","timestamp":"2026-05-14 05:46:25"}
{"level":"debug","message":"Broadcasting autosave update for instance 'JournalEntry.3cJTG31OfzfBtYbS.JournalEntryPage.cUNJm1ofg7FmRZks#text.content'.","timestamp":"2026-05-14 05:47:25"}
{"level":"debug","message":"Retiring user 'aFXBIYID8O38Ue0X' from editing session for instance 'JournalEntry.3cJTG31OfzfBtYbS.JournalEntryPage.cUNJm1ofg7FmRZks#text.content'.","timestamp":"2026-05-14 05:48:22"}
{"level":"debug","message":"Instance 'JournalEntry.3cJTG31OfzfBtYbS.JournalEntryPage.cUNJm1ofg7FmRZks#text.content' has no more active editors, cleaning up.","timestamp":"2026-05-14 05:48:22"}
{"level":"info","message":"Created JournalEntryPage with id [aTdEeCSnaduhnekE] in parent JournalEntry [3cJTG31OfzfBtYbS]","timestamp":"2026-05-14 05:48:56"}
{"level":"debug","message":"Starting edit session for user 'aFXBIYID8O38Ue0X' and instance 'JournalEntry.3cJTG31OfzfBtYbS.JournalEntryPage.aTdEeCSnaduhnekE#text.content'.","timestamp":"2026-05-14 05:48:56"}
{"level":"debug","message":"Broadcasting autosave update for instance 'JournalEntry.3cJTG31OfzfBtYbS.JournalEntryPage.aTdEeCSnaduhnekE#text.content'.","timestamp":"2026-05-14 05:49:56"}
{"level":"debug","message":"Retiring user 'aFXBIYID8O38Ue0X' from editing session for instance 'JournalEntry.3cJTG31OfzfBtYbS.JournalEntryPage.aTdEeCSnaduhnekE#text.content'.","timestamp":"2026-05-14 05:50:54"}
{"level":"debug","message":"Instance 'JournalEntry.3cJTG31OfzfBtYbS.JournalEntryPage.aTdEeCSnaduhnekE#text.content' has no more active editors, cleaning up.","timestamp":"2026-05-14 05:50:54"}
{"level":"info","message":"Created JournalEntryPage with id [rkq0OHr2N2R2tAro] in parent JournalEntry [3cJTG31OfzfBtYbS]","timestamp":"2026-05-14 05:51:31"}
{"level":"debug","message":"Starting edit session for user 'aFXBIYID8O38Ue0X' and instance 'JournalEntry.3cJTG31OfzfBtYbS.JournalEntryPage.rkq0OHr2N2R2tAro#text.content'.","timestamp":"2026-05-14 05:51:31"}
{"level":"debug","message":"Retiring user 'aFXBIYID8O38Ue0X' from editing session for instance 'JournalEntry.3cJTG31OfzfBtYbS.JournalEntryPage.rkq0OHr2N2R2tAro#text.content'.","timestamp":"2026-05-14 05:51:33"}
{"level":"debug","message":"Instance 'JournalEntry.3cJTG31OfzfBtYbS.JournalEntryPage.rkq0OHr2N2R2tAro#text.content' has no more active editors, cleaning up.","timestamp":"2026-05-14 05:51:33"}
{"level":"debug","message":"Starting edit session for user 'aFXBIYID8O38Ue0X' and instance 'JournalEntry.3cJTG31OfzfBtYbS.JournalEntryPage.aTdEeCSnaduhnekE#text.content'.","timestamp":"2026-05-14 05:51:35"}
{"level":"debug","message":"Retiring user 'aFXBIYID8O38Ue0X' from editing session for instance 'JournalEntry.3cJTG31OfzfBtYbS.JournalEntryPage.aTdEeCSnaduhnekE#text.content'.","timestamp":"2026-05-14 05:51:37"}
{"level":"debug","message":"Instance 'JournalEntry.3cJTG31OfzfBtYbS.JournalEntryPage.aTdEeCSnaduhnekE#text.content' has no more active editors, cleaning up.","timestamp":"2026-05-14 05:51:37"}
{"level":"debug","message":"Starting edit session for user 'aFXBIYID8O38Ue0X' and instance 'JournalEntry.3cJTG31OfzfBtYbS.JournalEntryPage.aTdEeCSnaduhnekE#text.content'.","timestamp":"2026-05-14 05:51:37"}
{"level":"debug","message":"Retiring user 'aFXBIYID8O38Ue0X' from editing session for instance 'JournalEntry.3cJTG31OfzfBtYbS.JournalEntryPage.aTdEeCSnaduhnekE#text.content'.","timestamp":"2026-05-14 05:51:39"}
{"level":"debug","message":"Instance 'JournalEntry.3cJTG31OfzfBtYbS.JournalEntryPage.aTdEeCSnaduhnekE#text.content' has no more active editors, cleaning up.","timestamp":"2026-05-14 05:51:39"}
{"level":"debug","message":"Starting edit session for user 'aFXBIYID8O38Ue0X' and instance 'JournalEntry.3cJTG31OfzfBtYbS.JournalEntryPage.rkq0OHr2N2R2tAro#text.content'.","timestamp":"2026-05-14 05:51:41"}
{"level":"debug","message":"Broadcasting autosave update for instance 'JournalEntry.3cJTG31OfzfBtYbS.JournalEntryPage.rkq0OHr2N2R2tAro#text.content'.","timestamp":"2026-05-14 05:52:41"}
{"level":"debug","message":"Broadcasting autosave update for instance 'JournalEntry.3cJTG31OfzfBtYbS.JournalEntryPage.rkq0OHr2N2R2tAro#text.content'.","timestamp":"2026-05-14 05:54:41"}
{"level":"debug","message":"Retiring user 'aFXBIYID8O38Ue0X' from editing session for instance 'JournalEntry.3cJTG31OfzfBtYbS.JournalEntryPage.rkq0OHr2N2R2tAro#text.content'.","timestamp":"2026-05-14 05:55:29"}
{"level":"debug","message":"Instance 'JournalEntry.3cJTG31OfzfBtYbS.JournalEntryPage.rkq0OHr2N2R2tAro#text.content' has no more active editors, cleaning up.","timestamp":"2026-05-14 05:55:29"}
{"level":"info","message":"Created JournalEntryPage with id [PPLivvD23E7jdhsO] in parent JournalEntry [3cJTG31OfzfBtYbS]","timestamp":"2026-05-14 05:56:17"}
{"level":"debug","message":"Starting edit session for user 'aFXBIYID8O38Ue0X' and instance 'JournalEntry.3cJTG31OfzfBtYbS.JournalEntryPage.PPLivvD23E7jdhsO#text.content'.","timestamp":"2026-05-14 05:56:17"}
{"level":"debug","message":"Broadcasting autosave update for instance 'JournalEntry.3cJTG31OfzfBtYbS.JournalEntryPage.PPLivvD23E7jdhsO#text.content'.","timestamp":"2026-05-14 05:57:17"}
{"level":"debug","message":"Retiring user 'aFXBIYID8O38Ue0X' from editing session for instance 'JournalEntry.3cJTG31OfzfBtYbS.JournalEntryPage.PPLivvD23E7jdhsO#text.content'.","timestamp":"2026-05-14 05:57:57"}
{"level":"debug","message":"Instance 'JournalEntry.3cJTG31OfzfBtYbS.JournalEntryPage.PPLivvD23E7jdhsO#text.content' has no more active editors, cleaning up.","timestamp":"2026-05-14 05:57:57"}
{"level":"debug","message":"Starting edit session for user 'aFXBIYID8O38Ue0X' and instance 'JournalEntry.3cJTG31OfzfBtYbS.JournalEntryPage.aTdEeCSnaduhnekE#text.content'.","timestamp":"2026-05-14 05:58:00"}
{"level":"debug","message":"Retiring user 'aFXBIYID8O38Ue0X' from editing session for instance 'JournalEntry.3cJTG31OfzfBtYbS.JournalEntryPage.aTdEeCSnaduhnekE#text.content'.","timestamp":"2026-05-14 05:58:11"}
{"level":"debug","message":"Instance 'JournalEntry.3cJTG31OfzfBtYbS.JournalEntryPage.aTdEeCSnaduhnekE#text.content' has no more active editors, cleaning up.","timestamp":"2026-05-14 05:58:11"}
{"level":"info","message":"Created JournalEntryPage with id [b8cz3nqhKIpcoXrn] in parent JournalEntry [3cJTG31OfzfBtYbS]","timestamp":"2026-05-14 05:58:47"}
{"level":"debug","message":"Starting edit session for user 'aFXBIYID8O38Ue0X' and instance 'JournalEntry.3cJTG31OfzfBtYbS.JournalEntryPage.b8cz3nqhKIpcoXrn#text.content'.","timestamp":"2026-05-14 05:58:47"}
{"level":"debug","message":"Broadcasting autosave update for instance 'JournalEntry.3cJTG31OfzfBtYbS.JournalEntryPage.b8cz3nqhKIpcoXrn#text.content'.","timestamp":"2026-05-14 05:59:47"}
{"level":"debug","message":"Broadcasting autosave update for instance 'JournalEntry.3cJTG31OfzfBtYbS.JournalEntryPage.b8cz3nqhKIpcoXrn#text.content'.","timestamp":"2026-05-14 06:00:47"}
{"level":"debug","message":"Broadcasting autosave update for instance 'JournalEntry.3cJTG31OfzfBtYbS.JournalEntryPage.b8cz3nqhKIpcoXrn#text.content'.","timestamp":"2026-05-14 06:01:47"}
{"level":"debug","message":"Broadcasting autosave update for instance 'JournalEntry.3cJTG31OfzfBtYbS.JournalEntryPage.b8cz3nqhKIpcoXrn#text.content'.","timestamp":"2026-05-14 06:02:47"}
{"level":"info","message":"Logged user STrPhxF1dRGcEIXm out of active World","timestamp":"2026-05-14 06:03:31"}
{"ip":"71.81.66.111","level":"info","message":"User authentication successful for user Yuri","session":"c9776a08903e5f25d62a2e80","timestamp":"2026-05-14 06:03:35"}
{"level":"info","message":"No system update for Delta Green: The Role-Playing Game is currently available.","timestamp":"2026-05-14 06:03:36"}
{"level":"info","message":"Vended World data to User [STrPhxF1dRGcEIXm] in 617ms","timestamp":"2026-05-14 06:03:36"}
{"level":"debug","message":"Broadcasting autosave update for instance 'JournalEntry.3cJTG31OfzfBtYbS.JournalEntryPage.b8cz3nqhKIpcoXrn#text.content'.","timestamp":"2026-05-14 06:03:47"}
{"level":"debug","message":"Broadcasting autosave update for instance 'JournalEntry.3cJTG31OfzfBtYbS.JournalEntryPage.b8cz3nqhKIpcoXrn#text.content'.","timestamp":"2026-05-14 06:04:47"}
{"level":"debug","message":"Retiring user 'aFXBIYID8O38Ue0X' from editing session for instance 'JournalEntry.3cJTG31OfzfBtYbS.JournalEntryPage.b8cz3nqhKIpcoXrn#text.content'.","timestamp":"2026-05-14 06:05:26"}
{"level":"debug","message":"Instance 'JournalEntry.3cJTG31OfzfBtYbS.JournalEntryPage.b8cz3nqhKIpcoXrn#text.content' has no more active editors, cleaning up.","timestamp":"2026-05-14 06:05:26"}
{"level":"info","message":"Created JournalEntryPage with id [wTgQfEEwHMurkOr8] in parent JournalEntry [3cJTG31OfzfBtYbS]","timestamp":"2026-05-14 06:05:47"}
{"level":"debug","message":"Starting edit session for user 'aFXBIYID8O38Ue0X' and instance 'JournalEntry.3cJTG31OfzfBtYbS.JournalEntryPage.wTgQfEEwHMurkOr8#text.content'.","timestamp":"2026-05-14 06:05:47"}
{"level":"debug","message":"Retiring user 'aFXBIYID8O38Ue0X' from editing session for instance 'JournalEntry.3cJTG31OfzfBtYbS.JournalEntryPage.wTgQfEEwHMurkOr8#text.content'.","timestamp":"2026-05-14 06:06:02"}
{"level":"debug","message":"Instance 'JournalEntry.3cJTG31OfzfBtYbS.JournalEntryPage.wTgQfEEwHMurkOr8#text.content' has no more active editors, cleaning up.","timestamp":"2026-05-14 06:06:02"}
{"level":"debug","message":"Starting edit session for user 'aFXBIYID8O38Ue0X' and instance 'JournalEntry.3cJTG31OfzfBtYbS.JournalEntryPage.wTgQfEEwHMurkOr8#text.content'.","timestamp":"2026-05-14 06:06:05"}
{"level":"debug","message":"Retiring user 'aFXBIYID8O38Ue0X' from editing session for instance 'JournalEntry.3cJTG31OfzfBtYbS.JournalEntryPage.wTgQfEEwHMurkOr8#text.content'.","timestamp":"2026-05-14 06:06:06"}
{"level":"debug","message":"Instance 'JournalEntry.3cJTG31OfzfBtYbS.JournalEntryPage.wTgQfEEwHMurkOr8#text.content' has no more active editors, cleaning up.","timestamp":"2026-05-14 06:06:07"}
{"level":"debug","message":"Starting edit session for user 'aFXBIYID8O38Ue0X' and instance 'JournalEntry.3cJTG31OfzfBtYbS.JournalEntryPage.wTgQfEEwHMurkOr8#text.content'.","timestamp":"2026-05-14 06:06:10"}
{"level":"debug","message":"Broadcasting autosave update for instance 'JournalEntry.3cJTG31OfzfBtYbS.JournalEntryPage.wTgQfEEwHMurkOr8#text.content'.","timestamp":"2026-05-14 06:07:10"}
{"level":"debug","message":"Broadcasting autosave update for instance 'JournalEntry.3cJTG31OfzfBtYbS.JournalEntryPage.wTgQfEEwHMurkOr8#text.content'.","timestamp":"2026-05-14 06:08:10"}
{"level":"info","message":"Created ChatMessage with id [40rdFguMME8gMdP4]","timestamp":"2026-05-14 06:09:07"}
{"level":"debug","message":"Broadcasting autosave update for instance 'JournalEntry.3cJTG31OfzfBtYbS.JournalEntryPage.wTgQfEEwHMurkOr8#text.content'.","timestamp":"2026-05-14 06:11:10"}
{"level":"debug","message":"Broadcasting autosave update for instance 'JournalEntry.3cJTG31OfzfBtYbS.JournalEntryPage.wTgQfEEwHMurkOr8#text.content'.","timestamp":"2026-05-14 06:12:10"}
{"level":"debug","message":"Broadcasting autosave update for instance 'JournalEntry.3cJTG31OfzfBtYbS.JournalEntryPage.wTgQfEEwHMurkOr8#text.content'.","timestamp":"2026-05-14 06:13:10"}
{"level":"info","message":"Created ChatMessage with id [wlf6X9k600rRfbQK]","timestamp":"2026-05-14 06:13:14"}
{"level":"info","message":"Created ChatMessage with id [B55gM1pMU4JjaeWP]","timestamp":"2026-05-14 06:13:33"}
{"level":"debug","message":"Broadcasting autosave update for instance 'JournalEntry.3cJTG31OfzfBtYbS.JournalEntryPage.wTgQfEEwHMurkOr8#text.content'.","timestamp":"2026-05-14 06:14:10"}
{"level":"debug","message":"Retiring user 'aFXBIYID8O38Ue0X' from editing session for instance 'JournalEntry.3cJTG31OfzfBtYbS.JournalEntryPage.wTgQfEEwHMurkOr8#text.content'.","timestamp":"2026-05-14 06:14:15"}
{"level":"debug","message":"Instance 'JournalEntry.3cJTG31OfzfBtYbS.JournalEntryPage.wTgQfEEwHMurkOr8#text.content' has no more active editors, cleaning up.","timestamp":"2026-05-14 06:14:15"}
{"level":"info","message":"Created ChatMessage with id [Uquklk1yNR1jWCoY]","timestamp":"2026-05-14 06:14:23"}
{"level":"info","message":"Created ChatMessage with id [dBl113gFDTuQnFRT]","timestamp":"2026-05-14 06:14:32"}
{"level":"info","message":"Created ChatMessage with id [tPzihaTUVXQvJzaQ]","timestamp":"2026-05-14 06:14:53"}
{"level":"info","message":"Created JournalEntryPage with id [mpBtccjmJgaTlYY4] in parent JournalEntry [3cJTG31OfzfBtYbS]","timestamp":"2026-05-14 06:16:45"}
{"level":"debug","message":"Starting edit session for user 'aFXBIYID8O38Ue0X' and instance 'JournalEntry.3cJTG31OfzfBtYbS.JournalEntryPage.mpBtccjmJgaTlYY4#text.content'.","timestamp":"2026-05-14 06:16:45"}
{"level":"debug","message":"Broadcasting autosave update for instance 'JournalEntry.3cJTG31OfzfBtYbS.JournalEntryPage.mpBtccjmJgaTlYY4#text.content'.","timestamp":"2026-05-14 06:17:45"}
{"level":"info","message":"Logged user STrPhxF1dRGcEIXm out of active World","timestamp":"2026-05-14 06:17:54"}
{"ip":"71.81.66.111","level":"info","message":"User authentication successful for user Yuri","session":"c9776a08903e5f25d62a2e80","timestamp":"2026-05-14 06:17:58"}
{"level":"info","message":"No system update for Delta Green: The Role-Playing Game is currently available.","timestamp":"2026-05-14 06:18:00"}
{"level":"info","message":"Vended World data to User [STrPhxF1dRGcEIXm] in 756ms","timestamp":"2026-05-14 06:18:00"}
{"level":"debug","message":"Broadcasting autosave update for instance 'JournalEntry.3cJTG31OfzfBtYbS.JournalEntryPage.mpBtccjmJgaTlYY4#text.content'.","timestamp":"2026-05-14 06:18:45"}
{"level":"debug","message":"Broadcasting autosave update for instance 'JournalEntry.3cJTG31OfzfBtYbS.JournalEntryPage.mpBtccjmJgaTlYY4#text.content'.","timestamp":"2026-05-14 06:19:45"}
{"level":"debug","message":"Broadcasting autosave update for instance 'JournalEntry.3cJTG31OfzfBtYbS.JournalEntryPage.mpBtccjmJgaTlYY4#text.content'.","timestamp":"2026-05-14 06:20:45"}
{"level":"debug","message":"Broadcasting autosave update for instance 'JournalEntry.3cJTG31OfzfBtYbS.JournalEntryPage.mpBtccjmJgaTlYY4#text.content'.","timestamp":"2026-05-14 06:21:45"}
{"level":"debug","message":"Broadcasting autosave update for instance 'JournalEntry.3cJTG31OfzfBtYbS.JournalEntryPage.mpBtccjmJgaTlYY4#text.content'.","timestamp":"2026-05-14 06:22:45"}
{"level":"debug","message":"Broadcasting autosave update for instance 'JournalEntry.3cJTG31OfzfBtYbS.JournalEntryPage.mpBtccjmJgaTlYY4#text.content'.","timestamp":"2026-05-14 06:23:45"}
{"level":"debug","message":"Broadcasting autosave update for instance 'JournalEntry.3cJTG31OfzfBtYbS.JournalEntryPage.mpBtccjmJgaTlYY4#text.content'.","timestamp":"2026-05-14 06:24:45"}
{"level":"debug","message":"Broadcasting autosave update for instance 'JournalEntry.3cJTG31OfzfBtYbS.JournalEntryPage.mpBtccjmJgaTlYY4#text.content'.","timestamp":"2026-05-14 06:25:45"}
{"level":"debug","message":"Broadcasting autosave update for instance 'JournalEntry.3cJTG31OfzfBtYbS.JournalEntryPage.mpBtccjmJgaTlYY4#text.content'.","timestamp":"2026-05-14 06:26:45"}
{"level":"debug","message":"Broadcasting autosave update for instance 'JournalEntry.3cJTG31OfzfBtYbS.JournalEntryPage.mpBtccjmJgaTlYY4#text.content'.","timestamp":"2026-05-14 06:27:45"}
{"level":"debug","message":"Retiring user 'aFXBIYID8O38Ue0X' from editing session for instance 'JournalEntry.3cJTG31OfzfBtYbS.JournalEntryPage.mpBtccjmJgaTlYY4#text.content'.","timestamp":"2026-05-14 06:27:58"}
{"level":"debug","message":"Instance 'JournalEntry.3cJTG31OfzfBtYbS.JournalEntryPage.mpBtccjmJgaTlYY4#text.content' has no more active editors, cleaning up.","timestamp":"2026-05-14 06:27:58"}
{"level":"info","message":"Created JournalEntryPage with id [pqHJyNlvbK5NLB2P] in parent JournalEntry [3cJTG31OfzfBtYbS]","timestamp":"2026-05-14 06:28:03"}
{"level":"debug","message":"Starting edit session for user 'aFXBIYID8O38Ue0X' and instance 'JournalEntry.3cJTG31OfzfBtYbS.JournalEntryPage.pqHJyNlvbK5NLB2P#text.content'.","timestamp":"2026-05-14 06:28:03"}
{"level":"debug","message":"Broadcasting autosave update for instance 'JournalEntry.3cJTG31OfzfBtYbS.JournalEntryPage.pqHJyNlvbK5NLB2P#text.content'.","timestamp":"2026-05-14 06:29:03"}
{"level":"debug","message":"Broadcasting autosave update for instance 'JournalEntry.3cJTG31OfzfBtYbS.JournalEntryPage.pqHJyNlvbK5NLB2P#text.content'.","timestamp":"2026-05-14 06:30:03"}
{"level":"debug","message":"Broadcasting autosave update for instance 'JournalEntry.3cJTG31OfzfBtYbS.JournalEntryPage.pqHJyNlvbK5NLB2P#text.content'.","timestamp":"2026-05-14 06:31:03"}
{"level":"debug","message":"Broadcasting autosave update for instance 'JournalEntry.3cJTG31OfzfBtYbS.JournalEntryPage.pqHJyNlvbK5NLB2P#text.content'.","timestamp":"2026-05-14 06:32:03"}
{"level":"debug","message":"Broadcasting autosave update for instance 'JournalEntry.3cJTG31OfzfBtYbS.JournalEntryPage.pqHJyNlvbK5NLB2P#text.content'.","timestamp":"2026-05-14 06:33:03"}
{"level":"debug","message":"Broadcasting autosave update for instance 'JournalEntry.3cJTG31OfzfBtYbS.JournalEntryPage.pqHJyNlvbK5NLB2P#text.content'.","timestamp":"2026-05-14 06:34:03"}
{"level":"debug","message":"Broadcasting autosave update for instance 'JournalEntry.3cJTG31OfzfBtYbS.JournalEntryPage.pqHJyNlvbK5NLB2P#text.content'.","timestamp":"2026-05-14 06:35:03"}
{"level":"debug","message":"Broadcasting autosave update for instance 'JournalEntry.3cJTG31OfzfBtYbS.JournalEntryPage.pqHJyNlvbK5NLB2P#text.content'.","timestamp":"2026-05-14 06:36:03"}
{"level":"debug","message":"Broadcasting autosave update for instance 'JournalEntry.3cJTG31OfzfBtYbS.JournalEntryPage.pqHJyNlvbK5NLB2P#text.content'.","timestamp":"2026-05-14 06:37:03"}
{"level":"debug","message":"Broadcasting autosave update for instance 'JournalEntry.3cJTG31OfzfBtYbS.JournalEntryPage.pqHJyNlvbK5NLB2P#text.content'.","timestamp":"2026-05-14 06:38:03"}
{"level":"debug","message":"Broadcasting autosave update for instance 'JournalEntry.3cJTG31OfzfBtYbS.JournalEntryPage.pqHJyNlvbK5NLB2P#text.content'.","timestamp":"2026-05-14 06:39:03"}
{"level":"debug","message":"Broadcasting autosave update for instance 'JournalEntry.3cJTG31OfzfBtYbS.JournalEntryPage.pqHJyNlvbK5NLB2P#text.content'.","timestamp":"2026-05-14 06:40:03"}
{"level":"debug","message":"Broadcasting autosave update for instance 'JournalEntry.3cJTG31OfzfBtYbS.JournalEntryPage.pqHJyNlvbK5NLB2P#text.content'.","timestamp":"2026-05-14 06:41:03"}
{"level":"debug","message":"Broadcasting autosave update for instance 'JournalEntry.3cJTG31OfzfBtYbS.JournalEntryPage.pqHJyNlvbK5NLB2P#text.content'.","timestamp":"2026-05-14 06:42:03"}
{"level":"info","message":"Created client session 36dd2abbceb356ff8121e589","timestamp":"2026-05-14 06:42:20"}
{"level":"debug","message":"Broadcasting autosave update for instance 'JournalEntry.3cJTG31OfzfBtYbS.JournalEntryPage.pqHJyNlvbK5NLB2P#text.content'.","timestamp":"2026-05-14 06:43:03"}
{"level":"debug","message":"Broadcasting autosave update for instance 'JournalEntry.3cJTG31OfzfBtYbS.JournalEntryPage.pqHJyNlvbK5NLB2P#text.content'.","timestamp":"2026-05-14 06:44:03"}
{"level":"debug","message":"Broadcasting autosave update for instance 'JournalEntry.3cJTG31OfzfBtYbS.JournalEntryPage.pqHJyNlvbK5NLB2P#text.content'.","timestamp":"2026-05-14 06:45:03"}
{"level":"debug","message":"Retiring user 'aFXBIYID8O38Ue0X' from editing session for instance 'JournalEntry.3cJTG31OfzfBtYbS.JournalEntryPage.pqHJyNlvbK5NLB2P#text.content'.","timestamp":"2026-05-14 06:45:28"}
{"level":"debug","message":"Instance 'JournalEntry.3cJTG31OfzfBtYbS.JournalEntryPage.pqHJyNlvbK5NLB2P#text.content' has no more active editors, cleaning up.","timestamp":"2026-05-14 06:45:28"}
{"level":"debug","message":"Starting edit session for user 'aFXBIYID8O38Ue0X' and instance 'JournalEntry.3cJTG31OfzfBtYbS.JournalEntryPage.pqHJyNlvbK5NLB2P#text.content'.","timestamp":"2026-05-14 06:45:32"}
{"level":"debug","message":"Broadcasting autosave update for instance 'JournalEntry.3cJTG31OfzfBtYbS.JournalEntryPage.pqHJyNlvbK5NLB2P#text.content'.","timestamp":"2026-05-14 06:46:32"}
{"level":"debug","message":"Broadcasting autosave update for instance 'JournalEntry.3cJTG31OfzfBtYbS.JournalEntryPage.pqHJyNlvbK5NLB2P#text.content'.","timestamp":"2026-05-14 06:51:32"}
{"level":"debug","message":"Retiring user 'aFXBIYID8O38Ue0X' from editing session for instance 'JournalEntry.3cJTG31OfzfBtYbS.JournalEntryPage.pqHJyNlvbK5NLB2P#text.content'.","timestamp":"2026-05-14 06:51:51"}
{"level":"debug","message":"Instance 'JournalEntry.3cJTG31OfzfBtYbS.JournalEntryPage.pqHJyNlvbK5NLB2P#text.content' has no more active editors, cleaning up.","timestamp":"2026-05-14 06:51:51"}
{"level":"info","message":"Created JournalEntryPage with id [rzjhZ7TxOkc8rPPn] in parent JournalEntry [3cJTG31OfzfBtYbS]","timestamp":"2026-05-14 06:51:57"}
{"level":"debug","message":"Starting edit session for user 'aFXBIYID8O38Ue0X' and instance 'JournalEntry.3cJTG31OfzfBtYbS.JournalEntryPage.rzjhZ7TxOkc8rPPn#text.content'.","timestamp":"2026-05-14 06:51:57"}
{"level":"debug","message":"Broadcasting autosave update for instance 'JournalEntry.3cJTG31OfzfBtYbS.JournalEntryPage.rzjhZ7TxOkc8rPPn#text.content'.","timestamp":"2026-05-14 06:52:57"}
{"level":"debug","message":"Retiring user 'aFXBIYID8O38Ue0X' from editing session for instance 'JournalEntry.3cJTG31OfzfBtYbS.JournalEntryPage.rzjhZ7TxOkc8rPPn#text.content'.","timestamp":"2026-05-14 06:53:35"}
{"level":"debug","message":"Instance 'JournalEntry.3cJTG31OfzfBtYbS.JournalEntryPage.rzjhZ7TxOkc8rPPn#text.content' has no more active editors, cleaning up.","timestamp":"2026-05-14 06:53:35"}
{"level":"info","message":"No system update for Delta Green: The Role-Playing Game is currently available.","timestamp":"2026-05-14 06:53:39"}
{"level":"info","message":"Vended World data to User [aFXBIYID8O38Ue0X] in 509ms","timestamp":"2026-05-14 06:53:39"}
{"level":"debug","message":"Starting edit session for user 'aFXBIYID8O38Ue0X' and instance 'JournalEntry.3cJTG31OfzfBtYbS.JournalEntryPage.rzjhZ7TxOkc8rPPn#text.content'.","timestamp":"2026-05-14 06:53:47"}
{"level":"debug","message":"Retiring user 'aFXBIYID8O38Ue0X' from editing session for instance 'JournalEntry.3cJTG31OfzfBtYbS.JournalEntryPage.rzjhZ7TxOkc8rPPn#text.content'.","timestamp":"2026-05-14 06:55:30"}
{"level":"debug","message":"Instance 'JournalEntry.3cJTG31OfzfBtYbS.JournalEntryPage.rzjhZ7TxOkc8rPPn#text.content' has no more active editors, cleaning up.","timestamp":"2026-05-14 06:55:30"}
{"level":"info","message":"Created client session 89009f67fbf2e2145d00ea03","timestamp":"2026-05-14 07:11:47"}
{"level":"info","message":"Created client session 599202aa1593df67c921add8","timestamp":"2026-05-14 07:29:42"}
{"level":"info","message":"Created client session a4b86cc91cbacbcc3ac3838e","timestamp":"2026-05-14 07:36:25"}
{"level":"info","message":"Created client session a893acf57890871fb86fad9e","timestamp":"2026-05-14 07:36:26"}
{"level":"info","message":"Created client session e9f821e0d696bf4fc69c1e66","timestamp":"2026-05-14 07:36:26"}
{"level":"info","message":"Created client session ee0c731e0f5237d077589db2","timestamp":"2026-05-14 07:36:27"}
{"level":"info","message":"Created client session a0b825afff56598805540970","timestamp":"2026-05-14 07:36:29"}
{"level":"info","message":"Created client session 57ed0a0c1ada3866cd333634","timestamp":"2026-05-14 07:36:30"}
{"level":"info","message":"Created client session 702b88e0d8056c7a818ed459","timestamp":"2026-05-14 07:36:31"}
{"level":"info","message":"Created client session 6dabb61c06124de357a7c32a","timestamp":"2026-05-14 07:36:31"}
{"level":"info","message":"Created client session 0b52cd56c414e2b13a5d474d","timestamp":"2026-05-14 07:36:32"}
{"level":"info","message":"Created client session de2b97750e9d3be6ec5c3ccb","timestamp":"2026-05-14 07:36:33"}
{"level":"info","message":"Created client session da42b39d0093eb15fcfadf95","timestamp":"2026-05-14 07:36:33"}
{"level":"info","message":"Created client session a28208e8dfe856391b0e194c","timestamp":"2026-05-14 08:11:19"}
{"level":"info","message":"Created client session 8e7d51ddd14f630773948c61","timestamp":"2026-05-14 08:16:21"}
{"level":"info","message":"Created client session 840b169270479b2743032713","timestamp":"2026-05-14 08:39:13"}
{"level":"info","message":"Created client session a29f2cc68e21ec8ba090ac29","timestamp":"2026-05-14 09:31:05"}
{"level":"info","message":"Created client session e7bce51c1572f2559dbe62ad","timestamp":"2026-05-14 09:49:14"}
{"level":"info","message":"Created client session d89f514f55a820f6128be21b","timestamp":"2026-05-14 09:51:55"}
{"level":"info","message":"Created client session 5cbdc820beac0783c1e8eee8","timestamp":"2026-05-14 10:15:46"}
{"level":"info","message":"Created client session 053ac611a2775287abe236e5","timestamp":"2026-05-14 10:17:08"}
{"level":"info","message":"Created client session 348155f5890a9145736cebc9","timestamp":"2026-05-14 10:39:13"}
{"level":"info","message":"Created client session 183c3ff121f777de91deea83","timestamp":"2026-05-14 10:56:45"}
{"level":"info","message":"Created client session 8561316afe1633457f11ea32","timestamp":"2026-05-14 11:07:00"}
{"level":"info","message":"Created client session a0ca5b13bf840a9c414ead80","timestamp":"2026-05-14 11:15:09"}
{"level":"info","message":"Created client session 5a97dbfb9067f06e3cee03d7","timestamp":"2026-05-14 11:15:09"}
{"level":"info","message":"Created client session 3662d0aa563ade3f72239737","timestamp":"2026-05-14 11:15:10"}
{"level":"info","message":"Created client session bb1159c0caf7ec3bcf943d46","timestamp":"2026-05-14 11:17:04"}
{"level":"info","message":"Created client session 7466f9f69e0ebc67612960ae","timestamp":"2026-05-14 11:52:28"}
{"level":"info","message":"Created client session 08bda27546890c8d0227b49b","timestamp":"2026-05-14 11:57:02"}
{"level":"info","message":"Created client session 9b7a4de5e08e45c7cd05a1a8","timestamp":"2026-05-14 11:59:44"}
{"level":"info","message":"Created client session 71eaade5fbf81124e6510747","timestamp":"2026-05-14 12:03:19"}
{"level":"info","message":"Created client session 6f6736ceca94338878b0dde6","timestamp":"2026-05-14 12:03:28"}
{"level":"info","message":"Created client session e7d81a6556be4a62333551df","timestamp":"2026-05-14 12:11:42"}
{"level":"info","message":"Created client session 8d276dd6c9a0a315014b3dc0","timestamp":"2026-05-14 12:11:52"}
{"level":"info","message":"Created client session 9fcf219a2683599dfdf4cbef","timestamp":"2026-05-14 12:24:49"}
{"level":"info","message":"Created client session 8dc23e4adb3ba3e2ae1af3c8","timestamp":"2026-05-14 12:30:56"}
{"level":"info","message":"Created client session 4aaddaeab3334d71ba91d0e4","timestamp":"2026-05-14 13:15:06"}
{"level":"info","message":"Created client session 67b57ba21540f0cd3e1aa793","timestamp":"2026-05-14 13:16:41"}
{"level":"info","message":"Created client session 135d4588e10e1df20bb235a7","timestamp":"2026-05-14 13:18:30"}
{"level":"info","message":"Created client session fa788375212f1f5ee457884a","timestamp":"2026-05-14 13:23:57"}
{"level":"info","message":"Created client session c4a8581bb0582c5083ec67f7","timestamp":"2026-05-14 13:29:09"}
{"level":"info","message":"Created client session 94365d3ecf029d7315b8a01b","timestamp":"2026-05-14 13:29:11"}
{"level":"info","message":"Created client session 3269f6f1a00fad1e37da077c","timestamp":"2026-05-14 13:29:11"}
{"level":"info","message":"Created client session 68e5c07b8751580dfc1938fa","timestamp":"2026-05-14 13:29:22"}
{"level":"info","message":"Created client session 4c13b9cf4a86e4eae58f3d7b","timestamp":"2026-05-14 13:45:16"}
{"level":"info","message":"Created client session 984e9e616b6ba2feb5d8a735","timestamp":"2026-05-14 13:45:17"}
{"level":"info","message":"Created client session d90fbc4ca70470ce794dc41a","timestamp":"2026-05-14 13:45:22"}
{"level":"info","message":"Created client session e8bdf51a67068509642abbe6","timestamp":"2026-05-14 13:45:24"}
{"level":"info","message":"Created client session d58c5109d0e56e4be576effe","timestamp":"2026-05-14 13:45:33"}
{"level":"info","message":"Created client session d6d83c57bc378c615b3644f3","timestamp":"2026-05-14 13:45:34"}
{"level":"info","message":"Created client session 295261a9ce06c641dcfb7dd2","timestamp":"2026-05-14 13:45:38"}
{"level":"info","message":"Created client session a7fb7935cc1f7484695e9613","timestamp":"2026-05-14 13:52:43"}
{"level":"info","message":"Created client session 0d7fe5279f39abc4eb9819d8","timestamp":"2026-05-14 14:01:53"}
{"level":"info","message":"Created client session 586d9f02147b2e8375f4bebc","timestamp":"2026-05-14 14:04:25"}
{"level":"info","message":"Created client session 69e43d011fe5e6fa94c920f2","timestamp":"2026-05-14 14:09:35"}
{"level":"info","message":"Created client session 36bf30381a471d110b22e0d0","timestamp":"2026-05-14 14:18:26"}
{"level":"info","message":"Created client session dd77b10b8fc3f765a74344a5","timestamp":"2026-05-14 14:49:33"}
{"level":"info","message":"Created client session 394d07bd421f86b89b651b47","timestamp":"2026-05-14 14:55:39"}
{"level":"info","message":"Created client session 30bcf0790b0206f0cb73d7e2","timestamp":"2026-05-14 15:12:56"}
{"level":"info","message":"Created client session 151bcbf96a8f1a1507f7b47d","timestamp":"2026-05-14 15:34:21"}
{"level":"info","message":"Created client session ab6a863e68e583c3f28904d7","timestamp":"2026-05-14 15:35:02"}
{"level":"info","message":"Created client session 8a54e8a98d740e1fc72109a5","timestamp":"2026-05-14 15:51:01"}
{"level":"info","message":"Created client session 7433774c708840a7f74549d2","timestamp":"2026-05-14 15:55:13"}
{"level":"info","message":"Created client session 4aa7783a2d95abce05326a84","timestamp":"2026-05-14 15:57:02"}
{"level":"info","message":"Created client session 9d6681083ff7610715f9adb9","timestamp":"2026-05-14 15:57:09"}
{"level":"info","message":"Created client session 6cd598467daf6761379a0b9a","timestamp":"2026-05-14 16:04:59"}
{"level":"info","message":"Created client session bf786c4a42f00ae449edb204","timestamp":"2026-05-14 16:18:44"}
{"level":"info","message":"Created client session 721785bc8d53077d1022ba93","timestamp":"2026-05-14 16:59:34"}
{"level":"info","message":"Created client session d6261442951d4ae5a12b2164","timestamp":"2026-05-14 17:03:35"}
{"level":"info","message":"Created client session 1a165a725e6018358967f22c","timestamp":"2026-05-14 17:13:01"}
{"level":"info","message":"Created client session f04ffc4a1bbf93c5ca0dce0f","timestamp":"2026-05-14 17:51:15"}
{"level":"info","message":"Created client session c6fbaa657604b93cca2b3599","timestamp":"2026-05-14 18:05:08"}
{"level":"info","message":"Created client session 18d8dd26b97be59c8a24fe3b","timestamp":"2026-05-14 18:24:59"}
{"level":"info","message":"Created client session 51eec16949029eaa29b2c1dd","timestamp":"2026-05-14 18:25:01"}
{"level":"info","message":"Created client session 3592e1ac632bb284b6ea4b96","timestamp":"2026-05-14 18:32:28"}
{"level":"info","message":"Created client session 74aeb2ca04bd71f814e8e0f8","timestamp":"2026-05-14 18:38:40"}
{"level":"info","message":"Created client session 6f1e43b68ff3b44851e031af","timestamp":"2026-05-14 18:38:40"}
{"level":"info","message":"Created client session f7f3608f66f0cbe4c3e42a98","timestamp":"2026-05-14 18:47:57"}
{"level":"info","message":"Created client session f4858c65a873db5f77955f47","timestamp":"2026-05-14 19:13:03"}
{"level":"info","message":"Created client session 4837da1c6fe93c829b8f178f","timestamp":"2026-05-14 19:17:24"}
{"level":"info","message":"Created client session f099288b2d2b5c419088e201","timestamp":"2026-05-14 19:23:31"}
{"level":"info","message":"Created client session 11277f0ce77927b69c3eef77","timestamp":"2026-05-14 19:30:53"}
{"level":"info","message":"Created client session 431a406045ba72c0d25f79e0","timestamp":"2026-05-14 19:44:11"}
{"level":"info","message":"Created client session 986e91d4666d0bec8bcf7a86","timestamp":"2026-05-14 19:44:13"}
{"level":"info","message":"Created client session dc359030705519fb058537d4","timestamp":"2026-05-14 19:44:13"}
{"level":"info","message":"Created client session 0dac0fc0b60530a9a19da168","timestamp":"2026-05-14 19:44:14"}
{"level":"info","message":"Created client session 660318d29a8b721916212716","timestamp":"2026-05-14 19:44:14"}
{"level":"info","message":"Created client session 076daa7c914e8c97ed7449ed","timestamp":"2026-05-14 19:44:15"}
{"level":"info","message":"Created client session c73ed98af1dd57cade72a0aa","timestamp":"2026-05-14 19:44:16"}
{"level":"info","message":"Created client session 7a1e1f0b5801b5dde1bbcfd3","timestamp":"2026-05-14 19:44:16"}
{"level":"info","message":"Created client session b4c3fed4f59e7f67e0aa08d0","timestamp":"2026-05-14 19:44:17"}
{"level":"info","message":"Created client session c82f42151bdd34be986c1aac","timestamp":"2026-05-14 19:44:18"}
{"level":"info","message":"Created client session 30f63a4d315d4ac8dedd37ba","timestamp":"2026-05-14 19:44:18"}
{"level":"info","message":"Created client session c77b9badcedbc41bc87cb0f8","timestamp":"2026-05-14 19:44:19"}
{"level":"info","message":"Created client session c19672a61e28bbf9943035c1","timestamp":"2026-05-14 19:44:21"}
{"level":"info","message":"Created client session 7335c0c3e7a512f69a3af8ba","timestamp":"2026-05-14 19:44:22"}
{"level":"info","message":"Created client session 792ac2af5d1cf1bcde354b4e","timestamp":"2026-05-14 19:44:22"}
{"level":"info","message":"Created client session ac5778813907a4fd27ff1869","timestamp":"2026-05-14 19:44:23"}
{"level":"info","message":"Created client session f875a29f3f4bdb0eb716f86d","timestamp":"2026-05-14 19:44:24"}
{"level":"info","message":"Created client session d19b2680e06664b30f83dbe6","timestamp":"2026-05-14 19:44:24"}
{"level":"info","message":"Created client session c674c293d42e7d3c3e6fb030","timestamp":"2026-05-14 19:44:25"}
{"level":"info","message":"Created client session c46332e8f762acaf42d223f6","timestamp":"2026-05-14 19:44:26"}
{"level":"info","message":"Created client session 639ad6142a2ec508a3761a47","timestamp":"2026-05-14 19:44:26"}
{"level":"info","message":"Created client session 0c0f6a865807d0da32c72459","timestamp":"2026-05-14 19:44:27"}
{"level":"info","message":"Created client session 36de7d0a8fa2367861a08c52","timestamp":"2026-05-14 19:44:28"}
{"level":"info","message":"Created client session 3ddb3fa02962eaaca8489aa0","timestamp":"2026-05-14 19:44:28"}
{"level":"info","message":"Created client session 24259234aeae7f2d4123a2aa","timestamp":"2026-05-14 19:44:29"}
{"level":"info","message":"Created client session a5b875b4342f1e08f4f0f5e4","timestamp":"2026-05-14 19:44:29"}
{"level":"info","message":"Created client session 847752b1410c5c85c8d9ad4c","timestamp":"2026-05-14 19:44:30"}
{"level":"info","message":"Created client session 681447f9146db95c7480e560","timestamp":"2026-05-14 19:44:31"}
{"level":"info","message":"Created client session 21d9a9ab3679a2407927ec12","timestamp":"2026-05-14 19:44:49"}
{"level":"info","message":"Created client session beb921ebcda7b91dd01d142c","timestamp":"2026-05-14 20:00:36"}
{"level":"info","message":"Created client session dff9e4df502fb25302d44237","timestamp":"2026-05-14 20:25:59"}
{"level":"info","message":"Created client session 2737d2bcb363208b41a69a8f","timestamp":"2026-05-14 20:32:42"}
{"level":"info","message":"Created client session 386b3978b9f79d9bef2ea7b5","timestamp":"2026-05-14 20:46:48"}
{"level":"info","message":"Created client session 7150bbd83ef9e010db00613d","timestamp":"2026-05-14 20:56:07"}
{"level":"info","message":"Created client session 6d1ce6559e5cc09b0e1905b7","timestamp":"2026-05-14 21:26:02"}
{"level":"info","message":"Created client session c9cad2d9e29e764576f21b04","timestamp":"2026-05-14 21:28:50"}
{"level":"info","message":"Created client session 039264b78530373ecb22533d","timestamp":"2026-05-14 21:49:24"}
{"level":"info","message":"Created client session 4a9a1d600ff04d15e591e9ba","timestamp":"2026-05-14 21:49:24"}
{"level":"info","message":"Created client session 80cc7c75ede86858ac48de6f","timestamp":"2026-05-14 21:49:24"}
{"level":"info","message":"Created client session ad3978a4d73668cf7a65facf","timestamp":"2026-05-14 21:49:24"}
{"level":"info","message":"Created client session af89ebacd2d549bed51d3f8d","timestamp":"2026-05-14 21:49:24"}
{"level":"info","message":"Created client session 1fa3173cad8b95c78315aded","timestamp":"2026-05-14 21:49:24"}
{"level":"info","message":"Created client session 929b714f89efa393885a0d33","timestamp":"2026-05-14 21:49:24"}
{"level":"info","message":"Created client session 1824b604ed9b9ee524f71658","timestamp":"2026-05-14 21:49:24"}
{"level":"info","message":"Created client session 01b2b221192996561476e5d5","timestamp":"2026-05-14 21:49:24"}
{"level":"info","message":"Created client session c4eeccf5c0a49f821d64dc18","timestamp":"2026-05-14 21:49:24"}
{"level":"info","message":"Created client session 30a5ae697372428b8ad99ee1","timestamp":"2026-05-14 21:49:25"}
{"level":"info","message":"Created client session 420aebc28441b44f0392387e","timestamp":"2026-05-14 21:49:25"}
{"level":"info","message":"Created client session 19c1724a95ef00188211c8a6","timestamp":"2026-05-14 21:49:25"}
{"level":"info","message":"Created client session 2ffa6cab1f8d7f2cc01cc501","timestamp":"2026-05-14 21:49:25"}
{"level":"info","message":"Created client session e55c57741db9e41c33319f5b","timestamp":"2026-05-14 21:49:25"}
{"level":"info","message":"Created client session 8ac7c879f8279d3195c22270","timestamp":"2026-05-14 21:49:25"}
{"level":"info","message":"Created client session 8cb17af1593dcfbec7c1f786","timestamp":"2026-05-14 21:49:25"}
{"level":"info","message":"Created client session b8014709405de3cddc86700b","timestamp":"2026-05-14 21:49:25"}
{"level":"info","message":"Created client session 4219d6e8edf088738671dbdb","timestamp":"2026-05-14 21:49:25"}
{"level":"info","message":"Created client session 916930fc061aafead9f8945b","timestamp":"2026-05-14 21:49:25"}
{"level":"info","message":"Created client session 4217dc5cf05d9b62dc16d707","timestamp":"2026-05-14 21:49:26"}
{"level":"info","message":"Created client session 0a937b37b47d84f62ea514fc","timestamp":"2026-05-14 21:49:26"}
{"level":"info","message":"Created client session dc3b65c4cd33dc14ed88eb7d","timestamp":"2026-05-14 21:49:26"}
{"level":"info","message":"Created client session 945415721ae11ab98cb27771","timestamp":"2026-05-14 21:49:26"}
{"level":"info","message":"Created client session ee12eed1fcf173bce58e4d3a","timestamp":"2026-05-14 21:49:26"}
{"level":"info","message":"Created client session c506206917b25af0c9a177ae","timestamp":"2026-05-14 21:49:26"}
{"level":"info","message":"Created client session 26924b6ea937d508f9ef6c0e","timestamp":"2026-05-14 21:49:26"}
{"level":"info","message":"Created client session 2e5a51148bc7c1569813c3d4","timestamp":"2026-05-14 21:49:26"}
{"level":"info","message":"Created client session 1187ac0bcb4f5619a753e75e","timestamp":"2026-05-14 21:49:26"}
{"level":"info","message":"Created client session 684064a4a850f77cfa5fd787","timestamp":"2026-05-14 21:49:26"}
{"level":"info","message":"Created client session 53d8186a256e533b74e2981a","timestamp":"2026-05-14 21:49:27"}
{"level":"info","message":"Created client session c487f210f760ba9254288a5c","timestamp":"2026-05-14 21:49:27"}
{"level":"info","message":"Created client session 020388946dee1a9bbb6e93ca","timestamp":"2026-05-14 21:49:27"}
{"level":"info","message":"Created client session 8b26236abd17a5d86aa8bc6c","timestamp":"2026-05-14 21:49:27"}
{"level":"info","message":"Created client session 3b21247b15a7ad527af7919c","timestamp":"2026-05-14 21:49:27"}
{"level":"info","message":"Created client session ace98d6fbfb78676ca14e0f3","timestamp":"2026-05-14 21:49:27"}
{"level":"info","message":"Created client session fa9c2d49410707b8e81dc2f0","timestamp":"2026-05-14 21:49:27"}
{"level":"info","message":"Created client session b9f72840792253429fb67dce","timestamp":"2026-05-14 21:49:27"}
{"level":"info","message":"Created client session 4f62ee1896e8a1ebc6527f2b","timestamp":"2026-05-14 21:49:27"}
{"level":"info","message":"Created client session f02c66379042dc7da8d0229b","timestamp":"2026-05-14 21:49:27"}
{"level":"info","message":"Created client session aa67ccd531a447c2b9da7616","timestamp":"2026-05-14 21:49:27"}
{"level":"info","message":"Created client session 15583d4282b4ee03afa17785","timestamp":"2026-05-14 21:49:28"}
{"level":"info","message":"Created client session 50e12011970635938bf98a56","timestamp":"2026-05-14 21:49:28"}
{"level":"info","message":"Created client session 85bdfca42b7e08f06bd15ef9","timestamp":"2026-05-14 21:49:28"}
{"level":"info","message":"Created client session 41351a42795d71935aa91cbf","timestamp":"2026-05-14 21:49:28"}
{"level":"info","message":"Created client session 1ea6702ad6e5e8c80d247937","timestamp":"2026-05-14 21:49:28"}
{"level":"info","message":"Created client session b8c02e7f2038a7d6b870106b","timestamp":"2026-05-14 21:49:28"}
{"level":"info","message":"Created client session 503b6507182ac1b3a10cef67","timestamp":"2026-05-14 21:49:28"}
{"level":"info","message":"Created client session 7be321936f2c25470b4d427a","timestamp":"2026-05-14 21:49:28"}
{"level":"info","message":"Created client session 681d89039bb25bc89211c6cc","timestamp":"2026-05-14 21:49:28"}
{"level":"info","message":"Created client session edf0faf54ece22212bd45b71","timestamp":"2026-05-14 21:49:28"}
{"level":"info","message":"Created client session bd7434df063460cf21d2c05b","timestamp":"2026-05-14 21:49:29"}
{"level":"info","message":"Created client session a11952a474c425fab5914cc2","timestamp":"2026-05-14 21:49:29"}
{"level":"info","message":"Created client session 02c1547d7564c1b2207486ab","timestamp":"2026-05-14 21:49:29"}
{"level":"info","message":"Created client session 64aed1306715de26b6dc2311","timestamp":"2026-05-14 21:49:29"}
{"level":"info","message":"Created client session dcecf897dda587997874e40e","timestamp":"2026-05-14 21:49:29"}
{"level":"info","message":"Created client session ed10bc3fc2c0d92f1dff09f4","timestamp":"2026-05-14 21:49:29"}
{"level":"info","message":"Created client session c6a0e991025a4f3e6b164837","timestamp":"2026-05-14 21:49:29"}
{"level":"info","message":"Created client session 3fe18a5aeff4b441ff31d1ea","timestamp":"2026-05-14 21:49:29"}
{"level":"info","message":"Created client session abb324c1f327941e13c3f75a","timestamp":"2026-05-14 21:49:29"}
{"level":"info","message":"Created client session 0fc829b29e38120536c5b8b7","timestamp":"2026-05-14 21:49:29"}
{"level":"info","message":"Created client session c6bd62f71a7884fd00c2afe0","timestamp":"2026-05-14 21:49:30"}
{"level":"info","message":"Created client session 456cf390a5542deb83316429","timestamp":"2026-05-14 21:49:30"}
{"level":"info","message":"Created client session db807a9ed7c97a48a8e95f50","timestamp":"2026-05-14 21:49:30"}
{"level":"info","message":"Created client session 4fcd6afb27bd17b9142df090","timestamp":"2026-05-14 21:49:30"}
{"level":"info","message":"Created client session ccf477b8cb34d749d410e903","timestamp":"2026-05-14 21:49:30"}
{"level":"info","message":"Created client session 25e89f2c4931f92292601777","timestamp":"2026-05-14 21:49:30"}
{"level":"info","message":"Created client session 468ec2692e1927789224a9da","timestamp":"2026-05-14 21:49:30"}
{"level":"info","message":"Created client session 3f670fd71ff76488f3b4251b","timestamp":"2026-05-14 21:49:30"}
{"level":"info","message":"Created client session 68fd549a0fcddec2ab9522f9","timestamp":"2026-05-14 21:49:30"}
{"level":"info","message":"Created client session 9edf711169199f24d97033a0","timestamp":"2026-05-14 21:49:30"}
{"level":"info","message":"Created client session 8febec8f4dfe4e11ed27e7a0","timestamp":"2026-05-14 21:49:30"}
{"level":"info","message":"Created client session e76878ea884203eaddc7b44e","timestamp":"2026-05-14 21:49:31"}
{"level":"info","message":"Created client session 7bde0111acbb66d034798c39","timestamp":"2026-05-14 21:49:31"}
{"level":"info","message":"Created client session 0af543ff2ed6c8fa1f3d640a","timestamp":"2026-05-14 21:49:31"}
{"level":"info","message":"Created client session 2d49b479b5671f8668f59644","timestamp":"2026-05-14 21:49:31"}
{"level":"info","message":"Created client session 60d51e55881ab59602d8298f","timestamp":"2026-05-14 21:49:31"}
{"level":"info","message":"Created client session d9193129dea87ddbbd415d4a","timestamp":"2026-05-14 21:49:31"}
{"level":"info","message":"Created client session d21bc8fa0d5f7e9885e9cec9","timestamp":"2026-05-14 21:49:31"}
{"level":"info","message":"Created client session 9e1732510aa5f80c8571f865","timestamp":"2026-05-14 21:49:31"}
{"level":"info","message":"Created client session 9f75a958fbde682d7c6d4998","timestamp":"2026-05-14 21:49:31"}
{"level":"info","message":"Created client session b38adc27926544d446ca4f48","timestamp":"2026-05-14 21:49:31"}
{"level":"info","message":"Created client session b2ad339c994d920adcd598a4","timestamp":"2026-05-14 21:49:32"}
{"level":"info","message":"Created client session 17f7dea7a9c99882a7b3104d","timestamp":"2026-05-14 21:49:32"}
{"level":"info","message":"Created client session 975ca33501adff8a45fc37f6","timestamp":"2026-05-14 21:49:32"}
{"level":"info","message":"Created client session a67f2f6b99da3fff0add4ff5","timestamp":"2026-05-14 21:49:32"}
{"level":"info","message":"Created client session 005c6c9f8dcb943bf80e9fbc","timestamp":"2026-05-14 21:49:32"}
{"level":"info","message":"Created client session 5089bc84d1a92dc98e40670d","timestamp":"2026-05-14 21:49:32"}
{"level":"info","message":"Created client session 097b4e3f9c9d86a9751dd526","timestamp":"2026-05-14 21:49:32"}
{"level":"info","message":"Created client session 4fb6395832264465a3780c64","timestamp":"2026-05-14 21:49:32"}
{"level":"info","message":"Created client session 8a9cf8417cb22a8eb8ee740e","timestamp":"2026-05-14 21:49:32"}
{"level":"info","message":"Created client session 94186dd6579f48dfde93576b","timestamp":"2026-05-14 21:49:32"}
{"level":"info","message":"Created client session 54dcdc71c9d229de7c41463b","timestamp":"2026-05-14 21:49:32"}
{"level":"info","message":"Created client session f724d3cf9f825f5809bef4c3","timestamp":"2026-05-14 21:49:33"}
{"level":"info","message":"Created client session 738de0eebd240e5ea43cca9a","timestamp":"2026-05-14 21:49:33"}
{"level":"info","message":"Created client session 619efcd7724dfd4e941f147e","timestamp":"2026-05-14 21:49:33"}
{"level":"info","message":"Created client session 491e0cda6344f6d785ffdc3c","timestamp":"2026-05-14 21:49:33"}
{"level":"info","message":"Created client session 4ad6815ece25af603a47dd20","timestamp":"2026-05-14 21:49:33"}
{"level":"info","message":"Created client session b1b10d3d679b1477c5945df0","timestamp":"2026-05-14 21:49:33"}
{"level":"info","message":"Created client session c4980bb23e8e896788d4deb1","timestamp":"2026-05-14 21:49:33"}
{"level":"info","message":"Created client session 1f0e5ab753e1f9a8313144f0","timestamp":"2026-05-14 21:49:33"}
{"level":"info","message":"Created client session 0fbce5803340c9be863f7869","timestamp":"2026-05-14 21:49:33"}
{"level":"info","message":"Created client session c848de9ee8d3124d231e4c0f","timestamp":"2026-05-14 21:49:33"}
{"level":"info","message":"Created client session 954a812b9f973947a1d90cc2","timestamp":"2026-05-14 21:49:34"}
{"level":"info","message":"Created client session d58e677d23b35c0609330aff","timestamp":"2026-05-14 21:49:34"}
{"level":"info","message":"Created client session 11bfe3c5a9aba90c8ea05f5e","timestamp":"2026-05-14 21:49:34"}
{"level":"info","message":"Created client session 24abfc1bfcf5c6d63e19a59a","timestamp":"2026-05-14 21:49:34"}
{"level":"info","message":"Created client session 0169ae2b4f8ef32ff7d904f8","timestamp":"2026-05-14 21:49:34"}
{"level":"info","message":"Created client session 9e04b2d4a50e4551b3c7b217","timestamp":"2026-05-14 21:49:34"}
{"level":"info","message":"Created client session 3102635ce0bb65c8a5fcfbcf","timestamp":"2026-05-14 21:49:34"}
{"level":"info","message":"Created client session d73487fadc36725b1908f32a","timestamp":"2026-05-14 21:49:34"}
{"level":"info","message":"Created client session 2411c5e32f1c91db8f362d74","timestamp":"2026-05-14 21:49:34"}
{"level":"info","message":"Created client session 8313bb6b24dd0970bdfbd5e7","timestamp":"2026-05-14 21:49:34"}
{"level":"info","message":"Created client session 745ff7e914b73cb0a8c2e23f","timestamp":"2026-05-14 21:49:35"}
{"level":"info","message":"Created client session 9c1f9c05ce98bf26f3ce6506","timestamp":"2026-05-14 21:49:35"}
{"level":"info","message":"Created client session a4a330eda6417bf211c0aebf","timestamp":"2026-05-14 21:49:35"}
{"level":"info","message":"Created client session 1394b0f78c4cf48b33134a42","timestamp":"2026-05-14 21:49:35"}
{"level":"info","message":"Created client session 42a4664c221b0d6a8ef84a5f","timestamp":"2026-05-14 21:49:35"}
{"level":"info","message":"Created client session 4840c7b7455e35519abece89","timestamp":"2026-05-14 21:49:35"}
{"level":"info","message":"Created client session 723fcce9fe719003690f6931","timestamp":"2026-05-14 21:49:35"}
{"level":"info","message":"Created client session 9a36026ef3e8771cdcb3296b","timestamp":"2026-05-14 21:49:35"}
{"level":"info","message":"Created client session 35aef90ac839a02ed2d01681","timestamp":"2026-05-14 21:49:35"}
{"level":"info","message":"Created client session fe45bc50da260c40e19b132b","timestamp":"2026-05-14 21:49:35"}
{"level":"info","message":"Created client session 6870e79555eefd2417e00dc4","timestamp":"2026-05-14 21:49:35"}
{"level":"info","message":"Created client session d51fc05b54d404fd0432391e","timestamp":"2026-05-14 21:49:36"}
{"level":"info","message":"Created client session 3045697198f8931c62e3fe6e","timestamp":"2026-05-14 21:49:36"}
{"level":"info","message":"Created client session e7f85dabccc28e3f09d58385","timestamp":"2026-05-14 21:49:36"}
{"level":"info","message":"Created client session f3911d1c70fb12ddaefdc2f5","timestamp":"2026-05-14 21:49:36"}
{"level":"info","message":"Created client session 5b79533321c93f00a61c1388","timestamp":"2026-05-14 21:49:36"}
{"level":"info","message":"Created client session 2b3a61d0d270daf8bea52ad4","timestamp":"2026-05-14 21:49:36"}
{"level":"info","message":"Created client session 637ce690d2b337b0f06d2fc5","timestamp":"2026-05-14 21:49:36"}
{"level":"info","message":"Created client session a8a1cf8b84d24d2f18f64a8e","timestamp":"2026-05-14 21:49:36"}
{"level":"info","message":"Created client session fdd092e096d551565fb74a99","timestamp":"2026-05-14 21:49:36"}
{"level":"info","message":"Created client session 325b444223ddd98903b2e955","timestamp":"2026-05-14 21:49:36"}
{"level":"info","message":"Created client session e9cf18879983be274aa3bb0e","timestamp":"2026-05-14 21:49:37"}
{"level":"info","message":"Created client session 27241c2b2fdb8e301e1a6853","timestamp":"2026-05-14 21:49:37"}
{"level":"info","message":"Created client session 6d8e4229ce799055a238a2f4","timestamp":"2026-05-14 21:49:37"}
{"level":"info","message":"Created client session d0e3bb37642416925bd9152f","timestamp":"2026-05-14 21:49:37"}
{"level":"info","message":"Created client session dec901912ebf431e1291851f","timestamp":"2026-05-14 21:49:37"}
{"level":"info","message":"Created client session 77753ea0f8a75270da15eabb","timestamp":"2026-05-14 21:49:37"}
{"level":"info","message":"Created client session 7826d0491cffd2a9c35bb114","timestamp":"2026-05-14 21:49:37"}
{"level":"info","message":"Created client session 7ee9f19b072d3c181918fb73","timestamp":"2026-05-14 21:49:37"}
{"level":"info","message":"Created client session 6ab4c4a458f8d06b7756d010","timestamp":"2026-05-14 21:49:37"}
{"level":"info","message":"Created client session 728a42d10e519ac08bd4b189","timestamp":"2026-05-14 21:49:37"}
{"level":"info","message":"Created client session 3ba1d0c5b7ae7579a308b82e","timestamp":"2026-05-14 21:49:37"}
{"level":"info","message":"Created client session e61d5638c886b89a31d6cc3d","timestamp":"2026-05-14 21:49:38"}
{"level":"info","message":"Created client session 45ab3c10c0405d7fbcc210f0","timestamp":"2026-05-14 21:49:38"}
{"level":"info","message":"Created client session d4cfd7944e2d86d3c2144f12","timestamp":"2026-05-14 21:49:38"}
{"level":"info","message":"Created client session cf9c8d88d7fd0e479146ca01","timestamp":"2026-05-14 21:49:38"}
{"level":"info","message":"Created client session 251016f9021625d5e130a06c","timestamp":"2026-05-14 21:49:38"}
{"level":"info","message":"Created client session 6596c08496a08264fa3c39da","timestamp":"2026-05-14 21:49:38"}
{"level":"info","message":"Created client session 83fca6f65398dde4b498d37b","timestamp":"2026-05-14 21:49:38"}
{"level":"info","message":"Created client session 4e465deea122443eff6afe89","timestamp":"2026-05-14 21:49:38"}
{"level":"info","message":"Created client session b2e072f53080785441f97dae","timestamp":"2026-05-14 21:49:38"}
{"level":"info","message":"Created client session 22ada1af9fc0984751471e11","timestamp":"2026-05-14 21:49:39"}
{"level":"info","message":"Created client session 4b30e9cc36a58b57a7e4a9e5","timestamp":"2026-05-14 21:49:39"}
{"level":"info","message":"Created client session 43d7df9d2c99c4680fdaa2b7","timestamp":"2026-05-14 21:49:39"}
{"level":"info","message":"Created client session 3797157b34d657748b285d70","timestamp":"2026-05-14 21:49:39"}
{"level":"info","message":"Created client session a9a43f88eb16e8b4b6542397","timestamp":"2026-05-14 21:49:39"}
{"level":"info","message":"Created client session a4dded95e0f7d941ef5f9647","timestamp":"2026-05-14 21:49:39"}
{"level":"info","message":"Created client session 481aa31954876e35e2728d94","timestamp":"2026-05-14 21:49:39"}
{"level":"info","message":"Created client session 724f029a0b533ba5940d8713","timestamp":"2026-05-14 21:49:39"}
{"level":"info","message":"Created client session 52ab172a4bc3dbf99190b248","timestamp":"2026-05-14 21:49:39"}
{"level":"info","message":"Created client session 63ca611726ba25d5fbc0bbbe","timestamp":"2026-05-14 21:49:39"}
{"level":"info","message":"Created client session abe485c10cb8928ee831a9e1","timestamp":"2026-05-14 21:49:40"}
{"level":"info","message":"Created client session 5746b8b8649a30b860f74b05","timestamp":"2026-05-14 21:49:40"}
{"level":"info","message":"Created client session 23bf27163e1350536b1550ed","timestamp":"2026-05-14 21:49:40"}
{"level":"info","message":"Created client session 0dcda8fb25489cf7072487d1","timestamp":"2026-05-14 21:49:40"}
{"level":"info","message":"Created client session 2e0ff18e62f9a05604aa2665","timestamp":"2026-05-14 21:49:40"}
{"level":"info","message":"Created client session a6611b4d025a2df72130f254","timestamp":"2026-05-14 21:49:40"}
{"level":"info","message":"Created client session 69b68b388c8d29dab9652c5c","timestamp":"2026-05-14 21:49:40"}
{"level":"info","message":"Created client session a3f86d8e1ed74c84f6292f50","timestamp":"2026-05-14 21:49:40"}
{"level":"info","message":"Created client session e359f949322bd63f7de962ad","timestamp":"2026-05-14 21:49:40"}
{"level":"info","message":"Created client session a596e11e65147fda243df516","timestamp":"2026-05-14 21:49:40"}
{"level":"info","message":"Created client session 86137ee28895e5e5a1048dbd","timestamp":"2026-05-14 21:49:40"}
{"level":"info","message":"Created client session 20be6169a437983a72919ee6","timestamp":"2026-05-14 21:49:41"}
{"level":"info","message":"Created client session 4f5a85a79a8736e6335d1798","timestamp":"2026-05-14 21:49:41"}
{"level":"info","message":"Created client session 5be1334726b59cdd0cdc6e72","timestamp":"2026-05-14 21:49:41"}
{"level":"info","message":"Created client session e35a543fcba7f03740025ec6","timestamp":"2026-05-14 21:49:41"}
{"level":"info","message":"Created client session 37843a86c33bb6406c0a356b","timestamp":"2026-05-14 21:49:41"}
{"level":"info","message":"Created client session 1d861ed2e8a84bde3326f753","timestamp":"2026-05-14 21:49:41"}
{"level":"info","message":"Created client session 81e61d33b19f381d60012392","timestamp":"2026-05-14 21:49:41"}
{"level":"info","message":"Created client session f1ac902d5810ae1332b4483f","timestamp":"2026-05-14 21:49:41"}
{"level":"info","message":"Created client session 29cf3b616a470c8ab0631882","timestamp":"2026-05-14 21:49:41"}
{"level":"info","message":"Created client session ad1f953886cdd247f83a8d9b","timestamp":"2026-05-14 21:49:41"}
{"level":"info","message":"Created client session a5e21ec02ca518cd11a758d4","timestamp":"2026-05-14 21:49:42"}
{"level":"info","message":"Created client session 6de9f8b604eb12cb19de23b0","timestamp":"2026-05-14 21:49:42"}
{"level":"info","message":"Created client session c0b183b8837613c7489a5992","timestamp":"2026-05-14 21:49:42"}
{"level":"info","message":"Created client session d2099a4c539d3632e4f9e763","timestamp":"2026-05-14 21:49:42"}
{"level":"info","message":"Created client session fe539191a5a837090d17e81e","timestamp":"2026-05-14 21:49:42"}
{"level":"info","message":"Created client session ab3e5f87c136cc1c9c53738c","timestamp":"2026-05-14 21:49:42"}
{"level":"info","message":"Created client session 51113d34e5d6958d623c6bc3","timestamp":"2026-05-14 21:49:42"}
{"level":"info","message":"Created client session 89fef0f1244e41865d919266","timestamp":"2026-05-14 21:49:42"}
{"level":"info","message":"Created client session e2595f212cbb5a13aaf9f638","timestamp":"2026-05-14 21:49:42"}
{"level":"info","message":"Created client session 3a5edb794a1a6fb421a7ec8f","timestamp":"2026-05-14 21:49:43"}
{"level":"info","message":"Created client session 70d5810dc76ec30819deeec1","timestamp":"2026-05-14 21:49:43"}
{"level":"info","message":"Created client session bbd700b9a48d012df7956407","timestamp":"2026-05-14 21:49:43"}
{"level":"info","message":"Created client session f239a6fcebaa728c3f90821d","timestamp":"2026-05-14 21:49:43"}
{"level":"info","message":"Created client session 9f4d4c38393159384d6ddd04","timestamp":"2026-05-14 21:49:43"}
{"level":"info","message":"Created client session b67dbc8bb5941092e9996f4f","timestamp":"2026-05-14 21:49:43"}
{"level":"info","message":"Created client session eec5a1d221a8e7550b80dddb","timestamp":"2026-05-14 21:49:43"}
{"level":"info","message":"Created client session 7ca7c1f0b103c970a85ffdda","timestamp":"2026-05-14 21:49:43"}
{"level":"info","message":"Created client session 333664f929bd680b90ebdacb","timestamp":"2026-05-14 21:49:43"}
{"level":"info","message":"Created client session 21004dd3535bf4ed2ea75b6c","timestamp":"2026-05-14 21:49:43"}
{"level":"info","message":"Created client session 90bb898cbf5548ea9772a9cb","timestamp":"2026-05-14 21:49:44"}
{"level":"info","message":"Created client session 260f027b040a047461b367bd","timestamp":"2026-05-14 21:49:44"}
{"level":"info","message":"Created client session 510a400df4995399d5d1b360","timestamp":"2026-05-14 21:49:44"}
{"level":"info","message":"Created client session 79785a010f69010bc57833ea","timestamp":"2026-05-14 21:49:44"}
{"level":"info","message":"Created client session 896e3c01320d406f1218fba8","timestamp":"2026-05-14 21:49:44"}
{"level":"info","message":"Created client session ac50c8b14299bde335258945","timestamp":"2026-05-14 21:49:44"}
{"level":"info","message":"Created client session 8f6a4d4896ee3ad23fe5f8de","timestamp":"2026-05-14 21:49:44"}
{"level":"info","message":"Created client session 091e3f844c2dd0bbcc76a0ae","timestamp":"2026-05-14 21:49:44"}
{"level":"info","message":"Created client session 9f8a4882aee4752d6ada8999","timestamp":"2026-05-14 21:50:26"}
{"level":"info","message":"Created client session a83e7858971d34df28c90a06","timestamp":"2026-05-14 22:36:25"}
{"level":"info","message":"Created client session 48c0cb9b77ea9de710b04bf8","timestamp":"2026-05-14 22:45:19"}
{"level":"info","message":"Created client session 7cb6ec77e3ab43043494fad2","timestamp":"2026-05-14 22:59:23"}
{"level":"info","message":"Created client session 5aeb2bf76abb8ed49f088b2c","timestamp":"2026-05-14 23:05:50"}
{"level":"info","message":"Created client session 193a25290e47383e237b8201","timestamp":"2026-05-14 23:17:44"}
{"level":"info","message":"Created client session 499de8be845f0d1cabd9ea78","timestamp":"2026-05-14 23:20:35"}
{"level":"info","message":"Created client session 5c55cb0c3bc7bc7fe7022938","timestamp":"2026-05-14 23:36:19"}
{"level":"info","message":"Created client session 3454203befa5ef8482416394","timestamp":"2026-05-14 23:38:34"}
