{"level":"info","message":"Created client session 6b5bc772658b23fc45292a0e","timestamp":"2026-05-22 00:03:47"}
{"level":"info","message":"Created client session 30e3fb03812d70621b1378f2","timestamp":"2026-05-22 00:05:20"}
{"level":"info","message":"Created client session 935be8faca74d0539a28e647","timestamp":"2026-05-22 00:05:21"}
{"level":"info","message":"Created client session e0a91e82ad6a09b4fdb9a74b","timestamp":"2026-05-22 00:05:21"}
{"level":"info","message":"Created client session f729b5a41e00da238cdc7e1c","timestamp":"2026-05-22 00:05:21"}
{"level":"info","message":"Created client session a43ed6e45ab158abd89720cd","timestamp":"2026-05-22 00:05:21"}
{"level":"info","message":"Created client session d54c67c9dd5a27675daef788","timestamp":"2026-05-22 00:05:21"}
{"level":"info","message":"Created client session 282ef1243d770b16f55214e5","timestamp":"2026-05-22 00:05:21"}
{"level":"info","message":"Created client session 599abd145bffccdec6d55186","timestamp":"2026-05-22 00:05:22"}
{"level":"info","message":"Created client session 33ffe03c0f3b88c78879e293","timestamp":"2026-05-22 00:05:22"}
{"level":"info","message":"Created client session 60ea4f77310ceeb26e635ddf","timestamp":"2026-05-22 00:05:22"}
{"level":"info","message":"Created client session d49167fc1aba44f9ba6b1f54","timestamp":"2026-05-22 00:05:22"}
{"level":"info","message":"Created client session a159834199d79d139e811744","timestamp":"2026-05-22 00:05:22"}
{"level":"info","message":"Created client session 0673f43ea727fc0ec7430848","timestamp":"2026-05-22 00:05:22"}
{"level":"info","message":"Created client session 447dc796a820c57f5f3a0737","timestamp":"2026-05-22 00:05:23"}
{"level":"info","message":"Created client session 58f4f15beb78d32ac211276f","timestamp":"2026-05-22 00:05:23"}
{"level":"info","message":"Created client session 8279c36cf4b0c3fb814dedd7","timestamp":"2026-05-22 00:05:23"}
{"level":"info","message":"Created client session f3aa7546cee634c2a08ee646","timestamp":"2026-05-22 00:05:23"}
{"level":"info","message":"Created client session 487996417bbbf089ed19945e","timestamp":"2026-05-22 00:05:23"}
{"level":"info","message":"Created client session f424d06f364f8952a4a07f72","timestamp":"2026-05-22 00:05:23"}
{"level":"info","message":"Created client session 450b3acd71112f34889d08db","timestamp":"2026-05-22 00:05:23"}
{"level":"info","message":"Created client session 9db01018a55b043265590de7","timestamp":"2026-05-22 00:05:23"}
{"level":"info","message":"Created client session 209759dfc1d3296616b40b44","timestamp":"2026-05-22 00:05:24"}
{"level":"info","message":"Created client session 5c4ac15d46ca652962276cdc","timestamp":"2026-05-22 00:05:24"}
{"level":"info","message":"Created client session ba71b522e46285f1c44134b7","timestamp":"2026-05-22 00:05:24"}
{"level":"info","message":"Created client session e0e792c941a30012205f3166","timestamp":"2026-05-22 00:05:24"}
{"level":"info","message":"Created client session a18598771a4569080f2c81ce","timestamp":"2026-05-22 00:05:24"}
{"level":"info","message":"Created client session 983483568fa1a78e5eff157a","timestamp":"2026-05-22 00:05:24"}
{"level":"info","message":"Created client session 12e3957778de7ed84e8b6bcd","timestamp":"2026-05-22 00:05:24"}
{"level":"info","message":"Created client session 657d0946b6d57e7b67abfb86","timestamp":"2026-05-22 00:33:14"}
{"level":"info","message":"No system update for Delta Green: The Role-Playing Game is currently available.","timestamp":"2026-05-22 00:52:51"}
{"level":"info","message":"Vended World data to User [PgBW75ObGeNtWF7r] in 771ms","timestamp":"2026-05-22 00:52:51"}
{"level":"info","message":"Created client session 275b6f27fb25401978b636f0","timestamp":"2026-05-22 00:58:27"}
{"ip":"70.160.11.31","level":"info","message":"User authentication successful for user Shreyas","session":"275b6f27fb25401978b636f0","timestamp":"2026-05-22 00:58:31"}
{"level":"info","message":"No system update for Delta Green: The Role-Playing Game is currently available.","timestamp":"2026-05-22 00:58:33"}
{"level":"info","message":"Vended World data to User [4tfCzHLcdt6y7Fit] in 695ms","timestamp":"2026-05-22 00:58:33"}
{"level":"info","message":"Created client session 9e4b01e7ee73ff419c215e9d","timestamp":"2026-05-22 01:01:40"}
{"level":"info","message":"Created client session 56343218e0fe99b2c0e9fa3a","timestamp":"2026-05-22 01:01:41"}
{"level":"info","message":"Created client session c73c1ce1dfdd83078158e962","timestamp":"2026-05-22 01:01:41"}
{"level":"info","message":"Created client session 4dd6217fd0a5fe630a3f595d","timestamp":"2026-05-22 01:01:43"}
{"level":"info","message":"Created ChatMessage with id [IxkDG0hY4SoVFv4d]","timestamp":"2026-05-22 01:08:21"}
