{"level":"info","message":"Created client session 97a208a80f2a3f0d6354cfcf","timestamp":"2026-05-12 00:35:44"}
{"level":"info","message":"Created client session 93a9e5f09fac6cd3536926ed","timestamp":"2026-05-12 00:45:46"}
{"level":"info","message":"Created client session db8a5297b9a0cb3e9776eadf","timestamp":"2026-05-12 00:45:49"}
{"level":"info","message":"Created client session 11460f6fd39b0f39d2618c29","timestamp":"2026-05-12 00:45:52"}
{"level":"info","message":"Created client session 3981d04986777d811a6ceaa1","timestamp":"2026-05-12 00:45:55"}
{"level":"info","message":"Created client session 476e6cb4b974b046c7340802","timestamp":"2026-05-12 00:46:03"}
{"level":"info","message":"Created client session bd3d4469ee6bbbb132524bc2","timestamp":"2026-05-12 00:46:07"}
{"level":"info","message":"Created client session 85f07720a46f283c3ed85fb3","timestamp":"2026-05-12 00:46:12"}
{"level":"info","message":"Created client session 7d6be5be7e427e2504a73880","timestamp":"2026-05-12 00:46:16"}
{"level":"info","message":"Created client session 3b3e2bcd118ab6661f7a982a","timestamp":"2026-05-12 00:46:20"}
{"level":"info","message":"Created client session 04d5e07948c9290466933702","timestamp":"2026-05-12 01:01:11"}
{"level":"info","message":"Created client session a19b3068d26c16af9a02c181","timestamp":"2026-05-12 01:09:19"}
{"level":"info","message":"Created client session 38db93e50f9dbaa7136c23fb","timestamp":"2026-05-12 01:09:25"}
{"level":"info","message":"Created client session 6fd88cdc2e9d1f83d8d9a2e0","timestamp":"2026-05-12 01:46:07"}
{"level":"info","message":"Created client session 118d0e6cd4943abc166880d5","timestamp":"2026-05-12 01:59:37"}
{"level":"info","message":"Created client session 485e6aee2686ea1cbd04b0bc","timestamp":"2026-05-12 02:20:39"}
{"level":"info","message":"Created client session 4c24fa23094c30acd3e424d5","timestamp":"2026-05-12 03:17:48"}
{"level":"info","message":"Created client session ade9b7149d6b822ea956bae5","timestamp":"2026-05-12 03:25:35"}
{"level":"info","message":"Created client session d8341aa5da06432de07750f3","timestamp":"2026-05-12 03:41:38"}
{"level":"info","message":"Created client session 1fa256f5cc8b2ab6f214c520","timestamp":"2026-05-12 03:41:51"}
{"level":"info","message":"Logged user aFXBIYID8O38Ue0X out of active World","timestamp":"2026-05-12 03:48:02"}
{"ip":"38.143.253.121","level":"info","message":"User authentication successful for user Gamemaster","session":"02333185ad50c7580a1f49ee","timestamp":"2026-05-12 03:48:13"}
{"level":"info","message":"No system update for Delta Green: The Role-Playing Game is currently available.","timestamp":"2026-05-12 03:48:14"}
{"level":"info","message":"Vended World data to User [aFXBIYID8O38Ue0X] in 621ms","timestamp":"2026-05-12 03:48:14"}
