{"level":"info","message":"Created client session 22b8c8c6380944743dc34ad8","timestamp":"2026-05-16 00:22:54"}
{"level":"info","message":"Created client session ffb7e21583df96efc042cf85","timestamp":"2026-05-16 00:23:32"}
{"level":"info","message":"Created client session ae29fb992db80d2ec3a8033b","timestamp":"2026-05-16 00:27:05"}
{"level":"info","message":"Created client session 55c23b846b1a44bb8dad1bfa","timestamp":"2026-05-16 00:29:29"}
{"level":"info","message":"Created client session b9320e0e7c20a88124efd36b","timestamp":"2026-05-16 00:30:16"}
{"level":"info","message":"Created client session 56e44b79878de77d45313ab7","timestamp":"2026-05-16 00:30:47"}
{"level":"info","message":"Created client session 2cc8495824fa250aeb4b0130","timestamp":"2026-05-16 00:32:23"}
{"level":"info","message":"Created client session 4405aaa563af7798e3fdba13","timestamp":"2026-05-16 00:34:10"}
{"level":"info","message":"Created client session 05daec28375fc52995eb1b70","timestamp":"2026-05-16 00:34:40"}
{"level":"info","message":"Created client session c00c1ab7ecf1ab5491d1410b","timestamp":"2026-05-16 00:34:41"}
{"level":"info","message":"Created client session bc28301b2479fe2dfc3f4cd6","timestamp":"2026-05-16 00:34:59"}
{"level":"info","message":"Created client session f1e35769f6c4577a8e426872","timestamp":"2026-05-16 00:35:50"}
{"level":"info","message":"Created client session 20d6987a3a33fc0438b9366e","timestamp":"2026-05-16 00:36:10"}
{"level":"info","message":"Created client session dd9677e8c21f6b847d36620d","timestamp":"2026-05-16 00:37:26"}
{"level":"info","message":"Created client session 63c174cd11e00a0cc638668d","timestamp":"2026-05-16 00:38:11"}
{"level":"info","message":"Created client session ff69b1dcbdda44a2555eb938","timestamp":"2026-05-16 00:38:24"}
{"level":"info","message":"Created client session 11a0594ff9fb5a386f8037a5","timestamp":"2026-05-16 00:38:43"}
{"level":"info","message":"Created client session bab3b7cfce44432442c62c15","timestamp":"2026-05-16 00:38:59"}
{"level":"info","message":"Created client session 1e09fcc1034bc214d25a7902","timestamp":"2026-05-16 00:39:20"}
{"level":"info","message":"Created client session 765c1c4d108ad8f7c82b8d70","timestamp":"2026-05-16 00:43:07"}
{"level":"info","message":"Created client session 172cb8309ade9805eacf0d11","timestamp":"2026-05-16 01:14:27"}
{"level":"info","message":"Created client session fac2cb36052899f475f39a0f","timestamp":"2026-05-16 02:06:46"}
{"level":"info","message":"Created client session fe8161d7cce0496583b55b71","timestamp":"2026-05-16 02:20:58"}
{"level":"info","message":"Created client session 2dba66b08c325af20bcbf095","timestamp":"2026-05-16 03:16:13"}
{"level":"info","message":"Created client session a9cfb5382251eeb186d227fa","timestamp":"2026-05-16 03:30:08"}
{"level":"info","message":"Created client session d73316683be0c63dce80b7cf","timestamp":"2026-05-16 03:44:47"}
{"level":"info","message":"Created client session 1d04b838c4f1a2bbfeeb957d","timestamp":"2026-05-16 03:51:48"}
{"level":"info","message":"Created client session 790b68afb56ef2a31a809fc1","timestamp":"2026-05-16 04:18:03"}
{"level":"info","message":"Created client session 444cc2b81616072279b573b7","timestamp":"2026-05-16 04:58:58"}
{"level":"info","message":"Created client session 35f48b07eb4fc2344b2fd379","timestamp":"2026-05-16 05:19:09"}
{"level":"info","message":"Created client session 7b6ee9cb8a78c4702d34f3e2","timestamp":"2026-05-16 05:19:09"}
{"level":"info","message":"Created client session 982bad7dadfd61bed0d3cb65","timestamp":"2026-05-16 05:27:03"}
{"level":"info","message":"Created client session 8d96747efc5050ecf2c3349e","timestamp":"2026-05-16 05:32:59"}
{"level":"info","message":"Created client session 12c2df4dfa3fceb396cacd0e","timestamp":"2026-05-16 05:58:21"}
{"level":"info","message":"Created client session 395a7ded421ceb06ac86ef22","timestamp":"2026-05-16 05:58:22"}
{"level":"info","message":"Created client session c1c546f31ba883c2e91d3567","timestamp":"2026-05-16 06:10:06"}
{"level":"info","message":"Created client session e0f2ad9892f056ecbbf0296a","timestamp":"2026-05-16 06:10:06"}
{"level":"info","message":"Created client session 141583753daf0a42f62e1bf5","timestamp":"2026-05-16 06:10:10"}
{"level":"info","message":"Created client session bd99f4a05c571d9d173bcf7c","timestamp":"2026-05-16 06:29:47"}
{"level":"info","message":"Created client session 01c6ac6f633a0b221aecde4b","timestamp":"2026-05-16 06:29:47"}
{"level":"info","message":"Created client session 8c48447b1869ec2aa660e5de","timestamp":"2026-05-16 06:41:22"}
{"level":"info","message":"Created client session 059a109243bf208a0a22f803","timestamp":"2026-05-16 06:53:39"}
{"level":"info","message":"Created client session d28a1b19e5a694a53371908b","timestamp":"2026-05-16 06:53:40"}
{"level":"info","message":"Created client session 14c1cb4d0dac3f2e4c4da2fc","timestamp":"2026-05-16 06:54:29"}
{"level":"info","message":"Created client session d4b1d4de9e6870cbd435ac05","timestamp":"2026-05-16 06:54:42"}
{"level":"info","message":"Created client session 41c4359f4f9f9f23b55c972f","timestamp":"2026-05-16 06:54:42"}
{"level":"info","message":"Created client session d4051ce6c93d12f70f467448","timestamp":"2026-05-16 06:58:29"}
{"level":"info","message":"Created client session 74b764555f599e95326680d7","timestamp":"2026-05-16 06:58:33"}
{"level":"info","message":"Created client session 23ce7f93020ac01baec9f5e2","timestamp":"2026-05-16 06:59:36"}
{"level":"info","message":"Created client session f73576561b6dd006ddf2d3a3","timestamp":"2026-05-16 07:15:42"}
{"level":"info","message":"Created client session e21026b30e9a1ae0ee6df0b2","timestamp":"2026-05-16 07:37:53"}
{"level":"info","message":"Created client session d1f926289872b0e0c6f95119","timestamp":"2026-05-16 07:38:00"}
{"level":"info","message":"Created client session 69ee5bef21c10c6913bfe0d0","timestamp":"2026-05-16 07:38:01"}
{"level":"info","message":"Created client session 9590d6eef00b236e3715e630","timestamp":"2026-05-16 08:00:28"}
{"level":"info","message":"Created client session 1d9002593dc26ac928858da0","timestamp":"2026-05-16 08:26:16"}
{"level":"info","message":"Created client session a18606617dfa4da624ec6950","timestamp":"2026-05-16 08:44:31"}
{"level":"info","message":"Created client session 422a96cbff6ee875060f92da","timestamp":"2026-05-16 08:45:14"}
{"level":"info","message":"Created client session 6e85fd2936efedde44fdda2c","timestamp":"2026-05-16 09:17:38"}
{"level":"info","message":"Created client session 18bd334b30bd833321619857","timestamp":"2026-05-16 09:49:01"}
{"level":"info","message":"Created client session 3da0fddeb052f23673064afa","timestamp":"2026-05-16 10:02:56"}
{"level":"info","message":"Created client session f64e1b675165279abde4991f","timestamp":"2026-05-16 10:16:59"}
{"level":"info","message":"Created client session ab6dbe546ebf8753ec76e730","timestamp":"2026-05-16 10:23:14"}
{"level":"info","message":"Created client session 1e9c4facc0990461f9a74638","timestamp":"2026-05-16 11:10:07"}
{"level":"info","message":"Created client session bc2af3c030e9708abc3c30f8","timestamp":"2026-05-16 11:18:12"}
{"level":"info","message":"Created client session 906d6fb10f190c2bed4c2b09","timestamp":"2026-05-16 11:33:54"}
{"level":"info","message":"Created client session 6a853f5ee5c234bd0e996b08","timestamp":"2026-05-16 11:34:39"}
{"level":"info","message":"Created client session 10cbec4232e3676005182bf0","timestamp":"2026-05-16 11:34:40"}
{"level":"info","message":"Created client session 84845dfbe47141901d73b02f","timestamp":"2026-05-16 11:36:12"}
{"level":"info","message":"Created client session 76179b18879f6cb5ba89b9ef","timestamp":"2026-05-16 11:39:25"}
{"level":"info","message":"Created client session f78c5f6432e14accc62118b2","timestamp":"2026-05-16 11:59:18"}
{"level":"info","message":"Created client session b6516e1003eeb185ff910339","timestamp":"2026-05-16 12:31:17"}
{"level":"info","message":"Created client session 6ea56e64b343e83838ddfb15","timestamp":"2026-05-16 12:32:28"}
{"level":"info","message":"Created client session efcda7a36c09593714d85d25","timestamp":"2026-05-16 12:39:12"}
{"level":"info","message":"Created client session 8add00e0b1d43960e859afda","timestamp":"2026-05-16 12:39:40"}
{"level":"info","message":"Created client session 5370d3bd44f3dbf8d6d2aed0","timestamp":"2026-05-16 13:12:51"}
{"level":"info","message":"Created client session 3a9f8a7a4c62f3a9e4ab88db","timestamp":"2026-05-16 13:14:44"}
{"level":"info","message":"Created client session e287c1378a41d858eec0e226","timestamp":"2026-05-16 13:20:28"}
{"level":"info","message":"Created client session efa837d78d59793f2656fa32","timestamp":"2026-05-16 13:28:16"}
{"level":"info","message":"Created client session b6c58b273d50197fdc9a3f97","timestamp":"2026-05-16 13:43:44"}
{"level":"info","message":"Created client session fd99f82dc39a8b7250d06c1b","timestamp":"2026-05-16 13:43:52"}
{"level":"info","message":"Created client session 73bf2c4036acfc7eeddd5c52","timestamp":"2026-05-16 14:22:14"}
{"level":"info","message":"Created client session 9cc0d4e412207d78eade65ed","timestamp":"2026-05-16 14:28:14"}
{"level":"info","message":"Created client session a98a62f037bd1ae0718c32a2","timestamp":"2026-05-16 14:28:14"}
{"level":"info","message":"Created client session c454421e8854acffad7e32de","timestamp":"2026-05-16 14:28:14"}
{"level":"info","message":"Created client session 0380c85a833dbbcbb13e5090","timestamp":"2026-05-16 14:28:14"}
{"level":"info","message":"Created client session 4f94cd0bc11e0ad2d308f66a","timestamp":"2026-05-16 14:28:14"}
{"level":"info","message":"Created client session 9bd496b1a20cd81564110a9f","timestamp":"2026-05-16 14:28:14"}
{"level":"info","message":"Created client session 495da2f7613e18ed641f0d49","timestamp":"2026-05-16 14:28:14"}
{"level":"info","message":"Created client session 164bc8b73047ebe0d44aa359","timestamp":"2026-05-16 14:28:14"}
{"level":"info","message":"Created client session 46197f096d65bd668d0d0afa","timestamp":"2026-05-16 14:28:14"}
{"level":"info","message":"Created client session 6c83b902f760f78851b18ea5","timestamp":"2026-05-16 14:28:15"}
{"level":"info","message":"Created client session 8014d3955527bc4665d3d262","timestamp":"2026-05-16 14:28:15"}
{"level":"info","message":"Created client session 95eba9f8e6394946867c8bcc","timestamp":"2026-05-16 14:28:15"}
{"level":"info","message":"Created client session 7a033ed4fda84da8c4153347","timestamp":"2026-05-16 14:28:15"}
{"level":"info","message":"Created client session 8d2a88b3e4da8286baaac960","timestamp":"2026-05-16 14:28:15"}
{"level":"info","message":"Created client session bdb6a0fa31208c43a475fd58","timestamp":"2026-05-16 14:28:15"}
{"level":"info","message":"Created client session 61c23e9e5106e0b43b30e27b","timestamp":"2026-05-16 14:28:15"}
{"level":"info","message":"Created client session 4b92b3f65ff28af641804bbe","timestamp":"2026-05-16 14:28:16"}
{"level":"info","message":"Created client session 3a42e1b51fdef854072f71c7","timestamp":"2026-05-16 14:28:16"}
{"level":"info","message":"Created client session caea6fb632275c6b5ff5dd86","timestamp":"2026-05-16 14:28:16"}
{"level":"info","message":"Created client session 05d4c917e9fc85506b7b0f18","timestamp":"2026-05-16 14:28:16"}
{"level":"info","message":"Created client session 6d7a0a022b6066f486f6e648","timestamp":"2026-05-16 14:28:16"}
{"level":"info","message":"Created client session 1b25fc6e8647a8870e3f4349","timestamp":"2026-05-16 14:28:16"}
{"level":"info","message":"Created client session a2b66eef48644288a770f845","timestamp":"2026-05-16 14:28:16"}
{"level":"info","message":"Created client session c71ce840bc846b3337738862","timestamp":"2026-05-16 14:28:16"}
{"level":"info","message":"Created client session f60e2f8fdb7b5876235a1ead","timestamp":"2026-05-16 14:28:16"}
{"level":"info","message":"Created client session 6d52c04e677d63f347049232","timestamp":"2026-05-16 14:28:16"}
{"level":"info","message":"Created client session c0c6405a774b37703b490220","timestamp":"2026-05-16 14:28:17"}
{"level":"info","message":"Created client session 808af82a34efd8c05588cdbd","timestamp":"2026-05-16 14:28:17"}
{"level":"info","message":"Created client session ce9182dd804e34b1ee4d069e","timestamp":"2026-05-16 15:28:01"}
{"level":"info","message":"Created client session eff20e7aa5c6168cc517812d","timestamp":"2026-05-16 15:28:04"}
{"level":"info","message":"Created client session 9f736a1edede6aa37624ff02","timestamp":"2026-05-16 15:39:42"}
{"level":"info","message":"Created client session 5d9d9abe8579792c21d72c24","timestamp":"2026-05-16 15:46:48"}
{"level":"info","message":"Created client session ca3a7ca6ffd507f9c997e0e7","timestamp":"2026-05-16 15:51:19"}
{"level":"info","message":"Created client session f06dd79917e397c72a0864c8","timestamp":"2026-05-16 16:12:11"}
{"level":"info","message":"Created client session e89cf4d2f917d7c190c1ad1a","timestamp":"2026-05-16 16:13:09"}
{"level":"info","message":"Created client session c285e7c061ea77f6e450d36b","timestamp":"2026-05-16 17:03:18"}
{"level":"info","message":"Created client session 934fea13675eb6e592c9b3e2","timestamp":"2026-05-16 17:18:11"}
{"level":"info","message":"Created client session d0fd028473e36cc6c06470cd","timestamp":"2026-05-16 17:20:19"}
{"level":"info","message":"Created client session 1ddf2a4f52f3afcb8e718df7","timestamp":"2026-05-16 17:20:19"}
{"level":"info","message":"Created client session ee4a2550b73076ba24488478","timestamp":"2026-05-16 17:20:19"}
{"level":"info","message":"Created client session 6b55b801538bc24bef9adc6f","timestamp":"2026-05-16 17:20:19"}
{"level":"info","message":"Created client session ba048d7f9d5fe9736797959d","timestamp":"2026-05-16 17:20:19"}
{"level":"info","message":"Created client session 3433c2b6a48ab1b22c146211","timestamp":"2026-05-16 17:20:19"}
{"level":"info","message":"Created client session 4a8237d784c215a289e13f16","timestamp":"2026-05-16 17:20:19"}
{"level":"info","message":"Created client session 215ccc56d245ddcaee2b1403","timestamp":"2026-05-16 17:20:20"}
{"level":"info","message":"Created client session a01c436663b65e45b4fc660f","timestamp":"2026-05-16 17:20:20"}
{"level":"info","message":"Created client session 7797cdb4c82eba67cf45e5f8","timestamp":"2026-05-16 17:20:20"}
{"level":"info","message":"Created client session 515c95ca0ea62db6a3dcd13e","timestamp":"2026-05-16 17:20:20"}
{"level":"info","message":"Created client session f475c49eb8d5e8d62915c186","timestamp":"2026-05-16 17:20:20"}
{"level":"info","message":"Created client session 3ff49b2f3a097fb85e612dbe","timestamp":"2026-05-16 17:20:20"}
{"level":"info","message":"Created client session 4c13b9144fd2d4039ac63832","timestamp":"2026-05-16 17:20:20"}
{"level":"info","message":"Created client session 21a0df0150bac5ded3b186c8","timestamp":"2026-05-16 17:20:20"}
{"level":"info","message":"Created client session 6567c4d250dd0502fe19a40a","timestamp":"2026-05-16 17:20:21"}
{"level":"info","message":"Created client session 04204893b176a221cda73111","timestamp":"2026-05-16 17:20:21"}
{"level":"info","message":"Created client session 65001b307eba5b9652396270","timestamp":"2026-05-16 17:20:21"}
{"level":"info","message":"Created client session ab0b50ab32e73f5f57c1cc0e","timestamp":"2026-05-16 17:20:21"}
{"level":"info","message":"Created client session c3c3089bcb8e287f02caaca8","timestamp":"2026-05-16 17:20:21"}
{"level":"info","message":"Created client session cabcef8761f3e6bd2ba20891","timestamp":"2026-05-16 17:20:21"}
{"level":"info","message":"Created client session 1c193a1ced16b6c6e5101273","timestamp":"2026-05-16 17:20:21"}
{"level":"info","message":"Created client session 10840fb4bcd5aa6339735d66","timestamp":"2026-05-16 17:20:21"}
{"level":"info","message":"Created client session f976f9a65bec4361232a10a6","timestamp":"2026-05-16 17:20:21"}
{"level":"info","message":"Created client session 6eafc24296eea91b956ad40b","timestamp":"2026-05-16 17:20:22"}
{"level":"info","message":"Created client session 1208e1fd767a220177bc40c1","timestamp":"2026-05-16 17:20:22"}
{"level":"info","message":"Created client session c9e2813687a871ee36f16338","timestamp":"2026-05-16 17:20:22"}
{"level":"info","message":"Created client session 3ecd9aa3534255614d282a01","timestamp":"2026-05-16 17:20:22"}
{"level":"info","message":"Created client session 50443078591f0e59cd966728","timestamp":"2026-05-16 17:20:22"}
{"level":"info","message":"Created client session 42cdfbef1aa41128b8c1865e","timestamp":"2026-05-16 17:20:22"}
{"level":"info","message":"Created client session 42e1cee277d6235d0c3bb502","timestamp":"2026-05-16 17:20:22"}
{"level":"info","message":"Created client session 8b4e2accfb8a014744dff463","timestamp":"2026-05-16 17:20:22"}
{"level":"info","message":"Created client session 0e59dbcf7ff96d3f0301846a","timestamp":"2026-05-16 17:20:22"}
{"level":"info","message":"Created client session 56e45fe18d817561b07c438f","timestamp":"2026-05-16 17:20:22"}
{"level":"info","message":"Created client session 160dc9c187d453a6f2399e79","timestamp":"2026-05-16 17:20:23"}
{"level":"info","message":"Created client session a5e2bd1330259c3743f02615","timestamp":"2026-05-16 17:20:23"}
{"level":"info","message":"Created client session 862196d90eb7bd68a737708b","timestamp":"2026-05-16 17:20:23"}
{"level":"info","message":"Created client session 37fd0163b5dc4fd2ecb6e443","timestamp":"2026-05-16 17:20:23"}
{"level":"info","message":"Created client session 4ec0f10bfcb2fbde9cde59cf","timestamp":"2026-05-16 17:20:23"}
{"level":"info","message":"Created client session d6462adbd3d91864e4b65298","timestamp":"2026-05-16 17:20:23"}
{"level":"info","message":"Created client session 69333d3eb496145b29be30ac","timestamp":"2026-05-16 17:20:23"}
{"level":"info","message":"Created client session c10937de20c16eb43e6a8871","timestamp":"2026-05-16 17:20:23"}
{"level":"info","message":"Created client session 8037f9f01f5f021a7366d66a","timestamp":"2026-05-16 17:20:23"}
{"level":"info","message":"Created client session a18ebe9773f503674c5bdb50","timestamp":"2026-05-16 17:20:23"}
{"level":"info","message":"Created client session 2492711136285834a665982d","timestamp":"2026-05-16 17:20:24"}
{"level":"info","message":"Created client session 812eba27ded1e07113ad9b35","timestamp":"2026-05-16 17:20:24"}
{"level":"info","message":"Created client session 1a66052ddcb28df3d012d205","timestamp":"2026-05-16 17:20:24"}
{"level":"info","message":"Created client session b5434bb5555993774236d261","timestamp":"2026-05-16 17:20:24"}
{"level":"info","message":"Created client session 1b91c29623dce98cbe2780e5","timestamp":"2026-05-16 17:20:24"}
{"level":"info","message":"Created client session c721c5670b02168d43ab4f56","timestamp":"2026-05-16 17:20:24"}
{"level":"info","message":"Created client session 89e1efa56c7b513d1b9c61ae","timestamp":"2026-05-16 17:20:24"}
{"level":"info","message":"Created client session 031d79a4c2442e636f61ef23","timestamp":"2026-05-16 17:20:24"}
{"level":"info","message":"Created client session afb07d66f533ef0224017d3d","timestamp":"2026-05-16 17:20:24"}
{"level":"info","message":"Created client session a2fe0d5cafab8262b7ef2ce1","timestamp":"2026-05-16 17:20:24"}
{"level":"info","message":"Created client session e950d9ac22e538ef6b3eda65","timestamp":"2026-05-16 17:20:25"}
{"level":"info","message":"Created client session 9d5a07e68f3f196708e7f5a3","timestamp":"2026-05-16 17:20:25"}
{"level":"info","message":"Created client session dea44e176b4ed33ea0374346","timestamp":"2026-05-16 17:20:25"}
{"level":"info","message":"Created client session d0ca4ea5bacda7d4aa492d2e","timestamp":"2026-05-16 17:20:25"}
{"level":"info","message":"Created client session 312fb4c326c46bbafe125e9e","timestamp":"2026-05-16 17:21:12"}
{"level":"info","message":"Created client session 2dc2de4eddeea938e48a4908","timestamp":"2026-05-16 17:25:16"}
{"level":"info","message":"Created client session 76578162c88c64c826fe9b41","timestamp":"2026-05-16 17:27:22"}
{"level":"info","message":"Created client session 2d07ee17b444d2a5eca6e732","timestamp":"2026-05-16 17:41:45"}
{"level":"info","message":"Created client session 4b79a0ae94d6fc0acd08594d","timestamp":"2026-05-16 17:51:26"}
{"level":"info","message":"Created client session 06bc7f6826d17ce85a062cbd","timestamp":"2026-05-16 17:51:31"}
{"level":"info","message":"Created client session 9282134616730cbddef4ca06","timestamp":"2026-05-16 17:54:58"}
{"level":"info","message":"Created client session 92cba0e9f49676ea90c790a9","timestamp":"2026-05-16 18:12:32"}
{"level":"info","message":"Created client session 7755597eb007aaaa4ccabfc8","timestamp":"2026-05-16 18:13:20"}
{"level":"info","message":"Created client session 623919fcdc579800bffe6a8f","timestamp":"2026-05-16 18:42:48"}
{"level":"info","message":"Created client session 9516e589d6822b934cd02c32","timestamp":"2026-05-16 18:44:30"}
{"level":"info","message":"Created client session 7f4b2c23d0a62966205f8803","timestamp":"2026-05-16 18:44:42"}
{"level":"info","message":"Created client session 1ac69c04b0e80f6d0599b749","timestamp":"2026-05-16 18:44:42"}
{"level":"info","message":"Created client session e5d125c7c32e7e327a2fcd14","timestamp":"2026-05-16 19:28:20"}
{"level":"info","message":"Created client session a39ff55e238056a961620bf5","timestamp":"2026-05-16 19:29:45"}
{"level":"info","message":"Created client session 6930ffec96235b00dfa8b220","timestamp":"2026-05-16 19:34:58"}
{"level":"info","message":"Created client session 862e6517445ffc4b51204e47","timestamp":"2026-05-16 19:38:10"}
{"level":"info","message":"Created client session 745d9af86354deaa0d0d6794","timestamp":"2026-05-16 19:40:47"}
{"level":"info","message":"Created client session 439bd863db01d683846245d0","timestamp":"2026-05-16 19:59:30"}
{"level":"info","message":"Created client session f874a404ef9db0587e77d30c","timestamp":"2026-05-16 20:07:33"}
{"level":"info","message":"Created client session db8323282f6274b778f1e9f2","timestamp":"2026-05-16 20:16:51"}
{"level":"info","message":"Created client session b2624d792c5585d0ab5426d7","timestamp":"2026-05-16 20:17:35"}
{"level":"info","message":"Created client session 56ea5e10f1cee3d22efdd183","timestamp":"2026-05-16 20:56:32"}
{"ip":"38.143.253.121","level":"warn","message":"User authentication failed for user Gamemaster; invalid password","session":"56ea5e10f1cee3d22efdd183","status":401,"timestamp":"2026-05-16 20:56:40"}
{"ip":"38.143.253.121","level":"info","message":"User authentication successful for user Gamemaster","session":"56ea5e10f1cee3d22efdd183","timestamp":"2026-05-16 20:56:44"}
{"level":"info","message":"Core software stable update 14.361 is available!","timestamp":"2026-05-16 20:56:45"}
{"level":"info","message":"No system update for Delta Green: The Role-Playing Game is currently available.","timestamp":"2026-05-16 20:56:45"}
{"level":"info","message":"Vended World data to User [aFXBIYID8O38Ue0X] in 617ms","timestamp":"2026-05-16 20:56:45"}
{"level":"info","message":"Created client session fd4185bd5673df8b8383acc6","timestamp":"2026-05-16 21:05:37"}
{"level":"info","message":"Created Scene with id [sQiiv8qX464tAGTw]","timestamp":"2026-05-16 21:05:50"}
{"level":"info","message":"Created client session 5de62681080cb7cbfb3cbb9f","timestamp":"2026-05-16 21:08:09"}
{"ip":"38.143.253.121","level":"info","message":"User authentication successful for user Gamemaster","session":"5de62681080cb7cbfb3cbb9f","timestamp":"2026-05-16 21:28:29"}
{"level":"info","message":"No system update for Delta Green: The Role-Playing Game is currently available.","timestamp":"2026-05-16 21:28:31"}
{"level":"info","message":"Vended World data to User [aFXBIYID8O38Ue0X] in 577ms","timestamp":"2026-05-16 21:28:31"}
{"level":"info","message":"Extracted base64 asset: \"/home/ubuntu/foundryuserdata/Data/worlds/delta-green-music-from-a-darkened-room/assets/scenes/sQiiv8qX464tAGTw-thumb.webp\"","timestamp":"2026-05-16 21:31:07"}
