{"level":"info","message":"Created client session 8ff4f9aa37697a6ba5ebddaa","timestamp":"2026-05-08 00:00:54"}
{"level":"info","message":"Created client session eb72820e7791856d3cb140fc","timestamp":"2026-05-08 00:03:56"}
{"level":"info","message":"Created client session b571a8281859bd8679f398cf","timestamp":"2026-05-08 01:12:22"}
{"level":"info","message":"Created client session c2ba9d4fa07d387f632e0452","timestamp":"2026-05-08 01:52:44"}
{"level":"info","message":"Created client session 406225f49d627fde3b3671a6","timestamp":"2026-05-08 02:00:00"}
{"level":"info","message":"Created client session 89c06b69980183b14977077a","timestamp":"2026-05-08 02:26:35"}
{"level":"info","message":"Created client session 6bfc6a99e5a5406894a2192a","timestamp":"2026-05-08 02:38:25"}
{"level":"info","message":"Created client session 705f30987db5fdd568b47158","timestamp":"2026-05-08 02:40:17"}
{"level":"info","message":"Created client session 73fe8bd75d0ec9b25c9df75b","timestamp":"2026-05-08 02:44:45"}
{"level":"info","message":"Created client session 52fdf5dc3dcf99b25bed44b1","timestamp":"2026-05-08 02:46:29"}
{"level":"info","message":"Created client session 7a01ccb63681b47a1e752f47","timestamp":"2026-05-08 02:47:07"}
{"level":"info","message":"Created client session bec3d9e912a0f9ddf5491118","timestamp":"2026-05-08 02:48:33"}
{"level":"info","message":"Created client session df6f951273e0e521a209cdb7","timestamp":"2026-05-08 02:50:52"}
{"level":"info","message":"Created client session c48d49aa4f273acafc2e19bd","timestamp":"2026-05-08 02:51:12"}
{"level":"info","message":"Created client session ff5e7a80e36a899642545cd5","timestamp":"2026-05-08 02:52:03"}
{"level":"info","message":"Created client session 50365119f29bfb9e22e3c254","timestamp":"2026-05-08 02:52:36"}
{"level":"info","message":"Created client session 40735a81c1014803dbccc73f","timestamp":"2026-05-08 02:53:51"}
{"level":"info","message":"Created client session 92d1b4355c36b75896e653f7","timestamp":"2026-05-08 02:54:35"}
{"level":"info","message":"Created client session 3a1b35ecb853bed2ebc2fad0","timestamp":"2026-05-08 02:55:14"}
{"level":"info","message":"Created client session ae23df3b3ddfbf7e15cf5904","timestamp":"2026-05-08 02:55:40"}
{"level":"info","message":"Created client session 18ce1e4c06917cb8dc34da98","timestamp":"2026-05-08 02:56:10"}
{"level":"info","message":"Created client session ae48e0df876dbbb8f520e3ba","timestamp":"2026-05-08 02:56:59"}
{"level":"info","message":"Created client session 99620deb378c1a3ad4b3e9db","timestamp":"2026-05-08 02:57:25"}
{"level":"info","message":"Created client session 908822384ef66942c023e482","timestamp":"2026-05-08 02:57:45"}
{"level":"info","message":"Created client session c1fc77e24fa047a40320337d","timestamp":"2026-05-08 02:58:02"}
{"level":"info","message":"Created client session 63b42345e1b5c80b90bb0056","timestamp":"2026-05-08 02:58:26"}
{"level":"info","message":"Created client session ec95c75de4df41f3e9028cb0","timestamp":"2026-05-08 03:20:49"}
{"level":"info","message":"Created client session bd013d8e3f2acc254ac4b39f","timestamp":"2026-05-08 03:27:47"}
{"level":"info","message":"Created client session 8a2835263a22d72a82709f48","timestamp":"2026-05-08 03:54:58"}
{"level":"info","message":"Created client session 6d4bee47f8d3682d8a99a9fa","timestamp":"2026-05-08 04:13:20"}
{"level":"info","message":"Created client session 604e609428ae4d212463d916","timestamp":"2026-05-08 04:38:46"}
{"level":"info","message":"Created client session b98944587ad4621f26ea6ed3","timestamp":"2026-05-08 04:38:46"}
{"level":"info","message":"Created client session dce8bcd5342dab4825950179","timestamp":"2026-05-08 04:38:46"}
{"level":"info","message":"Created client session a83e4310e424361d265e7b4a","timestamp":"2026-05-08 04:38:46"}
{"level":"info","message":"Created client session 2effe226ab59b62129a2dba7","timestamp":"2026-05-08 04:38:46"}
{"level":"info","message":"Created client session a6cc96c9a740f22ee20c7f97","timestamp":"2026-05-08 04:38:46"}
{"level":"info","message":"Created client session 7a5ff2f859f1b93518332c21","timestamp":"2026-05-08 04:38:46"}
{"level":"info","message":"Created client session 475edee14587115e30465b1e","timestamp":"2026-05-08 04:38:46"}
{"level":"info","message":"Created client session fa7d153378b2227e471ab1c8","timestamp":"2026-05-08 04:38:46"}
{"level":"info","message":"Created client session 102f6a7c40b7ab1bd84447f2","timestamp":"2026-05-08 04:38:46"}
{"level":"info","message":"Created client session d52e2d722ec7b5a0e3a6ff33","timestamp":"2026-05-08 04:38:47"}
{"level":"info","message":"Created client session f64261221dec61bdb29d2785","timestamp":"2026-05-08 04:38:47"}
{"level":"info","message":"Created client session 0c5901cde785ff4109aca1aa","timestamp":"2026-05-08 04:38:47"}
{"level":"info","message":"Created client session d9f8a1d9c252860e5f49b692","timestamp":"2026-05-08 04:38:47"}
{"level":"info","message":"Created client session ae13cee21f2d25222d3a3129","timestamp":"2026-05-08 04:38:47"}
{"level":"info","message":"Created client session 0ee3bac5e337343f9623f332","timestamp":"2026-05-08 04:38:47"}
{"level":"info","message":"Created client session 388c81cfb0a21ec9a371f451","timestamp":"2026-05-08 04:38:47"}
{"level":"info","message":"Created client session 1b4d85d352c6584c29f6044e","timestamp":"2026-05-08 04:38:47"}
{"level":"info","message":"Created client session 20d7242aae697978590b50e4","timestamp":"2026-05-08 04:38:47"}
{"level":"info","message":"Created client session 6456c0562774061ad685aa97","timestamp":"2026-05-08 04:38:47"}
{"level":"info","message":"Created client session c0ed74603f69d6fc7a5f65bf","timestamp":"2026-05-08 04:38:48"}
{"level":"info","message":"Created client session ef7f71d8444b6bb3bba1a195","timestamp":"2026-05-08 04:38:48"}
{"level":"info","message":"Created client session 844ab8064cb23a112c604c5c","timestamp":"2026-05-08 04:38:48"}
{"level":"info","message":"Created client session c86c48db709b678ca31dea4d","timestamp":"2026-05-08 04:38:48"}
{"level":"info","message":"Created client session 57af90f0b0bc001f64e13d96","timestamp":"2026-05-08 04:38:48"}
{"level":"info","message":"Created client session 6f181fd1721eefe4a8bc78b4","timestamp":"2026-05-08 04:38:48"}
{"level":"info","message":"Created client session d366a501b235a07b54e02261","timestamp":"2026-05-08 04:38:48"}
{"level":"info","message":"Created client session e0bcd9ed3129f0620fa8fd93","timestamp":"2026-05-08 04:38:48"}
{"level":"info","message":"Created client session 70e8f2d02c64529a8b72047e","timestamp":"2026-05-08 04:38:48"}
{"level":"info","message":"Created client session 919349ef26f1b6b105ae08be","timestamp":"2026-05-08 04:38:48"}
{"level":"info","message":"Created client session 728c022c5aa57bf8e06c8f82","timestamp":"2026-05-08 04:38:48"}
{"level":"info","message":"Created client session d176c6fedb6328e09e11f040","timestamp":"2026-05-08 04:38:49"}
{"level":"info","message":"Created client session e371983e7e0b76c0a11bed64","timestamp":"2026-05-08 04:38:49"}
{"level":"info","message":"Created client session 1000fd7ac8a0f8c8280880b9","timestamp":"2026-05-08 04:38:49"}
{"level":"info","message":"Created client session c07e6ad7a09e3ebc30b19f92","timestamp":"2026-05-08 04:38:49"}
{"level":"info","message":"Created client session 86c705e4e9451d6390c7aa37","timestamp":"2026-05-08 04:38:49"}
{"level":"info","message":"Created client session 34850d7f57be7e0a5e7a554d","timestamp":"2026-05-08 04:38:49"}
{"level":"info","message":"Created client session d34108caade51c71e89e1a8c","timestamp":"2026-05-08 04:38:49"}
{"level":"info","message":"Created client session 3544b24b945ba49046f1c7e9","timestamp":"2026-05-08 04:38:49"}
{"level":"info","message":"Created client session c317c5dfa2e9b5d5b56b611c","timestamp":"2026-05-08 04:38:49"}
{"level":"info","message":"Created client session 5f19a6887ebca1744e66a0c1","timestamp":"2026-05-08 04:38:49"}
{"level":"info","message":"Created client session f8c4ab1f5d92ddb405a7c1af","timestamp":"2026-05-08 04:38:50"}
{"level":"info","message":"Created client session c8f923aa19fd14aafb0a6cf8","timestamp":"2026-05-08 04:38:50"}
{"level":"info","message":"Created client session 464fe0ded48d2eb3dc3a9b00","timestamp":"2026-05-08 04:38:50"}
{"level":"info","message":"Created client session e74b52f4ebbe16d79d429ea0","timestamp":"2026-05-08 04:38:50"}
{"level":"info","message":"Created client session ed4b19ab2e441e65082bed92","timestamp":"2026-05-08 04:38:50"}
{"level":"info","message":"Created client session d9cada7f2f19324ef5a587ee","timestamp":"2026-05-08 04:38:50"}
{"level":"info","message":"Created client session 7e214c9f0437bae8026477a3","timestamp":"2026-05-08 04:38:50"}
{"level":"info","message":"Created client session 93679a757759c63b210132d5","timestamp":"2026-05-08 04:38:50"}
{"level":"info","message":"Created client session 5eb4cfcfa0b88c194f0efa72","timestamp":"2026-05-08 04:38:50"}
{"level":"info","message":"Created client session 52d9f871947e5758a636a3a6","timestamp":"2026-05-08 04:38:50"}
{"level":"info","message":"Created client session 4f02edbdd717985ec84299bd","timestamp":"2026-05-08 04:38:51"}
{"level":"info","message":"Created client session c9ccd8c47352292941fa864f","timestamp":"2026-05-08 04:38:51"}
{"level":"info","message":"Created client session 392fbd90d3513284f4082b20","timestamp":"2026-05-08 04:38:51"}
{"level":"info","message":"Created client session 3e4f47b6021fbffbfcff9fb5","timestamp":"2026-05-08 04:38:51"}
{"level":"info","message":"Created client session 6ec9ad6fbfe1da886c85f4bc","timestamp":"2026-05-08 04:38:51"}
{"level":"info","message":"Created client session 50e66c8fdbb72e79fb00e971","timestamp":"2026-05-08 04:38:51"}
{"level":"info","message":"Created client session 8f5edc816ceee66b2a544eb4","timestamp":"2026-05-08 04:38:51"}
{"level":"info","message":"Created client session fbb5cffcd4c82f885a0824bd","timestamp":"2026-05-08 04:38:51"}
{"level":"info","message":"Created client session bfa713291f756893c600a642","timestamp":"2026-05-08 04:38:51"}
{"level":"info","message":"Created client session 58e2a87419b80c39c2f61171","timestamp":"2026-05-08 04:38:51"}
{"level":"info","message":"Created client session c653d7e11bb689bed2867e21","timestamp":"2026-05-08 04:38:51"}
{"level":"info","message":"Created client session 736a85d5b20a1c8692c2ee52","timestamp":"2026-05-08 04:38:52"}
{"level":"info","message":"Created client session cec1ae87b376975c7cd7717a","timestamp":"2026-05-08 04:38:52"}
{"level":"info","message":"Created client session 4a419055a1435e0548babc17","timestamp":"2026-05-08 04:38:52"}
{"level":"info","message":"Created client session c09d4fe730b59e62601028dd","timestamp":"2026-05-08 04:38:52"}
{"level":"info","message":"Created client session db8a48bf4bb6c8820f1936ab","timestamp":"2026-05-08 04:38:52"}
{"level":"info","message":"Created client session af5c324110c48fc84518a146","timestamp":"2026-05-08 04:38:52"}
{"level":"info","message":"Created client session 6f3affef27fe3a9aadc9f42f","timestamp":"2026-05-08 04:38:52"}
{"level":"info","message":"Created client session eea7818110d8dbc947b9fcfb","timestamp":"2026-05-08 04:38:52"}
{"level":"info","message":"Created client session 73685f58536c85c264bdf507","timestamp":"2026-05-08 04:38:52"}
{"level":"info","message":"Created client session 448a67877c40bbc90fcb89f7","timestamp":"2026-05-08 04:38:52"}
{"level":"info","message":"Created client session 46c5cde11e01a287219c1239","timestamp":"2026-05-08 04:38:53"}
{"level":"info","message":"Created client session 1bb43853205a1c313e84bfd3","timestamp":"2026-05-08 04:38:53"}
{"level":"info","message":"Created client session ef05be58c0d852f38b7694c1","timestamp":"2026-05-08 04:38:53"}
{"level":"info","message":"Created client session c24bf2d43fce52bef0dbecb6","timestamp":"2026-05-08 04:38:53"}
{"level":"info","message":"Created client session 0e97ab10f8ec82a57625f20d","timestamp":"2026-05-08 04:38:53"}
{"level":"info","message":"Created client session 47da3aedd9d67f613fd3d7c9","timestamp":"2026-05-08 04:38:53"}
{"level":"info","message":"Created client session 9e07d4dfd61099466a69cb94","timestamp":"2026-05-08 04:38:53"}
{"level":"info","message":"Created client session 7e7946623a088841a0054a69","timestamp":"2026-05-08 04:38:53"}
{"level":"info","message":"Created client session f0fb9a08c3a10bc18cf36f73","timestamp":"2026-05-08 04:38:53"}
{"level":"info","message":"Created client session 89d00f3bd4086489c54e7e7e","timestamp":"2026-05-08 04:38:53"}
{"level":"info","message":"Created client session 5766bd3cac0014e11c947a12","timestamp":"2026-05-08 04:38:53"}
{"level":"info","message":"Created client session a9363b8386f1ee3a4ba8a0c8","timestamp":"2026-05-08 04:38:54"}
{"level":"info","message":"Created client session f24e8218a0bcfb88011238a4","timestamp":"2026-05-08 04:38:54"}
{"level":"info","message":"Created client session 2d0e274133cac39826a94fc5","timestamp":"2026-05-08 04:38:54"}
{"level":"info","message":"Created client session bd486a3a08ea20b39bb1974b","timestamp":"2026-05-08 04:38:54"}
{"level":"info","message":"Created client session f92e314baaeb6a189191b6e8","timestamp":"2026-05-08 04:38:54"}
{"level":"info","message":"Created client session acd114743b0f82a92325fde4","timestamp":"2026-05-08 04:38:54"}
{"level":"info","message":"Created client session 101623f0bc93abb1673f1061","timestamp":"2026-05-08 04:38:54"}
{"level":"info","message":"Created client session 708952b3aeb984f69562fa19","timestamp":"2026-05-08 04:38:54"}
{"level":"info","message":"Created client session 548f96eeca0f954da2001a53","timestamp":"2026-05-08 04:38:54"}
{"level":"info","message":"Created client session 69c64a63c646d0ddf3ea206b","timestamp":"2026-05-08 04:38:54"}
{"level":"info","message":"Created client session a82e3bc5eb77fce5e8b38987","timestamp":"2026-05-08 04:38:55"}
{"level":"info","message":"Created client session 3eb51cc8dd614a0bfade3e32","timestamp":"2026-05-08 04:38:55"}
{"level":"info","message":"Created client session 644e8201e35ff127861946b2","timestamp":"2026-05-08 04:38:55"}
{"level":"info","message":"Created client session b5aa57ffb8f745e3ded838a0","timestamp":"2026-05-08 04:38:55"}
{"level":"info","message":"Created client session a46e6c8a7af05a6b02ba51ad","timestamp":"2026-05-08 04:38:55"}
{"level":"info","message":"Created client session ee7e9fd670cac73034c8bd19","timestamp":"2026-05-08 04:38:55"}
{"level":"info","message":"Created client session 2af742e3437a7e4cf081a246","timestamp":"2026-05-08 04:38:55"}
{"level":"info","message":"Created client session 9f06f87316ed02294e6a658c","timestamp":"2026-05-08 04:38:55"}
{"level":"info","message":"Created client session 7bafd15abc787b9ed742244d","timestamp":"2026-05-08 04:38:55"}
{"level":"info","message":"Created client session de2e0bd9db071bfc2ca36992","timestamp":"2026-05-08 04:38:55"}
{"level":"info","message":"Created client session 092c6a2e98482fc2028ce47c","timestamp":"2026-05-08 04:38:55"}
{"level":"info","message":"Created client session 81fa82d1afb8a4b3e58ea5a2","timestamp":"2026-05-08 04:38:56"}
{"level":"info","message":"Created client session 7a6cec94a40f456ae1a3fe10","timestamp":"2026-05-08 04:38:56"}
{"level":"info","message":"Created client session 7e5a32e21102d026d9333dd7","timestamp":"2026-05-08 04:38:56"}
{"level":"info","message":"Created client session d2621b29e34c9d44fb731bbb","timestamp":"2026-05-08 04:38:56"}
{"level":"info","message":"Created client session bb8a6e841598b6772bc8d482","timestamp":"2026-05-08 04:38:56"}
{"level":"info","message":"Created client session 7d5e701e5fb2cadb2bded9e6","timestamp":"2026-05-08 04:38:56"}
{"level":"info","message":"Created client session 9aaea598db228809173b81b8","timestamp":"2026-05-08 04:38:56"}
{"level":"info","message":"Created client session cfcf64a2b91b7bac4eed789e","timestamp":"2026-05-08 04:38:56"}
{"level":"info","message":"Created client session 2969b995fa14d2f9d5e9f9db","timestamp":"2026-05-08 04:38:56"}
{"level":"info","message":"Created client session dd9b86902516025d3843235c","timestamp":"2026-05-08 04:38:56"}
{"level":"info","message":"Created client session 93f9348e311a8d475fb2bf44","timestamp":"2026-05-08 04:38:57"}
{"level":"info","message":"Created client session 1e6d314f166f230316422b1e","timestamp":"2026-05-08 04:38:57"}
{"level":"info","message":"Created client session c54bea24553f757c09448e88","timestamp":"2026-05-08 04:38:57"}
{"level":"info","message":"Created client session b2077ccd2051881a4e2381e0","timestamp":"2026-05-08 04:38:57"}
{"level":"info","message":"Created client session 9bba853f7a345da3819caa3a","timestamp":"2026-05-08 04:38:57"}
{"level":"info","message":"Created client session ee0a773bc0bb6b6461941d94","timestamp":"2026-05-08 04:38:57"}
{"level":"info","message":"Created client session f82fa9f98dc0a7264768a131","timestamp":"2026-05-08 04:38:57"}
{"level":"info","message":"Created client session 5a0ad4b3bc8fcda34cfbc4f4","timestamp":"2026-05-08 04:38:57"}
{"level":"info","message":"Created client session 9135bdaf6dbb8c3af739b5e9","timestamp":"2026-05-08 04:38:57"}
{"level":"info","message":"Created client session ee2eb899561a4a720aa20ae7","timestamp":"2026-05-08 04:38:57"}
{"level":"info","message":"Created client session 8e2e711eca2c7e0afbf5b725","timestamp":"2026-05-08 04:38:57"}
{"level":"info","message":"Created client session 8ee954170921536ba3e00bba","timestamp":"2026-05-08 04:38:58"}
{"level":"info","message":"Created client session c9ae32b7295e5f7bed300598","timestamp":"2026-05-08 04:38:58"}
{"level":"info","message":"Created client session e4d3be933f97911fd7e39623","timestamp":"2026-05-08 04:38:58"}
{"level":"info","message":"Created client session 7fd14aec16fbe3cd5eac367a","timestamp":"2026-05-08 04:38:58"}
{"level":"info","message":"Created client session 6ce34dc6ce81474e681a23aa","timestamp":"2026-05-08 04:38:58"}
{"level":"info","message":"Created client session 7a35c459d167441aa79f2682","timestamp":"2026-05-08 04:38:58"}
{"level":"info","message":"Created client session 20f1fa1d6e238d4c0e2c4a60","timestamp":"2026-05-08 04:38:58"}
{"level":"info","message":"Created client session 9ea181b59a801a346384f063","timestamp":"2026-05-08 04:38:58"}
{"level":"info","message":"Created client session 5662d0c61fea164ab851b4cb","timestamp":"2026-05-08 04:38:58"}
{"level":"info","message":"Created client session efd4b12759d4c39860b02c67","timestamp":"2026-05-08 04:38:58"}
{"level":"info","message":"Created client session c7a0888a22a7ea1259161852","timestamp":"2026-05-08 04:38:59"}
{"level":"info","message":"Created client session 074db9b60097ff935a9e0458","timestamp":"2026-05-08 04:38:59"}
{"level":"info","message":"Created client session 86ab5d52cb4e8bae547a9140","timestamp":"2026-05-08 04:38:59"}
{"level":"info","message":"Created client session 68d26d46c5c48e47f25d0142","timestamp":"2026-05-08 04:38:59"}
{"level":"info","message":"Created client session dfbaff7157e6761b61176e59","timestamp":"2026-05-08 04:38:59"}
{"level":"info","message":"Created client session ea73140ce1308d31bc063ca5","timestamp":"2026-05-08 04:38:59"}
{"level":"info","message":"Created client session 6d9e4ab678949e1eaa4cc8d6","timestamp":"2026-05-08 04:38:59"}
{"level":"info","message":"Created client session deca6f20aad76280db431505","timestamp":"2026-05-08 04:38:59"}
{"level":"info","message":"Created client session 6a4bf8214dfdee6e97d1ba4a","timestamp":"2026-05-08 04:38:59"}
{"level":"info","message":"Created client session bda2bea8228719e383b8c901","timestamp":"2026-05-08 04:38:59"}
{"level":"info","message":"Created client session 59534487b4a21adf7f9eba2c","timestamp":"2026-05-08 04:38:59"}
{"level":"info","message":"Created client session e9459cbf681a2cc6641065f5","timestamp":"2026-05-08 04:39:00"}
{"level":"info","message":"Created client session 1dede1c8232ecaac0b6ed280","timestamp":"2026-05-08 04:39:00"}
{"level":"info","message":"Created client session 5cd764cfbd6b1b48bde6170d","timestamp":"2026-05-08 04:39:00"}
{"level":"info","message":"Created client session c93558295fbb7f1a7aca17d5","timestamp":"2026-05-08 04:39:00"}
{"level":"info","message":"Created client session 2ff28ad9b9e6b272f453e4c7","timestamp":"2026-05-08 04:39:00"}
{"level":"info","message":"Created client session d907724a9e17ae8afdda8f68","timestamp":"2026-05-08 04:39:00"}
{"level":"info","message":"Created client session 056a25bc8ec9fce0625701d4","timestamp":"2026-05-08 04:39:00"}
{"level":"info","message":"Created client session 68ff05bd03ec044c079d5101","timestamp":"2026-05-08 04:39:00"}
{"level":"info","message":"Created client session a1afec83a55ea50c2400ad80","timestamp":"2026-05-08 04:39:00"}
{"level":"info","message":"Created client session 3fc793b03c49aadfc6db5787","timestamp":"2026-05-08 04:39:01"}
{"level":"info","message":"Created client session 194035a5604a88e45d4ed9f1","timestamp":"2026-05-08 04:39:01"}
{"level":"info","message":"Created client session 1fe06bf5fc7e146a869c4ae1","timestamp":"2026-05-08 04:39:01"}
{"level":"info","message":"Created client session cb1c8fc148eaf32b7559ae8e","timestamp":"2026-05-08 04:39:01"}
{"level":"info","message":"Created client session 8a5dfebe591d3155dcafe55f","timestamp":"2026-05-08 04:39:01"}
{"level":"info","message":"Created client session 8a459a63ed01f8577dbb74a0","timestamp":"2026-05-08 04:39:01"}
{"level":"info","message":"Created client session b60c45318a80063691f37d0b","timestamp":"2026-05-08 04:39:01"}
{"level":"info","message":"Created client session a7927ac4dedb27c6dd937643","timestamp":"2026-05-08 04:39:01"}
{"level":"info","message":"Created client session 20d21b2f30c284d4c2346f23","timestamp":"2026-05-08 04:39:01"}
{"level":"info","message":"Created client session 5c32b6b5e3c5509cc0f66113","timestamp":"2026-05-08 04:39:01"}
{"level":"info","message":"Created client session 85a2361727642a7d8b53390b","timestamp":"2026-05-08 04:39:02"}
{"level":"info","message":"Created client session 42835f153d62432151640731","timestamp":"2026-05-08 04:39:02"}
{"level":"info","message":"Created client session 49c61419af7d7a0700f1341f","timestamp":"2026-05-08 04:39:02"}
{"level":"info","message":"Created client session 0687d51510b5253e40901e9f","timestamp":"2026-05-08 04:39:02"}
{"level":"info","message":"Created client session 1db8c66f9cbb0853b519fa3b","timestamp":"2026-05-08 04:39:02"}
{"level":"info","message":"Created client session ebb0f0a2cc7a2711abb6398b","timestamp":"2026-05-08 04:39:02"}
{"level":"info","message":"Created client session f5425d36571391ffc13a85cb","timestamp":"2026-05-08 04:39:02"}
{"level":"info","message":"Created client session 08b12bb5f3509104c9b133cf","timestamp":"2026-05-08 04:39:02"}
{"level":"info","message":"Created client session 87a7cba8b428725b43c457fe","timestamp":"2026-05-08 04:39:02"}
{"level":"info","message":"Created client session 200266b7a98241a7fdbd949f","timestamp":"2026-05-08 04:39:02"}
{"level":"info","message":"Created client session c7f083bd4deb28e1ed5fc750","timestamp":"2026-05-08 04:39:02"}
{"level":"info","message":"Created client session 918ef6c67abdfb347a6b2eac","timestamp":"2026-05-08 04:39:03"}
{"level":"info","message":"Created client session 743f4752a9cfb0175d3535ca","timestamp":"2026-05-08 04:39:03"}
{"level":"info","message":"Created client session f910c274d318711228e59e63","timestamp":"2026-05-08 04:39:03"}
{"level":"info","message":"Created client session 61d204ecbdd032bf885aa88d","timestamp":"2026-05-08 04:39:03"}
{"level":"info","message":"Created client session 0239bd4415318f441f42bdbf","timestamp":"2026-05-08 04:39:03"}
{"level":"info","message":"Created client session 21084aabf7b594cadcf00a51","timestamp":"2026-05-08 04:39:03"}
{"level":"info","message":"Created client session 4a62d08e1921b3405bb5e81a","timestamp":"2026-05-08 04:39:03"}
{"level":"info","message":"Created client session 6b9c7b100aad2261a7e61f64","timestamp":"2026-05-08 04:39:03"}
{"level":"info","message":"Created client session a51237c92ca0335ac176a1b4","timestamp":"2026-05-08 04:39:03"}
{"level":"info","message":"Created client session 275c9a3107ddba92474742bf","timestamp":"2026-05-08 04:39:03"}
{"level":"info","message":"Created client session 6a84c11a90694dcba6eff061","timestamp":"2026-05-08 04:39:04"}
{"level":"info","message":"Created client session 305e04e3f7de3436f7c012ba","timestamp":"2026-05-08 04:39:04"}
{"level":"info","message":"Created client session 32069542b406d5b252bf3d88","timestamp":"2026-05-08 04:39:04"}
{"level":"info","message":"Created client session 6905dd5bbbeed8db6bfb8699","timestamp":"2026-05-08 04:39:04"}
{"level":"info","message":"Created client session c47dfcc598dc45e648f300f5","timestamp":"2026-05-08 04:39:04"}
{"level":"info","message":"Created client session 40146b2471b7ffac99eae736","timestamp":"2026-05-08 04:39:04"}
{"level":"info","message":"Created client session a660b74f50c3574a19b52f8b","timestamp":"2026-05-08 04:39:04"}
{"level":"info","message":"Created client session 3c459d1254b120d764e7294f","timestamp":"2026-05-08 04:39:04"}
{"level":"info","message":"Created client session 60e7e9be2d108a380d4c9b59","timestamp":"2026-05-08 04:39:04"}
{"level":"info","message":"Created client session 09fc76e6b726d9a2818d531c","timestamp":"2026-05-08 04:39:05"}
{"level":"info","message":"Created client session 3323a69b8ffa154f4b7eca96","timestamp":"2026-05-08 04:39:05"}
{"level":"info","message":"Created client session 758bb54a5bb72dc6798975f7","timestamp":"2026-05-08 04:39:05"}
{"level":"info","message":"Created client session 88a1862517e5c8d5d322927b","timestamp":"2026-05-08 04:39:05"}
{"level":"info","message":"Created client session da3036635f1d9c65a4d34260","timestamp":"2026-05-08 04:39:05"}
{"level":"info","message":"Created client session f4ca4cacd3d76be5544c4323","timestamp":"2026-05-08 04:39:05"}
{"level":"info","message":"Created client session 57c5f9bc43d73a32d6a6f14b","timestamp":"2026-05-08 04:39:05"}
{"level":"info","message":"Created client session df3fd36e51474859d7d41206","timestamp":"2026-05-08 04:39:05"}
{"level":"info","message":"Created client session 6cc510b33e324728cf185992","timestamp":"2026-05-08 04:39:05"}
{"level":"info","message":"Created client session 90d2773940823e907503cbf0","timestamp":"2026-05-08 04:39:05"}
{"level":"info","message":"Created client session 56fadebad6d4596c93721e1d","timestamp":"2026-05-08 04:39:05"}
{"level":"info","message":"Created client session 7d6384b59ca4b37d0776ba9b","timestamp":"2026-05-08 04:39:06"}
{"level":"info","message":"Created client session a0bd46dcdd6a4636bf3f3834","timestamp":"2026-05-08 04:39:06"}
{"level":"info","message":"Created client session aee42d851c18e01d3075662c","timestamp":"2026-05-08 04:39:06"}
{"level":"info","message":"Created client session 5deb3aee60c1b24abe35f986","timestamp":"2026-05-08 04:39:06"}
{"level":"info","message":"Created client session 95422e89d692fb80db275c7e","timestamp":"2026-05-08 04:39:06"}
{"level":"info","message":"Created client session 4c1189d9101c12b651efdce0","timestamp":"2026-05-08 04:39:06"}
{"level":"info","message":"Created client session e6662200d1ed934594421893","timestamp":"2026-05-08 04:39:57"}
{"level":"info","message":"Created client session 287ac3fdcc6dea5ef446b59b","timestamp":"2026-05-08 05:17:28"}
{"level":"info","message":"Created client session 2010d24fb6a97a1f800ef9fc","timestamp":"2026-05-08 05:17:38"}
{"level":"info","message":"Created client session 1606b4501690de6cfcfa1e5f","timestamp":"2026-05-08 05:17:40"}
{"level":"info","message":"Created client session 8016ebdc940c741cfdd7a493","timestamp":"2026-05-08 05:17:43"}
{"level":"info","message":"Created client session 5ac88a5cd0a6762fba4b8f36","timestamp":"2026-05-08 05:17:43"}
{"level":"info","message":"Created client session 3e22ba7f0a39b01c903e84a4","timestamp":"2026-05-08 05:17:43"}
{"level":"info","message":"Created client session 4774fd2dca6dbab2c4d32f3f","timestamp":"2026-05-08 05:17:43"}
{"level":"info","message":"Created client session 0c7c7743c1ca289c21275fbf","timestamp":"2026-05-08 05:17:55"}
{"level":"info","message":"Created client session a8fefb2d67d98fb1b831e85b","timestamp":"2026-05-08 05:17:56"}
{"level":"info","message":"Created client session 187c0d4fd17ec4c7b54d0a23","timestamp":"2026-05-08 05:18:05"}
{"level":"info","message":"Created client session c4378a1001fdbe9afb53cd52","timestamp":"2026-05-08 05:25:04"}
{"level":"info","message":"Created client session 07cd894a266f2a7852719598","timestamp":"2026-05-08 05:25:15"}
{"level":"info","message":"Created client session 6ca790bff8f3500f528b5284","timestamp":"2026-05-08 05:54:30"}
{"level":"info","message":"Created client session c4b0118aa936991cb43d7240","timestamp":"2026-05-08 06:00:54"}
{"level":"info","message":"Created client session 8c4e631ff03641b9c1c5ef78","timestamp":"2026-05-08 06:07:31"}
{"level":"info","message":"Created client session fac783394a75831d08873cd7","timestamp":"2026-05-08 06:10:19"}
{"level":"info","message":"Created client session 3eadbd3391eb20bb03212a55","timestamp":"2026-05-08 06:25:38"}
{"level":"info","message":"Created client session 42bf30de1de7b52703dc5a63","timestamp":"2026-05-08 06:46:58"}
{"level":"info","message":"Created client session db20e43840480ca3657a52bf","timestamp":"2026-05-08 06:55:24"}
{"level":"info","message":"Created client session 0212c5d0280ee1a47de41f21","timestamp":"2026-05-08 06:55:25"}
{"level":"info","message":"Created client session ac9c5b95a3ee936dc23dd69d","timestamp":"2026-05-08 06:55:25"}
{"level":"info","message":"Created client session 3b3b93a2d27de0333cb7fdf2","timestamp":"2026-05-08 06:55:25"}
{"level":"info","message":"Created client session 54ff52d994a9bf484bbc2574","timestamp":"2026-05-08 06:55:25"}
{"level":"info","message":"Created client session baff6c321b54e703dca1dd3b","timestamp":"2026-05-08 06:55:25"}
{"level":"info","message":"Created client session cf7c17d9be4bca762d85d1b4","timestamp":"2026-05-08 06:55:25"}
{"level":"info","message":"Created client session 41cce9f1d3301f34929cff22","timestamp":"2026-05-08 06:55:25"}
{"level":"info","message":"Created client session a1ad6a130f1d986c197e0a13","timestamp":"2026-05-08 06:55:25"}
{"level":"info","message":"Created client session 1596417b021f1fc75cd1b735","timestamp":"2026-05-08 06:55:25"}
{"level":"info","message":"Created client session c3f8f68a889630c61b7aece5","timestamp":"2026-05-08 06:55:25"}
{"level":"info","message":"Created client session a69f6cb699926a0796e707f0","timestamp":"2026-05-08 06:55:25"}
{"level":"info","message":"Created client session 19dca2c88e25a8c8740c17e5","timestamp":"2026-05-08 06:55:25"}
{"level":"info","message":"Created client session 0c1d1c4eb9db1b21d7e8d5a2","timestamp":"2026-05-08 06:55:25"}
{"level":"info","message":"Created client session 69b5a0bbdd9e1e1c493d05e1","timestamp":"2026-05-08 06:55:25"}
{"level":"info","message":"Created client session b240177f4c5d6d74fe7489b6","timestamp":"2026-05-08 06:55:25"}
{"level":"info","message":"Created client session 7e3e320468329131e0beb770","timestamp":"2026-05-08 06:55:25"}
{"level":"info","message":"Created client session b16853a8fd700238ca8ece4d","timestamp":"2026-05-08 06:55:25"}
{"level":"info","message":"Created client session 46782584f36499a63d56cdde","timestamp":"2026-05-08 06:55:25"}
{"level":"info","message":"Created client session 320f1950d3992e0561029144","timestamp":"2026-05-08 06:57:19"}
{"level":"info","message":"Created client session 293e650b088b9bc3102654f0","timestamp":"2026-05-08 07:00:55"}
{"level":"info","message":"Created client session f8c76891eabac201960fcc84","timestamp":"2026-05-08 07:00:55"}
{"level":"info","message":"Created client session ff19a6638d66117592ad3fbe","timestamp":"2026-05-08 07:01:47"}
{"level":"info","message":"Created client session 68d4e889fc41feb284061d5f","timestamp":"2026-05-08 07:16:17"}
{"level":"info","message":"Created client session 219f55e0476fab0071222528","timestamp":"2026-05-08 08:18:13"}
{"level":"info","message":"Created client session 27ea1d0cc371f0e0b98936e3","timestamp":"2026-05-08 08:28:18"}
{"level":"info","message":"Created client session db0f9c4267301e1cac0e1e82","timestamp":"2026-05-08 08:49:56"}
{"level":"info","message":"Created client session af3abce52e47c51e6822b9c3","timestamp":"2026-05-08 08:56:52"}
{"level":"info","message":"Created client session b97116101d66c388b84479da","timestamp":"2026-05-08 09:03:42"}
{"level":"info","message":"Created client session 87fc76c503d4d12da0ee1684","timestamp":"2026-05-08 09:17:21"}
{"level":"info","message":"Created client session 1cbf7dc2065d7cc9f76c5e2e","timestamp":"2026-05-08 09:20:15"}
{"level":"info","message":"Created client session 0b8b590476727cf5613ef097","timestamp":"2026-05-08 09:34:14"}
{"level":"info","message":"Created client session 2f3ea3e0ff3d0a7cdd1214a1","timestamp":"2026-05-08 09:53:53"}
{"level":"info","message":"Created client session 2329b125129f1efb027860a8","timestamp":"2026-05-08 10:17:59"}
{"level":"info","message":"Created client session 15ece1672f248d17ee1e67c9","timestamp":"2026-05-08 10:20:41"}
{"level":"info","message":"Created client session a7031f51ec47006b77048302","timestamp":"2026-05-08 10:25:11"}
{"level":"info","message":"Created client session 53d9ed52b69c71b06e2b23d3","timestamp":"2026-05-08 10:33:39"}
{"level":"info","message":"Created client session f0a7a48d87c43a015183409b","timestamp":"2026-05-08 11:16:43"}
{"level":"info","message":"Created client session 33d53128fd470096fc7f994c","timestamp":"2026-05-08 11:28:09"}
{"level":"info","message":"Created client session b924578b01aed0b76c073613","timestamp":"2026-05-08 11:37:45"}
{"level":"info","message":"Created client session d06ba7c32617240ec6f06df7","timestamp":"2026-05-08 11:52:22"}
{"level":"info","message":"Created client session 4aad02045e62819c6af51f6d","timestamp":"2026-05-08 11:52:52"}
{"level":"info","message":"Created client session 7c84f0c99df45ac40c68361e","timestamp":"2026-05-08 12:01:57"}
{"level":"info","message":"Created client session cfe3b1f06604f58bae25b505","timestamp":"2026-05-08 12:01:57"}
{"level":"info","message":"Created client session 903167b50047c530c9b61bbb","timestamp":"2026-05-08 13:00:07"}
{"level":"info","message":"Created client session 6b298cbea864366be70292a7","timestamp":"2026-05-08 13:03:02"}
{"level":"info","message":"Created client session 3554a7e1a78b08dee7b1fbe7","timestamp":"2026-05-08 13:03:44"}
{"level":"info","message":"Created client session 90c6a1fd98ea8c3f96c2fa31","timestamp":"2026-05-08 13:05:20"}
{"level":"info","message":"Created client session 381a5352dcf3bfd3fa15b661","timestamp":"2026-05-08 13:47:20"}
{"level":"info","message":"Created client session 5b7a3856d6af89afd6d1209f","timestamp":"2026-05-08 14:14:00"}
{"level":"info","message":"Created client session 6da977a09d726b22437c0439","timestamp":"2026-05-08 14:18:11"}
{"level":"info","message":"Created client session 127196c30f7fd827a5c8037b","timestamp":"2026-05-08 14:46:53"}
{"level":"info","message":"Created client session 09b565888819f5110b8e2135","timestamp":"2026-05-08 14:50:28"}
{"level":"info","message":"Created client session ec45e3bf6ca1890ac9e176e5","timestamp":"2026-05-08 14:56:44"}
{"level":"info","message":"Created client session a9ffb420e4a31c4691a1f109","timestamp":"2026-05-08 14:59:12"}
{"ip":"38.143.253.121","level":"warn","message":"User authentication failed for user Gamemaster; invalid password","session":"a9ffb420e4a31c4691a1f109","status":401,"timestamp":"2026-05-08 14:59:26"}
{"ip":"38.143.253.121","level":"info","message":"User authentication successful for user Gamemaster","session":"a9ffb420e4a31c4691a1f109","timestamp":"2026-05-08 14:59:30"}
{"level":"info","message":"Core software stable update 14.361 is available!","timestamp":"2026-05-08 14:59:32"}
{"level":"info","message":"No system update for Delta Green: The Role-Playing Game is currently available.","timestamp":"2026-05-08 14:59:32"}
{"level":"info","message":"Vended World data to User [aFXBIYID8O38Ue0X] in 696ms","timestamp":"2026-05-08 14:59:32"}
{"level":"info","message":"Created client session ff0b8ffd8f7e7e2293af6fd6","timestamp":"2026-05-08 15:01:48"}
{"level":"info","message":"Created client session 1bf022dad05809f2f38cfb97","timestamp":"2026-05-08 15:06:45"}
{"level":"info","message":"Created client session fadd720a361db8acbfb67606","timestamp":"2026-05-08 15:07:31"}
{"level":"info","message":"Created client session 7056a90eac2b95cf9e6f8e5a","timestamp":"2026-05-08 15:18:53"}
{"level":"info","message":"Created client session 4f04b3d79f680715abaa3fde","timestamp":"2026-05-08 15:18:57"}
{"level":"info","message":"Created client session 5d31b2644eedbec61184195b","timestamp":"2026-05-08 15:30:08"}
{"level":"info","message":"Created client session 78b366ec87cd9b37527efc4f","timestamp":"2026-05-08 15:50:09"}
{"level":"info","message":"Created client session 26c0fa27f0d117980ad04c43","timestamp":"2026-05-08 16:09:02"}
{"level":"info","message":"Created client session 6bcbec395e9f3243e0ca3018","timestamp":"2026-05-08 16:30:13"}
{"level":"info","message":"Created client session ad00cd88956695e764f1a15d","timestamp":"2026-05-08 16:30:13"}
{"level":"info","message":"Created client session 9972e417be3af7f0e32591b5","timestamp":"2026-05-08 16:30:16"}
{"level":"info","message":"Created client session 10a9cfc7b8770eb23af20594","timestamp":"2026-05-08 16:33:10"}
{"level":"info","message":"Created client session 44c6fe13262bd495671334a2","timestamp":"2026-05-08 16:33:25"}
{"level":"info","message":"Created client session 11a18e800406accce6645e34","timestamp":"2026-05-08 16:33:48"}
{"level":"info","message":"Created client session 8e70e0d1b82c4bc5247a8dbd","timestamp":"2026-05-08 16:33:56"}
{"level":"info","message":"Created client session 2e3e30018368715557249824","timestamp":"2026-05-08 16:49:15"}
{"level":"info","message":"Created client session 7116d5620f7e0ae34047aae0","timestamp":"2026-05-08 16:49:16"}
{"level":"info","message":"Created client session ef20717617031d99677b13e6","timestamp":"2026-05-08 16:49:18"}
{"level":"info","message":"Created client session 25635b6849cbd1562de1e4e5","timestamp":"2026-05-08 16:50:38"}
{"level":"info","message":"Created client session bcb081932d434d704ac4d52a","timestamp":"2026-05-08 16:52:25"}
{"level":"info","message":"Created client session 61afe9a0ab9c7eef349be945","timestamp":"2026-05-08 17:06:53"}
{"level":"info","message":"Created client session f20421b0acaa263215c78ef1","timestamp":"2026-05-08 17:09:46"}
{"level":"info","message":"Created client session 7f5562b14e39aca24b95b620","timestamp":"2026-05-08 17:16:38"}
{"level":"info","message":"Created client session 745c5f3135a08b8d15b86d90","timestamp":"2026-05-08 17:41:21"}
{"level":"info","message":"Created client session 9fc124c7c873c45a12443cc1","timestamp":"2026-05-08 17:41:56"}
{"level":"info","message":"Created client session d2ab9fd91162108b4b56f325","timestamp":"2026-05-08 18:25:41"}
{"level":"info","message":"Created client session 5e3ca16d6fc810aa6220dbd6","timestamp":"2026-05-08 18:31:10"}
{"level":"info","message":"Created client session 3995f189ccc54faafb54a111","timestamp":"2026-05-08 18:31:12"}
{"level":"info","message":"Created client session 8d141ba19c573d8269811e09","timestamp":"2026-05-08 18:42:12"}
{"level":"info","message":"Created client session 86125dc6ab24e85db833d102","timestamp":"2026-05-08 18:46:36"}
{"level":"info","message":"Created client session ed01522512240e31c0564668","timestamp":"2026-05-08 18:49:56"}
{"level":"info","message":"Created client session 105fe6493528ec94fe02e4a3","timestamp":"2026-05-08 19:02:02"}
{"level":"info","message":"Created client session ea5b17a931d2558044e7f360","timestamp":"2026-05-08 19:15:42"}
{"level":"info","message":"Created client session c8f25dad91eb016a7dfe004f","timestamp":"2026-05-08 19:47:52"}
{"level":"info","message":"Created client session a9aff32516f3b6acb6e9083d","timestamp":"2026-05-08 20:12:20"}
{"level":"info","message":"Created client session 54c01881f11a187dd456e421","timestamp":"2026-05-08 20:28:33"}
{"level":"info","message":"Created client session 6172d56dbfb6479e9ac4aff1","timestamp":"2026-05-08 20:28:55"}
{"level":"info","message":"Logged user aFXBIYID8O38Ue0X out of active World","timestamp":"2026-05-08 21:38:42"}
{"level":"info","message":"Created client session 7940697da50983f3cdffb6a5","timestamp":"2026-05-08 22:20:46"}
{"level":"info","message":"Created client session b8a350354021d45194781764","timestamp":"2026-05-08 22:24:46"}
{"level":"info","message":"Created client session 0ed039c7b135b03d229f502e","timestamp":"2026-05-08 22:54:55"}
{"level":"info","message":"Created client session 388e9eace339d4b118cd22e1","timestamp":"2026-05-08 22:54:56"}
{"level":"info","message":"Created client session 8bb2a5de61636209ab4954a9","timestamp":"2026-05-08 23:06:39"}
{"level":"info","message":"Created client session 0f863f95436515f0ffbc54dd","timestamp":"2026-05-08 23:06:39"}
{"level":"info","message":"Created client session 12b0eeb629ec225af7754f65","timestamp":"2026-05-08 23:21:31"}
{"level":"info","message":"Created client session de257bd60239a65fd5b9287a","timestamp":"2026-05-08 23:30:03"}
{"level":"info","message":"Created client session e967fee88588d6d890dc424b","timestamp":"2026-05-08 23:50:21"}
{"level":"info","message":"Created client session a7b71bf0f186764070642439","timestamp":"2026-05-08 23:52:41"}
{"level":"info","message":"Created client session 577366ed7b4128da3e34f8b3","timestamp":"2026-05-08 23:52:45"}
