{"level":"info","message":"Created client session 2723e14e5319d2e6eca8b94b","timestamp":"2026-05-21 00:24:35"}
{"level":"info","message":"Created client session bb1ef98c457378c6447147ee","timestamp":"2026-05-21 00:25:28"}
{"level":"info","message":"Created client session 3fb2a467a19a64b92aa29cfd","timestamp":"2026-05-21 00:29:15"}
{"level":"info","message":"Created client session 0f001075c51e02ddb316cacc","timestamp":"2026-05-21 00:31:24"}
{"level":"info","message":"Created client session 3ba8e3839b6ca014da54cf72","timestamp":"2026-05-21 00:32:56"}
{"level":"info","message":"Created client session 09885594a7e473e980447588","timestamp":"2026-05-21 00:34:01"}
{"level":"info","message":"Created client session 9814cdad583d75034671e3d9","timestamp":"2026-05-21 00:34:50"}
{"level":"info","message":"Created client session 5d8588539feeee8206c0774d","timestamp":"2026-05-21 00:36:42"}
{"level":"info","message":"Created client session 0db1f0feddb48179f9d0d767","timestamp":"2026-05-21 00:37:12"}
{"level":"info","message":"Created client session a4181d38c90f00385d193f7e","timestamp":"2026-05-21 00:37:12"}
{"level":"info","message":"Created client session 8fe07e33444898b49fdf4fc7","timestamp":"2026-05-21 00:37:13"}
{"level":"info","message":"Created client session 0095a8dc9fac5c7c0b196949","timestamp":"2026-05-21 00:37:35"}
{"level":"info","message":"Created client session d1be1f7f7cb0f47116e72b65","timestamp":"2026-05-21 00:37:59"}
{"level":"info","message":"Created client session 1f3c197bd013658a55164260","timestamp":"2026-05-21 00:38:15"}
{"level":"info","message":"Created client session 24ad3e0c77c1ea7ff1959261","timestamp":"2026-05-21 00:39:19"}
{"level":"info","message":"Created client session 04481c3bd80047187a0f9dd9","timestamp":"2026-05-21 00:40:23"}
{"level":"info","message":"Created client session 1cf9b8f8891b896a2a193dda","timestamp":"2026-05-21 00:40:52"}
{"level":"info","message":"Created client session 4a09df1dc5e120c3e5a9d41d","timestamp":"2026-05-21 00:41:28"}
{"level":"info","message":"Created client session 3c10a603ff53af3bb816c629","timestamp":"2026-05-21 00:41:47"}
{"level":"info","message":"Created client session fc5b8ec32f96e882a69fdd98","timestamp":"2026-05-21 00:42:12"}
{"level":"info","message":"Created client session 13c1f7a93ab6273f1cc3b0e5","timestamp":"2026-05-21 00:42:37"}
{"level":"info","message":"Created client session 2afc9d6e7b57017815bc2e0d","timestamp":"2026-05-21 01:01:20"}
{"level":"info","message":"Created client session f944648dc1a7a64e968357fd","timestamp":"2026-05-21 01:01:20"}
{"level":"info","message":"Created client session 474c5fcd9a9723bf4107fa46","timestamp":"2026-05-21 01:06:02"}
{"level":"info","message":"Created client session bf17d1a852d5378f8f4b688b","timestamp":"2026-05-21 01:11:10"}
{"level":"info","message":"Created client session e54bb5a294b4b83963a95816","timestamp":"2026-05-21 01:13:41"}
{"level":"info","message":"Created client session 7d2a1b91aa6a24e268c54bb1","timestamp":"2026-05-21 01:16:50"}
{"level":"info","message":"Created client session 9d9268cd3745f255c1c4e0ab","timestamp":"2026-05-21 01:22:10"}
{"level":"info","message":"Created client session c075558212f7cb1e6b789f57","timestamp":"2026-05-21 01:27:13"}
{"level":"info","message":"Created client session fef10722deb640959606e7c9","timestamp":"2026-05-21 01:27:22"}
{"level":"info","message":"Created client session e2ecc96d4ee8ab20f9b9c264","timestamp":"2026-05-21 01:30:12"}
{"level":"info","message":"Created client session c22d434f265c3430a07a916b","timestamp":"2026-05-21 01:30:12"}
{"level":"info","message":"Created client session 70ab9f5a75a789cb9cd3ecda","timestamp":"2026-05-21 01:30:12"}
{"level":"info","message":"Created client session 1a2069052be227acd113759f","timestamp":"2026-05-21 01:30:12"}
{"level":"info","message":"Created client session f84cc32e35dc53506dc5f089","timestamp":"2026-05-21 01:30:12"}
{"level":"info","message":"Created client session e1b4ab6334c175ef4c0c46a4","timestamp":"2026-05-21 01:30:12"}
{"level":"info","message":"Created client session 2162d5e3eebcb9b45e3dc00a","timestamp":"2026-05-21 01:30:12"}
{"level":"info","message":"Created client session 19b965c9e9fa2f8680a63fa0","timestamp":"2026-05-21 01:30:13"}
{"level":"info","message":"Created client session 649755e9232a5b0a9d71244d","timestamp":"2026-05-21 01:30:13"}
{"level":"info","message":"Created client session 8ed68c08577aeeeb0b6421dd","timestamp":"2026-05-21 01:30:13"}
{"level":"info","message":"Created client session f351dabcefd9166698026107","timestamp":"2026-05-21 01:30:13"}
{"level":"info","message":"Created client session 1547e0f56e5fe1bb910fa64e","timestamp":"2026-05-21 01:30:13"}
{"level":"info","message":"Created client session 576892eeb75037b6030a24a9","timestamp":"2026-05-21 01:30:13"}
{"level":"info","message":"Created client session 756c505f7f8f829119ce0e42","timestamp":"2026-05-21 01:30:14"}
{"level":"info","message":"Created client session 9bed05e1337cec50290c65dc","timestamp":"2026-05-21 01:30:14"}
{"level":"info","message":"Created client session ec4bbed5e8f68cc777e6edd4","timestamp":"2026-05-21 01:30:14"}
{"level":"info","message":"Created client session 59136fae9bf32c139f9e5936","timestamp":"2026-05-21 01:30:14"}
{"level":"info","message":"Created client session 1fdbc37ddcb2fc079a6c4847","timestamp":"2026-05-21 01:30:14"}
{"level":"info","message":"Created client session 68041dfafb5a26c104c3b195","timestamp":"2026-05-21 01:30:14"}
{"level":"info","message":"Created client session 2011c99ea5f3990f73b7444e","timestamp":"2026-05-21 01:30:14"}
{"level":"info","message":"Created client session fe507f8b3620d657d54894ff","timestamp":"2026-05-21 01:30:14"}
{"level":"info","message":"Created client session 9107892ae87a79e72a9e09ea","timestamp":"2026-05-21 01:30:15"}
{"level":"info","message":"Created client session a751a31010be3084d89690c3","timestamp":"2026-05-21 01:30:15"}
{"level":"info","message":"Created client session 55e4842f5ccde36fc920942a","timestamp":"2026-05-21 01:30:15"}
{"level":"info","message":"Created client session 18f41d1d01e08783ed4195e9","timestamp":"2026-05-21 01:30:15"}
{"level":"info","message":"Created client session 6c870a927ef1f26e959bb050","timestamp":"2026-05-21 01:30:15"}
{"level":"info","message":"Created client session ae131f485ad1e0d6e3b278ce","timestamp":"2026-05-21 01:30:15"}
{"level":"info","message":"Created client session 05ceb5dfd18b69345a64d295","timestamp":"2026-05-21 01:30:15"}
{"level":"info","message":"Created client session f6508a2313587be48d8bc092","timestamp":"2026-05-21 01:30:15"}
{"level":"info","message":"Created client session 71d907adc00c806427dc7a33","timestamp":"2026-05-21 01:30:16"}
{"level":"info","message":"Created client session eff82255a61e3904a56bc30a","timestamp":"2026-05-21 01:30:16"}
{"level":"info","message":"Created client session c6776a9f7290101fb5f90357","timestamp":"2026-05-21 01:30:16"}
{"level":"info","message":"Created client session 179609cce09b4cb9caf730db","timestamp":"2026-05-21 01:30:16"}
{"level":"info","message":"Created client session 07b1fa18d71eb4ff95729ad5","timestamp":"2026-05-21 01:30:16"}
{"level":"info","message":"Created client session 2741f051234f0748e64799a6","timestamp":"2026-05-21 01:30:16"}
{"level":"info","message":"Created client session b3c05c198f34ae1fa7e34fe4","timestamp":"2026-05-21 01:30:16"}
{"level":"info","message":"Created client session e58051090abf2a7290dac9e9","timestamp":"2026-05-21 01:30:16"}
{"level":"info","message":"Created client session 9d9fdffbedb309831edcdc60","timestamp":"2026-05-21 01:30:17"}
{"level":"info","message":"Created client session 57d55b5d074b81d1f368dc5b","timestamp":"2026-05-21 01:30:17"}
{"level":"info","message":"Created client session 96db622b4fcda32407212461","timestamp":"2026-05-21 01:30:17"}
{"level":"info","message":"Created client session 1c6a7932a574a44775d42227","timestamp":"2026-05-21 01:30:17"}
{"level":"info","message":"Created client session 83db7afa5ccae5ee3b294caf","timestamp":"2026-05-21 01:30:17"}
{"level":"info","message":"Created client session 36cdd8eee0d5b30be5c5d5d5","timestamp":"2026-05-21 01:30:17"}
{"level":"info","message":"Created client session 9f9d917120dd1239f6de0bdb","timestamp":"2026-05-21 01:30:17"}
{"level":"info","message":"Created client session 98d24c26dd70c40934a89683","timestamp":"2026-05-21 01:30:17"}
{"level":"info","message":"Created client session b55e85f4ed84911459adc815","timestamp":"2026-05-21 01:30:18"}
{"level":"info","message":"Created client session 6f9d795b8af2cd51b448a6c7","timestamp":"2026-05-21 01:30:18"}
{"level":"info","message":"Created client session 5a5c246550c49b67be3405bb","timestamp":"2026-05-21 01:30:18"}
{"level":"info","message":"Created client session 198fde7f3e95d3e717902641","timestamp":"2026-05-21 01:30:18"}
{"level":"info","message":"Created client session 8663bd429face555b5b1ce05","timestamp":"2026-05-21 01:30:18"}
{"level":"info","message":"Created client session 44fd2b977b3b87a2ed279efe","timestamp":"2026-05-21 01:30:18"}
{"level":"info","message":"Created client session f9d3ccdb0ea0360e6f087f8c","timestamp":"2026-05-21 01:30:18"}
{"level":"info","message":"Created client session 971b5d8f69cf46bd85ca02c0","timestamp":"2026-05-21 01:30:18"}
{"level":"info","message":"Created client session a44bb51c0d1031b7f4463110","timestamp":"2026-05-21 01:30:19"}
{"level":"info","message":"Created client session 325032a3d4a17514e7aee811","timestamp":"2026-05-21 01:30:19"}
{"level":"info","message":"Created client session fdbdf2364984f8c1c52e1a71","timestamp":"2026-05-21 01:30:19"}
{"level":"info","message":"Created client session 2f0443b28d603620f4515695","timestamp":"2026-05-21 01:30:19"}
{"level":"info","message":"Created client session 014de065c5e6a75272d30153","timestamp":"2026-05-21 01:30:19"}
{"level":"info","message":"Created client session b30294526ea0cc774cfe5c05","timestamp":"2026-05-21 01:30:29"}
{"level":"info","message":"Created client session 04b4939eeccb5451b50c98f8","timestamp":"2026-05-21 01:52:15"}
{"level":"info","message":"Created client session 907984d19ae01d8990acf682","timestamp":"2026-05-21 01:55:34"}
{"level":"info","message":"Created client session b1c10deb002484f5c6255b34","timestamp":"2026-05-21 01:55:44"}
{"level":"info","message":"Created client session be001fd33dd2cf2abb7d8cde","timestamp":"2026-05-21 01:57:34"}
{"level":"info","message":"Created client session 9c782d34c80c58abdecb7051","timestamp":"2026-05-21 01:59:16"}
{"level":"info","message":"Created client session 65ac65aa2774aa7e14bdea64","timestamp":"2026-05-21 02:09:04"}
{"level":"info","message":"Created client session a307a4f9643eb5af8e10a3f7","timestamp":"2026-05-21 02:32:44"}
{"level":"info","message":"Created client session 5367e3985baaadbbd2dc796a","timestamp":"2026-05-21 02:41:07"}
{"level":"info","message":"Created client session 335360ea7869bb8a7fb25b45","timestamp":"2026-05-21 02:59:56"}
{"level":"info","message":"Created client session 38cb37b1963c78c18fa91e75","timestamp":"2026-05-21 03:01:24"}
{"level":"info","message":"Created client session 6de24aaf111c5da63b9c8139","timestamp":"2026-05-21 03:10:09"}
{"level":"info","message":"Created client session 32e20fbd24088ae7117858af","timestamp":"2026-05-21 03:18:53"}
{"level":"info","message":"Created client session 731ef30bb961fc36658bafb4","timestamp":"2026-05-21 03:18:53"}
{"level":"info","message":"Created client session d019e0f325cf452e97e185b2","timestamp":"2026-05-21 03:18:53"}
{"level":"info","message":"Created client session 893dada91a44517a4bbee9b7","timestamp":"2026-05-21 03:23:09"}
{"level":"info","message":"Created client session 64885729bea848c7cc334796","timestamp":"2026-05-21 03:23:09"}
{"level":"info","message":"Created client session a17b2339d83107dada9f87e9","timestamp":"2026-05-21 03:23:10"}
{"level":"info","message":"Created client session 8ba70c351b933fe8c22888cb","timestamp":"2026-05-21 03:27:08"}
{"level":"info","message":"Created client session 4e83b6b58538792febe15221","timestamp":"2026-05-21 03:37:29"}
{"level":"info","message":"Created client session ac97085b507cb26156a65d49","timestamp":"2026-05-21 04:00:22"}
{"level":"info","message":"Created client session c612d07cb35c6017780ddbf2","timestamp":"2026-05-21 04:13:07"}
{"level":"info","message":"Created client session 31574391349e85066f9b70db","timestamp":"2026-05-21 04:14:41"}
{"level":"info","message":"Created client session afe5ad91d874c8be79c22c1e","timestamp":"2026-05-21 04:14:42"}
{"level":"info","message":"Created client session 9489f57c0bd18e061fee712e","timestamp":"2026-05-21 04:50:01"}
{"level":"info","message":"Created client session e50f9cc06b14798c5f1b63d2","timestamp":"2026-05-21 04:50:01"}
{"level":"info","message":"Created client session 01cacf1b62958deba2a08578","timestamp":"2026-05-21 04:50:09"}
{"level":"info","message":"Created client session 28ffee85350aa7014f400c99","timestamp":"2026-05-21 04:57:07"}
{"level":"info","message":"Created client session 77fdd16bd70bcbaa1e541e3e","timestamp":"2026-05-21 04:57:15"}
{"level":"info","message":"Created client session b99d30971b6a26da873a1633","timestamp":"2026-05-21 04:57:15"}
{"level":"info","message":"Created client session edfd7e727b2f5f80f9888e1a","timestamp":"2026-05-21 04:57:16"}
{"level":"info","message":"Created client session 4832cf2294c194e5a275a361","timestamp":"2026-05-21 04:57:32"}
{"level":"info","message":"Created client session 8eb9cdcd128e761dea81b5e2","timestamp":"2026-05-21 04:57:41"}
{"level":"info","message":"Created client session 027ff6cc934cc38d65d5338a","timestamp":"2026-05-21 04:57:41"}
{"level":"info","message":"Created client session a862e504894e2834f5838527","timestamp":"2026-05-21 04:57:41"}
{"level":"info","message":"Created client session d1e7f6cee7f9673943a31f0d","timestamp":"2026-05-21 05:09:18"}
{"level":"info","message":"Created client session a5e7f520f9e96c8304e786f8","timestamp":"2026-05-21 05:19:27"}
{"level":"info","message":"Created client session 0998a51aef5b908b74093f32","timestamp":"2026-05-21 05:19:42"}
{"level":"info","message":"Created client session 5abd4ed9c8645c1ce1d22dd7","timestamp":"2026-05-21 05:52:18"}
{"level":"info","message":"Created client session 2a77b680072c864ccdef58f0","timestamp":"2026-05-21 05:52:18"}
{"level":"info","message":"Created client session 277e9483638f59036800859e","timestamp":"2026-05-21 05:52:18"}
{"level":"info","message":"Created client session 9325a9a16ec5d337a78e4a85","timestamp":"2026-05-21 05:52:18"}
{"level":"info","message":"Created client session d0aa843d82a7ca78a882087d","timestamp":"2026-05-21 05:52:18"}
{"level":"info","message":"Created client session dfac82c878dbf71fe04b8e44","timestamp":"2026-05-21 05:52:18"}
{"level":"info","message":"Created client session 130cbe4f34b6d10dd1ee384a","timestamp":"2026-05-21 05:52:19"}
{"level":"info","message":"Created client session 85a5532ff2e1d1b58946a10c","timestamp":"2026-05-21 05:52:19"}
{"level":"info","message":"Created client session b8407883d7d426d8bcc3bbff","timestamp":"2026-05-21 05:52:19"}
{"level":"info","message":"Created client session 3771397ac84c16bfe8522980","timestamp":"2026-05-21 05:52:19"}
{"level":"info","message":"Created client session e8c928214105c4e3b2d4fb77","timestamp":"2026-05-21 05:52:19"}
{"level":"info","message":"Created client session 7055580be95a040089f1a450","timestamp":"2026-05-21 05:52:19"}
{"level":"info","message":"Created client session 07b2df750a76d4e317ea0fad","timestamp":"2026-05-21 05:52:20"}
{"level":"info","message":"Created client session e0b8442087db60fdb3ac8940","timestamp":"2026-05-21 05:52:20"}
{"level":"info","message":"Created client session 5a9ced6c1d680460f6994b81","timestamp":"2026-05-21 05:52:20"}
{"level":"info","message":"Created client session 4c01b43c341a066b51ac6b89","timestamp":"2026-05-21 05:52:20"}
{"level":"info","message":"Created client session c0f56347a56e4338fa3cfb5f","timestamp":"2026-05-21 05:52:20"}
{"level":"info","message":"Created client session b9f8eb224f598a2d13f65295","timestamp":"2026-05-21 05:52:20"}
{"level":"info","message":"Created client session 1f48d6779eff4efe6582af97","timestamp":"2026-05-21 05:52:20"}
{"level":"info","message":"Created client session c2d4cbb48d237f81022021a4","timestamp":"2026-05-21 05:52:20"}
{"level":"info","message":"Created client session 13d9385de7ebe7045b2890b6","timestamp":"2026-05-21 05:52:21"}
{"level":"info","message":"Created client session 642e49730b723410eb408393","timestamp":"2026-05-21 05:52:21"}
{"level":"info","message":"Created client session 4443d95fe508e31b01b70a0a","timestamp":"2026-05-21 05:52:21"}
{"level":"info","message":"Created client session 86e97bd1698925ec29a5e435","timestamp":"2026-05-21 05:52:21"}
{"level":"info","message":"Created client session 5768c8fa58bfac5f6cbfc195","timestamp":"2026-05-21 05:52:21"}
{"level":"info","message":"Created client session 08b3697e99d6607cd54437ce","timestamp":"2026-05-21 05:52:21"}
{"level":"info","message":"Created client session 097d8ed55abf15be17fc6691","timestamp":"2026-05-21 05:52:21"}
{"level":"info","message":"Created client session 9afdb4052f7a8526ab795bb2","timestamp":"2026-05-21 05:52:21"}
{"level":"info","message":"Created client session b184b0375a2586ee4b0bfa29","timestamp":"2026-05-21 05:52:22"}
{"level":"info","message":"Created client session 5d1464daa54a8cc4cf0ec1a5","timestamp":"2026-05-21 05:52:22"}
{"level":"info","message":"Created client session 7a3e11c1dd91b6c7d4942468","timestamp":"2026-05-21 05:52:22"}
{"level":"info","message":"Created client session f1037cf0601e9ef255f348ea","timestamp":"2026-05-21 05:52:22"}
{"level":"info","message":"Created client session b10ff87fc319a84eaa568069","timestamp":"2026-05-21 05:52:22"}
{"level":"info","message":"Created client session caf83b9c693dc4923105f56c","timestamp":"2026-05-21 05:52:22"}
{"level":"info","message":"Created client session 5bbf76ae6da752ab517032bb","timestamp":"2026-05-21 05:52:22"}
{"level":"info","message":"Created client session 4e74b8ea9676e9e3869cda7e","timestamp":"2026-05-21 05:52:22"}
{"level":"info","message":"Created client session b8ba6badb02c1f76c7259339","timestamp":"2026-05-21 05:52:23"}
{"level":"info","message":"Created client session d851383049d12e30aa42d154","timestamp":"2026-05-21 05:52:23"}
{"level":"info","message":"Created client session 886aa43fbfeb7d29e16d5070","timestamp":"2026-05-21 05:52:23"}
{"level":"info","message":"Created client session 0b4bc5016b0e2bf60fffbf06","timestamp":"2026-05-21 05:52:23"}
{"level":"info","message":"Created client session 86419bb2d72c6e26dd04510f","timestamp":"2026-05-21 05:52:23"}
{"level":"info","message":"Created client session 9a153a80f80fa9148cc40507","timestamp":"2026-05-21 05:52:23"}
{"level":"info","message":"Created client session dba2baca2f6a4a7d7235fdb3","timestamp":"2026-05-21 05:52:23"}
{"level":"info","message":"Created client session c822eaa3ae06fa90eb760ffe","timestamp":"2026-05-21 05:52:24"}
{"level":"info","message":"Created client session 8c83c8378c8c5e254766d29f","timestamp":"2026-05-21 05:52:24"}
{"level":"info","message":"Created client session 3a6200414331d053a5d677f7","timestamp":"2026-05-21 05:52:24"}
{"level":"info","message":"Created client session 167fbaf4f0ad66254e9baf3a","timestamp":"2026-05-21 05:52:24"}
{"level":"info","message":"Created client session 4b1dffbd34131d9f5fd71302","timestamp":"2026-05-21 05:52:24"}
{"level":"info","message":"Created client session b787871b77178de59ff7be96","timestamp":"2026-05-21 05:52:24"}
{"level":"info","message":"Created client session 7a5fec7d24ecd6ef852f68fe","timestamp":"2026-05-21 05:52:24"}
{"level":"info","message":"Created client session 8e79ad91d68e5f5692699974","timestamp":"2026-05-21 05:52:24"}
{"level":"info","message":"Created client session 2500e8e31dd9f3090afd81e3","timestamp":"2026-05-21 05:52:25"}
{"level":"info","message":"Created client session 4b67852e195aab981fe507c8","timestamp":"2026-05-21 05:52:25"}
{"level":"info","message":"Created client session 4dc6b6a8a80c3f39c084e4d8","timestamp":"2026-05-21 05:52:25"}
{"level":"info","message":"Created client session c10f62ef31670b431c2553ea","timestamp":"2026-05-21 05:52:25"}
{"level":"info","message":"Created client session e5f6cee44db9cdeeefc2b159","timestamp":"2026-05-21 05:52:25"}
{"level":"info","message":"Created client session 0cdde3828fe538047f7b78e5","timestamp":"2026-05-21 05:59:39"}
{"level":"info","message":"Created client session 0ca4d0ad7ef01dbc3af8a770","timestamp":"2026-05-21 06:32:22"}
{"level":"info","message":"Created client session c40f81ec9fe3374b57e7e237","timestamp":"2026-05-21 07:16:47"}
{"level":"info","message":"Created client session 2becdb1caf768b45beb985a1","timestamp":"2026-05-21 07:33:00"}
{"level":"info","message":"Created client session d8c458755fb022bdc059815b","timestamp":"2026-05-21 07:54:20"}
{"level":"info","message":"Created client session a369a41616b285240fbf0e3b","timestamp":"2026-05-21 08:13:39"}
{"level":"info","message":"Created client session 417553039b38222f57f6dbb7","timestamp":"2026-05-21 08:24:09"}
{"level":"info","message":"Created client session 9049d5437a81fa0bf54149ef","timestamp":"2026-05-21 08:41:05"}
{"level":"info","message":"Created client session bf77dd404b62793dc5813517","timestamp":"2026-05-21 08:41:06"}
{"level":"info","message":"Created client session 9450b522e2a32e7031bb2f2a","timestamp":"2026-05-21 08:42:04"}
{"level":"info","message":"Created client session fdf7d3667643637d2c1b7de7","timestamp":"2026-05-21 08:55:55"}
{"level":"info","message":"Created client session 9a7fe99a8142aa1bb90260e4","timestamp":"2026-05-21 08:55:57"}
{"level":"info","message":"Created client session 6a4ce3ba810f05c0a3ec5041","timestamp":"2026-05-21 09:06:45"}
{"level":"info","message":"Created client session bb4b86c83841679c551f05c0","timestamp":"2026-05-21 09:16:47"}
{"level":"info","message":"Created client session 9bdec048324f078ea30c882e","timestamp":"2026-05-21 09:29:51"}
{"level":"info","message":"Created client session ac5dfcd60f2a5738de4a42d9","timestamp":"2026-05-21 09:45:25"}
{"level":"info","message":"Created client session f00ea35dcfb7670c4703201e","timestamp":"2026-05-21 10:17:24"}
{"level":"info","message":"Created client session 66dca7f62893466f56667540","timestamp":"2026-05-21 10:22:40"}
{"level":"info","message":"Created client session d618a677725aca7971215fc7","timestamp":"2026-05-21 10:22:40"}
{"level":"info","message":"Created client session 92b9dd68dbf1d87c5df80ba3","timestamp":"2026-05-21 10:22:40"}
{"level":"info","message":"Created client session 4c3d5925ff11406da822d192","timestamp":"2026-05-21 10:22:40"}
{"level":"info","message":"Created client session a1ed5c4ef6b16738e10ce5a9","timestamp":"2026-05-21 10:22:40"}
{"level":"info","message":"Created client session dc4c67fbc93de0ca1de0fdc9","timestamp":"2026-05-21 10:22:41"}
{"level":"info","message":"Created client session 727bc5178929ae22d6aaed88","timestamp":"2026-05-21 10:22:41"}
{"level":"info","message":"Created client session 818ab62c10aa50b86f37ee88","timestamp":"2026-05-21 10:22:41"}
{"level":"info","message":"Created client session 9fd216bba73d71b56719d38d","timestamp":"2026-05-21 10:22:41"}
{"level":"info","message":"Created client session 11ab4073a46a7ae9b29dcd46","timestamp":"2026-05-21 10:22:41"}
{"level":"info","message":"Created client session 9c78d4069ae1792286cb5d59","timestamp":"2026-05-21 10:22:41"}
{"level":"info","message":"Created client session 64f972d034d95a8755cb11b4","timestamp":"2026-05-21 10:22:42"}
{"level":"info","message":"Created client session 9f6a42325fce3693907c1465","timestamp":"2026-05-21 10:22:42"}
{"level":"info","message":"Created client session cc022422db3dd6aabc190f60","timestamp":"2026-05-21 10:22:42"}
{"level":"info","message":"Created client session 07c1dbe7cd371e75af6ab446","timestamp":"2026-05-21 10:22:42"}
{"level":"info","message":"Created client session 9b8656ca398766bf4fdfd4fa","timestamp":"2026-05-21 10:22:42"}
{"level":"info","message":"Created client session 6214bcc9c988b9856c818a75","timestamp":"2026-05-21 10:22:42"}
{"level":"info","message":"Created client session 8b3f0e76c29216f7215a020e","timestamp":"2026-05-21 10:22:42"}
{"level":"info","message":"Created client session 287eca397d29851d3c2b1f1d","timestamp":"2026-05-21 10:22:42"}
{"level":"info","message":"Created client session 1eeec4beb09a4f9207967052","timestamp":"2026-05-21 10:22:42"}
{"level":"info","message":"Created client session eb2585e2ea32b5da9d84edf2","timestamp":"2026-05-21 10:22:43"}
{"level":"info","message":"Created client session 55aab9256d7575e62f7b4ed6","timestamp":"2026-05-21 10:22:43"}
{"level":"info","message":"Created client session 51780e2405d557d409b750d6","timestamp":"2026-05-21 10:22:43"}
{"level":"info","message":"Created client session a4ad5ed9e84d89b7d77367b4","timestamp":"2026-05-21 10:22:43"}
{"level":"info","message":"Created client session fe75e196e24c8201ba6c8436","timestamp":"2026-05-21 10:22:43"}
{"level":"info","message":"Created client session eff95cbf7516b65a8c42d82c","timestamp":"2026-05-21 10:22:43"}
{"level":"info","message":"Created client session d9ae8aa97c35f7284b16da3c","timestamp":"2026-05-21 10:22:43"}
{"level":"info","message":"Created client session 37c91a2a11e305ed95400d38","timestamp":"2026-05-21 10:22:43"}
{"level":"info","message":"Created client session ea9e6cd45a3c781627dedb6e","timestamp":"2026-05-21 10:22:44"}
{"level":"info","message":"Created client session 5d97dd2a3535e8ca810e47c4","timestamp":"2026-05-21 10:22:44"}
{"level":"info","message":"Created client session 6f56cb0df7030e4f03aa0b9c","timestamp":"2026-05-21 10:22:44"}
{"level":"info","message":"Created client session ad64b227a5ac5b10a0be6e6d","timestamp":"2026-05-21 10:22:44"}
{"level":"info","message":"Created client session 57d51dcb3c1ad58b30656f53","timestamp":"2026-05-21 10:22:44"}
{"level":"info","message":"Created client session 3728df8d91e19ed41bb0e3f3","timestamp":"2026-05-21 10:22:44"}
{"level":"info","message":"Created client session 78cb444f4e4555e7573dea6e","timestamp":"2026-05-21 10:22:45"}
{"level":"info","message":"Created client session e2c4ac12d1004052e3906e61","timestamp":"2026-05-21 10:22:45"}
{"level":"info","message":"Created client session bb4d5f39220b3aca17c47ef8","timestamp":"2026-05-21 10:22:45"}
{"level":"info","message":"Created client session db9d61e69419bd115de01451","timestamp":"2026-05-21 10:22:45"}
{"level":"info","message":"Created client session 2ebf0be3226a0e95cc23022d","timestamp":"2026-05-21 10:22:45"}
{"level":"info","message":"Created client session 02209780a64a620e5df38723","timestamp":"2026-05-21 10:22:45"}
{"level":"info","message":"Created client session a9f25fb5acb938ed44bd6b8a","timestamp":"2026-05-21 10:22:45"}
{"level":"info","message":"Created client session df909730f53e5758b288fd0d","timestamp":"2026-05-21 10:22:45"}
{"level":"info","message":"Created client session 71542f269a2be39d7d56c4bb","timestamp":"2026-05-21 10:22:46"}
{"level":"info","message":"Created client session e3d1d6deca78a7a55908fd7d","timestamp":"2026-05-21 10:22:46"}
{"level":"info","message":"Created client session c1dfd975cf24bfb78df5ffd6","timestamp":"2026-05-21 10:22:46"}
{"level":"info","message":"Created client session 49c8c69ce68ff25559edbcab","timestamp":"2026-05-21 10:22:46"}
{"level":"info","message":"Created client session 5423940112e4f1d8cdb619b3","timestamp":"2026-05-21 10:22:46"}
{"level":"info","message":"Created client session cc22d2eb468605b44924a40b","timestamp":"2026-05-21 10:22:46"}
{"level":"info","message":"Created client session bc319a3b9b1aab9dc0ed5650","timestamp":"2026-05-21 10:22:46"}
{"level":"info","message":"Created client session ac09613823465bd0eca7bd37","timestamp":"2026-05-21 10:22:46"}
{"level":"info","message":"Created client session 457cdc8d8dfa1d705933df48","timestamp":"2026-05-21 10:22:47"}
{"level":"info","message":"Created client session b9a036ec2da7e8d951b936c1","timestamp":"2026-05-21 10:22:47"}
{"level":"info","message":"Created client session 2df1fd7c289fa4b4d95a4d22","timestamp":"2026-05-21 10:22:47"}
{"level":"info","message":"Created client session cebe9d458afff07cbf221710","timestamp":"2026-05-21 10:22:47"}
{"level":"info","message":"Created client session 900b73e082dc3995cf9a3827","timestamp":"2026-05-21 10:22:47"}
{"level":"info","message":"Created client session 91a6956882c52fe238c67185","timestamp":"2026-05-21 10:22:47"}
{"level":"info","message":"Created client session b877be6554608f2be73eaa36","timestamp":"2026-05-21 10:22:47"}
{"level":"info","message":"Created client session ed22d512f01c0f52b8b24701","timestamp":"2026-05-21 10:26:52"}
{"level":"info","message":"Created client session ad34ed41e3f85cbbd37f223d","timestamp":"2026-05-21 10:33:59"}
{"level":"info","message":"Created client session d4529259fb848dee0447b5ea","timestamp":"2026-05-21 10:34:00"}
{"level":"info","message":"Created client session 3c2c06a3756839591c04b880","timestamp":"2026-05-21 11:33:14"}
{"level":"info","message":"Created client session 3e4d528c926601c3c40d7545","timestamp":"2026-05-21 11:47:55"}
{"level":"info","message":"Created client session 281a23efadf20a2b7b0ab745","timestamp":"2026-05-21 12:15:48"}
{"level":"info","message":"Created client session c385deb52b09415d47d0c7c9","timestamp":"2026-05-21 12:34:55"}
{"level":"info","message":"Created client session a1cdd0223672b543055b5350","timestamp":"2026-05-21 12:46:30"}
{"level":"info","message":"Created client session 0b3c84b590b7c0f5cca6637b","timestamp":"2026-05-21 13:03:36"}
{"level":"info","message":"Created client session 115538c55c22a6d1641ca0dc","timestamp":"2026-05-21 13:14:38"}
{"level":"info","message":"Created client session 74d937333ffb12a549066156","timestamp":"2026-05-21 13:15:40"}
{"level":"info","message":"Created client session 819362ed17d2b6a94849fa93","timestamp":"2026-05-21 13:24:34"}
{"level":"info","message":"Created client session b72ab1289d0df19ee4785a21","timestamp":"2026-05-21 14:02:42"}
{"level":"info","message":"Created client session 82e6c06bba02193a573c37c8","timestamp":"2026-05-21 14:09:21"}
{"level":"info","message":"Created client session 805956db5fbfd072df613656","timestamp":"2026-05-21 14:27:10"}
{"level":"info","message":"Created client session 9645e3d9139ff186b287b981","timestamp":"2026-05-21 14:28:10"}
{"level":"info","message":"Created client session 02c5ef0703dca588c07aac82","timestamp":"2026-05-21 14:30:29"}
{"level":"info","message":"Created client session 2b87f79719131becdda286b2","timestamp":"2026-05-21 14:31:08"}
{"level":"info","message":"Created client session aedaa55484d30b9ef3694f44","timestamp":"2026-05-21 14:36:25"}
{"level":"info","message":"Created client session 53dd78b50209099ede16139a","timestamp":"2026-05-21 14:36:26"}
{"level":"info","message":"Created client session 94e42b21cad25c50857916a7","timestamp":"2026-05-21 14:36:26"}
{"level":"info","message":"Created client session b20a40adb7d42c7f33e38b32","timestamp":"2026-05-21 14:36:26"}
{"level":"info","message":"Created client session 32cf32005e8060696344aad0","timestamp":"2026-05-21 14:36:26"}
{"level":"info","message":"Created client session 82cb9143fbb51bbde53f62e2","timestamp":"2026-05-21 14:36:26"}
{"level":"info","message":"Created client session 9ebfe5578213af6378212477","timestamp":"2026-05-21 14:36:26"}
{"level":"info","message":"Created client session 45e3c7e64a0d15950b2a7d41","timestamp":"2026-05-21 14:36:26"}
{"level":"info","message":"Created client session 0537fa1416ac44e907f64dfd","timestamp":"2026-05-21 14:36:26"}
{"level":"info","message":"Created client session b0edc8a40f95da8616233ff0","timestamp":"2026-05-21 14:36:26"}
{"level":"info","message":"Created client session 2bea86d8a398045b4d59fdff","timestamp":"2026-05-21 14:36:27"}
{"level":"info","message":"Created client session bac3d847bac239e75a2f593c","timestamp":"2026-05-21 14:36:27"}
{"level":"info","message":"Created client session 1946b9d1ed665233abfa7d64","timestamp":"2026-05-21 14:36:27"}
{"level":"info","message":"Created client session 04caafd2cdf0a7aa7940a32e","timestamp":"2026-05-21 14:36:27"}
{"level":"info","message":"Created client session b4dfe4bf9b2795cf7a1d4028","timestamp":"2026-05-21 14:36:27"}
{"level":"info","message":"Created client session 26c3dd7eb2b01b9c9d09627e","timestamp":"2026-05-21 14:36:27"}
{"level":"info","message":"Created client session 3cf229d7b2c809ba8617f423","timestamp":"2026-05-21 14:36:27"}
{"level":"info","message":"Created client session 68b0a485859b339c6205a6f4","timestamp":"2026-05-21 14:36:27"}
{"level":"info","message":"Created client session ba3b72520505721a59445b43","timestamp":"2026-05-21 14:36:27"}
{"level":"info","message":"Created client session 726e5a85e2d8c442ccda812e","timestamp":"2026-05-21 14:36:28"}
{"level":"info","message":"Created client session a3de33d787f71a28a4cb29c0","timestamp":"2026-05-21 14:36:28"}
{"level":"info","message":"Created client session 4bcfc344d3466d80ef2cad95","timestamp":"2026-05-21 14:36:28"}
{"level":"info","message":"Created client session ab73f9424f5ed9c2b9a48c7b","timestamp":"2026-05-21 14:36:28"}
{"level":"info","message":"Created client session b69f6569cf2fe74e418b528f","timestamp":"2026-05-21 14:36:28"}
{"level":"info","message":"Created client session f5e4d3726a26a83778cee7cb","timestamp":"2026-05-21 14:36:28"}
{"level":"info","message":"Created client session 453064ddebac17f0a074e10c","timestamp":"2026-05-21 14:36:28"}
{"level":"info","message":"Created client session f3885da35ebaf13bbddafaf8","timestamp":"2026-05-21 14:36:28"}
{"level":"info","message":"Created client session 9a978a56bbf31208214d363c","timestamp":"2026-05-21 14:36:28"}
{"level":"info","message":"Created client session 121b285c7deb7a585c75bc68","timestamp":"2026-05-21 14:36:31"}
{"level":"info","message":"Created client session b810f89cbf8305e9756323f5","timestamp":"2026-05-21 15:27:42"}
{"level":"info","message":"Created client session 9e1c27e32837676880515d50","timestamp":"2026-05-21 15:34:37"}
{"level":"info","message":"Created client session f0b9ef874059624bc95499bf","timestamp":"2026-05-21 15:38:43"}
{"level":"info","message":"Created client session 0806ab98ff138ca8937a3504","timestamp":"2026-05-21 15:56:14"}
{"level":"info","message":"Created client session c7e63057aa57aba3471b92f8","timestamp":"2026-05-21 15:56:15"}
{"level":"info","message":"Created client session 4ecc5e0598c4e748ce549dd8","timestamp":"2026-05-21 16:12:03"}
{"level":"info","message":"Created client session 92cb1696f59ed63fb719513c","timestamp":"2026-05-21 16:18:35"}
{"level":"info","message":"Created client session b98a4375d83b5e479a7ff893","timestamp":"2026-05-21 16:18:40"}
{"level":"info","message":"Created client session 5ed1eb80b5cc256dc9064041","timestamp":"2026-05-21 16:18:45"}
{"level":"info","message":"Created client session dc57d5b5a94d2afafd096546","timestamp":"2026-05-21 16:52:21"}
{"level":"info","message":"Created client session ebc2475c8b27125b0898fe5f","timestamp":"2026-05-21 16:58:31"}
{"level":"info","message":"Created client session e9b0da1eb360a65bf6bfc288","timestamp":"2026-05-21 16:59:01"}
{"ip":"97.219.184.82","level":"info","message":"User authentication successful for user Kaiser","session":"e9b0da1eb360a65bf6bfc288","timestamp":"2026-05-21 16:59:15"}
{"level":"info","message":"No system update for Delta Green: The Role-Playing Game is currently available.","timestamp":"2026-05-21 16:59:18"}
{"level":"info","message":"Vended World data to User [PgBW75ObGeNtWF7r] in 617ms","timestamp":"2026-05-21 16:59:18"}
{"level":"info","message":"Created client session 60be4aef05785c96beb2bf2d","timestamp":"2026-05-21 17:10:04"}
{"level":"info","message":"Created client session 94c909bf8657bba26ef4617a","timestamp":"2026-05-21 17:28:55"}
{"level":"info","message":"Created client session 19f37b7fbbba398bbfa393a0","timestamp":"2026-05-21 17:35:29"}
{"level":"info","message":"Created client session e4dc1fd344350bbdd0e84157","timestamp":"2026-05-21 17:44:43"}
{"level":"info","message":"Created client session 8b634c4ed76d68becda45716","timestamp":"2026-05-21 17:47:15"}
{"level":"info","message":"Created client session 8d24831352e0d790896715fb","timestamp":"2026-05-21 17:49:15"}
{"level":"info","message":"Created client session 2f50014fdd2df2ad9c87295f","timestamp":"2026-05-21 18:18:33"}
{"level":"info","message":"Created client session 495f09873373e17047ac94e6","timestamp":"2026-05-21 18:20:03"}
{"level":"info","message":"Created client session 05e7e267f16d3ae3cfe62d16","timestamp":"2026-05-21 18:21:40"}
{"level":"info","message":"Created client session 21759b676b88899ca516d18e","timestamp":"2026-05-21 18:26:32"}
{"level":"info","message":"Created client session 606021854b9563c7376b88b4","timestamp":"2026-05-21 18:26:53"}
{"level":"info","message":"Created client session 4fd6cda8b86d72e83e2c4f13","timestamp":"2026-05-21 18:26:53"}
{"level":"info","message":"Created client session 36dad314027a8978358e777a","timestamp":"2026-05-21 18:26:53"}
{"level":"info","message":"Created client session 86f15451ef8b28315870d946","timestamp":"2026-05-21 18:26:54"}
{"level":"info","message":"Created client session b3d5dd3aa0d3e2009ad0221a","timestamp":"2026-05-21 18:26:54"}
{"level":"info","message":"Created client session e430e4ffce22e8f58d1e082a","timestamp":"2026-05-21 18:26:54"}
{"level":"info","message":"Created client session 3207b71b45dd450fa9239881","timestamp":"2026-05-21 18:26:54"}
{"level":"info","message":"Created client session 6ece6ad9b81e5f5bd68d44c7","timestamp":"2026-05-21 18:26:54"}
{"level":"info","message":"Created client session 970745ad00870571d6dbc175","timestamp":"2026-05-21 18:26:54"}
{"level":"info","message":"Created client session eac85e5b7fb4317e89bcaeed","timestamp":"2026-05-21 18:26:55"}
{"level":"info","message":"Created client session d683850e739d4cdd37ef6873","timestamp":"2026-05-21 18:26:55"}
{"level":"info","message":"Created client session 30cc040650ee36494ce252d3","timestamp":"2026-05-21 18:26:55"}
{"level":"info","message":"Created client session c7ad8f928f1a56971241f3b3","timestamp":"2026-05-21 18:26:55"}
{"level":"info","message":"Created client session eed97a776f97ab714a59d9dd","timestamp":"2026-05-21 18:26:55"}
{"level":"info","message":"Created client session 1375642216ee579849fe589a","timestamp":"2026-05-21 18:26:55"}
{"level":"info","message":"Created client session 8beb8a71a9f01fd84bd5f091","timestamp":"2026-05-21 18:26:56"}
{"level":"info","message":"Created client session 9bc0f44e9eb8765aae799efa","timestamp":"2026-05-21 18:26:56"}
{"level":"info","message":"Created client session 495d11880584d266317edae6","timestamp":"2026-05-21 18:26:56"}
{"level":"info","message":"Created client session 8c61d570f46df72c8dc117b6","timestamp":"2026-05-21 18:26:56"}
{"level":"info","message":"Created client session 429cf3c7577a5b08fa153ec3","timestamp":"2026-05-21 18:26:56"}
{"level":"info","message":"Created client session 925acccd5a1307ec3b7326ff","timestamp":"2026-05-21 18:26:56"}
{"level":"info","message":"Created client session 68b6fc24418feff7d95aa3b2","timestamp":"2026-05-21 18:26:56"}
{"level":"info","message":"Created client session f117ed055f89a321ec33cbe0","timestamp":"2026-05-21 18:26:56"}
{"level":"info","message":"Created client session ada89b62cda62cf0a0e0fd06","timestamp":"2026-05-21 18:26:57"}
{"level":"info","message":"Created client session 3dad4d728e90463222956a8f","timestamp":"2026-05-21 18:26:57"}
{"level":"info","message":"Created client session 733fcd9948c398a85bd10d5e","timestamp":"2026-05-21 18:26:57"}
{"level":"info","message":"Created client session 63a817e88e6fa441e2333be7","timestamp":"2026-05-21 18:26:57"}
{"level":"info","message":"Created client session 71141709c1005e76cb798f93","timestamp":"2026-05-21 18:26:57"}
{"level":"info","message":"Created client session 02979618f71259db4ed4f2c3","timestamp":"2026-05-21 18:26:57"}
{"level":"info","message":"Created client session d6f199944d07ac74b45a90aa","timestamp":"2026-05-21 18:26:57"}
{"level":"info","message":"Created client session 1f90ded17fc2039dc6f211f9","timestamp":"2026-05-21 18:26:57"}
{"level":"info","message":"Created client session c9780101a27c4215749d3b6b","timestamp":"2026-05-21 18:26:58"}
{"level":"info","message":"Created client session b38369cfb466f8550412eb50","timestamp":"2026-05-21 18:26:58"}
{"level":"info","message":"Created client session 74b839595727df9deee00cf1","timestamp":"2026-05-21 18:26:58"}
{"level":"info","message":"Created client session e2abe5e22228b137c8a5aad3","timestamp":"2026-05-21 18:26:58"}
{"level":"info","message":"Created client session ccbc72747f2d9f2ca6328864","timestamp":"2026-05-21 18:26:58"}
{"level":"info","message":"Created client session bb1bfa6c2d13c218ab4ee7fe","timestamp":"2026-05-21 18:26:58"}
{"level":"info","message":"Created client session eff9c23507069e22666e54ad","timestamp":"2026-05-21 18:26:58"}
{"level":"info","message":"Created client session 862b04cfe836cfe15b0df259","timestamp":"2026-05-21 18:26:58"}
{"level":"info","message":"Created client session 360a3eeb2f9c5d289669e763","timestamp":"2026-05-21 18:26:59"}
{"level":"info","message":"Created client session f945d033f6d7c70990300335","timestamp":"2026-05-21 18:26:59"}
{"level":"info","message":"Created client session 8e81aeb33c8d265a5c225ebe","timestamp":"2026-05-21 18:26:59"}
{"level":"info","message":"Created client session 428f046eb1e21cf76bed2d31","timestamp":"2026-05-21 18:26:59"}
{"level":"info","message":"Created client session 5262c03f18b505f46e892e51","timestamp":"2026-05-21 18:26:59"}
{"level":"info","message":"Created client session 4da632feca009af80224bec7","timestamp":"2026-05-21 18:26:59"}
{"level":"info","message":"Created client session 731eac1db98d77fa2916ac3d","timestamp":"2026-05-21 18:26:59"}
{"level":"info","message":"Created client session f07cca754e1c2411d841219f","timestamp":"2026-05-21 18:26:59"}
{"level":"info","message":"Created client session 5b6b5aa41863ee4cec331cf3","timestamp":"2026-05-21 18:27:00"}
{"level":"info","message":"Created client session 3477c8f2e92270aed483cdd7","timestamp":"2026-05-21 18:27:00"}
{"level":"info","message":"Created client session cdb9623fabd1d318b3da3e49","timestamp":"2026-05-21 18:27:00"}
{"level":"info","message":"Created client session 143fc918a523cb6072a5b7c5","timestamp":"2026-05-21 18:27:00"}
{"level":"info","message":"Created client session a076689ddbebbcbf5d932c43","timestamp":"2026-05-21 18:27:00"}
{"level":"info","message":"Created client session 2a1eb25c595edc4509e61fff","timestamp":"2026-05-21 18:27:00"}
{"level":"info","message":"Created client session 69f450d2f4f416fe9863abac","timestamp":"2026-05-21 18:27:00"}
{"level":"info","message":"Created client session 1e5c1a16ba93ad5215bcfa00","timestamp":"2026-05-21 18:27:00"}
{"level":"info","message":"Created client session 62e1824449d2b19d16bf8f6c","timestamp":"2026-05-21 18:27:01"}
{"level":"info","message":"Created client session e7f9ac09f66141054a54e8ef","timestamp":"2026-05-21 18:27:01"}
{"level":"info","message":"Created client session c6bf27f811c91c7b25908eca","timestamp":"2026-05-21 18:27:01"}
{"level":"info","message":"Created client session d30a8deeeb2182056ae5ac59","timestamp":"2026-05-21 18:29:21"}
{"level":"info","message":"Created client session 0334f69065cbb9bf4867cbea","timestamp":"2026-05-21 18:29:22"}
{"level":"info","message":"Created client session 60d4f44208150886b15e501c","timestamp":"2026-05-21 18:29:22"}
{"level":"info","message":"Created client session 7919b4bef45527827ae39e8c","timestamp":"2026-05-21 18:39:46"}
{"level":"info","message":"Created client session 191b765e211f1cf50a3f6f33","timestamp":"2026-05-21 19:06:12"}
{"level":"info","message":"Created client session 08242b0b3971718fdfbbeb84","timestamp":"2026-05-21 19:14:25"}
{"level":"info","message":"Created client session 7a23e0c37df20ba8a9d6fcab","timestamp":"2026-05-21 19:38:15"}
{"level":"info","message":"Created client session 04210a1d84b7d524d64ffa62","timestamp":"2026-05-21 19:52:26"}
{"level":"info","message":"Created client session 1d0aa31d69fd2a17a903fc7f","timestamp":"2026-05-21 20:16:07"}
{"ip":"216.9.30.36","level":"info","message":"User authentication successful for user Gamemaster","session":"1d0aa31d69fd2a17a903fc7f","timestamp":"2026-05-21 20:16:15"}
{"level":"info","message":"Core software stable update 14.362 is available!","timestamp":"2026-05-21 20:16:16"}
{"level":"info","message":"No system update for Delta Green: The Role-Playing Game is currently available.","timestamp":"2026-05-21 20:16:16"}
{"level":"info","message":"Vended World data to User [aFXBIYID8O38Ue0X] in 535ms","timestamp":"2026-05-21 20:16:16"}
{"level":"info","message":"Created client session fd4c8def3c46551ab3aa0160","timestamp":"2026-05-21 20:19:43"}
{"level":"info","message":"Created client session 1adccc60b5417000b74d37dc","timestamp":"2026-05-21 21:09:13"}
{"level":"info","message":"Created client session 4c1b232e914fff005ecbc31f","timestamp":"2026-05-21 21:23:32"}
{"ip":"216.9.29.112","level":"info","message":"User authentication successful for user Z Test Player","session":"4c1b232e914fff005ecbc31f","timestamp":"2026-05-21 21:23:40"}
{"level":"info","message":"No system update for Delta Green: The Role-Playing Game is currently available.","timestamp":"2026-05-21 21:23:43"}
{"level":"info","message":"Vended World data to User [3M5RYPZ6lHVXNwtO] in 714ms","timestamp":"2026-05-21 21:23:43"}
{"level":"info","message":"Logged user 3M5RYPZ6lHVXNwtO out of active World","timestamp":"2026-05-21 21:24:22"}
{"ip":"216.9.29.112","level":"info","message":"User authentication successful for user Shreyas","session":"4c1b232e914fff005ecbc31f","timestamp":"2026-05-21 21:24:26"}
{"level":"info","message":"No system update for Delta Green: The Role-Playing Game is currently available.","timestamp":"2026-05-21 21:24:28"}
{"level":"info","message":"Vended World data to User [4tfCzHLcdt6y7Fit] in 711ms","timestamp":"2026-05-21 21:24:28"}
{"level":"info","message":"Created FogExploration with id [C3s8KNxeUqAD0Csw]","timestamp":"2026-05-21 21:24:42"}
{"level":"info","message":"Logged user 4tfCzHLcdt6y7Fit out of active World","timestamp":"2026-05-21 21:25:42"}
{"ip":"216.9.29.112","level":"info","message":"User authentication successful for user Yuri","session":"4c1b232e914fff005ecbc31f","timestamp":"2026-05-21 21:25:46"}
{"level":"info","message":"No system update for Delta Green: The Role-Playing Game is currently available.","timestamp":"2026-05-21 21:25:48"}
{"level":"info","message":"Vended World data to User [STrPhxF1dRGcEIXm] in 410ms","timestamp":"2026-05-21 21:25:48"}
{"level":"info","message":"Created JournalEntryPage with id [StJpZTME5GtrZllC] in parent JournalEntry [yKnBHi2GTGP27uAP]","timestamp":"2026-05-21 21:26:51"}
{"level":"debug","message":"Starting edit session for user 'aFXBIYID8O38Ue0X' and instance 'JournalEntry.yKnBHi2GTGP27uAP.JournalEntryPage.StJpZTME5GtrZllC#text.content'.","timestamp":"2026-05-21 21:26:51"}
{"level":"debug","message":"Broadcasting autosave update for instance 'JournalEntry.yKnBHi2GTGP27uAP.JournalEntryPage.StJpZTME5GtrZllC#text.content'.","timestamp":"2026-05-21 21:27:51"}
{"level":"debug","message":"Broadcasting autosave update for instance 'JournalEntry.yKnBHi2GTGP27uAP.JournalEntryPage.StJpZTME5GtrZllC#text.content'.","timestamp":"2026-05-21 21:28:51"}
{"level":"debug","message":"Broadcasting autosave update for instance 'JournalEntry.yKnBHi2GTGP27uAP.JournalEntryPage.StJpZTME5GtrZllC#text.content'.","timestamp":"2026-05-21 21:29:51"}
{"level":"debug","message":"Broadcasting autosave update for instance 'JournalEntry.yKnBHi2GTGP27uAP.JournalEntryPage.StJpZTME5GtrZllC#text.content'.","timestamp":"2026-05-21 21:30:51"}
{"level":"info","message":"Created client session 6b154b991f3045c630567fcd","timestamp":"2026-05-21 21:31:19"}
{"level":"debug","message":"Retiring user 'aFXBIYID8O38Ue0X' from editing session for instance 'JournalEntry.yKnBHi2GTGP27uAP.JournalEntryPage.StJpZTME5GtrZllC#text.content'.","timestamp":"2026-05-21 21:31:51"}
{"level":"debug","message":"Instance 'JournalEntry.yKnBHi2GTGP27uAP.JournalEntryPage.StJpZTME5GtrZllC#text.content' has no more active editors, cleaning up.","timestamp":"2026-05-21 21:31:51"}
{"level":"debug","message":"Starting edit session for user 'aFXBIYID8O38Ue0X' and instance 'JournalEntry.3cJTG31OfzfBtYbS.JournalEntryPage.cUNJm1ofg7FmRZks#text.content'.","timestamp":"2026-05-21 21:32:08"}
{"level":"debug","message":"Retiring user 'aFXBIYID8O38Ue0X' from editing session for instance 'JournalEntry.3cJTG31OfzfBtYbS.JournalEntryPage.cUNJm1ofg7FmRZks#text.content'.","timestamp":"2026-05-21 21:32:16"}
{"level":"debug","message":"Instance 'JournalEntry.3cJTG31OfzfBtYbS.JournalEntryPage.cUNJm1ofg7FmRZks#text.content' has no more active editors, cleaning up.","timestamp":"2026-05-21 21:32:16"}
{"level":"debug","message":"Starting edit session for user 'aFXBIYID8O38Ue0X' and instance 'JournalEntry.3cJTG31OfzfBtYbS.JournalEntryPage.cUNJm1ofg7FmRZks#text.content'.","timestamp":"2026-05-21 21:32:16"}
{"level":"debug","message":"Starting edit session for user 'aFXBIYID8O38Ue0X' and instance 'JournalEntry.3cJTG31OfzfBtYbS.JournalEntryPage.aTdEeCSnaduhnekE#text.content'.","timestamp":"2026-05-21 21:32:22"}
{"level":"debug","message":"Retiring user 'aFXBIYID8O38Ue0X' from editing session for instance 'JournalEntry.3cJTG31OfzfBtYbS.JournalEntryPage.aTdEeCSnaduhnekE#text.content'.","timestamp":"2026-05-21 21:32:26"}
{"level":"debug","message":"Instance 'JournalEntry.3cJTG31OfzfBtYbS.JournalEntryPage.aTdEeCSnaduhnekE#text.content' has no more active editors, cleaning up.","timestamp":"2026-05-21 21:32:26"}
{"level":"debug","message":"Starting edit session for user 'aFXBIYID8O38Ue0X' and instance 'JournalEntry.3cJTG31OfzfBtYbS.JournalEntryPage.aTdEeCSnaduhnekE#text.content'.","timestamp":"2026-05-21 21:32:26"}
{"level":"debug","message":"Retiring user 'aFXBIYID8O38Ue0X' from editing session for instance 'JournalEntry.3cJTG31OfzfBtYbS.JournalEntryPage.aTdEeCSnaduhnekE#text.content'.","timestamp":"2026-05-21 21:32:47"}
{"level":"debug","message":"Instance 'JournalEntry.3cJTG31OfzfBtYbS.JournalEntryPage.aTdEeCSnaduhnekE#text.content' has no more active editors, cleaning up.","timestamp":"2026-05-21 21:32:47"}
{"level":"debug","message":"Starting edit session for user 'aFXBIYID8O38Ue0X' and instance 'JournalEntry.3cJTG31OfzfBtYbS.JournalEntryPage.rkq0OHr2N2R2tAro#text.content'.","timestamp":"2026-05-21 21:32:52"}
{"level":"debug","message":"Starting edit session for user 'aFXBIYID8O38Ue0X' and instance 'JournalEntry.3cJTG31OfzfBtYbS.JournalEntryPage.aTdEeCSnaduhnekE#text.content'.","timestamp":"2026-05-21 21:33:29"}
{"level":"debug","message":"Retiring user 'aFXBIYID8O38Ue0X' from editing session for instance 'JournalEntry.3cJTG31OfzfBtYbS.JournalEntryPage.aTdEeCSnaduhnekE#text.content'.","timestamp":"2026-05-21 21:34:07"}
{"level":"debug","message":"Instance 'JournalEntry.3cJTG31OfzfBtYbS.JournalEntryPage.aTdEeCSnaduhnekE#text.content' has no more active editors, cleaning up.","timestamp":"2026-05-21 21:34:07"}
{"ip":"32.218.77.114","level":"info","message":"User authentication successful for user Pyre","session":"6b154b991f3045c630567fcd","timestamp":"2026-05-21 21:34:28"}
{"level":"info","message":"No system update for Delta Green: The Role-Playing Game is currently available.","timestamp":"2026-05-21 21:34:30"}
{"level":"info","message":"Vended World data to User [xgzUUqC7yJfhTHQC] in 685ms","timestamp":"2026-05-21 21:34:30"}
{"level":"debug","message":"Starting edit session for user 'aFXBIYID8O38Ue0X' and instance 'JournalEntry.3cJTG31OfzfBtYbS.JournalEntryPage.PPLivvD23E7jdhsO#text.content'.","timestamp":"2026-05-21 21:34:32"}
{"level":"debug","message":"Retiring user 'aFXBIYID8O38Ue0X' from editing session for instance 'JournalEntry.3cJTG31OfzfBtYbS.JournalEntryPage.PPLivvD23E7jdhsO#text.content'.","timestamp":"2026-05-21 21:34:38"}
{"level":"debug","message":"Instance 'JournalEntry.3cJTG31OfzfBtYbS.JournalEntryPage.PPLivvD23E7jdhsO#text.content' has no more active editors, cleaning up.","timestamp":"2026-05-21 21:34:38"}
{"level":"debug","message":"Starting edit session for user 'aFXBIYID8O38Ue0X' and instance 'JournalEntry.3cJTG31OfzfBtYbS.JournalEntryPage.PPLivvD23E7jdhsO#text.content'.","timestamp":"2026-05-21 21:34:38"}
{"level":"debug","message":"Retiring user 'aFXBIYID8O38Ue0X' from editing session for instance 'JournalEntry.3cJTG31OfzfBtYbS.JournalEntryPage.PPLivvD23E7jdhsO#text.content'.","timestamp":"2026-05-21 21:34:42"}
{"level":"debug","message":"Instance 'JournalEntry.3cJTG31OfzfBtYbS.JournalEntryPage.PPLivvD23E7jdhsO#text.content' has no more active editors, cleaning up.","timestamp":"2026-05-21 21:34:42"}
{"level":"info","message":"Created Item with id [RwWwSdOFx9ZUsLwZ] in parent Actor [ogLLym5kNrlh8EB3]","timestamp":"2026-05-21 21:35:32"}
{"level":"debug","message":"Starting edit session for user 'aFXBIYID8O38Ue0X' and instance 'JournalEntry.3cJTG31OfzfBtYbS.JournalEntryPage.b8cz3nqhKIpcoXrn#text.content'.","timestamp":"2026-05-21 21:35:53"}
{"level":"debug","message":"Retiring user 'aFXBIYID8O38Ue0X' from editing session for instance 'JournalEntry.3cJTG31OfzfBtYbS.JournalEntryPage.b8cz3nqhKIpcoXrn#text.content'.","timestamp":"2026-05-21 21:35:57"}
{"level":"debug","message":"Instance 'JournalEntry.3cJTG31OfzfBtYbS.JournalEntryPage.b8cz3nqhKIpcoXrn#text.content' has no more active editors, cleaning up.","timestamp":"2026-05-21 21:35:57"}
{"level":"debug","message":"Starting edit session for user 'aFXBIYID8O38Ue0X' and instance 'JournalEntry.3cJTG31OfzfBtYbS.JournalEntryPage.b8cz3nqhKIpcoXrn#text.content'.","timestamp":"2026-05-21 21:35:57"}
{"level":"debug","message":"Retiring user 'aFXBIYID8O38Ue0X' from editing session for instance 'JournalEntry.3cJTG31OfzfBtYbS.JournalEntryPage.b8cz3nqhKIpcoXrn#text.content'.","timestamp":"2026-05-21 21:36:01"}
{"level":"debug","message":"Instance 'JournalEntry.3cJTG31OfzfBtYbS.JournalEntryPage.b8cz3nqhKIpcoXrn#text.content' has no more active editors, cleaning up.","timestamp":"2026-05-21 21:36:01"}
{"level":"debug","message":"Starting edit session for user 'aFXBIYID8O38Ue0X' and instance 'JournalEntry.3cJTG31OfzfBtYbS.JournalEntryPage.wTgQfEEwHMurkOr8#text.content'.","timestamp":"2026-05-21 21:36:12"}
{"level":"debug","message":"Retiring user 'aFXBIYID8O38Ue0X' from editing session for instance 'JournalEntry.3cJTG31OfzfBtYbS.JournalEntryPage.wTgQfEEwHMurkOr8#text.content'.","timestamp":"2026-05-21 21:36:18"}
{"level":"debug","message":"Instance 'JournalEntry.3cJTG31OfzfBtYbS.JournalEntryPage.wTgQfEEwHMurkOr8#text.content' has no more active editors, cleaning up.","timestamp":"2026-05-21 21:36:18"}
{"level":"debug","message":"Starting edit session for user 'aFXBIYID8O38Ue0X' and instance 'JournalEntry.3cJTG31OfzfBtYbS.JournalEntryPage.wTgQfEEwHMurkOr8#text.content'.","timestamp":"2026-05-21 21:36:18"}
{"level":"debug","message":"Retiring user 'aFXBIYID8O38Ue0X' from editing session for instance 'JournalEntry.3cJTG31OfzfBtYbS.JournalEntryPage.wTgQfEEwHMurkOr8#text.content'.","timestamp":"2026-05-21 21:36:20"}
{"level":"debug","message":"Instance 'JournalEntry.3cJTG31OfzfBtYbS.JournalEntryPage.wTgQfEEwHMurkOr8#text.content' has no more active editors, cleaning up.","timestamp":"2026-05-21 21:36:20"}
{"level":"debug","message":"Starting edit session for user 'aFXBIYID8O38Ue0X' and instance 'JournalEntry.3cJTG31OfzfBtYbS.JournalEntryPage.wTgQfEEwHMurkOr8#text.content'.","timestamp":"2026-05-21 21:36:35"}
{"level":"debug","message":"Retiring user 'aFXBIYID8O38Ue0X' from editing session for instance 'JournalEntry.3cJTG31OfzfBtYbS.JournalEntryPage.wTgQfEEwHMurkOr8#text.content'.","timestamp":"2026-05-21 21:36:40"}
{"level":"debug","message":"Instance 'JournalEntry.3cJTG31OfzfBtYbS.JournalEntryPage.wTgQfEEwHMurkOr8#text.content' has no more active editors, cleaning up.","timestamp":"2026-05-21 21:36:40"}
{"level":"debug","message":"Starting edit session for user 'aFXBIYID8O38Ue0X' and instance 'JournalEntry.3cJTG31OfzfBtYbS.JournalEntryPage.wTgQfEEwHMurkOr8#text.content'.","timestamp":"2026-05-21 21:36:40"}
{"level":"debug","message":"Retiring user 'aFXBIYID8O38Ue0X' from editing session for instance 'JournalEntry.3cJTG31OfzfBtYbS.JournalEntryPage.wTgQfEEwHMurkOr8#text.content'.","timestamp":"2026-05-21 21:36:42"}
{"level":"debug","message":"Instance 'JournalEntry.3cJTG31OfzfBtYbS.JournalEntryPage.wTgQfEEwHMurkOr8#text.content' has no more active editors, cleaning up.","timestamp":"2026-05-21 21:36:42"}
{"level":"debug","message":"Retiring user 'aFXBIYID8O38Ue0X' from editing session for instance 'JournalEntry.3cJTG31OfzfBtYbS.JournalEntryPage.rkq0OHr2N2R2tAro#text.content'.","timestamp":"2026-05-21 21:37:28"}
{"level":"debug","message":"Instance 'JournalEntry.3cJTG31OfzfBtYbS.JournalEntryPage.rkq0OHr2N2R2tAro#text.content' has no more active editors, cleaning up.","timestamp":"2026-05-21 21:37:28"}
{"level":"debug","message":"Retiring user 'aFXBIYID8O38Ue0X' from editing session for instance 'JournalEntry.3cJTG31OfzfBtYbS.JournalEntryPage.cUNJm1ofg7FmRZks#text.content'.","timestamp":"2026-05-21 21:37:30"}
{"level":"debug","message":"Instance 'JournalEntry.3cJTG31OfzfBtYbS.JournalEntryPage.cUNJm1ofg7FmRZks#text.content' has no more active editors, cleaning up.","timestamp":"2026-05-21 21:37:30"}
{"level":"info","message":"Created client session 8d433d8825650d4d83592469","timestamp":"2026-05-21 21:37:38"}
{"level":"info","message":"Created Item with id [9owKMBuRribQ8FPa] in parent Actor [ogLLym5kNrlh8EB3]","timestamp":"2026-05-21 21:37:54"}
{"level":"info","message":"Created Item with id [3GFd3oHJu3nCiVfh] in parent Actor [ogLLym5kNrlh8EB3]","timestamp":"2026-05-21 21:40:47"}
{"level":"info","message":"Created Item with id [rGZKHuguWZNH4mkP] in parent Actor [ogLLym5kNrlh8EB3]","timestamp":"2026-05-21 21:42:28"}
{"level":"info","message":"Deleted JournalEntry with id [h5BQwYrnsRpWsG8J]","timestamp":"2026-05-21 21:44:06"}
{"level":"debug","message":"Starting edit session for user 'aFXBIYID8O38Ue0X' and instance 'JournalEntry.s0FP2h9LltMPNjS7.JournalEntryPage.J7cL18eQKpcZxria#text.content'.","timestamp":"2026-05-21 21:44:15"}
{"level":"debug","message":"Retiring user 'aFXBIYID8O38Ue0X' from editing session for instance 'JournalEntry.s0FP2h9LltMPNjS7.JournalEntryPage.J7cL18eQKpcZxria#text.content'.","timestamp":"2026-05-21 21:44:43"}
{"level":"debug","message":"Instance 'JournalEntry.s0FP2h9LltMPNjS7.JournalEntryPage.J7cL18eQKpcZxria#text.content' has no more active editors, cleaning up.","timestamp":"2026-05-21 21:44:43"}
{"level":"debug","message":"Starting edit session for user 'aFXBIYID8O38Ue0X' and instance 'JournalEntry.s0FP2h9LltMPNjS7.JournalEntryPage.J7cL18eQKpcZxria#text.content'.","timestamp":"2026-05-21 21:44:53"}
{"level":"info","message":"Created Item with id [LyJuj17abtDchDmz] in parent Actor [ogLLym5kNrlh8EB3]","timestamp":"2026-05-21 21:45:03"}
{"level":"debug","message":"Retiring user 'aFXBIYID8O38Ue0X' from editing session for instance 'JournalEntry.s0FP2h9LltMPNjS7.JournalEntryPage.J7cL18eQKpcZxria#text.content'.","timestamp":"2026-05-21 21:45:05"}
{"level":"debug","message":"Instance 'JournalEntry.s0FP2h9LltMPNjS7.JournalEntryPage.J7cL18eQKpcZxria#text.content' has no more active editors, cleaning up.","timestamp":"2026-05-21 21:45:05"}
{"level":"info","message":"Deleted Item with id [HOxbJt54rNdGwCov] in parent Actor [ogLLym5kNrlh8EB3]","timestamp":"2026-05-21 21:46:27"}
{"level":"info","message":"Created client session e68ed235beb753d2e630b45f","timestamp":"2026-05-21 21:49:04"}
{"ip":"71.81.66.111","level":"info","message":"User authentication successful for user Yuri","session":"e68ed235beb753d2e630b45f","timestamp":"2026-05-21 21:49:20"}
{"level":"info","message":"No system update for Delta Green: The Role-Playing Game is currently available.","timestamp":"2026-05-21 21:49:21"}
{"level":"info","message":"Vended World data to User [STrPhxF1dRGcEIXm] in 689ms","timestamp":"2026-05-21 21:49:21"}
{"level":"info","message":"Created ChatMessage with id [9z5c9qiEE9MrJ0sZ]","timestamp":"2026-05-21 21:51:56"}
{"level":"info","message":"Created ChatMessage with id [iZ9YyR055CyYVPoG]","timestamp":"2026-05-21 21:54:26"}
{"level":"info","message":"Deleted Token with id [B55O1dkFVZr3ijTC] in parent Scene [Bcx2ieCEaGGEcVd6]","timestamp":"2026-05-21 21:56:41"}
{"level":"info","message":"Created Token with id [p1lrwoRkeYXlfQ4D] in parent Scene [Bcx2ieCEaGGEcVd6]","timestamp":"2026-05-21 21:56:43"}
{"level":"info","message":"Deleted Token with id [p1lrwoRkeYXlfQ4D] in parent Scene [Bcx2ieCEaGGEcVd6]","timestamp":"2026-05-21 21:58:41"}
{"level":"info","message":"Created Token with id [G2PEhhCBPs0AMLfE] in parent Scene [Bcx2ieCEaGGEcVd6]","timestamp":"2026-05-21 21:58:43"}
{"level":"info","message":"Deleted Token with id [vd8lZXxTzC2FaAf6] in parent Scene [sQiiv8qX464tAGTw]","timestamp":"2026-05-21 21:59:32"}
{"level":"info","message":"Created Token with id [qAevgRvnE2AE8iN7] in parent Scene [sQiiv8qX464tAGTw]","timestamp":"2026-05-21 21:59:33"}
