{"level":"info","message":"Created client session cad32b6d9da73b0c196cd584","timestamp":"2026-05-09 00:03:35"}
{"level":"info","message":"Created client session 89b965c674a7cd5c318da163","timestamp":"2026-05-09 00:19:10"}
{"level":"info","message":"Created client session ebc5ab8a4e268a4817e02fe9","timestamp":"2026-05-09 01:01:03"}
{"level":"info","message":"Created client session c9eeee1eecb4ef6fb5d80959","timestamp":"2026-05-09 01:11:18"}
{"level":"info","message":"Created client session 7cb86118b0a6b7378290d5c2","timestamp":"2026-05-09 01:42:41"}
{"ip":"38.143.253.121","level":"info","message":"User authentication successful for user Gamemaster","session":"a9ffb420e4a31c4691a1f109","timestamp":"2026-05-09 02:10:19"}
{"level":"info","message":"No system update for Delta Green: The Role-Playing Game is currently available.","timestamp":"2026-05-09 02:10:21"}
{"level":"info","message":"Vended World data to User [aFXBIYID8O38Ue0X] in 675ms","timestamp":"2026-05-09 02:10:21"}
{"level":"info","message":"Deleted 18 ChatMessage documents","timestamp":"2026-05-09 02:10:38"}
{"level":"info","message":"Created client session da274d7dd261d672b05bc8d8","timestamp":"2026-05-09 02:21:39"}
{"level":"info","message":"Created client session 1fce1a5a45074463963b79b7","timestamp":"2026-05-09 02:46:16"}
{"level":"info","message":"Created client session fdb7a37225829acd2b134b96","timestamp":"2026-05-09 03:16:53"}
{"level":"info","message":"Created client session 3c1eb7d77061c8d909fb1be0","timestamp":"2026-05-09 03:31:52"}
{"level":"info","message":"Created client session 2b7f1f30693ae87a1d241419","timestamp":"2026-05-09 03:44:02"}
{"level":"info","message":"Created client session 9b8828645fd8bde8ca5787bb","timestamp":"2026-05-09 03:44:18"}
{"level":"info","message":"Created client session 236619a693ce0f246140bb83","timestamp":"2026-05-09 04:18:09"}
{"level":"info","message":"Created client session 8f270a94d3b4bf6c79c30c62","timestamp":"2026-05-09 04:25:04"}
{"level":"info","message":"Created client session a97fde1a8ee20507d3ee254c","timestamp":"2026-05-09 04:25:26"}
{"level":"info","message":"Created client session 6b686c74cfc2986f453f5e6c","timestamp":"2026-05-09 04:30:35"}
{"level":"info","message":"Created client session dad96657e985cdc33b0e6ef3","timestamp":"2026-05-09 04:32:51"}
{"level":"info","message":"Created client session 31ed18565b32e49432eb714d","timestamp":"2026-05-09 04:47:21"}
{"level":"info","message":"Created client session 268b2f8154c33952be84df12","timestamp":"2026-05-09 05:05:31"}
{"level":"info","message":"Created client session 03746c161a408f31919c7d3b","timestamp":"2026-05-09 05:10:45"}
{"level":"info","message":"Created client session 809e23c9e08dfa5cf0a111b9","timestamp":"2026-05-09 05:10:45"}
{"level":"info","message":"Created client session ee9c12c182311d9c3a3f7ad6","timestamp":"2026-05-09 05:10:45"}
{"level":"info","message":"Created client session bb9608c691fb3e787b819b34","timestamp":"2026-05-09 05:10:45"}
{"level":"info","message":"Created client session 2056faa9a906185fbcba820d","timestamp":"2026-05-09 05:10:45"}
{"level":"info","message":"Created client session d302c17156f99979afad05bd","timestamp":"2026-05-09 05:10:45"}
{"level":"info","message":"Created client session d5a08f41f2baaf8eaba10f91","timestamp":"2026-05-09 05:10:45"}
{"level":"info","message":"Created client session e8c55cbb983313e441564903","timestamp":"2026-05-09 05:10:45"}
{"level":"info","message":"Created client session f342883a316e4cee9ad07924","timestamp":"2026-05-09 05:10:45"}
{"level":"info","message":"Created client session 79dfe1b5dcced1fb8724d095","timestamp":"2026-05-09 05:10:45"}
{"level":"info","message":"Created client session c182254a22f00e02592d841f","timestamp":"2026-05-09 05:10:45"}
{"level":"info","message":"Created client session 774a85355dcd61a201eede02","timestamp":"2026-05-09 05:10:45"}
{"level":"info","message":"Created client session 392e9c58692ac02d1d5f7b30","timestamp":"2026-05-09 05:10:45"}
{"level":"info","message":"Created client session f3bf7518e8180945616d82f6","timestamp":"2026-05-09 05:10:45"}
{"level":"info","message":"Created client session d56bc8e8b2240673edad5474","timestamp":"2026-05-09 05:10:45"}
{"level":"info","message":"Created client session 7e735ec46a2490d31955e223","timestamp":"2026-05-09 05:10:45"}
{"level":"info","message":"Created client session 9dad9f8e8158107fba1a267a","timestamp":"2026-05-09 05:10:45"}
{"level":"info","message":"Created client session a17cb5ace2a550691f49b234","timestamp":"2026-05-09 05:10:45"}
{"level":"info","message":"Created client session 184bd99ee80243e4c04a46a4","timestamp":"2026-05-09 05:10:45"}
{"level":"info","message":"Created client session f1c66fb8297b0bdf006c508f","timestamp":"2026-05-09 05:10:45"}
{"level":"info","message":"Created client session 3761d5052751345f7e30f3f3","timestamp":"2026-05-09 05:10:45"}
{"level":"info","message":"Created client session e9c3de3345f7beac11f58b0b","timestamp":"2026-05-09 05:10:45"}
{"level":"info","message":"Created client session db7e3db7e24d8afb5988c598","timestamp":"2026-05-09 05:10:45"}
{"level":"info","message":"Created client session c2270002d65d551cad1515a4","timestamp":"2026-05-09 05:10:45"}
{"level":"info","message":"Created client session bfa8e26e9aafe8434ccd6167","timestamp":"2026-05-09 05:10:45"}
{"level":"info","message":"Created client session c6a27967d8f5860682948ffe","timestamp":"2026-05-09 05:10:45"}
{"level":"info","message":"Created client session 7d969580e15a74a1704423e3","timestamp":"2026-05-09 05:10:45"}
{"level":"info","message":"Created client session e1dee9d73573418116f9b74d","timestamp":"2026-05-09 05:10:45"}
{"level":"info","message":"Created client session 34869ec3793672402a57406a","timestamp":"2026-05-09 05:10:45"}
{"level":"info","message":"Created client session f164eb10f446bcec38ef0484","timestamp":"2026-05-09 05:10:45"}
{"level":"info","message":"Created client session 2694518d4577e3316273fdde","timestamp":"2026-05-09 05:10:45"}
{"level":"info","message":"Created client session e8737bb99065b4665e6d5b35","timestamp":"2026-05-09 05:10:45"}
{"level":"info","message":"Created client session a266f72138edefd8ed08cf76","timestamp":"2026-05-09 05:10:45"}
{"level":"info","message":"Created client session 13b24578d8a4f8a0ec31da44","timestamp":"2026-05-09 05:10:45"}
{"level":"info","message":"Created client session f610014984acca29f7f428f4","timestamp":"2026-05-09 05:10:45"}
{"level":"info","message":"Created client session ca40806541fc1a08acf17f31","timestamp":"2026-05-09 05:10:45"}
{"level":"info","message":"Created client session 70c618b1122907f4a771d592","timestamp":"2026-05-09 05:10:45"}
{"level":"info","message":"Created client session 6eaaf3ab5fdd3dee2aca5fb1","timestamp":"2026-05-09 05:10:45"}
{"level":"info","message":"Created client session 1c79761c67affb7aa6781c37","timestamp":"2026-05-09 05:10:45"}
{"level":"info","message":"Created client session 78f1185c08a6c9a307de69f1","timestamp":"2026-05-09 05:10:45"}
{"level":"info","message":"Created client session e5f2a58fea05203f6d43c053","timestamp":"2026-05-09 05:10:45"}
{"level":"info","message":"Created client session 0a2b4b27a3756b0f2c810003","timestamp":"2026-05-09 05:10:45"}
{"level":"info","message":"Created client session e9ee87d6a6825498a7b2e75f","timestamp":"2026-05-09 05:10:45"}
{"level":"info","message":"Created client session 31346a6bb16e71d74f85d2b2","timestamp":"2026-05-09 05:10:45"}
{"level":"info","message":"Created client session 9f823b00bf7a7d958aa2214c","timestamp":"2026-05-09 05:10:45"}
{"level":"info","message":"Created client session 3026e389bf0fd3d8c263dcb6","timestamp":"2026-05-09 05:10:45"}
{"level":"info","message":"Created client session 235d81a93ebd93ecc83d0be4","timestamp":"2026-05-09 05:10:45"}
{"level":"info","message":"Created client session 6f981af56ab255ae0034c302","timestamp":"2026-05-09 05:10:45"}
{"level":"info","message":"Created client session d8b0a322ebf29e20078cf0bf","timestamp":"2026-05-09 05:10:45"}
{"level":"info","message":"Created client session aab404bb3ab27d6dbef0de24","timestamp":"2026-05-09 05:10:45"}
{"level":"info","message":"Created client session ad5bd9d7364cf0b47dce8172","timestamp":"2026-05-09 05:10:46"}
{"level":"info","message":"Created client session 63111d2ce4659388caeeb302","timestamp":"2026-05-09 05:10:46"}
{"level":"info","message":"Created client session 38fbf4974b5ccf91bb782ef8","timestamp":"2026-05-09 05:10:46"}
{"level":"info","message":"Created client session 94b1b4e024a102ccd55ad51f","timestamp":"2026-05-09 05:10:46"}
{"level":"info","message":"Created client session eb0f449bce005e0108a617f4","timestamp":"2026-05-09 05:10:46"}
{"level":"info","message":"Created client session 271ca0aa19ed392177dd9976","timestamp":"2026-05-09 05:10:46"}
{"level":"info","message":"Created client session 927ad80e0c2df731135094a4","timestamp":"2026-05-09 05:10:46"}
{"level":"info","message":"Created client session 12235ca08c402ea9b79af8e1","timestamp":"2026-05-09 05:10:46"}
{"level":"info","message":"Created client session 22e6bceb857187ac65c2e841","timestamp":"2026-05-09 05:10:46"}
{"level":"info","message":"Created client session c964fcd36c4428972354737b","timestamp":"2026-05-09 05:10:46"}
{"level":"info","message":"Created client session 32950ec6f0569f892b87dae3","timestamp":"2026-05-09 05:10:46"}
{"level":"info","message":"Created client session 799a68c8e68fe970a5e6c518","timestamp":"2026-05-09 05:10:46"}
{"level":"info","message":"Created client session ca9b2371e4d0fc66c0b9c15a","timestamp":"2026-05-09 05:10:46"}
{"level":"info","message":"Created client session a050049a21e6c76f2df010b8","timestamp":"2026-05-09 05:10:46"}
{"level":"info","message":"Created client session 5109f0fb3abd0b77cfe0940d","timestamp":"2026-05-09 05:10:46"}
{"level":"info","message":"Created client session 7a60352e62278d92e0b47638","timestamp":"2026-05-09 05:10:46"}
{"level":"info","message":"Created client session 9940a88d7d9349e5046c1107","timestamp":"2026-05-09 05:10:46"}
{"level":"info","message":"Created client session e4366f86c7c862794a1554b2","timestamp":"2026-05-09 05:10:46"}
{"level":"info","message":"Created client session a20004c83fa49bb2c590caf5","timestamp":"2026-05-09 05:10:46"}
{"level":"info","message":"Created client session 35b57a1814fbaf763c177e7e","timestamp":"2026-05-09 05:10:46"}
{"level":"info","message":"Created client session b2dd7fdbc11cca3d0f1e5ede","timestamp":"2026-05-09 05:10:46"}
{"level":"info","message":"Created client session fd35a2a0e0b91fb02cfdd6a6","timestamp":"2026-05-09 05:10:46"}
{"level":"info","message":"Created client session 55f1c6bbc2d4915b62d1ed99","timestamp":"2026-05-09 05:10:46"}
{"level":"info","message":"Created client session e35f0046845d645d5558e44b","timestamp":"2026-05-09 05:10:46"}
{"level":"info","message":"Created client session 7a1be2b934ae175640578617","timestamp":"2026-05-09 05:10:46"}
{"level":"info","message":"Created client session af47d9022cf1f2e7c1fab446","timestamp":"2026-05-09 05:10:46"}
{"level":"info","message":"Created client session da7201111321e7522bf46a41","timestamp":"2026-05-09 05:10:46"}
{"level":"info","message":"Created client session 304c92b63faace5ca26d126f","timestamp":"2026-05-09 05:10:46"}
{"level":"info","message":"Created client session 1c7d39da9f19fb56b97e95fe","timestamp":"2026-05-09 05:10:46"}
{"level":"info","message":"Created client session fb239af4dc8cd72bd9b6ce24","timestamp":"2026-05-09 05:10:46"}
{"level":"info","message":"Created client session 1b1ef802e5030a981c2d1f86","timestamp":"2026-05-09 05:10:46"}
{"level":"info","message":"Created client session ddc8afed59a37c268c272e3f","timestamp":"2026-05-09 05:10:46"}
{"level":"info","message":"Created client session 6764459df421c50fa211cbbd","timestamp":"2026-05-09 05:10:46"}
{"level":"info","message":"Created client session 1cc8806103155b8f6e5412ad","timestamp":"2026-05-09 05:10:46"}
{"level":"info","message":"Created client session 9a1545f7a465ac4bdbc045cf","timestamp":"2026-05-09 05:10:46"}
{"level":"info","message":"Created client session 40d7ad6e5094ef6a60ea10d9","timestamp":"2026-05-09 05:10:46"}
{"level":"info","message":"Created client session ef7500bfa1023e296c97be5a","timestamp":"2026-05-09 05:10:46"}
{"level":"info","message":"Created client session 9b59f01e40e43e961ac9b2d7","timestamp":"2026-05-09 05:10:46"}
{"level":"info","message":"Created client session 132c648f05cf49c7c4d7f933","timestamp":"2026-05-09 05:10:46"}
{"level":"info","message":"Created client session 137f59b9a6c65a755fe1ef8c","timestamp":"2026-05-09 05:10:46"}
{"level":"info","message":"Created client session 03860b36d466c9aa051d8682","timestamp":"2026-05-09 05:10:46"}
{"level":"info","message":"Created client session 42604595f31ed9359baf33c7","timestamp":"2026-05-09 05:10:46"}
{"level":"info","message":"Created client session 01a3dd65734089dbfb24f1f8","timestamp":"2026-05-09 05:10:46"}
{"level":"info","message":"Created client session bd77792b7fb320c66c8e1703","timestamp":"2026-05-09 05:10:46"}
{"level":"info","message":"Created client session e74b9acfc90231a2e01ba74d","timestamp":"2026-05-09 05:10:46"}
{"level":"info","message":"Created client session 9cd06cc2e83582ca20b87719","timestamp":"2026-05-09 05:10:46"}
{"level":"info","message":"Created client session 400852ce8e06852c33c32a7c","timestamp":"2026-05-09 05:10:46"}
{"level":"info","message":"Created client session f22b7174432257e3b5b41132","timestamp":"2026-05-09 05:10:46"}
{"level":"info","message":"Created client session 01c2c9602243981f36c041df","timestamp":"2026-05-09 05:10:46"}
{"level":"info","message":"Created client session 5486c7cb3d4a074fa83e03f4","timestamp":"2026-05-09 05:10:46"}
{"level":"info","message":"Created client session be45b67c2021328c7b497c0c","timestamp":"2026-05-09 05:10:46"}
{"level":"info","message":"Created client session 550f11c97c98cc6a92a77a0f","timestamp":"2026-05-09 05:10:46"}
{"level":"info","message":"Created client session 560e74c5186af9af452c92a5","timestamp":"2026-05-09 05:10:46"}
{"level":"info","message":"Created client session 4d6a850600e65a20aaf8b49b","timestamp":"2026-05-09 05:10:46"}
{"level":"info","message":"Created client session 2fefa1c3d950bf08e09f79d3","timestamp":"2026-05-09 05:10:46"}
{"level":"info","message":"Created client session f865d1d558cb8383afee8ef8","timestamp":"2026-05-09 05:10:46"}
{"level":"info","message":"Created client session 615cb58626e42a64442f6a17","timestamp":"2026-05-09 05:10:46"}
{"level":"info","message":"Created client session c899018c5f714acafb8bdf20","timestamp":"2026-05-09 05:10:46"}
{"level":"info","message":"Created client session 6e322c174e84e3847f13191c","timestamp":"2026-05-09 05:10:46"}
{"level":"info","message":"Created client session 0cf8156e69d5123e83f83112","timestamp":"2026-05-09 05:10:46"}
{"level":"info","message":"Created client session 4cfc7385bacbe27f63909e65","timestamp":"2026-05-09 05:10:46"}
{"level":"info","message":"Created client session a9740a0444d324bc05d6567d","timestamp":"2026-05-09 05:10:46"}
{"level":"info","message":"Created client session a60c5575724874fc1e9f80b2","timestamp":"2026-05-09 05:10:46"}
{"level":"info","message":"Created client session 41c660e6c546e5ab14abc319","timestamp":"2026-05-09 05:10:46"}
{"level":"info","message":"Created client session 88ace45ddcdb055e7459c24e","timestamp":"2026-05-09 05:10:46"}
{"level":"info","message":"Created client session c8ef21dac5b8712696d0def1","timestamp":"2026-05-09 05:10:46"}
{"level":"info","message":"Created client session 2921d035c590b2445ec2b136","timestamp":"2026-05-09 05:10:46"}
{"level":"info","message":"Created client session 5802c68f8b647b1449799a0f","timestamp":"2026-05-09 05:10:46"}
{"level":"info","message":"Created client session a2518e4c72a36ea555cbf15c","timestamp":"2026-05-09 05:10:46"}
{"level":"info","message":"Created client session 25a889d5472816876be0c1e4","timestamp":"2026-05-09 05:10:46"}
{"level":"info","message":"Created client session 2cfb46148775f145f40377a9","timestamp":"2026-05-09 05:10:46"}
{"level":"info","message":"Created client session 692dbd06f0748985243f3472","timestamp":"2026-05-09 05:10:46"}
{"level":"info","message":"Created client session d55bcfb9557cf0eb30e9a934","timestamp":"2026-05-09 05:10:46"}
{"level":"info","message":"Created client session 556ddd5d26d656ae2a85a2ba","timestamp":"2026-05-09 05:10:46"}
{"level":"info","message":"Created client session 5bb7676faa864e3cb6fc9561","timestamp":"2026-05-09 05:10:46"}
{"level":"info","message":"Created client session b51f36cfa529a7c5ea24181a","timestamp":"2026-05-09 05:10:46"}
{"level":"info","message":"Created client session 8c2c557684c9bf8418124011","timestamp":"2026-05-09 05:10:46"}
{"level":"info","message":"Created client session 081dfb0b4fa8d71258edee43","timestamp":"2026-05-09 05:10:46"}
{"level":"info","message":"Created client session 3508aa2beba397c1d2c0f1f7","timestamp":"2026-05-09 05:10:46"}
{"level":"info","message":"Created client session 3dce8ec6fd81b8a94b261e39","timestamp":"2026-05-09 05:10:46"}
{"level":"info","message":"Created client session 9a45ec7165bcd72b5d37db26","timestamp":"2026-05-09 05:10:46"}
{"level":"info","message":"Created client session 451e90219a81b2f9a6ed7435","timestamp":"2026-05-09 05:10:46"}
{"level":"info","message":"Created client session d9df7c2726a5e84d53ed0c3e","timestamp":"2026-05-09 05:10:46"}
{"level":"info","message":"Created client session 47820e8987b7320f2328fc0c","timestamp":"2026-05-09 05:10:46"}
{"level":"info","message":"Created client session 9ce2fbf4957103501d8af3b6","timestamp":"2026-05-09 05:10:46"}
{"level":"info","message":"Created client session 11a21be7ec2b1da572d9f150","timestamp":"2026-05-09 05:10:46"}
{"level":"info","message":"Created client session 1e34e34d3f03ec144843136b","timestamp":"2026-05-09 05:10:46"}
{"level":"info","message":"Created client session bf9b912468cb1d2e8ad600c7","timestamp":"2026-05-09 05:10:46"}
{"level":"info","message":"Created client session 98e849e2c0123ace13f2b1c3","timestamp":"2026-05-09 05:10:46"}
{"level":"info","message":"Created client session b1fb55a9eb8d0ce1deb964fc","timestamp":"2026-05-09 05:10:46"}
{"level":"info","message":"Created client session ed717684a4393656191247cd","timestamp":"2026-05-09 05:10:46"}
{"level":"info","message":"Created client session 88d3b4aff9b90eacc3165948","timestamp":"2026-05-09 05:10:46"}
{"level":"info","message":"Created client session ea06a9f0846b0ce82e266f25","timestamp":"2026-05-09 05:10:46"}
{"level":"info","message":"Created client session f7a215131e739cd8a2d56080","timestamp":"2026-05-09 05:10:46"}
{"level":"info","message":"Created client session f2e960e9ef68b9205f639368","timestamp":"2026-05-09 05:10:46"}
{"level":"info","message":"Created client session b3d59d615ba2229300f724d0","timestamp":"2026-05-09 05:10:46"}
{"level":"info","message":"Created client session 909922f1463dcb66fe049be7","timestamp":"2026-05-09 05:10:46"}
{"level":"info","message":"Created client session 1e6a7e681eff273185a5a111","timestamp":"2026-05-09 05:10:46"}
{"level":"info","message":"Created client session 04d8973c87ee448ff6d5cba9","timestamp":"2026-05-09 05:10:46"}
{"level":"info","message":"Created client session cc79967a56fd468408f1549b","timestamp":"2026-05-09 05:10:46"}
{"level":"info","message":"Created client session 7139a5cba2904c52f335d6d5","timestamp":"2026-05-09 05:10:46"}
{"level":"info","message":"Created client session 5ee37ee2c5aa38b39d1c12bc","timestamp":"2026-05-09 05:10:46"}
{"level":"info","message":"Created client session 1a6596d6179b1cfc6fecffa9","timestamp":"2026-05-09 05:10:46"}
{"level":"info","message":"Created client session 6e1a2354c6e00c24f2abcf63","timestamp":"2026-05-09 05:10:46"}
{"level":"info","message":"Created client session 5273ab9dce16148252431ff4","timestamp":"2026-05-09 05:10:46"}
{"level":"info","message":"Created client session 012a7d5c583e758ab1a7f0f0","timestamp":"2026-05-09 05:10:46"}
{"level":"info","message":"Created client session 3098fec99cffd81de9950d11","timestamp":"2026-05-09 05:10:46"}
{"level":"info","message":"Created client session db18c0f07909672bf2f5614e","timestamp":"2026-05-09 05:10:46"}
{"level":"info","message":"Created client session bf60a7285955952d8c049707","timestamp":"2026-05-09 05:10:46"}
{"level":"info","message":"Created client session 6aca1e8916d06b8504230ad5","timestamp":"2026-05-09 05:10:46"}
{"level":"info","message":"Created client session 0119441c3a6ed4c40da6f29a","timestamp":"2026-05-09 05:10:46"}
{"level":"info","message":"Created client session 3d78d1f6b2d0d5454c8dbdbd","timestamp":"2026-05-09 05:10:46"}
{"level":"info","message":"Created client session d5872d03ed0e7fd522f9d5ec","timestamp":"2026-05-09 05:10:46"}
{"level":"info","message":"Created client session b698e81a193cba47ccdcb5ff","timestamp":"2026-05-09 05:10:46"}
{"level":"info","message":"Created client session 3ab3b7e6f9c4402fdde68e10","timestamp":"2026-05-09 05:10:46"}
{"level":"info","message":"Created client session 7fc8904d581e4ce251946c81","timestamp":"2026-05-09 05:10:46"}
{"level":"info","message":"Created client session 39b17b6dc5be39f9a81e6640","timestamp":"2026-05-09 05:10:46"}
{"level":"info","message":"Created client session 78165f8dd07f77362bd9cb6d","timestamp":"2026-05-09 05:10:46"}
{"level":"info","message":"Created client session 0834b174e93074800b85caaa","timestamp":"2026-05-09 05:10:46"}
{"level":"info","message":"Created client session 0bb8bcc101b7cfd53f5c5cc1","timestamp":"2026-05-09 05:10:46"}
{"level":"info","message":"Created client session fa7d98b100767272059a53b1","timestamp":"2026-05-09 05:10:46"}
{"level":"info","message":"Created client session 6771dc772c25c35ec2ab854d","timestamp":"2026-05-09 05:10:46"}
{"level":"info","message":"Created client session ff1211a0cc187d8c71fc9c41","timestamp":"2026-05-09 05:10:46"}
{"level":"info","message":"Created client session 4ad41b15b100c2dac5fe17e2","timestamp":"2026-05-09 05:10:46"}
{"level":"info","message":"Created client session 6de613d3976daf9a1043a2fc","timestamp":"2026-05-09 05:10:46"}
{"level":"info","message":"Created client session a3d6dd09811274bf416ec439","timestamp":"2026-05-09 05:10:46"}
{"level":"info","message":"Created client session 47fecee1c944b74205cfdbc0","timestamp":"2026-05-09 05:10:46"}
{"level":"info","message":"Created client session bf99aae85c77a916e999936c","timestamp":"2026-05-09 05:10:46"}
{"level":"info","message":"Created client session 77b4bc44803be444eed460d0","timestamp":"2026-05-09 05:10:46"}
{"level":"info","message":"Created client session 4c528003c16b078154e86a99","timestamp":"2026-05-09 05:10:46"}
{"level":"info","message":"Created client session 41de45907f687e7cbe5b9064","timestamp":"2026-05-09 05:10:46"}
{"level":"info","message":"Created client session 22763f39c4924daef0a42b24","timestamp":"2026-05-09 05:10:46"}
{"level":"info","message":"Created client session 4e2c95f2c6e3bb5084bd5bdf","timestamp":"2026-05-09 05:10:46"}
{"level":"info","message":"Created client session e9eee7d5f1c7379bda31e862","timestamp":"2026-05-09 05:10:46"}
{"level":"info","message":"Created client session d07ce403d55f6e22becd5b4e","timestamp":"2026-05-09 05:10:46"}
{"level":"info","message":"Created client session 32714b58380d72254c596597","timestamp":"2026-05-09 05:10:46"}
{"level":"info","message":"Created client session 8bc7af8a54383a933c43770b","timestamp":"2026-05-09 05:10:46"}
{"level":"info","message":"Created client session 923fb6e00cd75bc58e64b268","timestamp":"2026-05-09 05:10:46"}
{"level":"info","message":"Created client session 6e0a07994d141897193ca96a","timestamp":"2026-05-09 05:10:46"}
{"level":"info","message":"Created client session b545282af9f1180101ef522a","timestamp":"2026-05-09 05:10:46"}
{"level":"info","message":"Created client session 675710c21bd15b034ba48e58","timestamp":"2026-05-09 05:10:46"}
{"level":"info","message":"Created client session d2e5f054c2cd53724911d746","timestamp":"2026-05-09 05:10:46"}
{"level":"info","message":"Created client session 45489183ecea60da37a1c78c","timestamp":"2026-05-09 05:10:46"}
{"level":"info","message":"Created client session cda9044d3550ea83bc2a47e4","timestamp":"2026-05-09 05:10:46"}
{"level":"info","message":"Created client session b94e6b584500e90cd1c6e7c6","timestamp":"2026-05-09 05:10:46"}
{"level":"info","message":"Created client session 1de9096d8976e12978fa8122","timestamp":"2026-05-09 05:10:46"}
{"level":"info","message":"Created client session 180c44300025eac178e88348","timestamp":"2026-05-09 05:10:46"}
{"level":"info","message":"Created client session 74f536c15716fbcfdaa11218","timestamp":"2026-05-09 05:10:46"}
{"level":"info","message":"Created client session 98cc670ad263f96dfe892c7c","timestamp":"2026-05-09 05:10:46"}
{"level":"info","message":"Created client session a0c883fcfb992ef4c27cf0e1","timestamp":"2026-05-09 05:10:46"}
{"level":"info","message":"Created client session fd4cf78b6ff24be2f87873bf","timestamp":"2026-05-09 05:10:46"}
{"level":"info","message":"Created client session bffd81a0883dfcef50073ed7","timestamp":"2026-05-09 05:10:46"}
{"level":"info","message":"Created client session acd3e50e46cb7f10f69578e2","timestamp":"2026-05-09 05:10:46"}
{"level":"info","message":"Created client session 1d2584532c27f08f4ce372c2","timestamp":"2026-05-09 05:10:46"}
{"level":"info","message":"Created client session 65b5dfaca7baec154835456a","timestamp":"2026-05-09 05:10:46"}
{"level":"info","message":"Created client session 6852843d6aa53050cb6a4594","timestamp":"2026-05-09 05:10:46"}
{"level":"info","message":"Created client session 1f9065bca1bce3e5edd90b2d","timestamp":"2026-05-09 05:10:46"}
{"level":"info","message":"Created client session 8a7efeaa4e7757bebbd96027","timestamp":"2026-05-09 05:10:46"}
{"level":"info","message":"Created client session 6442bcec72aa57a85ffb0202","timestamp":"2026-05-09 05:10:46"}
{"level":"info","message":"Created client session 7ce01944436fb6289ae77047","timestamp":"2026-05-09 05:10:46"}
{"level":"info","message":"Created client session 22013abe923049ce57d166c8","timestamp":"2026-05-09 05:10:46"}
{"level":"info","message":"Created client session f7aba7a3922f08bb4484ce3a","timestamp":"2026-05-09 05:10:47"}
{"level":"info","message":"Created client session 6d84837c85be8c541b978763","timestamp":"2026-05-09 05:10:47"}
{"level":"info","message":"Created client session f50155851009cc82b5e663e3","timestamp":"2026-05-09 05:10:47"}
{"level":"info","message":"Created client session 1543ac224431fa609eee2113","timestamp":"2026-05-09 05:10:47"}
{"level":"info","message":"Created client session 4ad9c636b09a6a3e5b8a11c7","timestamp":"2026-05-09 05:10:47"}
{"level":"info","message":"Created client session 21aef164c8c05a0bf676489e","timestamp":"2026-05-09 05:10:47"}
{"level":"info","message":"Created client session 3d9a18a9a45bbef8d8e4f0e5","timestamp":"2026-05-09 05:10:47"}
{"level":"info","message":"Created client session 601f68e3dcf13680d17fcb90","timestamp":"2026-05-09 05:10:47"}
{"level":"info","message":"Created client session 6a0dbab79230aab463a273ce","timestamp":"2026-05-09 05:10:47"}
{"level":"info","message":"Created client session eae5e4ff259eb6a12556e581","timestamp":"2026-05-09 05:10:47"}
{"level":"info","message":"Created client session dadd5c32e6cd663bc6ef74c0","timestamp":"2026-05-09 05:10:47"}
{"level":"info","message":"Created client session 2bd0dc04b429656e5c35e695","timestamp":"2026-05-09 05:10:47"}
{"level":"info","message":"Created client session b8e39d1d35e016c77fa85f99","timestamp":"2026-05-09 05:10:47"}
{"level":"info","message":"Created client session 0dca293ec15311aa836f2643","timestamp":"2026-05-09 05:10:47"}
{"level":"info","message":"Created client session f38f0a00e1333acca151af3c","timestamp":"2026-05-09 05:10:47"}
{"level":"info","message":"Created client session 1219ab35313869d77807f77a","timestamp":"2026-05-09 05:10:47"}
{"level":"info","message":"Created client session 075de87726498be867f5e2f2","timestamp":"2026-05-09 05:10:47"}
{"level":"info","message":"Created client session a3bfe4f1ad3e1764577959b7","timestamp":"2026-05-09 05:10:47"}
{"level":"info","message":"Created client session eed5df39f44420bce182564a","timestamp":"2026-05-09 05:10:47"}
{"level":"info","message":"Created client session b766185383be4d850a932115","timestamp":"2026-05-09 05:10:47"}
{"level":"info","message":"Created client session 247999e6262aae37122f9ac3","timestamp":"2026-05-09 05:10:47"}
{"level":"info","message":"Created client session 9fb2f4df6637917bd5ab9e3a","timestamp":"2026-05-09 05:10:47"}
{"level":"info","message":"Created client session 98bb5b95496d7c7d830b9493","timestamp":"2026-05-09 05:10:47"}
{"level":"info","message":"Created client session 98c767b8e251b0db6cf091e5","timestamp":"2026-05-09 05:10:47"}
{"level":"info","message":"Created client session afa66da1e6fca3f3fd06b413","timestamp":"2026-05-09 05:10:47"}
{"level":"info","message":"Created client session b786f9cede429518ef568861","timestamp":"2026-05-09 05:10:47"}
{"level":"info","message":"Created client session f1e77f84a6e39a96d3e9e91f","timestamp":"2026-05-09 05:10:47"}
{"level":"info","message":"Created client session 57618e10cc1bddf4c00510e0","timestamp":"2026-05-09 05:10:47"}
{"level":"info","message":"Created client session 6b790c39bc57a9515c6d92b2","timestamp":"2026-05-09 05:10:47"}
{"level":"info","message":"Created client session 393f60765bd6c4eea47ccebb","timestamp":"2026-05-09 05:10:47"}
{"level":"info","message":"Created client session f438707d1203796638f47cf8","timestamp":"2026-05-09 05:10:47"}
{"level":"info","message":"Created client session 52a2abb356570d54b47d9785","timestamp":"2026-05-09 05:10:47"}
{"level":"info","message":"Created client session 2328ea6b7869da9ec9e0a7d1","timestamp":"2026-05-09 05:10:47"}
{"level":"info","message":"Created client session 2c803ebed290905d8fcc0853","timestamp":"2026-05-09 05:10:47"}
{"level":"info","message":"Created client session b486a80d6ac28c38c601fb76","timestamp":"2026-05-09 05:10:47"}
{"level":"info","message":"Created client session 6a081cc7c4d9be494dafeed2","timestamp":"2026-05-09 05:10:47"}
{"level":"info","message":"Created client session a6d4e7988cfb74277e1dd5ec","timestamp":"2026-05-09 05:10:47"}
{"level":"info","message":"Created client session 8722aa25a4338cd7e003f8d4","timestamp":"2026-05-09 05:10:47"}
{"level":"info","message":"Created client session 556b82d26071192c688c77a2","timestamp":"2026-05-09 05:10:47"}
{"level":"info","message":"Created client session ec0f655bd9d9a7948ef83729","timestamp":"2026-05-09 05:10:47"}
{"level":"info","message":"Created client session 615bdf4d29660f24c293055f","timestamp":"2026-05-09 05:10:47"}
{"level":"info","message":"Created client session 5942f504e43f470d3f5543ea","timestamp":"2026-05-09 05:10:47"}
{"level":"info","message":"Created client session 50f045a39e173939e155eeba","timestamp":"2026-05-09 05:10:47"}
{"level":"info","message":"Created client session 3f6d8194360dec5cc9272e9c","timestamp":"2026-05-09 05:10:47"}
{"level":"info","message":"Created client session 24e4b055a972505e32a687f0","timestamp":"2026-05-09 05:10:47"}
{"level":"info","message":"Created client session 4337bae652fdfa7339305362","timestamp":"2026-05-09 05:10:47"}
{"level":"info","message":"Created client session afae0d2327eaa15e2fa58437","timestamp":"2026-05-09 05:10:47"}
{"level":"info","message":"Created client session 4021df6beb164138ab3a17fb","timestamp":"2026-05-09 05:10:47"}
{"level":"info","message":"Created client session 1ec2060714a0da4c581ef842","timestamp":"2026-05-09 05:10:47"}
{"level":"info","message":"Created client session 4ea1d6a6fe15aca6e348c3b0","timestamp":"2026-05-09 05:10:47"}
{"level":"info","message":"Created client session 910ffb39fbb756d37ff49e70","timestamp":"2026-05-09 05:10:47"}
{"level":"info","message":"Created client session 2eecadb9974b3b2e0d546e91","timestamp":"2026-05-09 05:10:47"}
{"level":"info","message":"Created client session 888b6f30836734009e8c72dd","timestamp":"2026-05-09 05:10:47"}
{"level":"info","message":"Created client session 30504ffdcd0dc74939c7910a","timestamp":"2026-05-09 05:10:47"}
{"level":"info","message":"Created client session 357fdb5fbff88e9c517ae466","timestamp":"2026-05-09 05:10:47"}
{"level":"info","message":"Created client session f5d950556910445590293aa5","timestamp":"2026-05-09 05:10:47"}
{"level":"info","message":"Created client session 8dbd7ff1dfc223f5afd778df","timestamp":"2026-05-09 05:10:48"}
{"level":"info","message":"Created client session a2e842e13b3d2fd13dc22bb1","timestamp":"2026-05-09 05:10:48"}
{"level":"info","message":"Created client session 5ff021eaf1867e520cc7a4b5","timestamp":"2026-05-09 05:10:48"}
{"level":"info","message":"Created client session b79c37b115f5b94530e48978","timestamp":"2026-05-09 05:10:48"}
{"level":"info","message":"Created client session fc75a54588af267d6e8b0b61","timestamp":"2026-05-09 05:10:48"}
{"level":"info","message":"Created client session 0f00cac34a5b5fc3d648696e","timestamp":"2026-05-09 05:10:48"}
{"level":"info","message":"Created client session 02a102662bf31bc01af49e17","timestamp":"2026-05-09 05:10:48"}
{"level":"info","message":"Created client session 1fc9872751b507db4db40392","timestamp":"2026-05-09 05:10:48"}
{"level":"info","message":"Created client session 967e2a1575bdc5cf2a90556f","timestamp":"2026-05-09 05:10:48"}
{"level":"info","message":"Created client session 01325f867b6549d04a5c25c0","timestamp":"2026-05-09 05:10:48"}
{"level":"info","message":"Created client session cbd1aa535cfdaf9cdc315163","timestamp":"2026-05-09 05:10:48"}
{"level":"info","message":"Created client session 48ba17212b7f1735126de20a","timestamp":"2026-05-09 05:10:48"}
{"level":"info","message":"Created client session c2bd9f49b50745391011b735","timestamp":"2026-05-09 05:10:48"}
{"level":"info","message":"Created client session 34447078a4571ea2649cae57","timestamp":"2026-05-09 05:10:48"}
{"level":"info","message":"Created client session 18305a42824f5244f55c89f2","timestamp":"2026-05-09 05:10:48"}
{"level":"info","message":"Created client session 9addceffd319dce20936eae0","timestamp":"2026-05-09 05:10:48"}
{"level":"info","message":"Created client session fc9546757efe910eff0e48dc","timestamp":"2026-05-09 05:10:48"}
{"level":"info","message":"Created client session 1c7ea8b48090865924f50c81","timestamp":"2026-05-09 05:10:48"}
{"level":"info","message":"Created client session 2fab8e8fbfc5e56c5f251f35","timestamp":"2026-05-09 05:10:48"}
{"level":"info","message":"Created client session 381b66b5d0a7669e078a3294","timestamp":"2026-05-09 05:10:48"}
{"level":"info","message":"Created client session eb82398a1b0bc275142d567b","timestamp":"2026-05-09 05:10:48"}
{"level":"info","message":"Created client session df5eb122f886162e47239b51","timestamp":"2026-05-09 05:10:48"}
{"level":"info","message":"Created client session 3c6ae88dd0f6a68d3a3b8acd","timestamp":"2026-05-09 05:10:48"}
{"level":"info","message":"Created client session 5456ce51544087a1667c0868","timestamp":"2026-05-09 05:10:48"}
{"level":"info","message":"Created client session 9e7aed6f5e8350219b9a6953","timestamp":"2026-05-09 05:10:48"}
{"level":"info","message":"Created client session 305a06a54095dd6c9334f68b","timestamp":"2026-05-09 05:10:48"}
{"level":"info","message":"Created client session 05bef45c851b07d6521206f5","timestamp":"2026-05-09 05:10:48"}
{"level":"info","message":"Created client session 0ece307b50ba36f3d9f6bb8c","timestamp":"2026-05-09 05:10:48"}
{"level":"info","message":"Created client session 95dbb9e12e8cd179493c21fd","timestamp":"2026-05-09 05:10:48"}
{"level":"info","message":"Created client session b32691fa4a2d066f009a25c4","timestamp":"2026-05-09 05:10:48"}
{"level":"info","message":"Created client session a128f61e9bd2bb1a01afc7bb","timestamp":"2026-05-09 05:10:48"}
{"level":"info","message":"Created client session aed74f42184411a3af17dc97","timestamp":"2026-05-09 05:10:48"}
{"level":"info","message":"Created client session 0ea8d615a1bf7930d53ef7e7","timestamp":"2026-05-09 05:10:48"}
{"level":"info","message":"Created client session a443c452f7a7d8fecd199b6c","timestamp":"2026-05-09 05:10:48"}
{"level":"info","message":"Created client session dc977ff4c25e3b151c11a76a","timestamp":"2026-05-09 05:10:48"}
{"level":"info","message":"Created client session 8a4e669c5b03f48fd41a55ae","timestamp":"2026-05-09 05:10:48"}
{"level":"info","message":"Created client session 7159e9f9191f63d413bcfc3b","timestamp":"2026-05-09 05:10:48"}
{"level":"info","message":"Created client session 1dfdb82de0bd51e0098fb7f8","timestamp":"2026-05-09 05:10:48"}
{"level":"info","message":"Created client session 64296357d9b2bd4e8c8d583f","timestamp":"2026-05-09 05:10:48"}
{"level":"info","message":"Created client session 9d2578e57c5dac72fb86e99f","timestamp":"2026-05-09 05:10:48"}
{"level":"info","message":"Created client session c5bcf624fe2876de64b51ed2","timestamp":"2026-05-09 05:10:48"}
{"level":"info","message":"Created client session 7d689aa05d9902e33332008c","timestamp":"2026-05-09 05:10:48"}
{"level":"info","message":"Created client session a137a60821692ef5b3401fcd","timestamp":"2026-05-09 05:10:48"}
{"level":"info","message":"Created client session 4e72043e90939619321ceb25","timestamp":"2026-05-09 05:10:48"}
{"level":"info","message":"Created client session e0b69b58c6d442f00794a0bf","timestamp":"2026-05-09 05:10:48"}
{"level":"info","message":"Created client session 8bed6a59fc1306626c7b2f29","timestamp":"2026-05-09 05:10:48"}
{"level":"info","message":"Created client session 5a8952b56dd5eab983a09414","timestamp":"2026-05-09 05:10:48"}
{"level":"info","message":"Created client session a7ec4be6f7bc010ef835ec24","timestamp":"2026-05-09 05:10:48"}
{"level":"info","message":"Created client session 34b35222ce14ce6a845faa43","timestamp":"2026-05-09 05:10:48"}
{"level":"info","message":"Created client session e446e87fdedee56f3f227a33","timestamp":"2026-05-09 05:10:48"}
{"level":"info","message":"Created client session c253998603db0bf05c44ed9d","timestamp":"2026-05-09 05:10:48"}
{"level":"info","message":"Created client session 1aca735b26b2f6db5cbab383","timestamp":"2026-05-09 05:10:48"}
{"level":"info","message":"Created client session 42f3fa161dab0f5a44718729","timestamp":"2026-05-09 05:10:48"}
{"level":"info","message":"Created client session bdcfe196170146805d73fe5c","timestamp":"2026-05-09 05:10:48"}
{"level":"info","message":"Created client session 8b4c038c91ccd3a17c2e16ee","timestamp":"2026-05-09 05:10:48"}
{"level":"info","message":"Created client session 241c7f759d189de660410018","timestamp":"2026-05-09 05:10:48"}
{"level":"info","message":"Created client session 289c212e05f5544412d9497b","timestamp":"2026-05-09 05:10:48"}
{"level":"info","message":"Created client session dd931f79c2c45dbe6ebf19d1","timestamp":"2026-05-09 05:10:48"}
{"level":"info","message":"Created client session 820d2199c81c10ad07dbe7c4","timestamp":"2026-05-09 05:10:48"}
{"level":"info","message":"Created client session 1ff3cf09fffc7bf0ca0d1950","timestamp":"2026-05-09 05:10:48"}
{"level":"info","message":"Created client session 91fefb4894eaa3b11e9e0112","timestamp":"2026-05-09 05:10:48"}
{"level":"info","message":"Created client session 05fcc06739bf20ed9e3168a6","timestamp":"2026-05-09 05:10:48"}
{"level":"info","message":"Created client session 494dbba0736255a047b7c9bc","timestamp":"2026-05-09 05:10:48"}
{"level":"info","message":"Created client session fa78ab5d29529dac3fe72cd8","timestamp":"2026-05-09 05:10:48"}
{"level":"info","message":"Created client session d123a2b422e1429e5b368ddd","timestamp":"2026-05-09 05:10:48"}
{"level":"info","message":"Created client session 195f007ca36c44c0a2b812ab","timestamp":"2026-05-09 05:10:48"}
{"level":"info","message":"Created client session f47f65d15291b4840555300b","timestamp":"2026-05-09 05:10:48"}
{"level":"info","message":"Created client session c5d6548996395dbacccc5a46","timestamp":"2026-05-09 05:10:48"}
{"level":"info","message":"Created client session b9b92335c5443cd9176cae3a","timestamp":"2026-05-09 05:10:48"}
{"level":"info","message":"Created client session 469437dfec98887439e35a95","timestamp":"2026-05-09 05:10:48"}
{"level":"info","message":"Created client session 5fbc992cb69d216732c2642f","timestamp":"2026-05-09 05:10:48"}
{"level":"info","message":"Created client session 7626c23e8f39e1776be176e1","timestamp":"2026-05-09 05:10:48"}
{"level":"info","message":"Created client session 7f8f72d519312ee323e0d0c1","timestamp":"2026-05-09 05:10:48"}
{"level":"info","message":"Created client session 76bf5897733c4c5712a0c09e","timestamp":"2026-05-09 05:10:48"}
{"level":"info","message":"Created client session 78b00404d747d9c70072469f","timestamp":"2026-05-09 05:10:48"}
{"level":"info","message":"Created client session 7d8dbb27731bfa2db41893e8","timestamp":"2026-05-09 05:10:48"}
{"level":"info","message":"Created client session 18ba21ae458eb5699836afb1","timestamp":"2026-05-09 05:10:48"}
{"level":"info","message":"Created client session 138f109112df42edbe8060f6","timestamp":"2026-05-09 05:10:48"}
{"level":"info","message":"Created client session f75d43559f9cfca3dc320766","timestamp":"2026-05-09 05:10:48"}
{"level":"info","message":"Created client session 9dc6a3659bbf2a4fbeb09df3","timestamp":"2026-05-09 05:10:48"}
{"level":"info","message":"Created client session 47047f75f07becd2c0b826f7","timestamp":"2026-05-09 05:10:48"}
{"level":"info","message":"Created client session 7a808b92f4fb94fb47f3b93a","timestamp":"2026-05-09 05:10:48"}
{"level":"info","message":"Created client session 9efd9243526c682e084c1648","timestamp":"2026-05-09 05:10:48"}
{"level":"info","message":"Created client session bcd11cf60bff5598664de98c","timestamp":"2026-05-09 05:10:48"}
{"level":"info","message":"Created client session 8ee16fde97e39653a94ad754","timestamp":"2026-05-09 05:10:48"}
{"level":"info","message":"Created client session 34510871e8339a828030e814","timestamp":"2026-05-09 05:10:48"}
{"level":"info","message":"Created client session a6580a5a225ee30eb91f76c5","timestamp":"2026-05-09 05:10:48"}
{"level":"info","message":"Created client session a2e9b5d65d96a503325d5368","timestamp":"2026-05-09 05:10:48"}
{"level":"info","message":"Created client session d5fec4db12626be476fc9a5b","timestamp":"2026-05-09 05:10:48"}
{"level":"info","message":"Created client session 028efa49c36a17b76cb9b4b2","timestamp":"2026-05-09 05:10:48"}
{"level":"info","message":"Created client session f5ce16d584b19053cdefaf89","timestamp":"2026-05-09 05:10:48"}
{"level":"info","message":"Created client session 81c1c623be5567a35138abdb","timestamp":"2026-05-09 05:10:48"}
{"level":"info","message":"Created client session 1bbc4155cbe1bbe192cd0fea","timestamp":"2026-05-09 05:10:48"}
{"level":"info","message":"Created client session 1b18d5979ab8753ae4942ddf","timestamp":"2026-05-09 05:10:48"}
{"level":"info","message":"Created client session 6be3ff64db8e1902af1e0b05","timestamp":"2026-05-09 05:10:48"}
{"level":"info","message":"Created client session 08d9554878791ddc251fe134","timestamp":"2026-05-09 05:10:48"}
{"level":"info","message":"Created client session bd1f8ca2222c5231edb6ced4","timestamp":"2026-05-09 05:10:48"}
{"level":"info","message":"Created client session 2a65f1d531bb5985363e47a2","timestamp":"2026-05-09 05:10:48"}
{"level":"info","message":"Created client session 21beb92279ad511754dbbf7d","timestamp":"2026-05-09 05:10:49"}
{"level":"info","message":"Created client session 3e70ec2494bb36aaf7843182","timestamp":"2026-05-09 05:10:49"}
{"level":"info","message":"Created client session cfecee40595c738efbac0956","timestamp":"2026-05-09 05:10:49"}
{"level":"info","message":"Created client session a6494f129dd1287aaa022336","timestamp":"2026-05-09 05:10:49"}
{"level":"info","message":"Created client session c763de16db4c78c27bda18a1","timestamp":"2026-05-09 05:10:49"}
{"level":"info","message":"Created client session b8b8f7e690321e49c9d34ba6","timestamp":"2026-05-09 05:10:49"}
{"level":"info","message":"Created client session b18d3b0362f19120a71e2d50","timestamp":"2026-05-09 05:10:49"}
{"level":"info","message":"Created client session 3d1ceaf3c9c727ef90d48749","timestamp":"2026-05-09 05:10:49"}
{"level":"info","message":"Created client session 8b7e4b8ecde5ca4ff468581a","timestamp":"2026-05-09 05:10:49"}
{"level":"info","message":"Created client session f94b89b5dd6ff15bdff5045c","timestamp":"2026-05-09 05:10:49"}
{"level":"info","message":"Created client session d68701438be8f7d3adbdad88","timestamp":"2026-05-09 05:10:49"}
{"level":"info","message":"Created client session 9be795e6a7348b8f9644b911","timestamp":"2026-05-09 05:10:49"}
{"level":"info","message":"Created client session c71737f3d5cf26fc37710873","timestamp":"2026-05-09 05:10:49"}
{"level":"info","message":"Created client session f1571c551a873d22c219f30c","timestamp":"2026-05-09 05:10:49"}
{"level":"info","message":"Created client session 7bfebdedefc34177e90d8e28","timestamp":"2026-05-09 05:10:49"}
{"level":"info","message":"Created client session 3bf16c9fde6f5f2864d63d71","timestamp":"2026-05-09 05:10:49"}
{"level":"info","message":"Created client session 2b6a7a4d844eb529d75be11d","timestamp":"2026-05-09 05:10:49"}
{"level":"info","message":"Created client session 161f343707335e03dd44dcdf","timestamp":"2026-05-09 05:10:49"}
{"level":"info","message":"Created client session 01493fe33184692035bab29e","timestamp":"2026-05-09 05:10:49"}
{"level":"info","message":"Created client session b6103d25e822827c090c72ac","timestamp":"2026-05-09 05:10:49"}
{"level":"info","message":"Created client session 35ea7844fe020e843d4bd133","timestamp":"2026-05-09 05:10:49"}
{"level":"info","message":"Created client session c8c24696788383c4bc9dd217","timestamp":"2026-05-09 05:10:49"}
{"level":"info","message":"Created client session 5a79bb6dd06c02cbd93d6e03","timestamp":"2026-05-09 05:10:49"}
{"level":"info","message":"Created client session c2163ba9571e3a9c593bbedf","timestamp":"2026-05-09 05:10:49"}
{"level":"info","message":"Created client session 67b5ac67105a533269909be7","timestamp":"2026-05-09 05:10:49"}
{"level":"info","message":"Created client session 3a28efde608c81d68b39b372","timestamp":"2026-05-09 05:10:49"}
{"level":"info","message":"Created client session 604040f0d5020564603af861","timestamp":"2026-05-09 05:10:49"}
{"level":"info","message":"Created client session 98d50ed5286e7dcee2ca352c","timestamp":"2026-05-09 05:10:49"}
{"level":"info","message":"Created client session f9109c9d5bb9c83fc587a443","timestamp":"2026-05-09 05:10:49"}
{"level":"info","message":"Created client session 83b79ab842bb2c3144325b12","timestamp":"2026-05-09 05:10:49"}
{"level":"info","message":"Created client session e0314808a7a68598de03bc81","timestamp":"2026-05-09 05:10:49"}
{"level":"info","message":"Created client session 306b1b90747090079b57d790","timestamp":"2026-05-09 05:10:49"}
{"level":"info","message":"Created client session a7806ae34160bd228a3fb7c1","timestamp":"2026-05-09 05:10:49"}
{"level":"info","message":"Created client session 1b00843647cb41433d350508","timestamp":"2026-05-09 05:10:49"}
{"level":"info","message":"Created client session f78663e8f343628b47060e36","timestamp":"2026-05-09 05:10:49"}
{"level":"info","message":"Created client session 19aa5285906bf0256fb1f2d3","timestamp":"2026-05-09 05:10:49"}
{"level":"info","message":"Created client session 5d7f0ed4675fba27edaa4d9e","timestamp":"2026-05-09 05:10:49"}
{"level":"info","message":"Created client session 9edf26f34a2a6f0994737162","timestamp":"2026-05-09 05:10:49"}
{"level":"info","message":"Created client session b0e036879ef451bb24023cd9","timestamp":"2026-05-09 05:10:49"}
{"level":"info","message":"Created client session ebf67ba5bc681b95cc7b4ff0","timestamp":"2026-05-09 05:10:49"}
{"level":"info","message":"Created client session 542e104851982840a5a1cbd8","timestamp":"2026-05-09 05:10:49"}
{"level":"info","message":"Created client session ed28ce4940c325a459065345","timestamp":"2026-05-09 05:10:49"}
{"level":"info","message":"Created client session dbe37e15b884502e6de971cb","timestamp":"2026-05-09 05:10:49"}
{"level":"info","message":"Created client session 17573cc1d779a891cddb36ca","timestamp":"2026-05-09 05:10:49"}
{"level":"info","message":"Created client session 40458b562fc54c1a03907d78","timestamp":"2026-05-09 05:10:49"}
{"level":"info","message":"Created client session ae2c5d60237e6283b4e72eeb","timestamp":"2026-05-09 05:10:49"}
{"level":"info","message":"Created client session b114d6d329618269740a64bb","timestamp":"2026-05-09 05:10:49"}
{"level":"info","message":"Created client session a7b912d10bc5f975b1575ea6","timestamp":"2026-05-09 05:10:49"}
{"level":"info","message":"Created client session aa06951a2e8bfcc14f3e50e9","timestamp":"2026-05-09 05:10:49"}
{"level":"info","message":"Created client session 70a9ba03d67d9ad17c8ea0a7","timestamp":"2026-05-09 05:10:49"}
{"level":"info","message":"Created client session 383269aeab2d14efabc3baf3","timestamp":"2026-05-09 05:10:49"}
{"level":"info","message":"Created client session 0e602fbbf3171ed13065f7a8","timestamp":"2026-05-09 05:10:49"}
{"level":"info","message":"Created client session bd5fde69fb0d60239274c4b1","timestamp":"2026-05-09 05:10:49"}
{"level":"info","message":"Created client session 8822101a500c1a5e54200331","timestamp":"2026-05-09 05:10:49"}
{"level":"info","message":"Created client session cb13200000d5144db2a1bb20","timestamp":"2026-05-09 05:10:49"}
{"level":"info","message":"Created client session d79c0941d51594c003f3a410","timestamp":"2026-05-09 05:10:49"}
{"level":"info","message":"Created client session 05a509f4418c60632c564566","timestamp":"2026-05-09 05:10:49"}
{"level":"info","message":"Created client session f1e5c8d62c9b12400d591703","timestamp":"2026-05-09 05:10:49"}
{"level":"info","message":"Created client session 7531cc7aa6799ba531796063","timestamp":"2026-05-09 05:10:49"}
{"level":"info","message":"Created client session b863cef22a462cb41b0cc80c","timestamp":"2026-05-09 05:10:49"}
{"level":"info","message":"Created client session 2e69970d0bec8e432a6109cb","timestamp":"2026-05-09 05:10:49"}
{"level":"info","message":"Created client session a1852a3e82a309d5a0ffa4a7","timestamp":"2026-05-09 05:10:49"}
{"level":"info","message":"Created client session 9d35cc8567b5b967549a434e","timestamp":"2026-05-09 05:10:49"}
{"level":"info","message":"Created client session a46c253c4efaeccb6a4f66a7","timestamp":"2026-05-09 05:10:49"}
{"level":"info","message":"Created client session 529ddb4e4de83a567c6e4ee4","timestamp":"2026-05-09 05:10:49"}
{"level":"info","message":"Created client session 6fda911d0007d4ad19274b8d","timestamp":"2026-05-09 05:10:49"}
{"level":"info","message":"Created client session 6e427479fb28ea2455cd2fd9","timestamp":"2026-05-09 05:10:49"}
{"level":"info","message":"Created client session 8f7abbb635b8dc7bea9087c6","timestamp":"2026-05-09 05:10:49"}
{"level":"info","message":"Created client session 87d71cfdd8045df4d41a7bcf","timestamp":"2026-05-09 05:10:49"}
{"level":"info","message":"Created client session ee3cb733954a5af04ad0b0e3","timestamp":"2026-05-09 05:10:49"}
{"level":"info","message":"Created client session ab6b1c99bc4528a290a2d179","timestamp":"2026-05-09 05:10:49"}
{"level":"info","message":"Created client session 8086176f42ca1a228101c5d9","timestamp":"2026-05-09 05:10:49"}
{"level":"info","message":"Created client session 99e74dd8e4c04119bc60615c","timestamp":"2026-05-09 05:10:49"}
{"level":"info","message":"Created client session 39e80a68fb434d279de98585","timestamp":"2026-05-09 05:10:49"}
{"level":"info","message":"Created client session 86d5c0ccba6d66777b020ea1","timestamp":"2026-05-09 05:10:49"}
{"level":"info","message":"Created client session 80e3211925e470625c45d112","timestamp":"2026-05-09 05:10:49"}
{"level":"info","message":"Created client session c9d05a95fedcc30b66449341","timestamp":"2026-05-09 05:10:49"}
{"level":"info","message":"Created client session dd991afc496f1cbfbf83580a","timestamp":"2026-05-09 05:10:49"}
{"level":"info","message":"Created client session 5cd1cc83e7df8d5da56b445e","timestamp":"2026-05-09 05:10:49"}
{"level":"info","message":"Created client session b5fd66a081c48e01788194c3","timestamp":"2026-05-09 05:10:49"}
{"level":"info","message":"Created client session 1e9fb45fa8d70a1cae5107a4","timestamp":"2026-05-09 05:10:49"}
{"level":"info","message":"Created client session 49d3274ecb223996b19804da","timestamp":"2026-05-09 05:10:49"}
{"level":"info","message":"Created client session 7e9b8c2cb81ee963813af250","timestamp":"2026-05-09 05:10:49"}
{"level":"info","message":"Created client session 861e5731f57f07f79b29d94b","timestamp":"2026-05-09 05:10:49"}
{"level":"info","message":"Created client session 3c92f6d62c1b3ae98f52e0f4","timestamp":"2026-05-09 05:10:49"}
{"level":"info","message":"Created client session 3ed914e1551b620da0cbc38c","timestamp":"2026-05-09 05:10:49"}
{"level":"info","message":"Created client session 033b8775540c38c0007f431e","timestamp":"2026-05-09 05:10:49"}
{"level":"info","message":"Created client session 65af515f780fd510591b225d","timestamp":"2026-05-09 05:10:49"}
{"level":"info","message":"Created client session c1d990c323d19e273bb0e3e5","timestamp":"2026-05-09 05:10:49"}
{"level":"info","message":"Created client session 09790279eaa3d33f3ad78362","timestamp":"2026-05-09 05:10:49"}
{"level":"info","message":"Created client session c0a9af23f5c5e8bcc8b2b00d","timestamp":"2026-05-09 05:10:49"}
{"level":"info","message":"Created client session 5b1f10948a6218954af5de63","timestamp":"2026-05-09 05:10:49"}
{"level":"info","message":"Created client session 7b7455dd556beca213799559","timestamp":"2026-05-09 05:10:49"}
{"level":"info","message":"Created client session 845b75cac55ad0def60d6225","timestamp":"2026-05-09 05:10:49"}
{"level":"info","message":"Created client session 98d3e9e830ab4ac64a4716dc","timestamp":"2026-05-09 05:10:49"}
{"level":"info","message":"Created client session 4910ad9130c5c09fd3eb735c","timestamp":"2026-05-09 05:10:49"}
{"level":"info","message":"Created client session 400b8a9b84dedfdaca0ab98c","timestamp":"2026-05-09 05:10:49"}
{"level":"info","message":"Created client session 87249ee100a00cbd546c7076","timestamp":"2026-05-09 05:10:49"}
{"level":"info","message":"Created client session 641eacb2417e0568eacca0ae","timestamp":"2026-05-09 05:10:49"}
{"level":"info","message":"Created client session ad950a1499b52a3eb21ebb08","timestamp":"2026-05-09 05:10:49"}
{"level":"info","message":"Created client session 642a39f1caaa370949cf7e0e","timestamp":"2026-05-09 05:10:49"}
{"level":"info","message":"Created client session 5d3a04ed2cb2a18871df1d42","timestamp":"2026-05-09 05:10:49"}
{"level":"info","message":"Created client session bbca93406840bb7dc2785c90","timestamp":"2026-05-09 05:10:49"}
{"level":"info","message":"Created client session 73afd5f4ac535ddfcbc306c9","timestamp":"2026-05-09 05:10:49"}
{"level":"info","message":"Created client session 2ff207b5db8e1eaf9e2d4377","timestamp":"2026-05-09 05:10:49"}
{"level":"info","message":"Created client session 1fcff98fc905130d740300d2","timestamp":"2026-05-09 05:10:49"}
{"level":"info","message":"Created client session 09146a8d0df3909f91415595","timestamp":"2026-05-09 05:10:49"}
{"level":"info","message":"Created client session dec0bf0779e7ebd9ae9dc09d","timestamp":"2026-05-09 05:10:49"}
{"level":"info","message":"Created client session 97c73691d3e8c0f5081eb53a","timestamp":"2026-05-09 05:10:49"}
{"level":"info","message":"Created client session 163796f863d81af869d35679","timestamp":"2026-05-09 05:10:49"}
{"level":"info","message":"Created client session 2be7549e1be18d6a7834a3ab","timestamp":"2026-05-09 05:10:49"}
{"level":"info","message":"Created client session f34290b220f144a1ea22239b","timestamp":"2026-05-09 05:10:49"}
{"level":"info","message":"Created client session d78a84ac8649bceacb0be1b6","timestamp":"2026-05-09 05:10:49"}
{"level":"info","message":"Created client session b1d3a1a677a75bd77cea3074","timestamp":"2026-05-09 05:10:49"}
{"level":"info","message":"Created client session edc7e90412bf11324133945a","timestamp":"2026-05-09 05:10:49"}
{"level":"info","message":"Created client session 0a1fe5e08e845b0d70df03ef","timestamp":"2026-05-09 05:10:49"}
{"level":"info","message":"Created client session 54b12e63f69e7c63a1a91ea9","timestamp":"2026-05-09 05:10:49"}
{"level":"info","message":"Created client session f340e40f97268b703f964164","timestamp":"2026-05-09 05:10:49"}
{"level":"info","message":"Created client session dddab40891aed9b2defa9f43","timestamp":"2026-05-09 05:10:49"}
{"level":"info","message":"Created client session 7d100720f3039d114a897550","timestamp":"2026-05-09 05:10:49"}
{"level":"info","message":"Created client session cd29c559dd711d12dc18dcbc","timestamp":"2026-05-09 05:10:49"}
{"level":"info","message":"Created client session 071cfa2c7a7ae0f12b7cfdfb","timestamp":"2026-05-09 05:10:49"}
{"level":"info","message":"Created client session f2767a200d0e4b7e27819e0a","timestamp":"2026-05-09 05:10:49"}
{"level":"info","message":"Created client session 435ea0d2f81a322fa69f1d5e","timestamp":"2026-05-09 05:10:49"}
{"level":"info","message":"Created client session 559fcbd4be1f3c86b3149e72","timestamp":"2026-05-09 05:10:49"}
{"level":"info","message":"Created client session 56419cecf252a709e06c4bac","timestamp":"2026-05-09 05:10:49"}
{"level":"info","message":"Created client session e2da82ef53af06ae74c2f2f3","timestamp":"2026-05-09 05:10:49"}
{"level":"info","message":"Created client session f56e5e2a2ecce3897c22d2c9","timestamp":"2026-05-09 05:10:49"}
{"level":"info","message":"Created client session 064d15db6e8872b53a0a98aa","timestamp":"2026-05-09 05:10:49"}
{"level":"info","message":"Created client session 078cb7a9a55f1c6fd39b3cac","timestamp":"2026-05-09 05:10:49"}
{"level":"info","message":"Created client session 79b06f5544310df41b90e66a","timestamp":"2026-05-09 05:10:50"}
{"level":"info","message":"Created client session 1813f4828f8920e136d905db","timestamp":"2026-05-09 05:10:50"}
{"level":"info","message":"Created client session f6bf989a832437d996263a21","timestamp":"2026-05-09 05:10:50"}
{"level":"info","message":"Created client session 34f367108313d431bcba9a7e","timestamp":"2026-05-09 05:10:50"}
{"level":"info","message":"Created client session 8bbc281fbc2549cf47990afc","timestamp":"2026-05-09 05:10:50"}
{"level":"info","message":"Created client session 77467ddb9aa9d0219c90c023","timestamp":"2026-05-09 05:10:50"}
{"level":"info","message":"Created client session 06815470895039c9a4410511","timestamp":"2026-05-09 05:10:50"}
{"level":"info","message":"Created client session 84ae2ad643118d10259256c5","timestamp":"2026-05-09 05:10:50"}
{"level":"info","message":"Created client session 4cf0602c76acd876aba1980d","timestamp":"2026-05-09 05:10:50"}
{"level":"info","message":"Created client session f76f65d17fbec539146ad985","timestamp":"2026-05-09 05:10:50"}
{"level":"info","message":"Created client session 69894c0947f119e4a1da8b10","timestamp":"2026-05-09 05:10:50"}
{"level":"info","message":"Created client session b4ab19c430c99b0f6cf2a91b","timestamp":"2026-05-09 05:10:50"}
{"level":"info","message":"Created client session 4a9a3a68397683aef0aa0676","timestamp":"2026-05-09 05:10:50"}
{"level":"info","message":"Created client session edd504c0c985abce8286bead","timestamp":"2026-05-09 05:10:50"}
{"level":"info","message":"Created client session fa1feac5b125ef00ae2b7694","timestamp":"2026-05-09 05:10:50"}
{"level":"info","message":"Created client session 90b7230739f55f05a1272159","timestamp":"2026-05-09 05:10:50"}
{"level":"info","message":"Created client session 1735a1919f044e30ee69c566","timestamp":"2026-05-09 05:10:50"}
{"level":"info","message":"Created client session b84072fd58add22a5826894c","timestamp":"2026-05-09 05:10:50"}
{"level":"info","message":"Created client session c0c1fc289d48a0ed73009dea","timestamp":"2026-05-09 05:10:50"}
{"level":"info","message":"Created client session 93f77bdbcf87c936713b39c6","timestamp":"2026-05-09 05:10:50"}
{"level":"info","message":"Created client session d79a28e456cc080cf6da51b1","timestamp":"2026-05-09 05:10:50"}
{"level":"info","message":"Created client session 7299e79b85b67afc888fd37c","timestamp":"2026-05-09 05:10:50"}
{"level":"info","message":"Created client session bc3fccbfcac42cfc969286f3","timestamp":"2026-05-09 05:10:50"}
{"level":"info","message":"Created client session d34d801151abb8a0be84fe69","timestamp":"2026-05-09 05:10:50"}
{"level":"info","message":"Created client session 228f36fa899add095542fe8f","timestamp":"2026-05-09 05:10:50"}
{"level":"info","message":"Created client session c1022d56828fca7b011156fb","timestamp":"2026-05-09 05:10:50"}
{"level":"info","message":"Created client session 7c47aaa2e2d18898ab134960","timestamp":"2026-05-09 05:10:50"}
{"level":"info","message":"Created client session ddecebf4cc20bf18e76bc870","timestamp":"2026-05-09 05:10:50"}
{"level":"info","message":"Created client session 974f68ca514101f43e0c2213","timestamp":"2026-05-09 05:10:50"}
{"level":"info","message":"Created client session d96c2e9504fb4f4a78e6d6d5","timestamp":"2026-05-09 05:10:50"}
{"level":"info","message":"Created client session d7dae26a45ceaf1362fca975","timestamp":"2026-05-09 05:10:50"}
{"level":"info","message":"Created client session 7f8291664f1caf2a6a79844b","timestamp":"2026-05-09 05:10:50"}
{"level":"info","message":"Created client session c2d824df3fccee1640970f98","timestamp":"2026-05-09 05:10:50"}
{"level":"info","message":"Created client session 2ae67de1acfb52ad00f24809","timestamp":"2026-05-09 05:10:50"}
{"level":"info","message":"Created client session c122966fa2d1cc827d97d43b","timestamp":"2026-05-09 05:10:50"}
{"level":"info","message":"Created client session ec91ea1566015db013bff23a","timestamp":"2026-05-09 05:10:50"}
{"level":"info","message":"Created client session 543c7ccef3927c3e5a6c0098","timestamp":"2026-05-09 05:10:50"}
{"level":"info","message":"Created client session bf757775fb9b32fe498189bd","timestamp":"2026-05-09 05:10:50"}
{"level":"info","message":"Created client session f799bffbcbc10537f166624b","timestamp":"2026-05-09 05:10:50"}
{"level":"info","message":"Created client session 419c155c934d2511fcd9318f","timestamp":"2026-05-09 05:10:50"}
{"level":"info","message":"Created client session e0b6a0163e7b15c8f46feea4","timestamp":"2026-05-09 05:10:50"}
{"level":"info","message":"Created client session 2ae9615e4f6bb834aa4eb40a","timestamp":"2026-05-09 05:10:50"}
{"level":"info","message":"Created client session 190710dc09d74ad13fb9ca43","timestamp":"2026-05-09 05:10:50"}
{"level":"info","message":"Created client session 2f2438631244e620c1a1b80b","timestamp":"2026-05-09 05:10:50"}
{"level":"info","message":"Created client session 7ba31f359482f611a3e064af","timestamp":"2026-05-09 05:10:50"}
{"level":"info","message":"Created client session 74081abc89b585c8a7b748b8","timestamp":"2026-05-09 05:10:50"}
{"level":"info","message":"Created client session 7aba0ef90538f7dcc3c186a9","timestamp":"2026-05-09 05:10:50"}
{"level":"info","message":"Created client session 8ebb4830cb0cca89038daaf6","timestamp":"2026-05-09 05:10:50"}
{"level":"info","message":"Created client session d56147807df5b736a0597b15","timestamp":"2026-05-09 05:10:50"}
{"level":"info","message":"Created client session 75de80130c3f65d03a54d723","timestamp":"2026-05-09 05:10:50"}
{"level":"info","message":"Created client session 4b059f1e0a65e145f7e50f78","timestamp":"2026-05-09 05:10:50"}
{"level":"info","message":"Created client session c8ef818304642b96d1d6e2fc","timestamp":"2026-05-09 05:10:50"}
{"level":"info","message":"Created client session a76b0dbc3be034573aeac278","timestamp":"2026-05-09 05:10:50"}
{"level":"info","message":"Created client session de82033f353ce97612eec0eb","timestamp":"2026-05-09 05:10:50"}
{"level":"info","message":"Created client session e1b020b85ff330cbaa659ff5","timestamp":"2026-05-09 05:10:50"}
{"level":"info","message":"Created client session 2e2fae0d594b09bdc440f1c8","timestamp":"2026-05-09 05:10:50"}
{"level":"info","message":"Created client session e6834010ab70f630dd9cdcde","timestamp":"2026-05-09 05:10:50"}
{"level":"info","message":"Created client session c8ff63e77bf9867172f0ff6d","timestamp":"2026-05-09 05:10:50"}
{"level":"info","message":"Created client session 272678e4e65455975616f746","timestamp":"2026-05-09 05:10:50"}
{"level":"info","message":"Created client session 588082f9970a908c71393327","timestamp":"2026-05-09 05:10:50"}
{"level":"info","message":"Created client session 2a2c93a8d754578cfe5dfbf9","timestamp":"2026-05-09 05:10:50"}
{"level":"info","message":"Created client session d2c60e38feb7dda620e9448c","timestamp":"2026-05-09 05:10:50"}
{"level":"info","message":"Created client session fbe9144c3f9dd4d89323da9c","timestamp":"2026-05-09 05:10:50"}
{"level":"info","message":"Created client session 742cc9900409036e4a409d5d","timestamp":"2026-05-09 05:10:50"}
{"level":"info","message":"Created client session 72725c2aaff956cef547d248","timestamp":"2026-05-09 05:10:50"}
{"level":"info","message":"Created client session ba398900f66465dc4116b137","timestamp":"2026-05-09 05:10:50"}
{"level":"info","message":"Created client session ecf1905b951783a86476b4fd","timestamp":"2026-05-09 05:10:50"}
{"level":"info","message":"Created client session 26b894ed6934bb6c95c61f88","timestamp":"2026-05-09 05:10:50"}
{"level":"info","message":"Created client session 571929f1e0255efabf508bb8","timestamp":"2026-05-09 05:10:50"}
{"level":"info","message":"Created client session ac698a3ef39c4b1f1a586b9a","timestamp":"2026-05-09 05:10:50"}
{"level":"info","message":"Created client session a2ffd02ae509a4a8ab72c079","timestamp":"2026-05-09 05:10:50"}
{"level":"info","message":"Created client session ab41cbcd063f6fc4cf3b11b4","timestamp":"2026-05-09 05:10:50"}
{"level":"info","message":"Created client session ccd5dda558c3a08dd8d5c95c","timestamp":"2026-05-09 05:10:50"}
{"level":"info","message":"Created client session 4c28bd13318ae0735564be64","timestamp":"2026-05-09 05:10:50"}
{"level":"info","message":"Created client session 13490249e9254bbe3e9f32ca","timestamp":"2026-05-09 05:10:50"}
{"level":"info","message":"Created client session 6ae64535ba1824b87fb9b18f","timestamp":"2026-05-09 05:10:50"}
{"level":"info","message":"Created client session 776a1b376b8df6cc5ca7bcde","timestamp":"2026-05-09 05:10:50"}
{"level":"info","message":"Created client session 7349f2a8451415180fbc1147","timestamp":"2026-05-09 05:10:50"}
{"level":"info","message":"Created client session 2c5c0da234cac5bab03505c8","timestamp":"2026-05-09 05:10:50"}
{"level":"info","message":"Created client session 476baf866b743cbf36aa4baf","timestamp":"2026-05-09 05:10:50"}
{"level":"info","message":"Created client session 1394417c2d290459a489817b","timestamp":"2026-05-09 05:10:50"}
{"level":"info","message":"Created client session 165682398a67d4604887d63f","timestamp":"2026-05-09 05:10:50"}
{"level":"info","message":"Created client session 14e9b89dff4073c8c489cb13","timestamp":"2026-05-09 05:10:50"}
{"level":"info","message":"Created client session b8f9ff20e3dd2159350a06db","timestamp":"2026-05-09 05:10:50"}
{"level":"info","message":"Created client session ea20fdcf5d15247ad017e980","timestamp":"2026-05-09 05:10:50"}
{"level":"info","message":"Created client session 3d130de37d2bc1f67229431b","timestamp":"2026-05-09 05:10:50"}
{"level":"info","message":"Created client session bce8fcf38187851f2c6f8a33","timestamp":"2026-05-09 05:10:50"}
{"level":"info","message":"Created client session cdd803fc459f709ef9a45653","timestamp":"2026-05-09 05:10:50"}
{"level":"info","message":"Created client session d279db330256034c2b93b682","timestamp":"2026-05-09 05:10:50"}
{"level":"info","message":"Created client session 073858d3e32866ac84e2c5aa","timestamp":"2026-05-09 05:10:50"}
{"level":"info","message":"Created client session 34af1dbf7693f9cadbf2c173","timestamp":"2026-05-09 05:10:50"}
{"level":"info","message":"Created client session 0d3eb4de149007920b708ab8","timestamp":"2026-05-09 05:10:50"}
{"level":"info","message":"Created client session 4faa9665e32953cefe9b2a41","timestamp":"2026-05-09 05:10:50"}
{"level":"info","message":"Created client session 2a377b92f6982cd3f68c2ad4","timestamp":"2026-05-09 05:10:50"}
{"level":"info","message":"Created client session 32b27c9e5ec8d8deff39ca5d","timestamp":"2026-05-09 05:10:50"}
{"level":"info","message":"Created client session 962590e451d77209d1a7bd1d","timestamp":"2026-05-09 05:10:50"}
{"level":"info","message":"Created client session 5166e7a9ba6ee083b8bb8325","timestamp":"2026-05-09 05:10:50"}
{"level":"info","message":"Created client session 63c0e0a99451eeff2c58812d","timestamp":"2026-05-09 05:10:50"}
{"level":"info","message":"Created client session 70d27808d16d38981037a58f","timestamp":"2026-05-09 05:10:50"}
{"level":"info","message":"Created client session 03b18b41bb7dee1df6ec2e59","timestamp":"2026-05-09 05:10:50"}
{"level":"info","message":"Created client session fa24a2b40296fed7e85c1567","timestamp":"2026-05-09 05:10:50"}
{"level":"info","message":"Created client session 626fc7355f6fa23984297c1e","timestamp":"2026-05-09 05:10:50"}
{"level":"info","message":"Created client session 13f8ae41cef7984d9347940b","timestamp":"2026-05-09 05:10:50"}
{"level":"info","message":"Created client session 1406f951fc5d0c91fe56a3c5","timestamp":"2026-05-09 05:10:50"}
{"level":"info","message":"Created client session d672e44fcdee609e5f646096","timestamp":"2026-05-09 05:10:50"}
{"level":"info","message":"Created client session b52e291e12bf0d94a4318918","timestamp":"2026-05-09 05:10:50"}
{"level":"info","message":"Created client session 0215b1e9dc7c0f5b4f343514","timestamp":"2026-05-09 05:10:50"}
{"level":"info","message":"Created client session 68aac436c878a1967b2a80ff","timestamp":"2026-05-09 05:10:50"}
{"level":"info","message":"Created client session a7ac28d733f71ee8c6a0a25d","timestamp":"2026-05-09 05:10:50"}
{"level":"info","message":"Created client session b7525899d6c930bd4249ccc4","timestamp":"2026-05-09 05:10:50"}
{"level":"info","message":"Created client session f66d07d98d826edc5ee4340a","timestamp":"2026-05-09 05:10:50"}
{"level":"info","message":"Created client session 7792fa6837ad069038113468","timestamp":"2026-05-09 05:10:50"}
{"level":"info","message":"Created client session c87f5186f42e4f090b506e15","timestamp":"2026-05-09 05:10:50"}
{"level":"info","message":"Created client session ccc72a13a5e20fb7843b1673","timestamp":"2026-05-09 05:10:50"}
{"level":"info","message":"Created client session ff498da4b1a2135d3b1908a5","timestamp":"2026-05-09 05:10:50"}
{"level":"info","message":"Created client session 9b434f110b3d4a8d7d2578a0","timestamp":"2026-05-09 05:10:50"}
{"level":"info","message":"Created client session 1a76b05294aed3cc7a98c0f4","timestamp":"2026-05-09 05:10:50"}
{"level":"info","message":"Created client session 0f7327308b11cc9887c3ba46","timestamp":"2026-05-09 05:10:50"}
{"level":"info","message":"Created client session 7f7b9ee664449d3e9b28067f","timestamp":"2026-05-09 05:10:50"}
{"level":"info","message":"Created client session 290e57e2f439ca3aa490d3c1","timestamp":"2026-05-09 05:10:50"}
{"level":"info","message":"Created client session a2e062bcbefca58791ec8c16","timestamp":"2026-05-09 05:10:50"}
{"level":"info","message":"Created client session 3c4e6e2f7e0a66ae6461f144","timestamp":"2026-05-09 05:10:50"}
{"level":"info","message":"Created client session 1f8a79f6589c062b6afdd17f","timestamp":"2026-05-09 05:10:50"}
{"level":"info","message":"Created client session 20bc4a0036d43bad01a09409","timestamp":"2026-05-09 05:10:50"}
{"level":"info","message":"Created client session 185ba4d46151a539f1f58e20","timestamp":"2026-05-09 05:10:50"}
{"level":"info","message":"Created client session a4fa5ff3de4310e6cb009e53","timestamp":"2026-05-09 05:10:50"}
{"level":"info","message":"Created client session eb68b5e652128a8300ef25fd","timestamp":"2026-05-09 05:10:50"}
{"level":"info","message":"Created client session 0f3458e5e32c3f53b9554c87","timestamp":"2026-05-09 05:10:50"}
{"level":"info","message":"Created client session eec75297e1df9c14bd5ce2fc","timestamp":"2026-05-09 05:10:50"}
{"level":"info","message":"Created client session f5cd4189bc27b68d70fa2d93","timestamp":"2026-05-09 05:10:50"}
{"level":"info","message":"Created client session c75a930879483c9f821bc006","timestamp":"2026-05-09 05:11:04"}
{"level":"info","message":"Created client session fab3b63f0737d3d9f2f447ce","timestamp":"2026-05-09 05:11:09"}
{"level":"info","message":"Created client session 64028682fcfd730ac6e8c044","timestamp":"2026-05-09 05:11:24"}
{"level":"info","message":"Created client session b2bc435dc3ca7bad6d81b152","timestamp":"2026-05-09 05:11:24"}
{"level":"info","message":"Created client session 12da95b380db8a78143f4bd4","timestamp":"2026-05-09 05:11:56"}
{"level":"info","message":"Created client session 6f7290214c3d5aad5a82858d","timestamp":"2026-05-09 05:14:33"}
{"level":"info","message":"Created client session d8b293c1f21549cfd93eea76","timestamp":"2026-05-09 05:16:45"}
{"level":"info","message":"Created client session 2f9d3e30ddc01e3813071c1c","timestamp":"2026-05-09 05:17:34"}
{"level":"info","message":"Created client session 67b015045b87487bfc0a0805","timestamp":"2026-05-09 05:18:01"}
{"level":"info","message":"Created client session dd47308adf92f02e4ecc3e72","timestamp":"2026-05-09 05:18:59"}
{"level":"info","message":"Created client session 062802f659ef21a7bc810e99","timestamp":"2026-05-09 05:20:13"}
{"level":"info","message":"Created client session 424b5137a8b90a343bc604bd","timestamp":"2026-05-09 05:21:18"}
{"level":"info","message":"Created client session 76b585da5a48607dc3f18a9b","timestamp":"2026-05-09 05:22:05"}
{"level":"info","message":"Created client session a212908cbc413b9297ae1a13","timestamp":"2026-05-09 05:23:08"}
{"level":"info","message":"Created client session 0642615a2128b41c4e171764","timestamp":"2026-05-09 05:23:11"}
{"level":"info","message":"Created client session 3fa595d073c95d223409f961","timestamp":"2026-05-09 05:23:54"}
{"level":"info","message":"Created client session 1e7fe09c0e71efd660885305","timestamp":"2026-05-09 05:24:22"}
{"level":"info","message":"Created client session 2bbfabb5950a5d0fd058ca8b","timestamp":"2026-05-09 05:24:48"}
{"level":"info","message":"Created client session a8555a300eac62a525a3d3d0","timestamp":"2026-05-09 05:25:08"}
{"level":"info","message":"Created client session 9dbf043b43e1961f7074f8a6","timestamp":"2026-05-09 05:25:26"}
{"level":"info","message":"Created client session f57626d8a48998825cc0c19e","timestamp":"2026-05-09 05:36:37"}
{"level":"info","message":"Created client session 56f8a2fafadb0eac2265537a","timestamp":"2026-05-09 05:38:40"}
{"level":"info","message":"Created client session d8a6932564e98025c5161641","timestamp":"2026-05-09 06:19:05"}
{"level":"info","message":"Created client session a79dbf2b5415b8f4e6c65c97","timestamp":"2026-05-09 06:28:15"}
{"level":"info","message":"Created client session 117560baab4b9cde7719d8c4","timestamp":"2026-05-09 06:45:13"}
{"level":"info","message":"Created client session ca908bb8a29e1a2f532027e0","timestamp":"2026-05-09 07:01:47"}
{"level":"info","message":"Created client session 3f768a4ef2900f3bf2cd2434","timestamp":"2026-05-09 07:21:47"}
{"level":"info","message":"Created client session 9bfbff3737274a559bd7beab","timestamp":"2026-05-09 07:55:22"}
{"level":"info","message":"Created client session f9618b0f7f5f4403f610c904","timestamp":"2026-05-09 07:57:31"}
{"level":"info","message":"Created client session ed23da8ba8b83063f55a6c2c","timestamp":"2026-05-09 07:57:59"}
{"level":"info","message":"Created client session bbad3d4e6221d6a1a6754efb","timestamp":"2026-05-09 07:58:06"}
{"level":"info","message":"Created client session bb92b1794c814d2d9a84f740","timestamp":"2026-05-09 07:59:18"}
{"level":"info","message":"Created client session 00684db6451213eddc00248b","timestamp":"2026-05-09 08:03:59"}
{"level":"info","message":"Created client session 6b0a5c2448f0f05c1bf8cdf1","timestamp":"2026-05-09 08:04:05"}
{"level":"info","message":"Created client session 34ac875b1f3a318b4cc8d8a1","timestamp":"2026-05-09 08:26:56"}
{"level":"info","message":"Created client session 875b7716bea516c281229847","timestamp":"2026-05-09 09:01:43"}
{"level":"info","message":"Created client session 0a1f8467c9d10b71deae9c26","timestamp":"2026-05-09 09:07:38"}
{"level":"info","message":"Created client session f173bea0c9dd85a8a771ddf6","timestamp":"2026-05-09 09:15:51"}
{"level":"info","message":"Created client session 335be4f364192c1583b8e676","timestamp":"2026-05-09 09:43:17"}
{"level":"info","message":"Created client session 9bb4afdbf49547b4e3c8fdb1","timestamp":"2026-05-09 10:17:24"}
{"level":"info","message":"Created client session 56e2ca0d0b377d38013ccfdb","timestamp":"2026-05-09 10:39:14"}
{"level":"info","message":"Created client session 7cdd8cf7d1e6e1e1f91c880f","timestamp":"2026-05-09 10:43:34"}
{"level":"info","message":"Created client session c9ce203aeed2fcdc549944b2","timestamp":"2026-05-09 10:48:00"}
{"level":"info","message":"Created client session c33ccfc02174b18410edd316","timestamp":"2026-05-09 10:48:01"}
{"level":"info","message":"Created client session 0c3d26a256b9740d543a5e57","timestamp":"2026-05-09 10:48:02"}
{"level":"info","message":"Created client session 84fb0cec75fdf2bf46f7d59a","timestamp":"2026-05-09 11:05:07"}
{"level":"info","message":"Created client session 6ab623a11dbc5b2bf65c67b0","timestamp":"2026-05-09 11:35:34"}
{"level":"info","message":"Created client session 9ff6ee35a759dbc774ce1f3e","timestamp":"2026-05-09 12:33:41"}
{"level":"info","message":"Created client session 8eb5f3151138a26d1f117d96","timestamp":"2026-05-09 12:58:18"}
{"level":"info","message":"Created client session 8528a4dd1a7cfb47fd2806c1","timestamp":"2026-05-09 13:04:14"}
{"level":"info","message":"Created client session 569031793b86b9c31f6f4a63","timestamp":"2026-05-09 13:15:31"}
{"level":"info","message":"Created client session 10c8b084d07b8cc6bf1e010e","timestamp":"2026-05-09 13:22:22"}
{"level":"info","message":"Created client session 7f0e73f2d49321420f5ceef0","timestamp":"2026-05-09 13:49:59"}
{"level":"info","message":"Created client session de2278e294bbc29cef6d65d8","timestamp":"2026-05-09 14:08:06"}
{"level":"info","message":"Created client session ebf91b59ffffaa09541322dd","timestamp":"2026-05-09 15:06:24"}
{"level":"info","message":"Created client session 1bb274c8ed3d81285993d35d","timestamp":"2026-05-09 15:32:35"}
{"level":"info","message":"Created client session 30d738f4dfde48fe103bb671","timestamp":"2026-05-09 15:44:06"}
{"level":"info","message":"Created client session 193edc038cedc4f0158b41a6","timestamp":"2026-05-09 15:44:08"}
{"level":"info","message":"Created client session 80d1f99bee23062c3a1429a5","timestamp":"2026-05-09 16:00:46"}
{"ip":"38.143.253.121","level":"info","message":"User authentication successful for user Gamemaster","session":"80d1f99bee23062c3a1429a5","timestamp":"2026-05-09 16:01:23"}
{"level":"info","message":"Core software stable update 14.361 is available!","timestamp":"2026-05-09 16:01:25"}
{"level":"info","message":"No system update for Delta Green: The Role-Playing Game is currently available.","timestamp":"2026-05-09 16:01:25"}
{"level":"info","message":"Vended World data to User [aFXBIYID8O38Ue0X] in 634ms","timestamp":"2026-05-09 16:01:25"}
{"level":"info","message":"Created client session 7d81fc8f61db3e9d9b02c950","timestamp":"2026-05-09 16:21:42"}
{"level":"info","message":"Created client session 3f381855287056796803619c","timestamp":"2026-05-09 16:48:44"}
{"level":"info","message":"Created client session ea384db04be9243f22251971","timestamp":"2026-05-09 16:58:47"}
{"level":"info","message":"Created client session de153a550855436828c94fee","timestamp":"2026-05-09 17:05:15"}
{"level":"info","message":"Created client session c76a5d3541bcdd1048c4768b","timestamp":"2026-05-09 17:05:50"}
{"level":"info","message":"Created client session 151c6df09c0eee0dcf5b77db","timestamp":"2026-05-09 17:05:50"}
{"level":"info","message":"Created client session 1ed3489b564abd547801d63a","timestamp":"2026-05-09 17:05:56"}
{"level":"info","message":"Created client session 8af89a7c94dce0ca48dfa76e","timestamp":"2026-05-09 17:11:09"}
{"level":"info","message":"Created client session 9d8a9cef22e3c0ce8eef7d2a","timestamp":"2026-05-09 17:24:10"}
{"level":"info","message":"Created client session a2bc805b5fc1ad77968d71bd","timestamp":"2026-05-09 17:28:58"}
{"level":"info","message":"Created client session 1839f27bbd1cbdb713f72501","timestamp":"2026-05-09 17:29:00"}
{"level":"info","message":"Created client session 7f07d7b6464d218fb6bcccf6","timestamp":"2026-05-09 17:31:42"}
{"level":"info","message":"Created client session 36ecdffce1ac1ca2c5a6ccb2","timestamp":"2026-05-09 17:36:22"}
{"level":"info","message":"Created client session bb1b7c9f4ea87fbba9c9c2bc","timestamp":"2026-05-09 17:36:25"}
{"level":"info","message":"Created client session 19e2035906af32dc2af0d243","timestamp":"2026-05-09 17:39:13"}
{"level":"info","message":"Created client session 2338ba28bcc1830251bac63f","timestamp":"2026-05-09 18:06:55"}
{"level":"info","message":"Created client session 27d6e3b89302775986fb49a0","timestamp":"2026-05-09 18:08:19"}
{"level":"info","message":"Created client session 89cec8e731b39bdcd8a67f86","timestamp":"2026-05-09 18:47:32"}
{"level":"info","message":"Created client session 928a1f6fd2208cfbb07960ee","timestamp":"2026-05-09 18:54:07"}
{"level":"info","message":"Created client session 1509a2b959d4651b8d90fc4b","timestamp":"2026-05-09 18:59:38"}
{"level":"info","message":"Created client session f459ab2c35764e10e2c869f2","timestamp":"2026-05-09 19:36:52"}
{"level":"info","message":"Created client session 09bb1647ddbf04cb3a53938e","timestamp":"2026-05-09 20:02:44"}
{"level":"info","message":"Created client session 446d26a15e33a801e41c43ce","timestamp":"2026-05-09 20:18:15"}
{"level":"info","message":"Created client session 64c70d487fa09a03c4d17a9a","timestamp":"2026-05-09 20:35:03"}
{"level":"info","message":"Created client session 021482b20568f4896ba9fbfd","timestamp":"2026-05-09 20:43:45"}
{"ip":"131.239.178.246","level":"info","message":"User authentication successful for user Gamemaster","session":"021482b20568f4896ba9fbfd","timestamp":"2026-05-09 20:44:10"}
{"level":"info","message":"No system update for Delta Green: The Role-Playing Game is currently available.","timestamp":"2026-05-09 20:44:12"}
{"level":"info","message":"Vended World data to User [aFXBIYID8O38Ue0X] in 683ms","timestamp":"2026-05-09 20:44:12"}
{"level":"info","message":"Logged user aFXBIYID8O38Ue0X out of active World","timestamp":"2026-05-09 20:53:39"}
{"ip":"131.239.178.246","level":"info","message":"User authentication successful for user Gamemaster","session":"021482b20568f4896ba9fbfd","timestamp":"2026-05-09 20:53:45"}
{"level":"info","message":"No system update for Delta Green: The Role-Playing Game is currently available.","timestamp":"2026-05-09 20:53:46"}
{"level":"info","message":"Vended World data to User [aFXBIYID8O38Ue0X] in 551ms","timestamp":"2026-05-09 20:53:46"}
{"level":"info","message":"Created client session 7f3d2974952fbc8d9c345d75","timestamp":"2026-05-09 21:10:25"}
{"level":"info","message":"Created client session 23cbe5cfc1b73557e7ef4d72","timestamp":"2026-05-09 21:15:50"}
{"level":"info","message":"Created client session f00976f8f4501821eb193d5f","timestamp":"2026-05-09 21:41:03"}
{"level":"info","message":"Created client session 80d428c53e5d04744b226480","timestamp":"2026-05-09 21:41:37"}
{"level":"info","message":"Created client session ef3721cd7dd253dbb788c850","timestamp":"2026-05-09 21:41:52"}
{"level":"info","message":"Created client session 591f2d79ce933ae8b6fa37f4","timestamp":"2026-05-09 21:45:05"}
{"level":"info","message":"Created client session ded40e9d20f33d6764da235d","timestamp":"2026-05-09 22:21:33"}
{"level":"info","message":"Created client session d50374f1b3dcd772368d6071","timestamp":"2026-05-09 22:21:52"}
{"level":"info","message":"Created client session bbe786f4f6d6a915971e53de","timestamp":"2026-05-09 22:21:53"}
{"level":"info","message":"Created client session 46c5ca1749b735eef11e4eba","timestamp":"2026-05-09 22:22:56"}
{"level":"info","message":"Created client session 6e3475d90da2b86ed3588573","timestamp":"2026-05-09 23:09:53"}
{"level":"info","message":"Created client session 8f06dee86b850fd50339563f","timestamp":"2026-05-09 23:16:30"}
{"level":"info","message":"Created client session c12b07845b8a9eb80302faf2","timestamp":"2026-05-09 23:23:47"}
{"level":"info","message":"Created client session 030336c3304666617c652ad7","timestamp":"2026-05-09 23:26:04"}
