{"level":"info","message":"Created client session 52cfa2fdd842731b012c03fc","timestamp":"2026-05-11 00:01:25"}
{"level":"info","message":"Created client session a3f8fbeee1c124d8a81b3eaa","timestamp":"2026-05-11 00:49:39"}
{"level":"info","message":"Created client session 4ab903c98811688503e4cbb2","timestamp":"2026-05-11 00:57:02"}
{"level":"info","message":"Created client session 91ac665cc0a40406aca112f6","timestamp":"2026-05-11 00:57:05"}
{"level":"info","message":"Created client session b22bd3e01918fef92d136c43","timestamp":"2026-05-11 01:03:45"}
{"level":"info","message":"Created client session 82dbc9154606d94f9a53f8b7","timestamp":"2026-05-11 01:11:45"}
{"level":"info","message":"Created client session 37f6eeabb3355d3eff1e656f","timestamp":"2026-05-11 01:16:47"}
{"level":"info","message":"Created client session da3f1f197ad5964596ec21ee","timestamp":"2026-05-11 01:28:23"}
{"level":"info","message":"Created client session 0e3d5e13b3f1c4ae6d3c9a0b","timestamp":"2026-05-11 01:54:14"}
{"level":"info","message":"Created client session f68d5008bfca90b908ebf055","timestamp":"2026-05-11 02:58:35"}
{"level":"info","message":"Created client session 3834a72f4e58d2537dd58dff","timestamp":"2026-05-11 03:28:44"}
{"level":"info","message":"Created client session c3ee3406a33b50fb6667c2e4","timestamp":"2026-05-11 03:37:17"}
{"level":"info","message":"Created client session 633bfc6253068055fba37c87","timestamp":"2026-05-11 03:50:56"}
{"level":"info","message":"Created client session 89cc24207d501b7fc913ab9e","timestamp":"2026-05-11 03:56:28"}
{"level":"info","message":"Created client session 779884ea4f2c4bbc2ecec534","timestamp":"2026-05-11 03:58:48"}
{"ip":"38.143.253.121","level":"info","message":"User authentication successful for user Gamemaster","session":"779884ea4f2c4bbc2ecec534","timestamp":"2026-05-11 03:58:56"}
{"level":"info","message":"No system update for Delta Green: The Role-Playing Game is currently available.","timestamp":"2026-05-11 03:58:58"}
{"level":"info","message":"Vended World data to User [aFXBIYID8O38Ue0X] in 632ms","timestamp":"2026-05-11 03:58:58"}
{"level":"info","message":"Created Wall with id [q8wCkRq6drkyqDk9] in parent Scene [Bcx2ieCEaGGEcVd6]","timestamp":"2026-05-11 04:03:35"}
{"level":"info","message":"Created Wall with id [4wgSyacnFpvXtGmY] in parent Scene [Bcx2ieCEaGGEcVd6]","timestamp":"2026-05-11 04:03:37"}
{"level":"info","message":"Deleted Wall with id [4wgSyacnFpvXtGmY] in parent Scene [Bcx2ieCEaGGEcVd6]","timestamp":"2026-05-11 04:03:43"}
{"level":"info","message":"Created Wall with id [NX92ISyVWpaJ9x9o] in parent Scene [Bcx2ieCEaGGEcVd6]","timestamp":"2026-05-11 04:03:48"}
{"level":"info","message":"Created Wall with id [z5kS3AjQ2ui1W0qu] in parent Scene [Bcx2ieCEaGGEcVd6]","timestamp":"2026-05-11 04:03:52"}
{"level":"info","message":"Created Wall with id [BuY5mYBu5k2ugsJD] in parent Scene [Bcx2ieCEaGGEcVd6]","timestamp":"2026-05-11 04:03:55"}
{"level":"info","message":"Created Wall with id [rOiqlajKCfCOvkbs] in parent Scene [Bcx2ieCEaGGEcVd6]","timestamp":"2026-05-11 04:03:59"}
{"level":"info","message":"Created Wall with id [KctwBBopAbQ1FIYB] in parent Scene [Bcx2ieCEaGGEcVd6]","timestamp":"2026-05-11 04:04:02"}
{"level":"info","message":"Created Wall with id [5Ky72G9hyWpDPbex] in parent Scene [Bcx2ieCEaGGEcVd6]","timestamp":"2026-05-11 04:04:16"}
{"level":"info","message":"Created Wall with id [UCeDLeykqB8GWTQa] in parent Scene [Bcx2ieCEaGGEcVd6]","timestamp":"2026-05-11 04:04:25"}
{"level":"info","message":"Created Wall with id [qNMnUoCGATMHzo06] in parent Scene [Bcx2ieCEaGGEcVd6]","timestamp":"2026-05-11 04:04:29"}
{"level":"info","message":"Created Wall with id [7adYMQTNToG0k21c] in parent Scene [Bcx2ieCEaGGEcVd6]","timestamp":"2026-05-11 04:04:32"}
{"level":"info","message":"Created Wall with id [UUty3iG01opOIoeA] in parent Scene [Bcx2ieCEaGGEcVd6]","timestamp":"2026-05-11 04:04:37"}
{"level":"info","message":"Created Wall with id [mqw0YlfcCSJAJLuU] in parent Scene [Bcx2ieCEaGGEcVd6]","timestamp":"2026-05-11 04:04:39"}
{"level":"info","message":"Created Wall with id [M07ErNrjVh59VYDG] in parent Scene [Bcx2ieCEaGGEcVd6]","timestamp":"2026-05-11 04:04:42"}
{"level":"info","message":"Created Wall with id [n9FCqFREs3sHbub5] in parent Scene [Bcx2ieCEaGGEcVd6]","timestamp":"2026-05-11 04:04:46"}
{"level":"info","message":"Created Wall with id [TNlPtDqzDaaOcXoT] in parent Scene [Bcx2ieCEaGGEcVd6]","timestamp":"2026-05-11 04:04:48"}
{"level":"info","message":"Created Wall with id [m5khcsgqaFbCI8Jx] in parent Scene [Bcx2ieCEaGGEcVd6]","timestamp":"2026-05-11 04:04:51"}
{"level":"info","message":"Created Wall with id [RMiooBvwfkh0pLNK] in parent Scene [Bcx2ieCEaGGEcVd6]","timestamp":"2026-05-11 04:04:58"}
{"level":"info","message":"Created Wall with id [ghwXeUdfJFpU4hmk] in parent Scene [Bcx2ieCEaGGEcVd6]","timestamp":"2026-05-11 04:05:02"}
{"level":"info","message":"Created Wall with id [KLmIBXNAuJuWPSIe] in parent Scene [Bcx2ieCEaGGEcVd6]","timestamp":"2026-05-11 04:05:16"}
{"level":"info","message":"Created Wall with id [LN0TT2gw0XbacKUC] in parent Scene [Bcx2ieCEaGGEcVd6]","timestamp":"2026-05-11 04:05:29"}
{"level":"info","message":"Created Wall with id [w1yIDLGukQNlbx0c] in parent Scene [Bcx2ieCEaGGEcVd6]","timestamp":"2026-05-11 04:05:33"}
{"level":"info","message":"Created Wall with id [OPKBld1yVStY3emt] in parent Scene [Bcx2ieCEaGGEcVd6]","timestamp":"2026-05-11 04:05:39"}
{"level":"info","message":"Created Wall with id [UsqwDLckiZaqutQH] in parent Scene [Bcx2ieCEaGGEcVd6]","timestamp":"2026-05-11 04:05:44"}
{"level":"info","message":"Created Wall with id [QGgPmC59FquDaVTK] in parent Scene [Bcx2ieCEaGGEcVd6]","timestamp":"2026-05-11 04:06:01"}
{"level":"info","message":"Created Wall with id [fA80FVVTv6fr9qyZ] in parent Scene [Bcx2ieCEaGGEcVd6]","timestamp":"2026-05-11 04:06:05"}
{"level":"info","message":"Deleted Wall with id [QGgPmC59FquDaVTK] in parent Scene [Bcx2ieCEaGGEcVd6]","timestamp":"2026-05-11 04:06:06"}
{"level":"info","message":"Created Wall with id [khPoiEpVTjgs94ml] in parent Scene [Bcx2ieCEaGGEcVd6]","timestamp":"2026-05-11 04:06:10"}
{"level":"info","message":"Deleted 2 Wall documents with ids: [fA80FVVTv6fr9qyZ,khPoiEpVTjgs94ml] in parent Scene [Bcx2ieCEaGGEcVd6]","timestamp":"2026-05-11 04:06:14"}
{"level":"info","message":"Created Wall with id [c833rLk0GQCeFhYZ] in parent Scene [Bcx2ieCEaGGEcVd6]","timestamp":"2026-05-11 04:06:20"}
{"level":"info","message":"Created Wall with id [o3SufybW4j4S4lro] in parent Scene [Bcx2ieCEaGGEcVd6]","timestamp":"2026-05-11 04:06:40"}
{"level":"info","message":"Created Wall with id [X5IAgjxA3rxpae95] in parent Scene [Bcx2ieCEaGGEcVd6]","timestamp":"2026-05-11 04:06:43"}
{"level":"info","message":"Created Wall with id [AEvKaUEj1a6QCzi7] in parent Scene [Bcx2ieCEaGGEcVd6]","timestamp":"2026-05-11 04:06:57"}
{"level":"info","message":"Created Wall with id [ib7QQjUn595yxUjU] in parent Scene [Bcx2ieCEaGGEcVd6]","timestamp":"2026-05-11 04:07:01"}
{"level":"info","message":"Created Wall with id [lyErs8dmkOqSJLLg] in parent Scene [Bcx2ieCEaGGEcVd6]","timestamp":"2026-05-11 04:07:03"}
{"level":"info","message":"Created Wall with id [p6jz5EbbcscS0lRv] in parent Scene [Bcx2ieCEaGGEcVd6]","timestamp":"2026-05-11 04:07:05"}
{"level":"info","message":"Created Wall with id [73FLVNyVhTVVdl6l] in parent Scene [Bcx2ieCEaGGEcVd6]","timestamp":"2026-05-11 04:07:12"}
{"level":"info","message":"Created Wall with id [w09gOz8IfaHsvVuc] in parent Scene [Bcx2ieCEaGGEcVd6]","timestamp":"2026-05-11 04:07:16"}
{"level":"info","message":"Created Wall with id [qOD6SJ5pQrBKwbRn] in parent Scene [Bcx2ieCEaGGEcVd6]","timestamp":"2026-05-11 04:07:19"}
{"level":"info","message":"Created Wall with id [6bt3wctzkYHOp7og] in parent Scene [Bcx2ieCEaGGEcVd6]","timestamp":"2026-05-11 04:07:22"}
{"level":"info","message":"Deleted Wall with id [6bt3wctzkYHOp7og] in parent Scene [Bcx2ieCEaGGEcVd6]","timestamp":"2026-05-11 04:07:23"}
{"level":"info","message":"Created Wall with id [IS56n4IV0pqKRj9W] in parent Scene [Bcx2ieCEaGGEcVd6]","timestamp":"2026-05-11 04:07:43"}
{"level":"info","message":"Created Wall with id [kvwrP76MW1RyaDaW] in parent Scene [Bcx2ieCEaGGEcVd6]","timestamp":"2026-05-11 04:07:45"}
{"level":"info","message":"Created Wall with id [7pepLkBtLOzjehre] in parent Scene [Bcx2ieCEaGGEcVd6]","timestamp":"2026-05-11 04:07:49"}
{"level":"info","message":"Created Wall with id [wJizEoKm7EtLTQ7T] in parent Scene [Bcx2ieCEaGGEcVd6]","timestamp":"2026-05-11 04:07:52"}
{"level":"info","message":"Created Wall with id [UGH1xwYRodgiEN3J] in parent Scene [Bcx2ieCEaGGEcVd6]","timestamp":"2026-05-11 04:07:52"}
{"level":"info","message":"Created Wall with id [UsdS7B1tgcNNPaVP] in parent Scene [Bcx2ieCEaGGEcVd6]","timestamp":"2026-05-11 04:08:06"}
{"level":"info","message":"Created Wall with id [Oavq1u0TWgDPP6OP] in parent Scene [Bcx2ieCEaGGEcVd6]","timestamp":"2026-05-11 04:08:13"}
{"level":"info","message":"Created Wall with id [myUFDN4Rd8eqSkg0] in parent Scene [Bcx2ieCEaGGEcVd6]","timestamp":"2026-05-11 04:08:24"}
{"level":"info","message":"Created Wall with id [qPWW6dEA4LlfuJIh] in parent Scene [Bcx2ieCEaGGEcVd6]","timestamp":"2026-05-11 04:08:29"}
{"level":"info","message":"Created Wall with id [9eGSRE4Stn1wKexX] in parent Scene [Bcx2ieCEaGGEcVd6]","timestamp":"2026-05-11 04:08:42"}
{"level":"info","message":"Created Wall with id [mPvHTaYuDPTjvgue] in parent Scene [Bcx2ieCEaGGEcVd6]","timestamp":"2026-05-11 04:08:53"}
{"level":"info","message":"Created Wall with id [ZnGUbNlLQ5WDuZzw] in parent Scene [Bcx2ieCEaGGEcVd6]","timestamp":"2026-05-11 04:08:58"}
{"level":"info","message":"Created Wall with id [xn3qj4dTqJ59kkSz] in parent Scene [Bcx2ieCEaGGEcVd6]","timestamp":"2026-05-11 04:08:59"}
{"level":"info","message":"Created Wall with id [CBXfrNdMQNLUehjp] in parent Scene [Bcx2ieCEaGGEcVd6]","timestamp":"2026-05-11 04:09:03"}
{"level":"info","message":"Created Wall with id [r5GPw85bN87xlT8v] in parent Scene [Bcx2ieCEaGGEcVd6]","timestamp":"2026-05-11 04:09:13"}
{"level":"info","message":"Created Wall with id [Xns6lNyIbICPrR0a] in parent Scene [Bcx2ieCEaGGEcVd6]","timestamp":"2026-05-11 04:10:04"}
{"level":"info","message":"Deleted Wall with id [Xns6lNyIbICPrR0a] in parent Scene [Bcx2ieCEaGGEcVd6]","timestamp":"2026-05-11 04:10:10"}
{"level":"info","message":"Created Token with id [zoBXUewjni1cUAA4] in parent Scene [Bcx2ieCEaGGEcVd6]","timestamp":"2026-05-11 04:10:37"}
{"level":"info","message":"Created client session a1b77312926186df4ffce8e4","timestamp":"2026-05-11 04:13:18"}
{"ip":"38.143.253.121","level":"info","message":"User authentication successful for user Test Player","session":"a1b77312926186df4ffce8e4","timestamp":"2026-05-11 04:13:22"}
{"level":"info","message":"No system update for Delta Green: The Role-Playing Game is currently available.","timestamp":"2026-05-11 04:13:24"}
{"level":"info","message":"Vended World data to User [3M5RYPZ6lHVXNwtO] in 668ms","timestamp":"2026-05-11 04:13:24"}
{"level":"info","message":"Created FogExploration with id [gzEdRWRzBkwYOikQ]","timestamp":"2026-05-11 04:13:52"}
{"level":"info","message":"Created FogExploration with id [BfY8KocBUElovbwJ]","timestamp":"2026-05-11 04:14:16"}
{"level":"info","message":"Created Wall with id [BMlQkWjgJ6uBNSHV] in parent Scene [Bcx2ieCEaGGEcVd6]","timestamp":"2026-05-11 04:17:09"}
{"level":"info","message":"Created Wall with id [piMSwMMLsMPVobFe] in parent Scene [Bcx2ieCEaGGEcVd6]","timestamp":"2026-05-11 04:17:28"}
{"level":"info","message":"Created Wall with id [RzHcXBkNt9OSuaxz] in parent Scene [Bcx2ieCEaGGEcVd6]","timestamp":"2026-05-11 04:17:40"}
{"level":"info","message":"Created Wall with id [HYPtSzZGd7Wd89rr] in parent Scene [Bcx2ieCEaGGEcVd6]","timestamp":"2026-05-11 04:17:47"}
{"level":"info","message":"Created Wall with id [nJDqXcTYHELedlEj] in parent Scene [Bcx2ieCEaGGEcVd6]","timestamp":"2026-05-11 04:19:13"}
{"level":"info","message":"Created Wall with id [xOq5EArqDbFFMI08] in parent Scene [Bcx2ieCEaGGEcVd6]","timestamp":"2026-05-11 04:19:26"}
{"level":"info","message":"Created Wall with id [IwDYC1cMEX24Mm2Y] in parent Scene [Bcx2ieCEaGGEcVd6]","timestamp":"2026-05-11 04:19:31"}
{"level":"info","message":"Created Wall with id [8v16F6iz3mw9EMHi] in parent Scene [Bcx2ieCEaGGEcVd6]","timestamp":"2026-05-11 04:19:41"}
{"level":"info","message":"Created Wall with id [UleJ0KC5y58nfD2D] in parent Scene [Bcx2ieCEaGGEcVd6]","timestamp":"2026-05-11 04:19:56"}
{"level":"info","message":"Created client session b27566178c08f87ba1331f9a","timestamp":"2026-05-11 04:20:17"}
{"level":"info","message":"Created client session 6b4be3c83d311811bb301e7c","timestamp":"2026-05-11 04:20:26"}
{"level":"info","message":"Created Wall with id [SfUuaR87NgoFea6U] in parent Scene [Bcx2ieCEaGGEcVd6]","timestamp":"2026-05-11 04:21:25"}
{"level":"info","message":"Created Wall with id [74gRVUaRc0GR4y05] in parent Scene [Bcx2ieCEaGGEcVd6]","timestamp":"2026-05-11 04:21:44"}
{"level":"info","message":"Created Wall with id [6LkHZCVPsoQuNODZ] in parent Scene [Bcx2ieCEaGGEcVd6]","timestamp":"2026-05-11 04:22:00"}
{"level":"info","message":"Deleted Wall with id [6LkHZCVPsoQuNODZ] in parent Scene [Bcx2ieCEaGGEcVd6]","timestamp":"2026-05-11 04:22:02"}
{"level":"info","message":"Created Wall with id [9mjah53FgGE6ygyA] in parent Scene [Bcx2ieCEaGGEcVd6]","timestamp":"2026-05-11 04:22:13"}
{"level":"info","message":"Created Wall with id [2k44ZqbHE1pd5Pty] in parent Scene [Bcx2ieCEaGGEcVd6]","timestamp":"2026-05-11 04:22:18"}
{"level":"info","message":"Created Wall with id [OwiXfqGTg2MxQLxE] in parent Scene [Bcx2ieCEaGGEcVd6]","timestamp":"2026-05-11 04:22:39"}
{"level":"info","message":"Created Wall with id [OMACiUb1NstIpZtX] in parent Scene [Bcx2ieCEaGGEcVd6]","timestamp":"2026-05-11 04:22:45"}
{"level":"info","message":"Created Wall with id [IoucTNIuWWG27ZZF] in parent Scene [Bcx2ieCEaGGEcVd6]","timestamp":"2026-05-11 04:22:48"}
{"level":"info","message":"Created Wall with id [gcw4cUsEArPf2rkt] in parent Scene [Bcx2ieCEaGGEcVd6]","timestamp":"2026-05-11 04:22:51"}
{"level":"info","message":"Created Wall with id [k9g84Dlx11vvMUBW] in parent Scene [Bcx2ieCEaGGEcVd6]","timestamp":"2026-05-11 04:23:07"}
{"level":"info","message":"Deleted Wall with id [IS56n4IV0pqKRj9W] in parent Scene [Bcx2ieCEaGGEcVd6]","timestamp":"2026-05-11 04:23:13"}
{"level":"info","message":"Created Wall with id [axRp62L90wgKgxE4] in parent Scene [Bcx2ieCEaGGEcVd6]","timestamp":"2026-05-11 04:23:15"}
{"level":"info","message":"Created Wall with id [alY5TMoWr9OW9H0g] in parent Scene [Bcx2ieCEaGGEcVd6]","timestamp":"2026-05-11 04:23:19"}
{"level":"info","message":"Created Wall with id [GoiczAO18r3EJoMA] in parent Scene [Bcx2ieCEaGGEcVd6]","timestamp":"2026-05-11 04:23:33"}
{"level":"info","message":"Created client session e7a423a54f8ad68b49ecca33","timestamp":"2026-05-11 04:23:38"}
{"level":"info","message":"Created Wall with id [cmLtlsXQ8bVib5kD] in parent Scene [Bcx2ieCEaGGEcVd6]","timestamp":"2026-05-11 04:23:52"}
{"level":"info","message":"Created Wall with id [cxlIDq91ZsPo1yDz] in parent Scene [Bcx2ieCEaGGEcVd6]","timestamp":"2026-05-11 04:23:54"}
{"level":"info","message":"Created Wall with id [gyHtdBhlACt4NqwU] in parent Scene [Bcx2ieCEaGGEcVd6]","timestamp":"2026-05-11 04:23:55"}
{"level":"info","message":"Created Wall with id [xaLi8pP9qFEU4J0p] in parent Scene [Bcx2ieCEaGGEcVd6]","timestamp":"2026-05-11 04:23:57"}
{"level":"info","message":"Created Wall with id [sOWgkEbA8p1EeJGU] in parent Scene [Bcx2ieCEaGGEcVd6]","timestamp":"2026-05-11 04:24:00"}
{"level":"info","message":"Created Wall with id [cZQlFTH7Kse3hDUb] in parent Scene [Bcx2ieCEaGGEcVd6]","timestamp":"2026-05-11 04:24:01"}
{"level":"info","message":"Created Wall with id [bdLkXrQ9IkTD3vPP] in parent Scene [Bcx2ieCEaGGEcVd6]","timestamp":"2026-05-11 04:24:10"}
{"level":"info","message":"Created Wall with id [g3FT95QFVYryJyxd] in parent Scene [Bcx2ieCEaGGEcVd6]","timestamp":"2026-05-11 04:24:16"}
{"level":"info","message":"Created Wall with id [N4xa4nxvc8ORXnlC] in parent Scene [Bcx2ieCEaGGEcVd6]","timestamp":"2026-05-11 04:24:17"}
{"level":"info","message":"Deleted Wall with id [N4xa4nxvc8ORXnlC] in parent Scene [Bcx2ieCEaGGEcVd6]","timestamp":"2026-05-11 04:24:24"}
{"level":"info","message":"Deleted Wall with id [g3FT95QFVYryJyxd] in parent Scene [Bcx2ieCEaGGEcVd6]","timestamp":"2026-05-11 04:24:24"}
{"level":"info","message":"Deleted Wall with id [gyHtdBhlACt4NqwU] in parent Scene [Bcx2ieCEaGGEcVd6]","timestamp":"2026-05-11 04:24:29"}
{"level":"info","message":"Deleted Wall with id [xaLi8pP9qFEU4J0p] in parent Scene [Bcx2ieCEaGGEcVd6]","timestamp":"2026-05-11 04:24:30"}
{"level":"info","message":"Deleted Wall with id [cxlIDq91ZsPo1yDz] in parent Scene [Bcx2ieCEaGGEcVd6]","timestamp":"2026-05-11 04:24:31"}
{"level":"info","message":"Deleted Wall with id [sOWgkEbA8p1EeJGU] in parent Scene [Bcx2ieCEaGGEcVd6]","timestamp":"2026-05-11 04:24:34"}
{"level":"info","message":"Deleted Wall with id [cZQlFTH7Kse3hDUb] in parent Scene [Bcx2ieCEaGGEcVd6]","timestamp":"2026-05-11 04:24:35"}
{"level":"info","message":"Created Wall with id [V6yvqkGbWB3vX1W3] in parent Scene [Bcx2ieCEaGGEcVd6]","timestamp":"2026-05-11 04:24:59"}
{"level":"info","message":"Deleted Wall with id [w1yIDLGukQNlbx0c] in parent Scene [Bcx2ieCEaGGEcVd6]","timestamp":"2026-05-11 04:25:01"}
{"level":"info","message":"Deleted Wall with id [V6yvqkGbWB3vX1W3] in parent Scene [Bcx2ieCEaGGEcVd6]","timestamp":"2026-05-11 04:25:02"}
{"level":"info","message":"Created Wall with id [RGzzufzYEDsid9dj] in parent Scene [Bcx2ieCEaGGEcVd6]","timestamp":"2026-05-11 04:25:04"}
{"level":"info","message":"Created Wall with id [nsrif8rHFYmc2y5T] in parent Scene [Bcx2ieCEaGGEcVd6]","timestamp":"2026-05-11 04:25:25"}
{"level":"info","message":"Created Wall with id [uQbEDDCkKvCH0JdO] in parent Scene [Bcx2ieCEaGGEcVd6]","timestamp":"2026-05-11 04:25:34"}
{"level":"info","message":"Created Wall with id [ji8C9SiiHeEWonEQ] in parent Scene [Bcx2ieCEaGGEcVd6]","timestamp":"2026-05-11 04:25:43"}
{"level":"info","message":"Created Wall with id [nGXQO0DSyaZZ85Aa] in parent Scene [Bcx2ieCEaGGEcVd6]","timestamp":"2026-05-11 04:25:54"}
{"level":"info","message":"Deleted Wall with id [nGXQO0DSyaZZ85Aa] in parent Scene [Bcx2ieCEaGGEcVd6]","timestamp":"2026-05-11 04:25:59"}
{"level":"info","message":"Created Wall with id [kDTNPJs6BxzS2c2F] in parent Scene [Bcx2ieCEaGGEcVd6]","timestamp":"2026-05-11 04:26:14"}
{"level":"info","message":"Created Wall with id [16ig7qq6dSstc1gs] in parent Scene [Bcx2ieCEaGGEcVd6]","timestamp":"2026-05-11 04:26:21"}
{"level":"info","message":"Created Wall with id [IGuuwEL0hFNjhIJw] in parent Scene [Bcx2ieCEaGGEcVd6]","timestamp":"2026-05-11 04:26:28"}
{"level":"info","message":"Created client session 5b1bc0e0d4a886ea98f0a6e1","timestamp":"2026-05-11 04:27:47"}
{"level":"info","message":"Created Wall with id [wctsqDAqJ9QkC86H] in parent Scene [Bcx2ieCEaGGEcVd6]","timestamp":"2026-05-11 04:27:49"}
{"level":"info","message":"Created Wall with id [cjDWHip6GkTP7cF0] in parent Scene [Bcx2ieCEaGGEcVd6]","timestamp":"2026-05-11 04:27:58"}
{"level":"info","message":"Created Wall with id [HWxjwQ6C3GElLdY0] in parent Scene [Bcx2ieCEaGGEcVd6]","timestamp":"2026-05-11 04:28:02"}
{"level":"info","message":"Created Wall with id [E4bUHabkg1kJKV7O] in parent Scene [Bcx2ieCEaGGEcVd6]","timestamp":"2026-05-11 04:28:32"}
{"level":"info","message":"Deleted Wall with id [E4bUHabkg1kJKV7O] in parent Scene [Bcx2ieCEaGGEcVd6]","timestamp":"2026-05-11 04:28:35"}
{"level":"info","message":"Created Wall with id [nUQYcqEGNNX03ncc] in parent Scene [Bcx2ieCEaGGEcVd6]","timestamp":"2026-05-11 04:28:53"}
{"level":"info","message":"Created Wall with id [xETTd8IRPU04Dy9j] in parent Scene [Bcx2ieCEaGGEcVd6]","timestamp":"2026-05-11 04:28:56"}
{"level":"info","message":"Deleted Wall with id [xETTd8IRPU04Dy9j] in parent Scene [Bcx2ieCEaGGEcVd6]","timestamp":"2026-05-11 04:29:02"}
{"level":"info","message":"Created Wall with id [c7jYTOrNlEvWeYap] in parent Scene [Bcx2ieCEaGGEcVd6]","timestamp":"2026-05-11 04:29:30"}
{"level":"info","message":"Created Wall with id [kUUoNJcLIsNwEw2y] in parent Scene [Bcx2ieCEaGGEcVd6]","timestamp":"2026-05-11 04:29:36"}
{"level":"info","message":"Created Wall with id [yf0IX2teMr2bX8xc] in parent Scene [Bcx2ieCEaGGEcVd6]","timestamp":"2026-05-11 04:29:39"}
{"level":"info","message":"Created Wall with id [fhnw9FxlGeB7oYwo] in parent Scene [Bcx2ieCEaGGEcVd6]","timestamp":"2026-05-11 04:29:48"}
{"level":"info","message":"Created Wall with id [ZoGuA7DeSEbKtO1m] in parent Scene [Bcx2ieCEaGGEcVd6]","timestamp":"2026-05-11 04:29:56"}
{"level":"info","message":"Created Wall with id [Iw9T0qzc6ZREUQDg] in parent Scene [Bcx2ieCEaGGEcVd6]","timestamp":"2026-05-11 04:30:24"}
{"level":"info","message":"Deleted Wall with id [Iw9T0qzc6ZREUQDg] in parent Scene [Bcx2ieCEaGGEcVd6]","timestamp":"2026-05-11 04:30:25"}
{"level":"info","message":"Created Wall with id [wX42IeRyFDtIt60s] in parent Scene [Bcx2ieCEaGGEcVd6]","timestamp":"2026-05-11 04:30:28"}
{"level":"info","message":"Deleted Wall with id [wX42IeRyFDtIt60s] in parent Scene [Bcx2ieCEaGGEcVd6]","timestamp":"2026-05-11 04:30:28"}
{"level":"info","message":"Created Wall with id [erZMV8o26qzLIscS] in parent Scene [Bcx2ieCEaGGEcVd6]","timestamp":"2026-05-11 04:30:35"}
{"level":"info","message":"Created Wall with id [S5X4zEydynesgdd7] in parent Scene [Bcx2ieCEaGGEcVd6]","timestamp":"2026-05-11 04:30:45"}
{"level":"info","message":"Deleted Wall with id [S5X4zEydynesgdd7] in parent Scene [Bcx2ieCEaGGEcVd6]","timestamp":"2026-05-11 04:30:48"}
{"level":"info","message":"Deleted Wall with id [erZMV8o26qzLIscS] in parent Scene [Bcx2ieCEaGGEcVd6]","timestamp":"2026-05-11 04:30:49"}
{"level":"info","message":"Created Wall with id [erZMV8o26qzLIscS] in parent Scene [Bcx2ieCEaGGEcVd6]","timestamp":"2026-05-11 04:30:51"}
{"level":"info","message":"Created Wall with id [jmrm2Dz3RKeQBrEs] in parent Scene [Bcx2ieCEaGGEcVd6]","timestamp":"2026-05-11 04:31:03"}
{"level":"info","message":"Created Wall with id [3hpKZtMhciZH0LDD] in parent Scene [Bcx2ieCEaGGEcVd6]","timestamp":"2026-05-11 04:31:09"}
{"level":"info","message":"Created Wall with id [BlTcnO4lSH9UVaiR] in parent Scene [Bcx2ieCEaGGEcVd6]","timestamp":"2026-05-11 04:31:22"}
{"level":"info","message":"Created Wall with id [sMegzKScJL6RuEJV] in parent Scene [Bcx2ieCEaGGEcVd6]","timestamp":"2026-05-11 04:31:40"}
{"level":"info","message":"Created Wall with id [svF0DrMTKwjS5wCl] in parent Scene [Bcx2ieCEaGGEcVd6]","timestamp":"2026-05-11 04:31:42"}
{"level":"info","message":"Deleted Wall with id [svF0DrMTKwjS5wCl] in parent Scene [Bcx2ieCEaGGEcVd6]","timestamp":"2026-05-11 04:31:43"}
{"level":"info","message":"Created Wall with id [dOoixGS7v3lsHneu] in parent Scene [Bcx2ieCEaGGEcVd6]","timestamp":"2026-05-11 04:31:54"}
{"level":"info","message":"Deleted Wall with id [dOoixGS7v3lsHneu] in parent Scene [Bcx2ieCEaGGEcVd6]","timestamp":"2026-05-11 04:31:55"}
{"level":"info","message":"Created Wall with id [0XsVlGtJ5lErj4rG] in parent Scene [Bcx2ieCEaGGEcVd6]","timestamp":"2026-05-11 04:32:04"}
{"level":"info","message":"Created Wall with id [aNrtbfyY3EaCc8lu] in parent Scene [Bcx2ieCEaGGEcVd6]","timestamp":"2026-05-11 04:32:09"}
{"level":"info","message":"Created Wall with id [4gdboujKmynI8pI5] in parent Scene [Bcx2ieCEaGGEcVd6]","timestamp":"2026-05-11 04:32:15"}
{"level":"info","message":"Created Wall with id [ykW86gMcWG424f7m] in parent Scene [Bcx2ieCEaGGEcVd6]","timestamp":"2026-05-11 04:32:47"}
{"level":"info","message":"Created Wall with id [eZAyNM2QRymvT0eK] in parent Scene [Bcx2ieCEaGGEcVd6]","timestamp":"2026-05-11 04:32:49"}
{"level":"info","message":"Created Wall with id [2DdsxKj0uI7PBqwi] in parent Scene [Bcx2ieCEaGGEcVd6]","timestamp":"2026-05-11 04:33:29"}
{"level":"info","message":"Created Wall with id [OC6zkNTo0ebYLzcK] in parent Scene [Bcx2ieCEaGGEcVd6]","timestamp":"2026-05-11 04:33:40"}
{"level":"info","message":"Created Wall with id [ciIKMxy6vYiXmooT] in parent Scene [Bcx2ieCEaGGEcVd6]","timestamp":"2026-05-11 04:33:55"}
{"level":"info","message":"Created Wall with id [QKfL9SprKLLN1wxL] in parent Scene [Bcx2ieCEaGGEcVd6]","timestamp":"2026-05-11 04:33:56"}
{"level":"info","message":"Created Wall with id [RclEjbm5xjweRHBA] in parent Scene [Bcx2ieCEaGGEcVd6]","timestamp":"2026-05-11 04:33:56"}
{"level":"info","message":"Deleted Wall with id [RclEjbm5xjweRHBA] in parent Scene [Bcx2ieCEaGGEcVd6]","timestamp":"2026-05-11 04:33:57"}
{"level":"info","message":"Deleted Wall with id [QKfL9SprKLLN1wxL] in parent Scene [Bcx2ieCEaGGEcVd6]","timestamp":"2026-05-11 04:33:58"}
{"level":"info","message":"Created Wall with id [SXKDd9EeElZ0Fqvn] in parent Scene [Bcx2ieCEaGGEcVd6]","timestamp":"2026-05-11 04:34:03"}
{"level":"info","message":"Created Wall with id [musivsfNn35cw6by] in parent Scene [Bcx2ieCEaGGEcVd6]","timestamp":"2026-05-11 04:34:22"}
{"level":"info","message":"Created Wall with id [ap12q6hNcaJNsFez] in parent Scene [Bcx2ieCEaGGEcVd6]","timestamp":"2026-05-11 04:34:34"}
{"level":"info","message":"Deleted Wall with id [ap12q6hNcaJNsFez] in parent Scene [Bcx2ieCEaGGEcVd6]","timestamp":"2026-05-11 04:34:35"}
{"level":"info","message":"Created Wall with id [uOp1XUdMkI9COaNk] in parent Scene [Bcx2ieCEaGGEcVd6]","timestamp":"2026-05-11 04:34:36"}
{"level":"info","message":"Deleted Wall with id [cmLtlsXQ8bVib5kD] in parent Scene [Bcx2ieCEaGGEcVd6]","timestamp":"2026-05-11 04:34:40"}
{"level":"info","message":"Deleted Wall with id [musivsfNn35cw6by] in parent Scene [Bcx2ieCEaGGEcVd6]","timestamp":"2026-05-11 04:34:40"}
{"level":"info","message":"Created Wall with id [musivsfNn35cw6by] in parent Scene [Bcx2ieCEaGGEcVd6]","timestamp":"2026-05-11 04:34:44"}
{"level":"info","message":"Created Wall with id [cmLtlsXQ8bVib5kD] in parent Scene [Bcx2ieCEaGGEcVd6]","timestamp":"2026-05-11 04:34:44"}
{"level":"info","message":"Created Wall with id [YZYtCqJSxmNCXrkl] in parent Scene [Bcx2ieCEaGGEcVd6]","timestamp":"2026-05-11 04:34:54"}
{"level":"info","message":"Created Wall with id [72ntbBaBwk2SOSae] in parent Scene [Bcx2ieCEaGGEcVd6]","timestamp":"2026-05-11 04:34:57"}
{"level":"info","message":"No system update for Delta Green: The Role-Playing Game is currently available.","timestamp":"2026-05-11 04:35:31"}
{"level":"info","message":"Vended World data to User [aFXBIYID8O38Ue0X] in 669ms","timestamp":"2026-05-11 04:35:31"}
{"level":"info","message":"Created client session c09f5951f9573053f4df2248","timestamp":"2026-05-11 04:36:30"}
{"ip":"38.143.253.121","level":"info","message":"User authentication successful for user Test Player","session":"c09f5951f9573053f4df2248","timestamp":"2026-05-11 04:36:35"}
{"level":"info","message":"No system update for Delta Green: The Role-Playing Game is currently available.","timestamp":"2026-05-11 04:36:37"}
{"level":"info","message":"Vended World data to User [3M5RYPZ6lHVXNwtO] in 540ms","timestamp":"2026-05-11 04:36:37"}
{"level":"info","message":"Created Wall with id [iJrF8GR6vkH8zteH] in parent Scene [Bcx2ieCEaGGEcVd6]","timestamp":"2026-05-11 04:38:47"}
{"level":"info","message":"Deleted Wall with id [bdLkXrQ9IkTD3vPP] in parent Scene [Bcx2ieCEaGGEcVd6]","timestamp":"2026-05-11 04:39:47"}
{"level":"info","message":"Deleted Wall with id [OwiXfqGTg2MxQLxE] in parent Scene [Bcx2ieCEaGGEcVd6]","timestamp":"2026-05-11 04:40:06"}
{"level":"info","message":"Created Wall with id [PhszDSEh1P5cBaMN] in parent Scene [Bcx2ieCEaGGEcVd6]","timestamp":"2026-05-11 04:40:10"}
{"level":"info","message":"Created Wall with id [e4EIxK01Bu2ZN74Y] in parent Scene [Bcx2ieCEaGGEcVd6]","timestamp":"2026-05-11 04:40:11"}
{"level":"info","message":"Deleted Wall with id [e4EIxK01Bu2ZN74Y] in parent Scene [Bcx2ieCEaGGEcVd6]","timestamp":"2026-05-11 04:40:16"}
{"level":"info","message":"Created Wall with id [WZ6WI6qtFRpll7IR] in parent Scene [Bcx2ieCEaGGEcVd6]","timestamp":"2026-05-11 04:42:21"}
{"level":"info","message":"Created client session 16b587a95414f1eef5b1ddbe","timestamp":"2026-05-11 04:42:41"}
{"level":"info","message":"Created client session 8dc47ee98838bc920d0f2848","timestamp":"2026-05-11 04:42:44"}
{"level":"info","message":"Created client session c9c09a4a74c7cfa5c21bb72b","timestamp":"2026-05-11 04:42:44"}
{"level":"info","message":"Created client session 383fa0496188227b1b25c76b","timestamp":"2026-05-11 04:43:00"}
{"level":"info","message":"Created client session 9d37d65282172d61ea233450","timestamp":"2026-05-11 04:43:02"}
{"level":"info","message":"Created client session 47f43cd3ff3f21a494981ecb","timestamp":"2026-05-11 04:43:03"}
{"level":"info","message":"Created client session 4cade41afaa9cfe6647645bd","timestamp":"2026-05-11 04:43:09"}
{"level":"info","message":"Created client session eff21b0bc3a26bdafde1b912","timestamp":"2026-05-11 04:43:22"}
{"level":"info","message":"Created client session 5a39977300becec6bf25ff25","timestamp":"2026-05-11 04:43:22"}
{"level":"info","message":"Reset 2 FogExploration documents for Scene Bcx2ieCEaGGEcVd6","timestamp":"2026-05-11 04:44:01"}
{"level":"info","message":"Created FogExploration with id [dNG9DS1rgOhYP97N]","timestamp":"2026-05-11 04:44:12"}
{"level":"info","message":"Reset 1 FogExploration documents for Scene Bcx2ieCEaGGEcVd6","timestamp":"2026-05-11 04:44:17"}
{"level":"info","message":"Reset 0 FogExploration documents for Scene Bcx2ieCEaGGEcVd6","timestamp":"2026-05-11 04:44:27"}
{"level":"info","message":"Created FogExploration with id [vIjoFywMbiMugx1v]","timestamp":"2026-05-11 04:46:19"}
{"level":"info","message":"Reset 1 FogExploration documents for Scene Bcx2ieCEaGGEcVd6","timestamp":"2026-05-11 04:48:04"}
{"level":"info","message":"Created FogExploration with id [qv91FvBXV7YIPfbv]","timestamp":"2026-05-11 04:48:50"}
{"level":"info","message":"Reset 1 FogExploration documents for Scene Bcx2ieCEaGGEcVd6","timestamp":"2026-05-11 04:49:26"}
{"level":"info","message":"Created Folder with id [SMjqVxRvtnxl8gj8]","timestamp":"2026-05-11 04:50:26"}
{"level":"info","message":"Created Folder with id [S92EfD6osoCWhG7e]","timestamp":"2026-05-11 04:50:42"}
