{"level":"info","message":"Created client session 02ccb5b9ad66659b38d73bea","timestamp":"2026-05-19 00:01:14"}
{"level":"info","message":"Created client session bd9884f52b5e2abc94610b09","timestamp":"2026-05-19 00:14:15"}
{"level":"info","message":"Created client session 9bf81a0b9b673600df8c1782","timestamp":"2026-05-19 00:16:07"}
{"level":"info","message":"Created client session 0165b3d43f3b477a9c7c1c5d","timestamp":"2026-05-19 00:25:26"}
{"level":"info","message":"Created client session c288951d2603a357376dab0f","timestamp":"2026-05-19 00:37:14"}
{"level":"info","message":"Created client session 3f696fdeeeb58441edbcf37a","timestamp":"2026-05-19 00:43:59"}
{"level":"info","message":"Created client session 70115519af42ec6af0c9a41d","timestamp":"2026-05-19 00:44:00"}
{"level":"info","message":"Created client session 8f90fe1847486777e8e94303","timestamp":"2026-05-19 00:44:15"}
{"level":"info","message":"Created client session 2297f1fd1919efa5ba933863","timestamp":"2026-05-19 01:03:38"}
{"level":"info","message":"Created client session a4d07070dacaa108478814a4","timestamp":"2026-05-19 01:09:08"}
{"level":"info","message":"Created client session 050ee77770fac05b58d5ffae","timestamp":"2026-05-19 01:28:59"}
{"level":"info","message":"Created client session 059610db01b7e3f00cf064e2","timestamp":"2026-05-19 01:29:39"}
{"level":"info","message":"Created client session 494d71ccb550bba0bd454394","timestamp":"2026-05-19 01:30:25"}
{"level":"info","message":"Created client session a782ff53bb7a7407ffc3c226","timestamp":"2026-05-19 01:31:07"}
{"level":"info","message":"Created client session 1443b0c5f58a3d46cb8e179e","timestamp":"2026-05-19 01:31:50"}
{"level":"info","message":"Created client session 549c746a059031c0430b7cca","timestamp":"2026-05-19 01:59:23"}
{"level":"info","message":"Created client session aa29f7bf3491aa81a1bb1fc1","timestamp":"2026-05-19 02:33:18"}
{"level":"info","message":"Created client session 2a74eb6ddf2082a5974fca2c","timestamp":"2026-05-19 02:38:26"}
{"level":"info","message":"Created client session bf8d7936912d7d882ad552dd","timestamp":"2026-05-19 02:45:51"}
{"level":"info","message":"Created client session bf3c1e980e180c47d06a0d31","timestamp":"2026-05-19 02:48:12"}
{"level":"info","message":"Created client session 41fa9391d4c4d39abc12c65d","timestamp":"2026-05-19 03:20:03"}
{"level":"info","message":"Created client session 5a503666fd0dc66ba01739b0","timestamp":"2026-05-19 03:30:32"}
{"level":"info","message":"Created client session 3d1a03d0c096d13326563bce","timestamp":"2026-05-19 03:34:44"}
{"level":"info","message":"Created client session 97e201de16f5014ac137a9df","timestamp":"2026-05-19 03:41:30"}
{"level":"info","message":"Created client session 9bfcf50e523aebac71fb26e0","timestamp":"2026-05-19 04:02:54"}
{"level":"info","message":"Created client session 8685856d632f5494c5570cf9","timestamp":"2026-05-19 04:26:25"}
{"level":"info","message":"Created client session 9ffcfe2e8f07e2b5e14bd582","timestamp":"2026-05-19 04:28:54"}
{"level":"info","message":"Created client session 813ab0eba5bc469062ddef23","timestamp":"2026-05-19 04:28:59"}
{"level":"info","message":"Created client session 7b623ef31bdf92001b1db2fc","timestamp":"2026-05-19 04:39:54"}
{"level":"info","message":"Created client session ef015330e71396c03a1a8358","timestamp":"2026-05-19 04:50:50"}
{"level":"info","message":"Created client session 19106671abe9a5204d500c2f","timestamp":"2026-05-19 05:08:39"}
{"level":"info","message":"Created client session 9ca4adccbac8d793abde4c81","timestamp":"2026-05-19 05:33:07"}
{"level":"info","message":"Created client session 2ced476b23f27131fd4ace4d","timestamp":"2026-05-19 05:33:08"}
{"level":"info","message":"Created client session ff7345cb37d01eca91646150","timestamp":"2026-05-19 06:10:57"}
{"level":"info","message":"Created client session a5d44286ea0f8b7abf4e104b","timestamp":"2026-05-19 06:10:57"}
{"level":"info","message":"Created client session 77034422c85c51a22fade587","timestamp":"2026-05-19 06:21:39"}
{"ip":"38.143.253.121","level":"info","message":"User authentication successful for user Gamemaster","session":"77034422c85c51a22fade587","timestamp":"2026-05-19 06:21:47"}
{"level":"info","message":"Core software stable update 14.361 is available!","timestamp":"2026-05-19 06:21:48"}
{"level":"info","message":"No system update for Delta Green: The Role-Playing Game is currently available.","timestamp":"2026-05-19 06:21:49"}
{"level":"info","message":"Vended World data to User [aFXBIYID8O38Ue0X] in 738ms","timestamp":"2026-05-19 06:21:49"}
{"level":"info","message":"Created Playlist with id [P1yIFtwoa2h3oKB4]","timestamp":"2026-05-19 06:25:23"}
{"level":"info","message":"Created PlaylistSound with id [r10x2M3LkJ36EQJO] in parent Playlist [P1yIFtwoa2h3oKB4]","timestamp":"2026-05-19 06:30:00"}
{"level":"info","message":"Created client session ce48e80d2ea823efeb52aafb","timestamp":"2026-05-19 06:47:28"}
{"level":"info","message":"Created client session 5af18b1cdc623b6dc9f20846","timestamp":"2026-05-19 06:47:29"}
{"level":"info","message":"Created client session 958bc4986658ef6358a1c21e","timestamp":"2026-05-19 06:50:40"}
{"level":"info","message":"Created client session 36a9315d5822d9d1e7418089","timestamp":"2026-05-19 06:50:43"}
{"level":"info","message":"Created client session 16532455fcad79c4f9180d7f","timestamp":"2026-05-19 06:53:37"}
{"level":"info","message":"Created client session a8fbc5a3d352e6298963901d","timestamp":"2026-05-19 07:06:06"}
{"level":"info","message":"Created client session 2b91120cd94a2af9c7639698","timestamp":"2026-05-19 07:07:05"}
{"level":"info","message":"Created client session befa60b233c5cf63027efa7b","timestamp":"2026-05-19 07:27:38"}
{"level":"info","message":"Created client session b37ebfad6fa08e2f69056686","timestamp":"2026-05-19 07:27:38"}
{"level":"info","message":"Created client session aef06d1f1ff6d24f3bf3e209","timestamp":"2026-05-19 07:32:20"}
{"level":"info","message":"Created client session 03afcccf4eca37e7099cec88","timestamp":"2026-05-19 07:32:58"}
{"level":"info","message":"Created client session 5642d12734b556704ba717c6","timestamp":"2026-05-19 07:33:40"}
{"level":"info","message":"Created client session cf7bc2bc3015c8cbd9dc70c3","timestamp":"2026-05-19 07:33:41"}
{"level":"info","message":"Created client session 30876c98c71f853e111aaff4","timestamp":"2026-05-19 07:33:53"}
{"level":"info","message":"Created client session 85bfa889c6348301a9e6d812","timestamp":"2026-05-19 07:35:59"}
{"level":"info","message":"Created client session 78f507b1183a2b2d9d1dfa28","timestamp":"2026-05-19 07:38:30"}
{"level":"info","message":"Created client session e65d63bb85c0b38c32b08b56","timestamp":"2026-05-19 07:39:24"}
{"level":"info","message":"Created client session 0de0a996aa7403fc895fee26","timestamp":"2026-05-19 07:40:01"}
{"level":"info","message":"Created client session d1cf11826412422c66f20595","timestamp":"2026-05-19 07:40:51"}
{"level":"info","message":"Created client session 10f03fd3bee36ff81dc36813","timestamp":"2026-05-19 07:42:34"}
{"level":"info","message":"Created client session 5f723ec0a53fcf8babfaecb3","timestamp":"2026-05-19 07:43:32"}
{"level":"info","message":"Created client session 6d6cb038858463d0f9d9e763","timestamp":"2026-05-19 07:44:09"}
{"level":"info","message":"Created client session fc6f4c5ac4bae6275bf99059","timestamp":"2026-05-19 07:44:26"}
{"level":"info","message":"Created client session 7e6f088e2a2dd7cf04a0c664","timestamp":"2026-05-19 07:45:17"}
{"level":"info","message":"Created client session b0a6f2e87070bd06375d9e43","timestamp":"2026-05-19 07:45:56"}
{"level":"info","message":"Created client session ee7419d091081c1b7d23134e","timestamp":"2026-05-19 07:46:19"}
{"level":"info","message":"Created client session ac96c7b919a6f704580aae87","timestamp":"2026-05-19 07:46:38"}
{"level":"info","message":"Created client session 5c45ebdebd1372fa9c13dc8c","timestamp":"2026-05-19 07:46:50"}
{"level":"info","message":"Created client session 829618034234f585bb2623d4","timestamp":"2026-05-19 07:47:10"}
{"level":"info","message":"Created client session a8ebca74bad57f7f1a8674c3","timestamp":"2026-05-19 07:50:43"}
{"level":"info","message":"Created client session a9cdeee6f42e787df3ffc18b","timestamp":"2026-05-19 08:10:25"}
{"level":"info","message":"Created client session 56264e56d7b13716b751f3e8","timestamp":"2026-05-19 08:15:49"}
{"level":"info","message":"Created client session 0270f80638c7f86c2d29580e","timestamp":"2026-05-19 08:15:50"}
{"level":"info","message":"Created client session e456724d64ee124ed376825a","timestamp":"2026-05-19 08:15:51"}
{"level":"info","message":"Created client session 4931973d2b832dac146122b8","timestamp":"2026-05-19 08:15:52"}
{"level":"info","message":"Created client session 46c5daebbf33e0c782b0272e","timestamp":"2026-05-19 08:15:53"}
{"level":"info","message":"Created client session 55a989516032876dbfd0ad09","timestamp":"2026-05-19 08:18:11"}
{"level":"info","message":"Created client session 5bb01625b16ef36c4f1dbdc3","timestamp":"2026-05-19 08:22:49"}
{"level":"info","message":"Created client session ba6a28d32ee7a825e96a934b","timestamp":"2026-05-19 08:25:15"}
{"level":"info","message":"Created client session 4899a32f1c57c477fb304065","timestamp":"2026-05-19 08:59:47"}
{"level":"info","message":"Created client session d9e298a55db4cab8843a4f09","timestamp":"2026-05-19 08:59:48"}
{"level":"info","message":"Created client session a2496d361d40e2a7a3426436","timestamp":"2026-05-19 09:36:16"}
{"level":"info","message":"Created client session 50a610e61b40cd26ec580faf","timestamp":"2026-05-19 09:44:30"}
{"level":"info","message":"Created client session 9af0da7a1fd81fea4993cf8c","timestamp":"2026-05-19 09:44:30"}
{"level":"info","message":"Created client session 3782cfcf0c02332dfc61e9c6","timestamp":"2026-05-19 09:44:30"}
{"level":"info","message":"Created client session e3acab44dcf05e4aa017e544","timestamp":"2026-05-19 09:44:30"}
{"level":"info","message":"Created client session 11b846c1ce0995851c12f304","timestamp":"2026-05-19 09:44:30"}
{"level":"info","message":"Created client session bc3b40dca646512f41b8a7ce","timestamp":"2026-05-19 09:44:30"}
{"level":"info","message":"Created client session 9818e2d2dc8875f6d03398c9","timestamp":"2026-05-19 09:44:30"}
{"level":"info","message":"Created client session 7859e8af054113ec633c98c1","timestamp":"2026-05-19 09:44:30"}
{"level":"info","message":"Created client session 62a0c04ea8713db80c20789e","timestamp":"2026-05-19 09:44:31"}
{"level":"info","message":"Created client session d8eb3566b3df2724cb33443f","timestamp":"2026-05-19 09:44:31"}
{"level":"info","message":"Created client session ecabd5f84b96ca645fbf3ff6","timestamp":"2026-05-19 09:44:31"}
{"level":"info","message":"Created client session d0d0f51aee38e28e5748d3b6","timestamp":"2026-05-19 09:44:31"}
{"level":"info","message":"Created client session 432a587ee3576f8a6f5f0c78","timestamp":"2026-05-19 09:44:31"}
{"level":"info","message":"Created client session d46b48a9a32cf45c2a35529c","timestamp":"2026-05-19 09:44:31"}
{"level":"info","message":"Created client session 755f129645da3cbd07e632d8","timestamp":"2026-05-19 09:44:31"}
{"level":"info","message":"Created client session becd6f4bc710484af2a0707d","timestamp":"2026-05-19 09:44:32"}
{"level":"info","message":"Created client session 9ff837e0f96373b954a439ed","timestamp":"2026-05-19 09:44:32"}
{"level":"info","message":"Created client session a11573eac5b119a1d744f1f6","timestamp":"2026-05-19 09:44:32"}
{"level":"info","message":"Created client session 56a2a122039a9337d994791e","timestamp":"2026-05-19 09:44:32"}
{"level":"info","message":"Created client session 9959eeea14719aee44e6b39b","timestamp":"2026-05-19 09:44:32"}
{"level":"info","message":"Created client session 45b83da99d15089472601317","timestamp":"2026-05-19 09:44:32"}
{"level":"info","message":"Created client session d69138280b8119543c43f15c","timestamp":"2026-05-19 09:44:32"}
{"level":"info","message":"Created client session 8086b7e36e70497f243446cf","timestamp":"2026-05-19 09:44:32"}
{"level":"info","message":"Created client session a80c935c6a86853570b87e96","timestamp":"2026-05-19 09:44:32"}
{"level":"info","message":"Created client session abb584d690801be4fe72bad0","timestamp":"2026-05-19 09:44:33"}
{"level":"info","message":"Created client session 52ce1208a06b5369d637444f","timestamp":"2026-05-19 09:44:33"}
{"level":"info","message":"Created client session 5dd297f0b1c451c9c0fec3a6","timestamp":"2026-05-19 09:44:33"}
{"level":"info","message":"Created client session f934040aa341e7d1ac53056a","timestamp":"2026-05-19 09:44:33"}
{"level":"info","message":"Created client session 0a9ee584ae2297c78b69ab5d","timestamp":"2026-05-19 09:44:33"}
{"level":"info","message":"Created client session 6d92f3034b74db07d1ad5fb3","timestamp":"2026-05-19 09:44:33"}
{"level":"info","message":"Created client session 7b03d857ce7d1624458ecddf","timestamp":"2026-05-19 09:44:33"}
{"level":"info","message":"Created client session 872f6ffb6560a0838aa50cb9","timestamp":"2026-05-19 09:44:33"}
{"level":"info","message":"Created client session 4b5d47f9c1be1e477e27383a","timestamp":"2026-05-19 09:44:33"}
{"level":"info","message":"Created client session 4cefc502dfe3dee3efcec210","timestamp":"2026-05-19 09:44:34"}
{"level":"info","message":"Created client session f64dc724f983a88aaa8c0e67","timestamp":"2026-05-19 09:44:34"}
{"level":"info","message":"Created client session db85cde8f3ff7d1c2f70eacd","timestamp":"2026-05-19 09:44:34"}
{"level":"info","message":"Created client session 463f13729c7069628b04f932","timestamp":"2026-05-19 09:44:34"}
{"level":"info","message":"Created client session 3fa0625b826d958bf8f9f0df","timestamp":"2026-05-19 09:44:34"}
{"level":"info","message":"Created client session 2614784b9e0c92bac0e71117","timestamp":"2026-05-19 09:44:34"}
{"level":"info","message":"Created client session 722e1a24c9aa0fcca5a25628","timestamp":"2026-05-19 09:44:34"}
{"level":"info","message":"Created client session 3c35d720258eda031747fcde","timestamp":"2026-05-19 09:44:34"}
{"level":"info","message":"Created client session 3abc69c07e230ca3122e25ea","timestamp":"2026-05-19 09:44:34"}
{"level":"info","message":"Created client session 98b2ab2f3f50bf1d7a98f7e7","timestamp":"2026-05-19 09:44:35"}
{"level":"info","message":"Created client session 5012ceae2ba10e26decfd50b","timestamp":"2026-05-19 09:44:35"}
{"level":"info","message":"Created client session 1e1475befbd47de4ceaa2e33","timestamp":"2026-05-19 09:44:35"}
{"level":"info","message":"Created client session 2682abb085ae44f3cdfb8f0a","timestamp":"2026-05-19 09:44:35"}
{"level":"info","message":"Created client session c5ac560b571b264ad8aef978","timestamp":"2026-05-19 09:44:35"}
{"level":"info","message":"Created client session a0dd10b4d69d562c15b21626","timestamp":"2026-05-19 09:44:35"}
{"level":"info","message":"Created client session fb7475707e27b43f32c1d8d1","timestamp":"2026-05-19 09:44:35"}
{"level":"info","message":"Created client session 1b814f6a6e1a22ebeea2383c","timestamp":"2026-05-19 09:44:35"}
{"level":"info","message":"Created client session 0daf06de7e90c206c76bb893","timestamp":"2026-05-19 09:44:35"}
{"level":"info","message":"Created client session f03f58bceb365f0d17fae455","timestamp":"2026-05-19 09:49:33"}
{"level":"info","message":"Created client session bdf357f8151e2fd202ffdff6","timestamp":"2026-05-19 09:56:07"}
{"level":"info","message":"Created client session b75e836f8105215d4b0a938f","timestamp":"2026-05-19 10:17:20"}
{"level":"info","message":"Created client session 72b62640cea6645ca8d55729","timestamp":"2026-05-19 10:22:37"}
{"level":"info","message":"Created client session 24969b6cfd829c53ffd0d2d9","timestamp":"2026-05-19 10:35:32"}
{"level":"info","message":"Created client session e94371c80a8bd02a40c4df86","timestamp":"2026-05-19 10:36:49"}
{"level":"info","message":"Created client session 0da886a396837f2a05048922","timestamp":"2026-05-19 10:47:07"}
{"level":"info","message":"Created client session 1508c01a7d2dc9214208d61c","timestamp":"2026-05-19 10:47:08"}
{"level":"info","message":"Created client session d3bcdeb6cb39bba693f2cb4e","timestamp":"2026-05-19 10:53:02"}
{"level":"info","message":"Created client session 239986d7f7caa176ae198d75","timestamp":"2026-05-19 10:55:21"}
{"level":"info","message":"Created client session f9fbda699216c583d0920648","timestamp":"2026-05-19 11:01:28"}
{"level":"info","message":"Created client session 5555002fa3828a8934efd32a","timestamp":"2026-05-19 11:15:44"}
{"level":"info","message":"Created client session 33d7908f74278b8972c133f5","timestamp":"2026-05-19 11:19:33"}
{"level":"info","message":"Created client session 60d558295fb87400db992724","timestamp":"2026-05-19 11:19:33"}
{"level":"info","message":"Created client session 5169f4bdc0246acf3663841e","timestamp":"2026-05-19 11:23:54"}
{"level":"info","message":"Created client session d720444f9b4c85869d5c1a22","timestamp":"2026-05-19 11:42:48"}
{"level":"info","message":"Created client session e97bf2eb70c47d16645e5da5","timestamp":"2026-05-19 11:42:49"}
{"level":"info","message":"Created client session b98958e21a4bbdc2e77b865f","timestamp":"2026-05-19 11:42:49"}
{"level":"info","message":"Created client session 92a56cd24e231d0cedd11a8d","timestamp":"2026-05-19 11:42:50"}
{"level":"info","message":"Created client session 260c7b3a908fd11a48d59e3e","timestamp":"2026-05-19 11:42:51"}
{"level":"info","message":"Created client session aabcfdaf2c2760ed2944c477","timestamp":"2026-05-19 11:42:51"}
{"level":"info","message":"Created client session 09b656dc4c0bdb2d45b99f88","timestamp":"2026-05-19 12:44:10"}
{"level":"info","message":"Created client session 290d61255ad0bd3bfb617417","timestamp":"2026-05-19 13:05:06"}
{"level":"info","message":"Created client session 3dca78806463c767705380d9","timestamp":"2026-05-19 13:05:15"}
{"level":"info","message":"Created client session a97ecb273e838f724cf235f2","timestamp":"2026-05-19 13:14:25"}
{"level":"info","message":"Created client session 63850c1535c7eeff7a2561b3","timestamp":"2026-05-19 13:15:03"}
{"level":"info","message":"Created client session 853cda41a6411c05d8077df6","timestamp":"2026-05-19 13:23:07"}
{"level":"info","message":"Created client session 95f2aa4736fba0c223557f84","timestamp":"2026-05-19 13:40:32"}
{"level":"info","message":"Created client session 9cb4398c5ea1d6fdf9e06ac7","timestamp":"2026-05-19 14:20:36"}
{"level":"info","message":"Created client session 46f9df1958891a61f1e06acb","timestamp":"2026-05-19 14:33:21"}
{"level":"info","message":"Created client session eb2b20bc7bbd7a47c937d022","timestamp":"2026-05-19 14:34:59"}
{"level":"info","message":"Created client session c9fc1281d9e387ffa94673fc","timestamp":"2026-05-19 14:45:22"}
{"level":"info","message":"Created client session 17ad8798c6d754f7517f55d3","timestamp":"2026-05-19 15:18:50"}
{"level":"info","message":"Created client session 5bd268db4b640320d0b2c12f","timestamp":"2026-05-19 15:18:51"}
{"level":"info","message":"Created client session 76bb13610991ad63b41500a1","timestamp":"2026-05-19 15:55:25"}
{"level":"info","message":"Created client session bcb06708e75c837aef599c7d","timestamp":"2026-05-19 16:13:38"}
{"level":"info","message":"Created client session 377d45ba9fdd26a924f545c4","timestamp":"2026-05-19 16:18:59"}
{"level":"info","message":"Created client session b6fa133d0f35d89ba64e58e0","timestamp":"2026-05-19 16:28:05"}
{"level":"info","message":"Created client session 4d09faddcd94239f1be41af5","timestamp":"2026-05-19 16:28:30"}
{"level":"info","message":"Created client session 713d98378dda7e37f7a04489","timestamp":"2026-05-19 16:29:41"}
{"level":"info","message":"Created client session 43a1708226e6f8070b1c9286","timestamp":"2026-05-19 16:29:41"}
{"level":"info","message":"Created client session 986014f8ed6a463f72d78dc8","timestamp":"2026-05-19 16:29:41"}
{"level":"info","message":"Created client session d8234137baaf0ee54bf30a82","timestamp":"2026-05-19 16:29:42"}
{"level":"info","message":"Created client session c7a0b36f71caa3ec0f25a5b3","timestamp":"2026-05-19 16:29:42"}
{"level":"info","message":"Created client session ed6ca4a5f5e1a2e1caef2585","timestamp":"2026-05-19 16:29:42"}
{"level":"info","message":"Created client session d8bd12f289fe7fc951b2d394","timestamp":"2026-05-19 16:29:42"}
{"level":"info","message":"Created client session a063fcba2563d552c80f1c7d","timestamp":"2026-05-19 16:29:42"}
{"level":"info","message":"Created client session cd9420d9e26e65ecc3bbc482","timestamp":"2026-05-19 16:29:42"}
{"level":"info","message":"Created client session 39928df3958f0c49d6b07b44","timestamp":"2026-05-19 16:29:42"}
{"level":"info","message":"Created client session 3ec3ff9308541f8b873db3ca","timestamp":"2026-05-19 16:29:42"}
{"level":"info","message":"Created client session 7dad6dc01c15b675e34bd904","timestamp":"2026-05-19 16:29:43"}
{"level":"info","message":"Created client session 623452581ab3405ddbefd9df","timestamp":"2026-05-19 16:29:43"}
{"level":"info","message":"Created client session b2f7a91676fff0619874e5d3","timestamp":"2026-05-19 16:29:43"}
{"level":"info","message":"Created client session aabd9bd86f485c06713a9f92","timestamp":"2026-05-19 16:29:43"}
{"level":"info","message":"Created client session 6c84e27ea92c0ea10b99b2b2","timestamp":"2026-05-19 16:29:43"}
{"level":"info","message":"Created client session aaab2aae05e3efbe71b8fe76","timestamp":"2026-05-19 16:29:43"}
{"level":"info","message":"Created client session c8b211e6fba941089b1a0569","timestamp":"2026-05-19 16:29:43"}
{"level":"info","message":"Created client session 527ea08d88d4af360c490f87","timestamp":"2026-05-19 16:29:43"}
{"level":"info","message":"Created client session 6ce58d6db9c3629bcb6dbc8e","timestamp":"2026-05-19 16:29:43"}
{"level":"info","message":"Created client session bd14a1b747db1f0b50977989","timestamp":"2026-05-19 16:29:43"}
{"level":"info","message":"Created client session 85cddf4b24dbd8b030625cda","timestamp":"2026-05-19 16:29:44"}
{"level":"info","message":"Created client session 61f0a52cd292f8fe55d6a395","timestamp":"2026-05-19 16:29:44"}
{"level":"info","message":"Created client session b754ea1f6507b0cca8a4e5b2","timestamp":"2026-05-19 16:29:44"}
{"level":"info","message":"Created client session 7456376f8859e90745da56f3","timestamp":"2026-05-19 16:29:44"}
{"level":"info","message":"Created client session b2e285c4461d9e3afa973b6e","timestamp":"2026-05-19 16:29:44"}
{"level":"info","message":"Created client session 9b755650c6a25f5f1be6b73d","timestamp":"2026-05-19 16:29:44"}
{"level":"info","message":"Created client session c003e0ab7908b381e109b4e3","timestamp":"2026-05-19 16:29:44"}
{"level":"info","message":"Created client session 1dc8cb79c3ff4320f43bae34","timestamp":"2026-05-19 16:29:44"}
{"level":"info","message":"Created client session 281d5ab991ea16e65a55d583","timestamp":"2026-05-19 16:29:44"}
{"level":"info","message":"Created client session a28c3517d11664cde5687e09","timestamp":"2026-05-19 16:29:44"}
{"level":"info","message":"Created client session 6512a342ef19dae06e166d83","timestamp":"2026-05-19 16:29:45"}
{"level":"info","message":"Created client session c3239f96a25af88fed3d2ddb","timestamp":"2026-05-19 16:29:45"}
{"level":"info","message":"Created client session be1af9d3a2c4543a55bb18e9","timestamp":"2026-05-19 16:29:45"}
{"level":"info","message":"Created client session 11d217890319223ab6371bc9","timestamp":"2026-05-19 16:29:45"}
{"level":"info","message":"Created client session dd53d6bf85c9ef16d9d3cc4c","timestamp":"2026-05-19 16:29:45"}
{"level":"info","message":"Created client session c37b3e2fa10cbdebfd7efa5d","timestamp":"2026-05-19 16:29:45"}
{"level":"info","message":"Created client session 724a817e05563bc42ea66c5c","timestamp":"2026-05-19 16:29:45"}
{"level":"info","message":"Created client session d8e538a38f92d58b0e91c8fc","timestamp":"2026-05-19 16:29:45"}
{"level":"info","message":"Created client session ee06bd0b17b8d993182c440d","timestamp":"2026-05-19 16:29:45"}
{"level":"info","message":"Created client session 3abef2e56b677355aba881f1","timestamp":"2026-05-19 16:29:45"}
{"level":"info","message":"Created client session 2033a3ef0cc9bb3e29afcd6c","timestamp":"2026-05-19 16:29:46"}
{"level":"info","message":"Created client session 7b677d859ac76bbef9576d17","timestamp":"2026-05-19 16:29:46"}
{"level":"info","message":"Created client session c1016eadc1a64fbe1e3b2f7f","timestamp":"2026-05-19 16:29:46"}
{"level":"info","message":"Created client session e9e651397d2f11fa59accdf0","timestamp":"2026-05-19 16:29:46"}
{"level":"info","message":"Created client session 36a3e1804a8907507a977e91","timestamp":"2026-05-19 16:29:46"}
{"level":"info","message":"Created client session cf8f54f1312892388bd1f30e","timestamp":"2026-05-19 16:29:46"}
{"level":"info","message":"Created client session 13da1b5971a67abaf3151cb8","timestamp":"2026-05-19 16:29:46"}
{"level":"info","message":"Created client session 495f3817dc75fcfa1df47579","timestamp":"2026-05-19 16:29:46"}
{"level":"info","message":"Created client session 8e1fd3d8ba222e7dbe64b590","timestamp":"2026-05-19 16:29:46"}
{"level":"info","message":"Created client session d215b31e35fad55654c49c79","timestamp":"2026-05-19 16:29:46"}
{"level":"info","message":"Created client session 4b266076a0b52ef5f858ea7a","timestamp":"2026-05-19 16:29:46"}
{"level":"info","message":"Created client session ab56a84125e498811e9296f4","timestamp":"2026-05-19 16:29:47"}
{"level":"info","message":"Created client session 894d2c06f31b7f1ef44db9b0","timestamp":"2026-05-19 16:29:47"}
{"level":"info","message":"Created client session b6161a473ec88060d50d76c7","timestamp":"2026-05-19 16:29:47"}
{"level":"info","message":"Created client session 76e61cfea39678d865d07b0a","timestamp":"2026-05-19 16:29:47"}
{"level":"info","message":"Created client session 0b6b4193875ea68c936e73e5","timestamp":"2026-05-19 16:29:47"}
{"level":"info","message":"Created client session 5577534324e6b8dd18b081a7","timestamp":"2026-05-19 16:29:47"}
{"level":"info","message":"Created client session e75f87f0122cfe50bd36d618","timestamp":"2026-05-19 16:42:13"}
{"level":"info","message":"Created client session a0b8363a9f997a36921f65b9","timestamp":"2026-05-19 16:42:13"}
{"level":"info","message":"Created client session e557ae990e018f31a3b4b60d","timestamp":"2026-05-19 16:42:13"}
{"level":"info","message":"Created client session 4269c88b6aba8aad1e5b843a","timestamp":"2026-05-19 16:42:13"}
{"level":"info","message":"Created client session 6ac021602d383c5f655aa284","timestamp":"2026-05-19 16:42:14"}
{"level":"info","message":"Created client session 41f91a8199d3dd4ed438ab82","timestamp":"2026-05-19 16:42:14"}
{"level":"info","message":"Created client session b314f3775eb8805239085478","timestamp":"2026-05-19 16:42:14"}
{"level":"info","message":"Created client session 27de475d118b4bfe950161f8","timestamp":"2026-05-19 16:42:14"}
{"level":"info","message":"Created client session f2d28a7278daf864f1b6fb28","timestamp":"2026-05-19 16:42:14"}
{"level":"info","message":"Created client session 88b602129e7f2ff827f71263","timestamp":"2026-05-19 16:42:14"}
{"level":"info","message":"Created client session bde9ea2b0451ae3661e37ad5","timestamp":"2026-05-19 16:42:14"}
{"level":"info","message":"Created client session 2ef617a685fe7363751182d0","timestamp":"2026-05-19 16:42:14"}
{"level":"info","message":"Created client session f4bf933d6fb994f454e8f8d5","timestamp":"2026-05-19 16:42:15"}
{"level":"info","message":"Created client session b42430af57d000619aefb3b4","timestamp":"2026-05-19 16:42:15"}
{"level":"info","message":"Created client session ff2d95bf4069a2c19caf0c7d","timestamp":"2026-05-19 16:42:15"}
{"level":"info","message":"Created client session b50ad333d36870723092c21a","timestamp":"2026-05-19 16:42:15"}
{"level":"info","message":"Created client session 31078b8f77be63acf2e793c7","timestamp":"2026-05-19 16:42:15"}
{"level":"info","message":"Created client session b9c247389a120419e71f4aca","timestamp":"2026-05-19 16:42:15"}
{"level":"info","message":"Created client session c051cf96e0edd43ff3fc3e49","timestamp":"2026-05-19 16:42:15"}
{"level":"info","message":"Created client session 15441ee91f9e7ab3d343dfa9","timestamp":"2026-05-19 16:42:15"}
{"level":"info","message":"Created client session d51db942bfe4a1769e4ff0db","timestamp":"2026-05-19 16:42:15"}
{"level":"info","message":"Created client session 2c480ad03dbbe3ed8fcb30ff","timestamp":"2026-05-19 16:42:15"}
{"level":"info","message":"Created client session 960cb780144b2c03b78cc2f6","timestamp":"2026-05-19 16:42:15"}
{"level":"info","message":"Created client session 3c22bf7e7b084607bb642aa5","timestamp":"2026-05-19 16:42:16"}
{"level":"info","message":"Created client session 1b87d5aa729f11a3e74c22ad","timestamp":"2026-05-19 16:42:16"}
{"level":"info","message":"Created client session f24a3dc91f7863b534da5850","timestamp":"2026-05-19 16:42:16"}
{"level":"info","message":"Created client session 98b0c1d1a44e6656f34054dd","timestamp":"2026-05-19 16:42:16"}
{"level":"info","message":"Created client session 8194f0401a5a692f590860e6","timestamp":"2026-05-19 16:42:16"}
{"level":"info","message":"Created client session 27dd2ca764fa92a709698464","timestamp":"2026-05-19 16:42:19"}
{"level":"info","message":"Created client session c8f6397344d9fca30ee22749","timestamp":"2026-05-19 16:42:19"}
{"level":"info","message":"Created client session 8b0ffb8cda02a36fbb491f87","timestamp":"2026-05-19 17:05:14"}
{"level":"info","message":"Created client session 5af70dd6a54057988b479e00","timestamp":"2026-05-19 17:05:16"}
{"level":"info","message":"Created client session b6a856741e8409c8509719e3","timestamp":"2026-05-19 17:07:43"}
{"level":"info","message":"Created client session 14bdcbb2ffa154c5be24fb6e","timestamp":"2026-05-19 17:16:31"}
{"level":"info","message":"Created client session a415cb70e95d44e1c58d00ed","timestamp":"2026-05-19 17:16:31"}
{"level":"info","message":"Created client session da5e1f6d78a9be6a97bfa285","timestamp":"2026-05-19 17:16:31"}
{"level":"info","message":"Created client session d9093e7a959633305a9baf91","timestamp":"2026-05-19 17:16:32"}
{"level":"info","message":"Created client session 0a57f33d89eefe1c32e97c12","timestamp":"2026-05-19 17:16:32"}
{"level":"info","message":"Created client session 8c4826634a6cdca881d904be","timestamp":"2026-05-19 17:16:32"}
{"level":"info","message":"Created client session a761720887d8f808b7ad9dee","timestamp":"2026-05-19 17:16:32"}
{"level":"info","message":"Created client session fd40a6f7c565eeea7cf96e61","timestamp":"2026-05-19 17:16:32"}
{"level":"info","message":"Created client session 667b19dbfabcdf5a217e4724","timestamp":"2026-05-19 17:16:32"}
{"level":"info","message":"Created client session 60bd438392ad4b758dd28cf1","timestamp":"2026-05-19 17:16:32"}
{"level":"info","message":"Created client session 6b3651e3e8dd319f5f336a23","timestamp":"2026-05-19 17:16:33"}
{"level":"info","message":"Created client session 3066f3a14c04bd991e0368af","timestamp":"2026-05-19 17:16:33"}
{"level":"info","message":"Created client session d808e987dd5a23a7101fbfad","timestamp":"2026-05-19 17:16:33"}
{"level":"info","message":"Created client session ddc8500e7821489846ef2902","timestamp":"2026-05-19 17:16:33"}
{"level":"info","message":"Created client session fce2a5cd84153fa53b4dc327","timestamp":"2026-05-19 17:16:33"}
{"level":"info","message":"Created client session 6c59b8f28b16fd24bd204c82","timestamp":"2026-05-19 17:16:33"}
{"level":"info","message":"Created client session fc32fe92d2066a9b96a9e164","timestamp":"2026-05-19 17:16:34"}
{"level":"info","message":"Created client session 7f979c7d2169faec250f208b","timestamp":"2026-05-19 17:16:34"}
{"level":"info","message":"Created client session 8974dcb17f1065e557503359","timestamp":"2026-05-19 17:16:34"}
{"level":"info","message":"Created client session 44e31283c27b335a4a8dbac5","timestamp":"2026-05-19 17:16:34"}
{"level":"info","message":"Created client session 229afb2ad7478e0d17b95261","timestamp":"2026-05-19 17:16:34"}
{"level":"info","message":"Created client session bbfd8bc22083d7f767960dd9","timestamp":"2026-05-19 17:16:34"}
{"level":"info","message":"Created client session d606c77933f87b4be9a5e237","timestamp":"2026-05-19 17:16:34"}
{"level":"info","message":"Created client session 92902ec088d54dce11d133cc","timestamp":"2026-05-19 17:16:34"}
{"level":"info","message":"Created client session 73155aea8c819d51cc020c4f","timestamp":"2026-05-19 17:16:35"}
{"level":"info","message":"Created client session 9a72b02da97d0296bb06266d","timestamp":"2026-05-19 17:16:35"}
{"level":"info","message":"Created client session 1f259050aead00d160ca653d","timestamp":"2026-05-19 17:16:35"}
{"level":"info","message":"Created client session 838affc18e2f043462ff825c","timestamp":"2026-05-19 17:16:35"}
{"level":"info","message":"Created client session 484e6491466ce78acc5412a2","timestamp":"2026-05-19 17:16:58"}
{"level":"info","message":"Created client session 2434da9707e199a0752cb1d3","timestamp":"2026-05-19 17:29:59"}
{"level":"info","message":"Created client session 88e917c0b38da729121d798d","timestamp":"2026-05-19 17:29:59"}
{"level":"info","message":"Created client session 9b1943633cbda205abd78d69","timestamp":"2026-05-19 17:29:59"}
{"level":"info","message":"Created client session e6b2ba12d963d034a0a85996","timestamp":"2026-05-19 17:30:00"}
{"level":"info","message":"Created client session ac2f07d1408af4a1c467fe06","timestamp":"2026-05-19 17:30:00"}
{"level":"info","message":"Created client session 241ff099b7c9742906bbd79a","timestamp":"2026-05-19 17:30:00"}
{"level":"info","message":"Created client session 974e49fe3df596063e8f2d09","timestamp":"2026-05-19 17:30:00"}
{"level":"info","message":"Created client session ebd3f376e91f8c9281ea6412","timestamp":"2026-05-19 17:30:00"}
{"level":"info","message":"Created client session b322d049c070e6a5633fdb6b","timestamp":"2026-05-19 17:30:00"}
{"level":"info","message":"Created client session 0b7822e2d69d9d97898314d5","timestamp":"2026-05-19 17:30:00"}
{"level":"info","message":"Created client session e8a7eec6dffe0d17d60c0b98","timestamp":"2026-05-19 17:30:01"}
{"level":"info","message":"Created client session 487d7e41ac7239364a93aa70","timestamp":"2026-05-19 17:30:01"}
{"level":"info","message":"Created client session 97d2f55800ae1f76bcad1d95","timestamp":"2026-05-19 17:30:01"}
{"level":"info","message":"Created client session ba421a09216a037d90a6143d","timestamp":"2026-05-19 17:30:01"}
{"level":"info","message":"Created client session c3dcce118f5f7fcba334cfb6","timestamp":"2026-05-19 17:30:01"}
{"level":"info","message":"Created client session a5590efeef98944a8a88f6bc","timestamp":"2026-05-19 17:30:02"}
{"level":"info","message":"Created client session 443882843a424d0ab019a5c1","timestamp":"2026-05-19 17:30:02"}
{"level":"info","message":"Created client session 4e5991f7bc73ce9d36eca5fd","timestamp":"2026-05-19 17:30:02"}
{"level":"info","message":"Created client session a6887707088dfa8911e13a59","timestamp":"2026-05-19 17:30:02"}
{"level":"info","message":"Created client session 6f6125a7bdb7bca0a6cf67fd","timestamp":"2026-05-19 17:30:02"}
{"level":"info","message":"Created client session dda38fc3d97175d19f880f3c","timestamp":"2026-05-19 17:30:02"}
{"level":"info","message":"Created client session 62063021dfd87f7991554f02","timestamp":"2026-05-19 17:30:02"}
{"level":"info","message":"Created client session 0a9a74900d77897fe9132844","timestamp":"2026-05-19 17:30:02"}
{"level":"info","message":"Created client session 7cbd5cf6ef3b3b4239c1c3d3","timestamp":"2026-05-19 17:30:02"}
{"level":"info","message":"Created client session 1bda33493a14caa7344a9f8c","timestamp":"2026-05-19 17:30:03"}
{"level":"info","message":"Created client session 74628b59fa7499d4b8f954d5","timestamp":"2026-05-19 17:30:03"}
{"level":"info","message":"Created client session ac9604b3af0d82a8c3ad38c1","timestamp":"2026-05-19 17:30:03"}
{"level":"info","message":"Created client session ba5e4a0bc71ee349adb324d0","timestamp":"2026-05-19 17:30:03"}
{"level":"info","message":"Created client session d30fd0461748f8ce1f0a6580","timestamp":"2026-05-19 17:30:03"}
{"level":"info","message":"Created client session 727939c56883a0151bb31154","timestamp":"2026-05-19 17:30:03"}
{"level":"info","message":"Created client session 077130e92dcb51f22bb303b4","timestamp":"2026-05-19 17:30:03"}
{"level":"info","message":"Created client session 0a7fb34f7eec9ae8251ecd7e","timestamp":"2026-05-19 17:30:03"}
{"level":"info","message":"Created client session 10d0f9e7cd78c8989f10bd49","timestamp":"2026-05-19 17:30:03"}
{"level":"info","message":"Created client session 2abb653d57eae4130da42230","timestamp":"2026-05-19 17:30:03"}
{"level":"info","message":"Created client session 4f01a0288e7f123296fb60e5","timestamp":"2026-05-19 17:30:04"}
{"level":"info","message":"Created client session 8c8fa6a7394390a3f9fb5a96","timestamp":"2026-05-19 17:30:04"}
{"level":"info","message":"Created client session 6e1420394ce7d013556f6c5f","timestamp":"2026-05-19 17:30:04"}
{"level":"info","message":"Created client session 4bebbd85cab699ed2727bc7d","timestamp":"2026-05-19 17:30:04"}
{"level":"info","message":"Created client session 09829c9448a7daa9bab461d3","timestamp":"2026-05-19 17:30:04"}
{"level":"info","message":"Created client session fba12092f30bef3c742292bf","timestamp":"2026-05-19 17:30:04"}
{"level":"info","message":"Created client session 0c7d9a14c51e6e181ff0d20e","timestamp":"2026-05-19 17:30:04"}
{"level":"info","message":"Created client session 8f77421427f605cdb84566c8","timestamp":"2026-05-19 17:30:04"}
{"level":"info","message":"Created client session a20a848ce91de4a7cd8af222","timestamp":"2026-05-19 17:30:04"}
{"level":"info","message":"Created client session 4ad6a1575a3f6ac74b660d16","timestamp":"2026-05-19 17:30:04"}
{"level":"info","message":"Created client session a378cd3a0e130474c5659c5c","timestamp":"2026-05-19 17:30:05"}
{"level":"info","message":"Created client session 2a1c09cf6052e80e32020d7c","timestamp":"2026-05-19 17:30:05"}
{"level":"info","message":"Created client session b9018867592b33aa3c3806b7","timestamp":"2026-05-19 17:30:05"}
{"level":"info","message":"Created client session 98feeadbaf7600fe6a05decb","timestamp":"2026-05-19 17:30:05"}
{"level":"info","message":"Created client session 4c25cf6153c2e91cc98717de","timestamp":"2026-05-19 17:30:05"}
{"level":"info","message":"Created client session 91fe9d67a1c318cd6abd92ad","timestamp":"2026-05-19 17:30:05"}
{"level":"info","message":"Created client session a5ad7b56e11a5965e2a9ffe6","timestamp":"2026-05-19 17:30:05"}
{"level":"info","message":"Created client session bb12157c9586ac26e1b1163a","timestamp":"2026-05-19 17:30:06"}
{"level":"info","message":"Created client session 57ade1ce10e6ed7398899825","timestamp":"2026-05-19 17:30:06"}
{"level":"info","message":"Created client session fda8ab85ad34c0cd3d010c65","timestamp":"2026-05-19 17:30:06"}
{"level":"info","message":"Created client session 8c8bfe96b7b2da7236d9656e","timestamp":"2026-05-19 17:30:06"}
{"level":"info","message":"Created client session c1c51df72f0c6a70f1111f08","timestamp":"2026-05-19 17:30:06"}
{"level":"info","message":"Created client session 931b809517344b8ffde9b8e1","timestamp":"2026-05-19 17:30:06"}
{"level":"info","message":"Created client session c2dfdf68813d9fdffa5be965","timestamp":"2026-05-19 17:30:06"}
{"level":"info","message":"Created client session ad9e42baf93da2361721f9b6","timestamp":"2026-05-19 17:37:31"}
{"level":"info","message":"Created client session 13b0991006f32e0b53c27f2b","timestamp":"2026-05-19 17:44:15"}
{"level":"info","message":"Created client session a402376ff51ce2171dbea800","timestamp":"2026-05-19 17:50:12"}
{"level":"info","message":"Created client session fc80ab78855bf75db2389f91","timestamp":"2026-05-19 17:50:15"}
{"level":"info","message":"Created client session d1d41c8e75f2139ef16c5c09","timestamp":"2026-05-19 18:03:54"}
{"level":"info","message":"Created client session 327432e9fb5a66748eea5fed","timestamp":"2026-05-19 18:03:54"}
{"level":"info","message":"Created client session 9f4cb3c85c3e793c07bee53b","timestamp":"2026-05-19 18:11:29"}
{"level":"info","message":"Created client session c54c76737b728587f5803c96","timestamp":"2026-05-19 18:17:25"}
{"level":"info","message":"Created client session bf76f35bc3ee1d36aa5d1941","timestamp":"2026-05-19 18:17:25"}
{"level":"info","message":"Created client session 32525f4d1f94fc9a7c2b86c7","timestamp":"2026-05-19 18:24:18"}
{"level":"info","message":"Created client session 0740863efeaa81d469a43f0c","timestamp":"2026-05-19 18:56:56"}
{"level":"info","message":"Created client session 09a0959b2566b8884f78f99d","timestamp":"2026-05-19 18:56:56"}
{"level":"info","message":"Created client session dc66dba11c43aa5f0b73dfda","timestamp":"2026-05-19 18:56:57"}
{"level":"info","message":"Created client session 35a9fba2314fb85a6d5a9149","timestamp":"2026-05-19 19:08:50"}
{"level":"info","message":"Created client session cbfe096e95d2e1d0823e3f5a","timestamp":"2026-05-19 19:16:22"}
{"level":"info","message":"Created client session 928ff8e8a9fea31a12d0170a","timestamp":"2026-05-19 19:56:08"}
{"level":"info","message":"Created client session cc91f9c74c5253b78047aab4","timestamp":"2026-05-19 19:58:33"}
{"level":"info","message":"Created client session 58f796e4758e16a108c1cc10","timestamp":"2026-05-19 20:01:53"}
{"level":"info","message":"Created client session 5d03167cd3c964cd0249c898","timestamp":"2026-05-19 20:01:53"}
{"level":"info","message":"Created client session 2990b171f81a8762e6e7bbc3","timestamp":"2026-05-19 20:01:53"}
{"level":"info","message":"Created client session fd2fc4696e7657e372625ac8","timestamp":"2026-05-19 20:01:54"}
{"level":"info","message":"Created client session a0bea0035e4f05eb678f9703","timestamp":"2026-05-19 20:01:54"}
{"level":"info","message":"Created client session 9f78f19fb8422ad025897a3c","timestamp":"2026-05-19 20:01:54"}
{"level":"info","message":"Created client session 2f3765b8c719738421573969","timestamp":"2026-05-19 20:01:54"}
{"level":"info","message":"Created client session 67bdf76ea9fa45890f42de2e","timestamp":"2026-05-19 20:01:54"}
{"level":"info","message":"Created client session 2c50dd78b5264e4e4e7c4568","timestamp":"2026-05-19 20:01:54"}
{"level":"info","message":"Created client session 2a09f052065dacfbccf7d53a","timestamp":"2026-05-19 20:01:54"}
{"level":"info","message":"Created client session ba9553df08df3032107dd5c2","timestamp":"2026-05-19 20:01:55"}
{"level":"info","message":"Created client session e0dc7ca0431c61b6b96e193b","timestamp":"2026-05-19 20:01:55"}
{"level":"info","message":"Created client session 729ce8f9f6d13a8390d352d0","timestamp":"2026-05-19 20:01:55"}
{"level":"info","message":"Created client session b1b5d31cf53c3fdf7397fb4c","timestamp":"2026-05-19 20:01:55"}
{"level":"info","message":"Created client session 41e00bd7a9e7fc09a4ddb5cc","timestamp":"2026-05-19 20:01:55"}
{"level":"info","message":"Created client session a178f8a435446782e4bfb31b","timestamp":"2026-05-19 20:01:55"}
{"level":"info","message":"Created client session 356064ad327c3fa1289bd988","timestamp":"2026-05-19 20:01:56"}
{"level":"info","message":"Created client session 180fab5a72b1067cb986a756","timestamp":"2026-05-19 20:01:56"}
{"level":"info","message":"Created client session ee9eaecdb04b853e917d7f16","timestamp":"2026-05-19 20:01:56"}
{"level":"info","message":"Created client session fcfb3c93aa32cdb91b9bcfbf","timestamp":"2026-05-19 20:01:56"}
{"level":"info","message":"Created client session 46ccf33541c0a0c1d4f85fdd","timestamp":"2026-05-19 20:01:56"}
{"level":"info","message":"Created client session 547a482e9d363f5e8855ae55","timestamp":"2026-05-19 20:01:56"}
{"level":"info","message":"Created client session a7a72b6eca38bc1defca18f7","timestamp":"2026-05-19 20:01:56"}
{"level":"info","message":"Created client session 80696f30b4c853819cee05c0","timestamp":"2026-05-19 20:01:56"}
{"level":"info","message":"Created client session 99ce40bcdd4981d7946fd345","timestamp":"2026-05-19 20:01:57"}
{"level":"info","message":"Created client session aa47dc7f3b9d7c9d3a9f784f","timestamp":"2026-05-19 20:01:57"}
{"level":"info","message":"Created client session 58e49fa7c1a9c2fcc9c4636e","timestamp":"2026-05-19 20:01:57"}
{"level":"info","message":"Created client session f8df8e1b370f47f0b7872e09","timestamp":"2026-05-19 20:01:57"}
{"level":"info","message":"Created client session e50f027d881af7353dcf42e4","timestamp":"2026-05-19 20:01:57"}
{"level":"info","message":"Created client session cd714d67fa10399b8b815fc7","timestamp":"2026-05-19 20:01:57"}
{"level":"info","message":"Created client session bd6ccca389ef5254bbb091ab","timestamp":"2026-05-19 20:01:57"}
{"level":"info","message":"Created client session 31af0795307472b838478662","timestamp":"2026-05-19 20:01:57"}
{"level":"info","message":"Created client session a433163a82c7d14c05011a23","timestamp":"2026-05-19 20:01:58"}
{"level":"info","message":"Created client session 5e27871726c7b03192b6827c","timestamp":"2026-05-19 20:01:58"}
{"level":"info","message":"Created client session 6b9267612ed15ec56ecf977a","timestamp":"2026-05-19 20:01:58"}
{"level":"info","message":"Created client session 50150deb5856ca8ed46da726","timestamp":"2026-05-19 20:01:58"}
{"level":"info","message":"Created client session 6a0037fd681da98cc8678f17","timestamp":"2026-05-19 20:01:58"}
{"level":"info","message":"Created client session d84c53e79fb2d90dbd98a5c1","timestamp":"2026-05-19 20:01:58"}
{"level":"info","message":"Created client session 95859a244575cf9bd29b4512","timestamp":"2026-05-19 20:01:58"}
{"level":"info","message":"Created client session 00da48928df6e5379d6bfa3f","timestamp":"2026-05-19 20:01:58"}
{"level":"info","message":"Created client session 26604515f719037846a3a010","timestamp":"2026-05-19 20:01:59"}
{"level":"info","message":"Created client session a0acea8fdfadd1352adc820f","timestamp":"2026-05-19 20:01:59"}
{"level":"info","message":"Created client session 2e20e801ddd48486364f8856","timestamp":"2026-05-19 20:01:59"}
{"level":"info","message":"Created client session 7e81f192081038fb1ac56e08","timestamp":"2026-05-19 20:01:59"}
{"level":"info","message":"Created client session dbec0294b6172a7b66b10877","timestamp":"2026-05-19 20:01:59"}
{"level":"info","message":"Created client session 615e6163c63ab4a33f80046a","timestamp":"2026-05-19 20:01:59"}
{"level":"info","message":"Created client session d1a761f404cffd7448870ed6","timestamp":"2026-05-19 20:01:59"}
{"level":"info","message":"Created client session 310f7951e152b6176d93de19","timestamp":"2026-05-19 20:02:00"}
{"level":"info","message":"Created client session c0428e3dfd158144b564c663","timestamp":"2026-05-19 20:02:00"}
{"level":"info","message":"Created client session 534a1f0a9e8331ed44ad598f","timestamp":"2026-05-19 20:02:00"}
{"level":"info","message":"Created client session d49d40b70196c1a186d3efb9","timestamp":"2026-05-19 20:02:00"}
{"level":"info","message":"Created client session b06b3fb461f0c85319d0ed9b","timestamp":"2026-05-19 20:02:00"}
{"level":"info","message":"Created client session 4f82d31113dc5ee3073f8c83","timestamp":"2026-05-19 20:02:00"}
{"level":"info","message":"Created client session 768f34fc0a03934f1863c271","timestamp":"2026-05-19 20:02:00"}
{"level":"info","message":"Created client session eddd6665a04fc5e1e7d40d97","timestamp":"2026-05-19 20:02:00"}
{"level":"info","message":"Created client session c7ce4efc57c90376c6883875","timestamp":"2026-05-19 20:02:01"}
{"level":"info","message":"Created client session 52eeb2c92857e4ac432c8f71","timestamp":"2026-05-19 20:02:01"}
{"level":"info","message":"Created client session 530f9cdc23359c196bed0ba1","timestamp":"2026-05-19 20:02:01"}
{"level":"info","message":"Created client session b4b4ac4c908e50a3a5014306","timestamp":"2026-05-19 20:18:50"}
{"level":"info","message":"Created client session 60f615158eb54e7b2a393237","timestamp":"2026-05-19 20:32:57"}
{"level":"info","message":"Created client session a98695c191c371051153e351","timestamp":"2026-05-19 20:36:54"}
{"level":"info","message":"Created client session 2311267a79d9bcd31312e880","timestamp":"2026-05-19 20:36:55"}
{"level":"info","message":"Created client session 8778f3b3d305e4470d8a2aaf","timestamp":"2026-05-19 20:40:18"}
{"level":"info","message":"Created client session 712a67a2d4845a3e036514bc","timestamp":"2026-05-19 20:43:37"}
{"level":"info","message":"Created client session d8aa9b2c2044d818513571d9","timestamp":"2026-05-19 20:43:37"}
{"level":"info","message":"Created client session f0610ebcb0d6e4a5e5725ed5","timestamp":"2026-05-19 20:46:06"}
{"level":"info","message":"Created client session 467bb0cdd4c4ff1140652fc6","timestamp":"2026-05-19 20:56:28"}
{"level":"info","message":"Created client session 5229055995daf3d842c8c5e5","timestamp":"2026-05-19 20:59:09"}
{"level":"info","message":"Created client session 19bc84a7bc9a8b0e056e3965","timestamp":"2026-05-19 20:59:12"}
{"level":"info","message":"Created client session 68612b410f378a1d75b0a14e","timestamp":"2026-05-19 21:38:01"}
{"level":"info","message":"Created client session 3f84643f50d27110cc3cee5c","timestamp":"2026-05-19 21:38:02"}
{"level":"info","message":"Created client session 1ece6e7087c4f34734f40dfc","timestamp":"2026-05-19 21:47:32"}
{"level":"info","message":"Created client session 116c4e09aa04c0432ff3d580","timestamp":"2026-05-19 21:56:11"}
{"level":"info","message":"Created client session fe2630b2375b48299b445e44","timestamp":"2026-05-19 21:59:29"}
{"level":"info","message":"Created client session 9432788558231135ea9918c6","timestamp":"2026-05-19 22:07:59"}
{"level":"info","message":"Created client session f32b68dd07f998383238d8ca","timestamp":"2026-05-19 22:28:20"}
{"level":"info","message":"Created client session be0fc20d32e538cc8d23cefa","timestamp":"2026-05-19 22:42:13"}
{"level":"info","message":"Created client session 4742c26e247c1ca11d1fa2ee","timestamp":"2026-05-19 22:42:13"}
{"level":"info","message":"Created client session f25b1e688f86db39705e9dc6","timestamp":"2026-05-19 22:42:13"}
{"level":"info","message":"Created client session e59f9f1228acbc64ad2d9fe7","timestamp":"2026-05-19 22:42:13"}
{"level":"info","message":"Created client session 7baf68b7c871c29abcc42a0a","timestamp":"2026-05-19 22:42:14"}
{"level":"info","message":"Created client session 612642f28c5ef5337e197f28","timestamp":"2026-05-19 22:42:14"}
{"level":"info","message":"Created client session 207df242337340712feea389","timestamp":"2026-05-19 22:42:14"}
{"level":"info","message":"Created client session 4fd94facd489a90ade370935","timestamp":"2026-05-19 22:42:14"}
{"level":"info","message":"Created client session 6c0a45c231d72f7b4f26bfd0","timestamp":"2026-05-19 22:42:14"}
{"level":"info","message":"Created client session 4ceaf00f95d1358866a39ca7","timestamp":"2026-05-19 22:42:14"}
{"level":"info","message":"Created client session e74132f5bf531f32a5b33cb6","timestamp":"2026-05-19 22:42:15"}
{"level":"info","message":"Created client session 489e60ec23dd4cc41365882b","timestamp":"2026-05-19 22:42:15"}
{"level":"info","message":"Created client session 5db6d77982f3f4a6c65eaa13","timestamp":"2026-05-19 22:42:15"}
{"level":"info","message":"Created client session 539ae6d7c9501af6deeb03b2","timestamp":"2026-05-19 22:42:15"}
{"level":"info","message":"Created client session 350f0816931eb14cbeb89f0f","timestamp":"2026-05-19 22:42:15"}
{"level":"info","message":"Created client session 6d18d18d89d78856965e7638","timestamp":"2026-05-19 22:42:15"}
{"level":"info","message":"Created client session 8a84265631c6d29c4df8b40e","timestamp":"2026-05-19 22:42:15"}
{"level":"info","message":"Created client session 78943d3b22e898dd360c1bd1","timestamp":"2026-05-19 22:42:16"}
{"level":"info","message":"Created client session 12f533de2ab5b9e57f15ccec","timestamp":"2026-05-19 22:42:16"}
{"level":"info","message":"Created client session 06394f4a8d806199e3064c1f","timestamp":"2026-05-19 22:42:16"}
{"level":"info","message":"Created client session b9085d682c51e79950b6ad23","timestamp":"2026-05-19 22:42:16"}
{"level":"info","message":"Created client session dd295a67cc15d4946ee2eebb","timestamp":"2026-05-19 22:42:16"}
{"level":"info","message":"Created client session 1307182a432f9c76aed2e926","timestamp":"2026-05-19 22:42:16"}
{"level":"info","message":"Created client session 1438ccf93c7b5e629623faf3","timestamp":"2026-05-19 22:42:16"}
{"level":"info","message":"Created client session 77d82fe0946d6931a19b2f89","timestamp":"2026-05-19 22:42:16"}
{"level":"info","message":"Created client session 2b5e96529b6c60975d94197a","timestamp":"2026-05-19 22:42:17"}
{"level":"info","message":"Created client session 2a1e41a6919b299ae210eb6e","timestamp":"2026-05-19 22:42:17"}
{"level":"info","message":"Created client session 5b73674a0f6e55313c6399b5","timestamp":"2026-05-19 22:42:17"}
{"level":"info","message":"Created client session 18bcd5a71201d2ed57647ce3","timestamp":"2026-05-19 22:42:17"}
{"level":"info","message":"Created client session 8108d8d027c47f7786121694","timestamp":"2026-05-19 22:42:17"}
{"level":"info","message":"Created client session 667668bd36cbdf11a71a047d","timestamp":"2026-05-19 22:42:17"}
{"level":"info","message":"Created client session 5972a8b18c82277c7e067570","timestamp":"2026-05-19 22:42:17"}
{"level":"info","message":"Created client session 813601cca1fc2c98b01ef74e","timestamp":"2026-05-19 22:42:17"}
{"level":"info","message":"Created client session 09752eb3ea6ab2ad062d1d47","timestamp":"2026-05-19 22:42:18"}
{"level":"info","message":"Created client session c70d09f25a8a94dec6e2293f","timestamp":"2026-05-19 22:42:18"}
{"level":"info","message":"Created client session eef55f94284fbb5d9e5845ca","timestamp":"2026-05-19 22:42:18"}
{"level":"info","message":"Created client session f913d302d9387b3743998eca","timestamp":"2026-05-19 22:42:18"}
{"level":"info","message":"Created client session 922464ed5847232468b88c33","timestamp":"2026-05-19 22:42:18"}
{"level":"info","message":"Created client session 3bfca02da3d907f4530997d5","timestamp":"2026-05-19 22:42:18"}
{"level":"info","message":"Created client session b5d6c22cefc219cccab4f2cb","timestamp":"2026-05-19 22:42:18"}
{"level":"info","message":"Created client session 629c0b838fe7d542ebd833eb","timestamp":"2026-05-19 22:42:18"}
{"level":"info","message":"Created client session 23bc646e32af0c694bda39ad","timestamp":"2026-05-19 22:42:19"}
{"level":"info","message":"Created client session fca78794c2403d76881ba039","timestamp":"2026-05-19 22:42:19"}
{"level":"info","message":"Created client session 8561a17ff3f1b753b0620bc6","timestamp":"2026-05-19 22:42:19"}
{"level":"info","message":"Created client session dd4c32e9c220b224419b6586","timestamp":"2026-05-19 22:42:19"}
{"level":"info","message":"Created client session 4e8f5aad7da8ab4413a212dd","timestamp":"2026-05-19 22:42:19"}
{"level":"info","message":"Created client session 151e8939e36c1dcacc37ed38","timestamp":"2026-05-19 22:42:19"}
{"level":"info","message":"Created client session ea9077b124fcf5970aff3489","timestamp":"2026-05-19 22:42:19"}
{"level":"info","message":"Created client session 84104fc45622f2c74b7c0cf1","timestamp":"2026-05-19 22:42:19"}
{"level":"info","message":"Created client session 47e7bd6682f8030bb3dcc8c3","timestamp":"2026-05-19 22:42:20"}
{"level":"info","message":"Created client session b783013690915ea644bc66fe","timestamp":"2026-05-19 22:42:20"}
{"level":"info","message":"Created client session be08cd472ab972f3f64b5d50","timestamp":"2026-05-19 22:42:20"}
{"level":"info","message":"Created client session 1b6f8df7516795ced5828089","timestamp":"2026-05-19 22:42:20"}
{"level":"info","message":"Created client session 0181a66f4c8df8a4962d8a1a","timestamp":"2026-05-19 22:42:20"}
{"level":"info","message":"Created client session 8a24554759d919652d94ab56","timestamp":"2026-05-19 22:42:20"}
{"level":"info","message":"Created client session 96738b36fb6dfa5ccecf6392","timestamp":"2026-05-19 22:42:20"}
{"level":"info","message":"Created client session 069549efac9d6d827cb8cfe3","timestamp":"2026-05-19 22:42:21"}
{"level":"info","message":"Created client session 3ceb649efce8548a4fa663f4","timestamp":"2026-05-19 22:42:21"}
{"level":"info","message":"Created client session 7b12cbcb6a8275ef88934f33","timestamp":"2026-05-19 22:49:36"}
{"level":"info","message":"Created client session ea18d6d89d909a15ca517fec","timestamp":"2026-05-19 22:56:39"}
{"level":"info","message":"Created client session 0a8dcd2b35e11787aaaac338","timestamp":"2026-05-19 22:56:55"}
{"level":"info","message":"Created client session 78374d538ffbaf4fe78d2fbf","timestamp":"2026-05-19 23:04:15"}
{"level":"info","message":"Created client session 321c7aac48c0fd77aeba51c6","timestamp":"2026-05-19 23:06:07"}
{"level":"info","message":"Created client session cb7791fc058639b59cbc7577","timestamp":"2026-05-19 23:54:58"}
